17:36:51 [INFO   ] === Torchlight Infinite Bot V2 v3.1.6 starting ===
17:36:51 [INFO   ] Config loaded from config.json
17:36:51 [INFO   ] Loaded 8 addresses from addresses.json
17:36:51 [INFO   ] [Input] Initialized with mode: hardware
17:36:51 [INFO   ] [MapSelector] Loaded card state: 12 cards, active=[]
17:36:51 [INFO   ] Torchlight Infinite Bot V2 v3.1.6 started
17:36:51 [INFO   ] [Hotkeys] Global hotkeys registered: F9=Start, F10=Stop, F11=Pause, F5=Record, F6=PauseRec
17:36:54 [INFO   ] Attached to process: torchlight_infinite.exe (PID: 25596)
17:36:54 [INFO   ] Attached to torchlight_infinite.exe
17:36:54 [INFO   ] Found game window by class 'UnrealWindow' + PID 25596 (HWND: 134534)
17:36:54 [INFO   ] [Input] Target window set: HWND=134534, mode=hardware
17:36:54 [INFO   ] [Input] Hardware mode: will focus window before each input
17:36:54 [DEBUG  ] Module torchlight_infinite.exe base: 0x7FF7CA760000
17:36:54 [INFO   ] Saved addresses valid - skipping scan: WARNING: WARNING: coordinates unchanged (may be stale or character is stationary) | pos=(-13950, 8450)
17:36:54 [INFO   ] [Scanner] Scanning for FNamePool...
17:36:54 [INFO   ] [Scanner] Cannot read zone name - FNamePool not resolved yet
17:36:54 [INFO   ] [Scanner]   Trying FNamePool pattern 1/6...
17:36:54 [INFO   ] [Scanner] Cannot read zone name - FNamePool not resolved yet
17:36:54 [INFO   ] [Input] Target window set: HWND=134534, mode=hardware
17:36:54 [INFO   ] [Input] Hardware mode: will focus window before each input
17:36:54 [INFO   ] [AddrMgr] Attached - using scan results from attach
17:36:54 [INFO   ] [Scanner]   FNamePool found at 0x7FF7D2481D40 (pattern 1)
17:36:54 [INFO   ] [Scanner]   Validation: 3/5 indices readable, FName[3] = 'ByteProperty'
17:36:54 [INFO   ] [Scanner] Scanning for GObjects...
17:36:54 [INFO   ] [Scanner]   Trying GObjects pattern 1/3...
17:36:55 [INFO   ] [Scanner] Zone FName[1444123] = 'YJ_XieDuYuZuo200' (GWorld 0x2CFEDBE0080)
17:36:55 [INFO   ] [Scanner]   Trying GObjects pattern 2/3...
17:36:55 [INFO   ] [Scanner]   GObjects found at 0x7FF7D249ADE8 (pattern 2)
17:36:55 [INFO   ] [Scanner]   NumElements=135613, NumChunks=3
17:36:55 [INFO   ] Portal detector initialized (deferred)
17:36:55 [INFO   ] [AddrMgr] FNamePool auto-populated: 0x7FF7D2481D40
17:36:56 [INFO   ] [AddrMgr] === UE4 Dump-Verified Chain ===
17:36:56 [INFO   ] [AddrMgr] Chain: GWorld -> OwningGameInstance -> LocalPlayers[0] -> PlayerController -> Pawn -> RootComponent -> RelativeLocation
17:36:56 [INFO   ] [AddrMgr] Offsets: 0x210 -> 0x38 -> 0x0 -> 0x30 -> 0x250 -> 0x130 -> 0x124
17:36:56 [INFO   ] [AddrMgr] Main module: torchlight_infinite.exe at 0x7FF7CA760000
17:36:56 [INFO   ] [AddrMgr] Trying saved GWorld offset 0x7E84588...
17:36:56 [INFO   ] [AddrMgr] GWorld static at 0x7FF7D25E4588, points to 0x2CFEDBE0080
17:36:56 [INFO   ] [AddrMgr]   OwningGameInstance: 0x2CFEDBE0080+0x210 -> 0x2CEC2E4B140
17:36:56 [INFO   ] [AddrMgr]   LocalPlayers (TArray data): 0x2CEC2E4B140+0x38 -> 0x2CEAA293C40
17:36:56 [INFO   ] [AddrMgr]   LocalPlayer[0]: 0x2CEAA293C40+0x0 -> 0x2CEAEB86500
17:36:56 [INFO   ] [AddrMgr]   PlayerController: 0x2CEAEB86500+0x30 -> 0x2D0180020E0
17:36:56 [INFO   ] [AddrMgr]   Pawn (ERolePlayer): 0x2D0180020E0+0x250 -> 0x2CFE7A23990
17:36:56 [INFO   ] [AddrMgr]   RootComponent: 0x2CFE7A23990+0x130 -> 0x2CFDB99A600
17:36:56 [INFO   ] [AddrMgr]   RelativeLocation: (-13950.0, 8450.0, 5.0)
17:36:56 [INFO   ] [AddrMgr] Stability check (reading twice, 0.3s apart)...
17:36:57 [INFO   ] [AddrMgr]   Drift: 0.00 (threshold: 2.0)
17:36:57 [INFO   ] [AddrMgr] SUCCESS! Dump-verified chain resolved
17:36:57 [INFO   ] [AddrMgr] Position: (-13950.0, 8450.0, 5.0)
17:36:57 [INFO   ] [AddrMgr] Base: torchlight_infinite.exe+0x7E84588
17:36:57 [INFO   ] [AddrMgr] Chain: 0x210 -> 0x38 -> 0x0 -> 0x30 -> 0x250 -> 0x130 -> 0x124
17:36:57 [INFO   ] [AddrMgr] Saving discovered addresses...
17:36:57 [DEBUG  ] Addresses saved
17:36:57 [DEBUG  ] Addresses saved
17:36:57 [DEBUG  ] Addresses saved
17:36:57 [INFO   ] [AddrMgr] Addresses saved to Address Setup
17:36:57 [INFO   ] [AddrMgr] Scanning for FNamePool...
17:36:57 [INFO   ] [AddrMgr]   Trying FNamePool pattern 1/6...
17:36:57 [INFO   ] [AddrMgr]   FNamePool found at 0x7FF7D2481D40 (pattern 1)
17:36:57 [INFO   ] [AddrMgr]   Validation: 3/5 indices readable, FName[3] = 'ByteProperty'
17:36:57 [INFO   ] [AddrMgr] Scanning for GObjects...
17:36:57 [INFO   ] [AddrMgr]   Trying GObjects pattern 1/3...
17:36:57 [INFO   ] [AddrMgr]   Trying GObjects pattern 2/3...
17:36:57 [INFO   ] [AddrMgr]   GObjects found at 0x7FF7D249ADE8 (pattern 2)
17:36:57 [INFO   ] [AddrMgr]   NumElements=135613, NumChunks=3
17:36:58 [INFO   ] [AddrMgr] Running EGameplay explorer...
17:36:59 [DEBUG  ] [GObjects] Found 4 instances of class 'EGameplay'
17:36:59 [DEBUG  ] [GObjects] Found 57 instances of class 'ECfgComponent'
17:37:00 [DEBUG  ] [GObjects] NumElements=135613, NumChunks=3
17:37:01 [DEBUG  ] [GObjects] Found 2 objects named 'FightMgr'
17:37:01 [INFO   ] [Scanner] [Scanner] FightMgr live instance at 0x2CFE5AD60A0 (outer: /Engine/Transient)
17:37:01 [DEBUG  ] [Scanner] TMap at 0x2CFE5AD68A0: data_ptr=0x2CFFC702680 array_num=3
17:37:01 [DEBUG  ] [UE4 Scanner] [typed_event] event_0x9 logic_id=0x9 pos=(-2500,-950) addr=0x2CFC6E4D060
17:37:01 [DEBUG  ] [UE4 Scanner] [typed_event] event_0xa logic_id=0xa pos=(0,0) addr=0x2CFE6BB19D0
17:37:01 [DEBUG  ] [UE4 Scanner] [typed_event] event_0xb logic_id=0xb pos=(0,0) addr=0x2CFDF818100
17:37:01 [INFO   ] [AddrMgr] === EGameplay Explorer ===
17:37:01 [INFO   ] [AddrMgr] Found 4 EGameplay, 57 ECfgComponent
17:37:01 [INFO   ] [AddrMgr] Matched pairs (by Outer): 4
17:37:01 [INFO   ] [AddrMgr] 
17:37:01 [INFO   ] [AddrMgr] --- ECfgComponent->EGameplay Matches (live only) ---
17:37:01 [INFO   ] [AddrMgr]   (45 CDO ECfgComponents filtered out, 9 non-EGameplay)
17:37:01 [INFO   ] [AddrMgr]   ECfg 0x2CFDB99E500 -> Outer 0x2CFDF818100 name='EGameplay' class='EGameplay'
17:37:01 [INFO   ] [AddrMgr]   ECfg 0x2CFDB9991C0 -> Outer 0x2CFE6BB19D0 name='EGameplay' class='EGameplay'
17:37:01 [INFO   ] [AddrMgr]   ECfg 0x2D00C416DC0 -> Outer 0x2CFC6E4D060 name='EGameplay' class='EGameplay'
17:37:01 [INFO   ] [AddrMgr] 
17:37:01 [INFO   ] [AddrMgr] (Filtered out 1 CDO/Default__ objects)
17:37:01 [INFO   ] [AddrMgr] Live EGameplay instances: 3
17:37:01 [INFO   ] [AddrMgr] 
17:37:01 [INFO   ] [AddrMgr] --- EGameplay #0: EGameplay at 0x2CFDF818100 ---
17:37:01 [INFO   ] [AddrMgr]   InternalIndex@0x0C: 107638 | FName.Number@0x1C: 2147375190
17:37:01 [INFO   ] [AddrMgr]   Class: 'EGameplay'
17:37:01 [INFO   ] [AddrMgr]   Position: (0.0, 0.0, 0.0)
17:37:01 [INFO   ] [AddrMgr]   SubObject@0x4E0: 0x2CFDF638380 name='EMsg' class='EMsgComponent' outer='EGameplay' iidx=107635 fnum=0
17:37:01 [INFO   ] [AddrMgr]   WaveCounter@0x618: 2 | SpawnIndex@0x714: 11
17:37:01 [INFO   ] [AddrMgr]   All children (Outer=this, 3 found):
17:37:01 [INFO   ] [AddrMgr]     0x2CFDF638380 name='EMsg' class='EMsgComponent' iidx=107635 fnum=0
17:37:01 [INFO   ] [AddrMgr]     0x2CFDB99E500 name='ECfg' class='ECfgComponent' iidx=107636 fnum=0
17:37:01 [INFO   ] [AddrMgr]     0x2CFDB997D80 name='UserEntity' class='SceneComponent' iidx=107637 fnum=0
17:37:01 [INFO   ] [AddrMgr]   ECfgComponent at 0x2CFDB99E500
17:37:01 [INFO   ] [AddrMgr]   CfgInfo raw (ECfg+0x120, 32 bytes):
17:37:01 [INFO   ] [AddrMgr]     00 00 00 00 00 00 00 00 00 00 00 00 00 00 00 00 00 00 00 00 00 00 00 00 00 00 00 00 00 00 80 3F
17:37:01 [INFO   ] [AddrMgr]   CfgInfo.ID = 0x0 (0) -> UNKNOWN
17:37:01 [INFO   ] [AddrMgr]   CfgInfo.Type = 0x0 (0)
17:37:01 [INFO   ] [AddrMgr]   CfgInfo.ExtendId = 0x0 (0)
17:37:01 [INFO   ] [AddrMgr]   ECfgComponent memory (ECfg+0x0, 256 bytes):
17:37:01 [INFO   ] [AddrMgr]     +0x000: 08 A4 61 CF F7 7F 00 00 08 00 04 00 74 A4 01 00  ..a.........t...
17:37:01 [INFO   ] [AddrMgr]     +0x010: 00 16 9C AF CE 02 00 00 52 12 01 00 00 00 00 00  ........R.......
17:37:01 [INFO   ] [AddrMgr]     +0x020: 00 81 81 DF CF 02 00 00 D0 A8 61 CF F7 7F 00 00  ..........a.....
17:37:01 [INFO   ] [AddrMgr]     +0x030: 68 61 61 CF F7 7F 00 00 02 00 0C 00 00 00 00 00  haa.............
17:37:01 [INFO   ] [AddrMgr]     +0x040: 00 00 00 00 00 00 00 00 00 00 00 00 00 00 00 00  ................
17:37:01 [INFO   ] [AddrMgr]     +0x050: 00 00 00 00 00 00 00 00 00 00 00 00 00 00 00 00  ................
17:37:01 [INFO   ] [AddrMgr]     +0x060: 00 00 00 00 00 00 00 00 00 00 00 00 00 00 00 00  ................
17:37:01 [INFO   ] [AddrMgr]     +0x070: 00 00 00 00 00 00 00 00 00 00 00 00 00 00 00 00  ................
17:37:01 [INFO   ] [AddrMgr]     +0x080: 00 00 00 00 00 00 00 00 FF FF FF FF FF FF FF FF  ................
17:37:01 [INFO   ] [AddrMgr]     +0x090: 01 06 42 05 00 00 00 00 00 00 00 00 00 00 00 00  ..B.............
17:37:01 [INFO   ] [AddrMgr]     +0x0A0: 00 00 00 00 00 00 00 00 00 81 81 DF CF 02 00 00  ................
17:37:01 [INFO   ] [AddrMgr]     +0x0B0: 80 00 BE ED CF 02 00 00 00 00 00 00 00 00 00 00  ................
17:37:01 [INFO   ] [AddrMgr]     +0x0C0: 00 81 81 DF CF 02 00 00 00 00 00 00 00 00 00 00  ................
17:37:01 [INFO   ] [AddrMgr]     +0x0D0: 00 00 00 00 00 00 00 00 00 00 00 00 00 00 00 00  ................
17:37:01 [INFO   ] [AddrMgr]     +0x0E0: 00 00 00 00 00 00 00 00 00 00 00 00 00 00 00 00  ................
17:37:01 [INFO   ] [AddrMgr]     +0x0F0: 00 00 00 00 00 00 00 00 00 00 00 00 80 00 00 00  ................
17:37:01 [INFO   ] [AddrMgr]   ECfgComponent memory (ECfg+0x100, 256 bytes):
17:37:01 [INFO   ] [AddrMgr]     +0x100: FF FF FF FF 00 00 00 00 00 00 00 00 00 00 00 00  ................
17:37:01 [INFO   ] [AddrMgr]     +0x110: 00 00 00 00 00 00 00 00 00 00 00 00 00 00 00 00  ................
17:37:01 [INFO   ] [AddrMgr]     +0x120: 00 00 00 00 00 00 00 00 00 00 00 00 00 00 00 00  ................
17:37:01 [INFO   ] [AddrMgr]     +0x130: 00 00 00 00 00 00 00 00 00 00 00 00 00 00 80 3F  ...............?
17:37:01 [INFO   ] [AddrMgr]     +0x140: 00 00 00 00 00 00 00 00 00 00 00 00 00 00 00 00  ................
17:37:01 [INFO   ] [AddrMgr]     +0x150: 00 00 00 00 00 00 00 00 00 00 00 00 00 00 00 00  ................
17:37:01 [INFO   ] [AddrMgr]     +0x160: 00 00 00 00 00 00 00 00 00 00 00 00 00 00 00 00  ................
17:37:01 [INFO   ] [AddrMgr]     +0x170: 00 00 00 00 00 00 00 00 00 00 00 00 80 00 00 00  ................
17:37:01 [INFO   ] [AddrMgr]     +0x180: FF FF FF FF 00 00 00 00 00 00 00 00 00 00 00 00  ................
17:37:01 [INFO   ] [AddrMgr]     +0x190: 00 00 00 00 00 00 00 00 00 00 00 00 00 00 00 00  ................
17:37:01 [INFO   ] [AddrMgr]     +0x1A0: 00 00 00 00 00 00 00 00 00 00 00 00 00 00 00 00  ................
17:37:01 [INFO   ] [AddrMgr]     +0x1B0: 00 00 00 00 00 00 00 00 00 00 00 00 00 00 00 00  ................
17:37:01 [INFO   ] [AddrMgr]     +0x1C0: 00 00 00 00 00 00 00 00 00 00 00 00 80 00 00 00  ................
17:37:01 [INFO   ] [AddrMgr]     +0x1D0: FF FF FF FF 00 00 00 00 00 00 00 00 00 00 00 00  ................
17:37:01 [INFO   ] [AddrMgr]     +0x1E0: 00 00 00 00 00 00 00 00 00 00 00 00 00 00 00 00  ................
17:37:01 [INFO   ] [AddrMgr]     +0x1F0: 00 00 00 00 00 00 00 00 00 00 00 00 00 00 00 00  ................
17:37:01 [INFO   ] [AddrMgr]   ECfgComponent memory (ECfg+0x200, 64 bytes):
17:37:01 [INFO   ] [AddrMgr]     +0x200: 00 00 00 00 00 00 00 00 00 00 00 00 00 00 00 00  ................
17:37:01 [INFO   ] [AddrMgr]     +0x210: 00 00 00 00 00 00 00 00 00 00 00 00 80 00 00 00  ................
17:37:01 [INFO   ] [AddrMgr]     +0x220: FF FF FF FF 00 00 00 00 00 00 00 00 00 00 00 00  ................
17:37:01 [INFO   ] [AddrMgr]     +0x230: 00 00 00 00 00 00 00 00 00 00 00 00 00 00 00 00  ................
17:37:01 [INFO   ] [AddrMgr]   EGameplay memory (actor+0x200, 512 bytes):
17:37:01 [INFO   ] [AddrMgr]     +0x200: 00 00 00 00 00 00 00 00 00 00 00 00 00 00 00 00  ................
17:37:01 [INFO   ] [AddrMgr]     +0x210: 00 00 00 00 00 00 00 00 00 00 00 00 00 00 00 00  ................
17:37:01 [INFO   ] [AddrMgr]     +0x220: E8 CE 63 CF F7 7F 00 00 10 00 00 00 00 00 80 42  ..c............B
17:37:01 [INFO   ] [AddrMgr]     +0x230: 00 00 00 00 00 00 00 00 00 00 00 00 00 00 00 00  ................
17:37:01 [INFO   ] [AddrMgr]     +0x240: 00 00 00 00 00 00 00 00 00 00 00 00 00 00 00 00  ................
17:37:01 [INFO   ] [AddrMgr]     +0x250: 00 00 00 00 00 00 00 00 00 00 00 00 00 00 00 00  ................
17:37:01 [INFO   ] [AddrMgr]     +0x260: 0A D7 2F 41 00 00 00 00 00 00 00 00 00 00 00 00  ../A............
17:37:01 [INFO   ] [AddrMgr]     +0x270: 00 00 00 00 00 00 00 00 00 00 00 00 00 00 00 00  ................
17:37:01 [INFO   ] [AddrMgr]     +0x280: 00 00 00 00 00 00 00 00 80 E0 70 FC CF 02 00 00  ..........p.....
17:37:01 [INFO   ] [AddrMgr]     +0x290: 02 00 00 00 04 00 00 00 03 00 00 00 00 00 00 00  ................
17:37:01 [INFO   ] [AddrMgr]     +0x2A0: 00 00 00 00 00 00 00 00 00 00 00 00 00 00 00 00  ................
17:37:01 [INFO   ] [AddrMgr]     +0x2B0: 02 00 00 00 80 00 00 00 FF FF FF FF 00 00 00 00  ................
17:37:01 [INFO   ] [AddrMgr]     +0x2C0: 01 00 00 00 00 00 00 00 00 00 00 00 00 00 00 00  ................
17:37:01 [INFO   ] [AddrMgr]     +0x2D0: 01 00 00 00 00 00 00 00 00 00 00 00 00 00 00 00  ................
17:37:01 [INFO   ] [AddrMgr]     +0x2E0: 00 00 00 00 00 00 00 00 00 00 00 00 00 00 00 00  ................
17:37:01 [INFO   ] [AddrMgr]     +0x2F0: 00 00 00 00 00 00 00 00 00 00 00 00 00 00 00 00  ................
17:37:01 [INFO   ] [AddrMgr]     +0x300: 00 00 00 00 00 00 00 00 00 00 00 00 00 00 00 00  ................
17:37:01 [INFO   ] [AddrMgr]     +0x310: 00 00 00 00 00 00 00 00 00 00 00 00 00 00 00 00  ................
17:37:01 [INFO   ] [AddrMgr]     +0x320: 00 E5 99 DB CF 02 00 00 00 00 00 00 00 00 00 00  ................
17:37:01 [INFO   ] [AddrMgr]     +0x330: 00 00 00 00 00 00 00 00 00 00 00 00 00 00 00 00  ................
17:37:01 [INFO   ] [AddrMgr]     +0x340: 00 00 00 00 00 00 00 00 00 00 00 00 00 00 00 00  ................
17:37:01 [INFO   ] [AddrMgr]     +0x350: 00 00 00 00 00 00 00 00 00 00 00 00 00 00 00 00  ................
17:37:01 [INFO   ] [AddrMgr]     +0x360: 00 00 00 00 00 00 00 00 00 00 00 00 00 00 00 00  ................
17:37:01 [INFO   ] [AddrMgr]     +0x370: 00 00 00 00 00 00 00 00 00 00 00 00 00 00 00 00  ................
17:37:01 [INFO   ] [AddrMgr]     +0x380: 00 00 00 00 00 00 00 00 00 00 00 00 00 00 00 00  ................
17:37:01 [INFO   ] [AddrMgr]     +0x390: 00 00 00 00 00 00 00 00 00 00 00 00 00 00 00 00  ................
17:37:01 [INFO   ] [AddrMgr]     +0x3A0: 00 00 00 00 00 00 00 00 00 00 00 00 00 00 00 00  ................
17:37:01 [INFO   ] [AddrMgr]     +0x3B0: 00 00 00 00 00 00 00 00 00 00 00 00 00 00 00 00  ................
17:37:01 [INFO   ] [AddrMgr]     +0x3C0: 00 00 00 00 00 00 00 00 00 00 00 00 00 00 00 00  ................
17:37:01 [INFO   ] [AddrMgr]     +0x3D0: 00 00 00 00 00 00 00 00 00 00 00 00 00 00 00 00  ................
17:37:01 [INFO   ] [AddrMgr]     +0x3E0: 00 00 00 00 00 00 00 00 00 00 00 00 00 00 00 00  ................
17:37:01 [INFO   ] [AddrMgr]     +0x3F0: 00 00 00 00 00 00 00 00 00 00 00 00 00 00 00 00  ................
17:37:01 [INFO   ] [AddrMgr]   EGameplay memory (actor+0x400, 512 bytes):
17:37:01 [INFO   ] [AddrMgr]     +0x400: 00 00 00 00 00 00 00 00 00 00 00 00 00 00 00 00  ................
17:37:01 [INFO   ] [AddrMgr]     +0x410: 00 00 00 00 00 00 00 00 00 00 00 00 00 00 00 00  ................
17:37:01 [INFO   ] [AddrMgr]     +0x420: 00 00 00 00 00 00 00 00 00 00 00 00 00 00 00 00  ................
17:37:01 [INFO   ] [AddrMgr]     +0x430: 00 00 00 00 00 00 00 00 00 00 00 00 00 00 00 00  ................
17:37:01 [INFO   ] [AddrMgr]     +0x440: 00 00 00 00 00 00 00 00 00 00 00 00 00 00 00 00  ................
17:37:01 [INFO   ] [AddrMgr]     +0x450: 00 00 00 00 00 00 00 00 00 00 00 00 00 00 00 00  ................
17:37:01 [INFO   ] [AddrMgr]     +0x460: 00 00 00 00 00 00 00 00 00 00 00 00 00 00 00 00  ................
17:37:01 [INFO   ] [AddrMgr]     +0x470: 00 00 00 00 00 00 00 00 00 00 00 00 00 00 00 00  ................
17:37:01 [INFO   ] [AddrMgr]     +0x480: 00 00 00 00 00 00 00 00 00 00 00 00 00 00 00 00  ................
17:37:01 [INFO   ] [AddrMgr]     +0x490: 00 00 00 00 00 00 00 00 00 00 00 00 00 00 00 00  ................
17:37:01 [INFO   ] [AddrMgr]     +0x4A0: 00 00 00 00 00 00 00 00 00 00 00 00 00 00 00 00  ................
17:37:01 [INFO   ] [AddrMgr]     +0x4B0: 00 00 00 00 00 00 00 00 00 00 00 00 00 00 00 00  ................
17:37:01 [INFO   ] [AddrMgr]     +0x4C0: 00 00 00 00 00 00 00 00 00 00 00 00 00 00 00 00  ................
17:37:01 [INFO   ] [AddrMgr]     +0x4D0: 00 00 00 00 00 00 00 00 00 00 00 00 00 00 00 00  ................
17:37:01 [INFO   ] [AddrMgr]     +0x4E0: 80 83 63 DF CF 02 00 00 00 00 00 00 00 00 00 00  ..c.............
17:37:01 [INFO   ] [AddrMgr]     +0x4F0: 00 00 00 00 00 00 00 00 00 00 00 00 00 00 00 00  ................
17:37:01 [INFO   ] [AddrMgr]     +0x500: 00 00 00 00 00 00 00 00 00 00 00 00 00 00 00 00  ................
17:37:01 [INFO   ] [AddrMgr]     +0x510: 00 00 00 00 00 00 00 00 00 00 00 00 00 00 00 00  ................
17:37:01 [INFO   ] [AddrMgr]     +0x520: 00 00 00 00 00 00 00 00 00 00 00 00 00 00 00 00  ................
17:37:01 [INFO   ] [AddrMgr]     +0x530: 00 00 00 00 00 00 00 00 00 00 00 00 00 00 00 00  ................
17:37:01 [INFO   ] [AddrMgr]     +0x540: 00 00 00 00 00 00 00 00 00 00 00 00 00 00 00 00  ................
17:37:01 [INFO   ] [AddrMgr]     +0x550: 00 00 00 00 00 00 00 00 00 00 00 00 00 00 00 00  ................
17:37:01 [INFO   ] [AddrMgr]     +0x560: 00 00 00 00 00 00 00 00 00 00 00 00 00 00 00 00  ................
17:37:01 [INFO   ] [AddrMgr]     +0x570: 00 00 00 00 00 00 00 00 00 00 00 00 00 00 00 00  ................
17:37:01 [INFO   ] [AddrMgr]     +0x580: 00 00 00 00 00 00 00 00 00 00 00 00 00 00 00 00  ................
17:37:01 [INFO   ] [AddrMgr]     +0x590: 00 00 00 00 00 00 00 00 00 00 00 00 00 00 00 00  ................
17:37:01 [INFO   ] [AddrMgr]     +0x5A0: 00 00 00 00 00 00 00 00 00 00 00 00 00 00 00 00  ................
17:37:01 [INFO   ] [AddrMgr]     +0x5B0: 00 00 00 00 00 00 00 00 00 00 00 00 00 00 00 00  ................
17:37:01 [INFO   ] [AddrMgr]     +0x5C0: 00 00 00 00 00 00 00 00 00 00 00 00 00 00 00 00  ................
17:37:01 [INFO   ] [AddrMgr]     +0x5D0: 00 00 00 00 00 00 00 00 00 00 00 00 00 00 00 00  ................
17:37:01 [INFO   ] [AddrMgr]     +0x5E0: 00 00 00 00 00 00 00 00 00 00 00 00 00 00 00 00  ................
17:37:01 [INFO   ] [AddrMgr]     +0x5F0: 00 00 00 00 00 00 00 00 00 00 00 00 00 00 00 00  ................
17:37:01 [INFO   ] [AddrMgr]   EGameplay memory (actor+0x600, 296 bytes):
17:37:01 [INFO   ] [AddrMgr]     +0x600: FF FF FF FF 00 00 00 00 01 01 00 00 9A 88 08 3E  ...............>
17:37:01 [INFO   ] [AddrMgr]     +0x610: 9A 88 88 3D 00 01 00 00 02 00 00 00 00 00 00 00  ...=............
17:37:01 [INFO   ] [AddrMgr]     +0x620: A9 D0 8A 3D 9A 88 88 3D 00 00 00 00 00 00 00 00  ...=...=........
17:37:01 [INFO   ] [AddrMgr]     +0x630: 00 00 00 00 00 00 00 00 00 00 00 00 00 00 00 00  ................
17:37:01 [INFO   ] [AddrMgr]     +0x640: 00 00 00 00 00 00 00 00 00 00 00 00 00 00 00 00  ................
17:37:01 [INFO   ] [AddrMgr]     +0x650: 00 00 00 00 00 00 00 00 00 00 00 00 00 00 00 00  ................
17:37:01 [INFO   ] [AddrMgr]     +0x660: 00 00 00 00 00 00 00 00 00 00 00 00 00 00 00 00  ................
17:37:01 [INFO   ] [AddrMgr]     +0x670: 00 00 00 00 00 00 00 00 00 00 00 00 00 00 00 00  ................
17:37:01 [INFO   ] [AddrMgr]     +0x680: 00 00 00 00 00 00 00 00 00 00 00 00 00 00 00 00  ................
17:37:01 [INFO   ] [AddrMgr]     +0x690: 00 00 00 00 00 00 00 00 00 00 00 00 00 00 00 00  ................
17:37:01 [INFO   ] [AddrMgr]     +0x6A0: 00 00 00 00 00 00 00 00 00 00 00 00 00 00 00 00  ................
17:37:01 [INFO   ] [AddrMgr]     +0x6B0: 00 00 00 00 00 00 00 00 00 00 00 00 00 00 00 00  ................
17:37:01 [INFO   ] [AddrMgr]     +0x6C0: 00 00 00 00 00 00 00 00 00 00 00 00 00 00 00 00  ................
17:37:01 [INFO   ] [AddrMgr]     +0x6D0: 00 00 00 00 00 00 00 00 00 00 00 00 00 00 00 00  ................
17:37:01 [INFO   ] [AddrMgr]     +0x6E0: 00 00 00 00 00 00 00 00 00 00 00 00 00 00 00 00  ................
17:37:01 [INFO   ] [AddrMgr]     +0x6F0: 00 00 00 00 00 00 00 00 00 00 00 00 00 00 00 00  ................
17:37:01 [INFO   ] [AddrMgr]     +0x700: 00 00 00 00 00 00 00 00 00 00 00 00 00 00 00 00  ................
17:37:01 [INFO   ] [AddrMgr]     +0x710: 00 01 00 00 0B 00 00 00 00 00 00 00 00 00 00 00  ................
17:37:01 [INFO   ] [AddrMgr]     +0x720: 01 00 00 00 00 00 00 00                          ........
17:37:01 [INFO   ] [AddrMgr] 
17:37:01 [INFO   ] [AddrMgr] --- EGameplay #1: EGameplay at 0x2CFE6BB19D0 ---
17:37:01 [INFO   ] [AddrMgr]   InternalIndex@0x0C: 107647 | FName.Number@0x1C: 2147375191
17:37:01 [INFO   ] [AddrMgr]   Class: 'EGameplay'
17:37:01 [INFO   ] [AddrMgr]   Position: (0.0, 0.0, 0.0)
17:37:01 [INFO   ] [AddrMgr]   SubObject@0x4E0: 0x2CFDF633580 name='EMsg' class='EMsgComponent' outer='EGameplay' iidx=107644 fnum=0
17:37:01 [INFO   ] [AddrMgr]   WaveCounter@0x618: 2 | SpawnIndex@0x714: 10
17:37:01 [INFO   ] [AddrMgr]   All children (Outer=this, 3 found):
17:37:01 [INFO   ] [AddrMgr]     0x2CFDF633580 name='EMsg' class='EMsgComponent' iidx=107644 fnum=0
17:37:01 [INFO   ] [AddrMgr]     0x2CFDB9991C0 name='ECfg' class='ECfgComponent' iidx=107645 fnum=0
17:37:01 [INFO   ] [AddrMgr]     0x2CFDB99C7C0 name='UserEntity' class='SceneComponent' iidx=107646 fnum=0
17:37:01 [INFO   ] [AddrMgr]   ECfgComponent at 0x2CFDB9991C0
17:37:01 [INFO   ] [AddrMgr]   CfgInfo raw (ECfg+0x120, 32 bytes):
17:37:01 [INFO   ] [AddrMgr]     00 00 00 00 00 00 00 00 00 00 00 00 00 00 00 00 00 00 00 00 00 00 00 00 00 00 00 00 00 00 80 3F
17:37:01 [INFO   ] [AddrMgr]   CfgInfo.ID = 0x0 (0) -> UNKNOWN
17:37:01 [INFO   ] [AddrMgr]   CfgInfo.Type = 0x0 (0)
17:37:01 [INFO   ] [AddrMgr]   CfgInfo.ExtendId = 0x0 (0)
17:37:01 [INFO   ] [AddrMgr]   ECfgComponent memory (ECfg+0x0, 256 bytes):
17:37:01 [INFO   ] [AddrMgr]     +0x000: 08 A4 61 CF F7 7F 00 00 08 00 04 00 7D A4 01 00  ..a.........}...
17:37:01 [INFO   ] [AddrMgr]     +0x010: 00 16 9C AF CE 02 00 00 52 12 01 00 00 00 00 00  ........R.......
17:37:01 [INFO   ] [AddrMgr]     +0x020: D0 19 BB E6 CF 02 00 00 D0 A8 61 CF F7 7F 00 00  ..........a.....
17:37:01 [INFO   ] [AddrMgr]     +0x030: 68 61 61 CF F7 7F 00 00 02 00 0C 00 00 00 00 00  haa.............
17:37:01 [INFO   ] [AddrMgr]     +0x040: 00 00 00 00 00 00 00 00 00 00 00 00 00 00 00 00  ................
17:37:01 [INFO   ] [AddrMgr]     +0x050: 00 00 00 00 00 00 00 00 00 00 00 00 00 00 00 00  ................
17:37:01 [INFO   ] [AddrMgr]     +0x060: 00 00 00 00 00 00 00 00 00 00 00 00 00 00 00 00  ................
17:37:01 [INFO   ] [AddrMgr]     +0x070: 00 00 00 00 00 00 00 00 00 00 00 00 00 00 00 00  ................
17:37:01 [INFO   ] [AddrMgr]     +0x080: 00 00 00 00 00 00 00 00 FF FF FF FF FF FF FF FF  ................
17:37:01 [INFO   ] [AddrMgr]     +0x090: 01 06 42 05 00 00 00 00 00 00 00 00 00 00 00 00  ..B.............
17:37:01 [INFO   ] [AddrMgr]     +0x0A0: 00 00 00 00 00 00 00 00 D0 19 BB E6 CF 02 00 00  ................
17:37:01 [INFO   ] [AddrMgr]     +0x0B0: 80 00 BE ED CF 02 00 00 00 00 00 00 00 00 00 00  ................
17:37:01 [INFO   ] [AddrMgr]     +0x0C0: D0 19 BB E6 CF 02 00 00 00 00 00 00 00 00 00 00  ................
17:37:01 [INFO   ] [AddrMgr]     +0x0D0: 00 00 00 00 00 00 00 00 00 00 00 00 00 00 00 00  ................
17:37:01 [INFO   ] [AddrMgr]     +0x0E0: 00 00 00 00 00 00 00 00 00 00 00 00 00 00 00 00  ................
17:37:01 [INFO   ] [AddrMgr]     +0x0F0: 00 00 00 00 00 00 00 00 00 00 00 00 80 00 00 00  ................
17:37:01 [INFO   ] [AddrMgr]   ECfgComponent memory (ECfg+0x100, 256 bytes):
17:37:01 [INFO   ] [AddrMgr]     +0x100: FF FF FF FF 00 00 00 00 00 00 00 00 00 00 00 00  ................
17:37:01 [INFO   ] [AddrMgr]     +0x110: 00 00 00 00 00 00 00 00 00 00 00 00 00 00 00 00  ................
17:37:01 [INFO   ] [AddrMgr]     +0x120: 00 00 00 00 00 00 00 00 00 00 00 00 00 00 00 00  ................
17:37:01 [INFO   ] [AddrMgr]     +0x130: 00 00 00 00 00 00 00 00 00 00 00 00 00 00 80 3F  ...............?
17:37:01 [INFO   ] [AddrMgr]     +0x140: 00 00 00 00 00 00 00 00 00 00 00 00 00 00 00 00  ................
17:37:01 [INFO   ] [AddrMgr]     +0x150: 00 00 00 00 00 00 00 00 00 00 00 00 00 00 00 00  ................
17:37:01 [INFO   ] [AddrMgr]     +0x160: 00 00 00 00 00 00 00 00 00 00 00 00 00 00 00 00  ................
17:37:01 [INFO   ] [AddrMgr]     +0x170: 00 00 00 00 00 00 00 00 00 00 00 00 80 00 00 00  ................
17:37:01 [INFO   ] [AddrMgr]     +0x180: FF FF FF FF 00 00 00 00 00 00 00 00 00 00 00 00  ................
17:37:01 [INFO   ] [AddrMgr]     +0x190: 00 00 00 00 00 00 00 00 00 00 00 00 00 00 00 00  ................
17:37:01 [INFO   ] [AddrMgr]     +0x1A0: 00 00 00 00 00 00 00 00 00 00 00 00 00 00 00 00  ................
17:37:01 [INFO   ] [AddrMgr]     +0x1B0: 00 00 00 00 00 00 00 00 00 00 00 00 00 00 00 00  ................
17:37:01 [INFO   ] [AddrMgr]     +0x1C0: 00 00 00 00 00 00 00 00 00 00 00 00 80 00 00 00  ................
17:37:01 [INFO   ] [AddrMgr]     +0x1D0: FF FF FF FF 00 00 00 00 00 00 00 00 00 00 00 00  ................
17:37:01 [INFO   ] [AddrMgr]     +0x1E0: 00 00 00 00 00 00 00 00 00 00 00 00 00 00 00 00  ................
17:37:01 [INFO   ] [AddrMgr]     +0x1F0: 00 00 00 00 00 00 00 00 00 00 00 00 00 00 00 00  ................
17:37:01 [INFO   ] [AddrMgr]   ECfgComponent memory (ECfg+0x200, 64 bytes):
17:37:01 [INFO   ] [AddrMgr]     +0x200: 00 00 00 00 00 00 00 00 00 00 00 00 00 00 00 00  ................
17:37:01 [INFO   ] [AddrMgr]     +0x210: 00 00 00 00 00 00 00 00 00 00 00 00 80 00 00 00  ................
17:37:01 [INFO   ] [AddrMgr]     +0x220: FF FF FF FF 00 00 00 00 00 00 00 00 00 00 00 00  ................
17:37:01 [INFO   ] [AddrMgr]     +0x230: 00 00 00 00 00 00 00 00 00 00 00 00 00 00 00 00  ................
17:37:01 [INFO   ] [AddrMgr]   EGameplay memory (actor+0x200, 512 bytes):
17:37:01 [INFO   ] [AddrMgr]     +0x200: 00 00 00 00 00 00 00 00 00 00 00 00 00 00 00 00  ................
17:37:01 [INFO   ] [AddrMgr]     +0x210: 00 00 00 00 00 00 00 00 00 00 00 00 00 00 00 00  ................
17:37:01 [INFO   ] [AddrMgr]     +0x220: E8 CE 63 CF F7 7F 00 00 10 00 00 00 00 00 80 42  ..c............B
17:37:01 [INFO   ] [AddrMgr]     +0x230: 00 00 00 00 00 00 00 00 00 00 00 00 00 00 00 00  ................
17:37:01 [INFO   ] [AddrMgr]     +0x240: 00 00 00 00 00 00 00 00 00 00 00 00 00 00 00 00  ................
17:37:01 [INFO   ] [AddrMgr]     +0x250: 00 00 00 00 00 00 00 00 00 00 00 00 00 00 00 00  ................
17:37:01 [INFO   ] [AddrMgr]     +0x260: 0A D7 2F 41 00 00 00 00 00 00 00 00 00 00 00 00  ../A............
17:37:01 [INFO   ] [AddrMgr]     +0x270: 00 00 00 00 00 00 00 00 00 00 00 00 00 00 00 00  ................
17:37:01 [INFO   ] [AddrMgr]     +0x280: 00 00 00 00 00 00 00 00 60 F7 70 FC CF 02 00 00  ........`.p.....
17:37:01 [INFO   ] [AddrMgr]     +0x290: 02 00 00 00 04 00 00 00 03 00 00 00 00 00 00 00  ................
17:37:01 [INFO   ] [AddrMgr]     +0x2A0: 00 00 00 00 00 00 00 00 00 00 00 00 00 00 00 00  ................
17:37:01 [INFO   ] [AddrMgr]     +0x2B0: 02 00 00 00 80 00 00 00 FF FF FF FF 00 00 00 00  ................
17:37:01 [INFO   ] [AddrMgr]     +0x2C0: 01 00 00 00 00 00 00 00 00 00 00 00 00 00 00 00  ................
17:37:01 [INFO   ] [AddrMgr]     +0x2D0: 01 00 00 00 00 00 00 00 00 00 00 00 00 00 00 00  ................
17:37:01 [INFO   ] [AddrMgr]     +0x2E0: 00 00 00 00 00 00 00 00 00 00 00 00 00 00 00 00  ................
17:37:01 [INFO   ] [AddrMgr]     +0x2F0: 00 00 00 00 00 00 00 00 00 00 00 00 00 00 00 00  ................
17:37:01 [INFO   ] [AddrMgr]     +0x300: 00 00 00 00 00 00 00 00 00 00 00 00 00 00 00 00  ................
17:37:01 [INFO   ] [AddrMgr]     +0x310: 00 00 00 00 00 00 00 00 00 00 00 00 00 00 00 00  ................
17:37:01 [INFO   ] [AddrMgr]     +0x320: C0 91 99 DB CF 02 00 00 00 00 00 00 00 00 00 00  ................
17:37:01 [INFO   ] [AddrMgr]     +0x330: 00 00 00 00 00 00 00 00 00 00 00 00 00 00 00 00  ................
17:37:01 [INFO   ] [AddrMgr]     +0x340: 00 00 00 00 00 00 00 00 00 00 00 00 00 00 00 00  ................
17:37:01 [INFO   ] [AddrMgr]     +0x350: 00 00 00 00 00 00 00 00 00 00 00 00 00 00 00 00  ................
17:37:01 [INFO   ] [AddrMgr]     +0x360: 00 00 00 00 00 00 00 00 00 00 00 00 00 00 00 00  ................
17:37:01 [INFO   ] [AddrMgr]     +0x370: 00 00 00 00 00 00 00 00 00 00 00 00 00 00 00 00  ................
17:37:01 [INFO   ] [AddrMgr]     +0x380: 00 00 00 00 00 00 00 00 00 00 00 00 00 00 00 00  ................
17:37:01 [INFO   ] [AddrMgr]     +0x390: 00 00 00 00 00 00 00 00 00 00 00 00 00 00 00 00  ................
17:37:01 [INFO   ] [AddrMgr]     +0x3A0: 00 00 00 00 00 00 00 00 00 00 00 00 00 00 00 00  ................
17:37:01 [INFO   ] [AddrMgr]     +0x3B0: 00 00 00 00 00 00 00 00 00 00 00 00 00 00 00 00  ................
17:37:01 [INFO   ] [AddrMgr]     +0x3C0: 00 00 00 00 00 00 00 00 00 00 00 00 00 00 00 00  ................
17:37:01 [INFO   ] [AddrMgr]     +0x3D0: 00 00 00 00 00 00 00 00 00 00 00 00 00 00 00 00  ................
17:37:01 [INFO   ] [AddrMgr]     +0x3E0: 00 00 00 00 00 00 00 00 00 00 00 00 00 00 00 00  ................
17:37:01 [INFO   ] [AddrMgr]     +0x3F0: 00 00 00 00 00 00 00 00 00 00 00 00 00 00 00 00  ................
17:37:01 [INFO   ] [AddrMgr]   EGameplay memory (actor+0x400, 512 bytes):
17:37:01 [INFO   ] [AddrMgr]     +0x400: 00 00 00 00 00 00 00 00 00 00 00 00 00 00 00 00  ................
17:37:01 [INFO   ] [AddrMgr]     +0x410: 00 00 00 00 00 00 00 00 00 00 00 00 00 00 00 00  ................
17:37:01 [INFO   ] [AddrMgr]     +0x420: 00 00 00 00 00 00 00 00 00 00 00 00 00 00 00 00  ................
17:37:01 [INFO   ] [AddrMgr]     +0x430: 00 00 00 00 00 00 00 00 00 00 00 00 00 00 00 00  ................
17:37:01 [INFO   ] [AddrMgr]     +0x440: 00 00 00 00 00 00 00 00 00 00 00 00 00 00 00 00  ................
17:37:01 [INFO   ] [AddrMgr]     +0x450: 00 00 00 00 00 00 00 00 00 00 00 00 00 00 00 00  ................
17:37:01 [INFO   ] [AddrMgr]     +0x460: 00 00 00 00 00 00 00 00 00 00 00 00 00 00 00 00  ................
17:37:01 [INFO   ] [AddrMgr]     +0x470: 00 00 00 00 00 00 00 00 00 00 00 00 00 00 00 00  ................
17:37:01 [INFO   ] [AddrMgr]     +0x480: 00 00 00 00 00 00 00 00 00 00 00 00 00 00 00 00  ................
17:37:01 [INFO   ] [AddrMgr]     +0x490: 00 00 00 00 00 00 00 00 00 00 00 00 00 00 00 00  ................
17:37:01 [INFO   ] [AddrMgr]     +0x4A0: 00 00 00 00 00 00 00 00 00 00 00 00 00 00 00 00  ................
17:37:01 [INFO   ] [AddrMgr]     +0x4B0: 00 00 00 00 00 00 00 00 00 00 00 00 00 00 00 00  ................
17:37:01 [INFO   ] [AddrMgr]     +0x4C0: 00 00 00 00 00 00 00 00 00 00 00 00 00 00 00 00  ................
17:37:01 [INFO   ] [AddrMgr]     +0x4D0: 00 00 00 00 00 00 00 00 00 00 00 00 00 00 00 00  ................
17:37:01 [INFO   ] [AddrMgr]     +0x4E0: 80 35 63 DF CF 02 00 00 00 00 00 00 00 00 00 00  .5c.............
17:37:01 [INFO   ] [AddrMgr]     +0x4F0: 00 00 00 00 00 00 00 00 00 00 00 00 00 00 00 00  ................
17:37:01 [INFO   ] [AddrMgr]     +0x500: 00 00 00 00 00 00 00 00 00 00 00 00 00 00 00 00  ................
17:37:01 [INFO   ] [AddrMgr]     +0x510: 00 00 00 00 00 00 00 00 00 00 00 00 00 00 00 00  ................
17:37:01 [INFO   ] [AddrMgr]     +0x520: 00 00 00 00 00 00 00 00 00 00 00 00 00 00 00 00  ................
17:37:01 [INFO   ] [AddrMgr]     +0x530: 00 00 00 00 00 00 00 00 00 00 00 00 00 00 00 00  ................
17:37:01 [INFO   ] [AddrMgr]     +0x540: 00 00 00 00 00 00 00 00 00 00 00 00 00 00 00 00  ................
17:37:01 [INFO   ] [AddrMgr]     +0x550: 00 00 00 00 00 00 00 00 00 00 00 00 00 00 00 00  ................
17:37:01 [INFO   ] [AddrMgr]     +0x560: 00 00 00 00 00 00 00 00 00 00 00 00 00 00 00 00  ................
17:37:01 [INFO   ] [AddrMgr]     +0x570: 00 00 00 00 00 00 00 00 00 00 00 00 00 00 00 00  ................
17:37:01 [INFO   ] [AddrMgr]     +0x580: 00 00 00 00 00 00 00 00 00 00 00 00 00 00 00 00  ................
17:37:01 [INFO   ] [AddrMgr]     +0x590: 00 00 00 00 00 00 00 00 00 00 00 00 00 00 00 00  ................
17:37:01 [INFO   ] [AddrMgr]     +0x5A0: 00 00 00 00 00 00 00 00 00 00 00 00 00 00 00 00  ................
17:37:01 [INFO   ] [AddrMgr]     +0x5B0: 00 00 00 00 00 00 00 00 00 00 00 00 00 00 00 00  ................
17:37:01 [INFO   ] [AddrMgr]     +0x5C0: 00 00 00 00 00 00 00 00 00 00 00 00 00 00 00 00  ................
17:37:01 [INFO   ] [AddrMgr]     +0x5D0: 00 00 00 00 00 00 00 00 00 00 00 00 00 00 00 00  ................
17:37:01 [INFO   ] [AddrMgr]     +0x5E0: 00 00 00 00 00 00 00 00 00 00 00 00 00 00 00 00  ................
17:37:01 [INFO   ] [AddrMgr]     +0x5F0: 00 00 00 00 00 00 00 00 00 00 00 00 00 00 00 00  ................
17:37:01 [INFO   ] [AddrMgr]   EGameplay memory (actor+0x600, 296 bytes):
17:37:01 [INFO   ] [AddrMgr]     +0x600: FF FF FF FF 00 00 00 00 01 01 00 00 9A 88 08 3E  ...............>
17:37:01 [INFO   ] [AddrMgr]     +0x610: 9A 88 88 3D 00 01 00 00 02 00 00 00 00 00 00 00  ...=............
17:37:01 [INFO   ] [AddrMgr]     +0x620: A9 D0 8A 3D 9A 88 88 3D 00 00 00 00 00 00 00 00  ...=...=........
17:37:01 [INFO   ] [AddrMgr]     +0x630: 00 00 00 00 00 00 00 00 00 00 00 00 00 00 00 00  ................
17:37:01 [INFO   ] [AddrMgr]     +0x640: 00 00 00 00 00 00 00 00 00 00 00 00 00 00 00 00  ................
17:37:01 [INFO   ] [AddrMgr]     +0x650: 00 00 00 00 00 00 00 00 00 00 00 00 00 00 00 00  ................
17:37:01 [INFO   ] [AddrMgr]     +0x660: 00 00 00 00 00 00 00 00 00 00 00 00 00 00 00 00  ................
17:37:01 [INFO   ] [AddrMgr]     +0x670: 00 00 00 00 00 00 00 00 00 00 00 00 00 00 00 00  ................
17:37:01 [INFO   ] [AddrMgr]     +0x680: 00 00 00 00 00 00 00 00 00 00 00 00 00 00 00 00  ................
17:37:01 [INFO   ] [AddrMgr]     +0x690: 00 00 00 00 00 00 00 00 00 00 00 00 00 00 00 00  ................
17:37:01 [INFO   ] [AddrMgr]     +0x6A0: 00 00 00 00 00 00 00 00 00 00 00 00 00 00 00 00  ................
17:37:01 [INFO   ] [AddrMgr]     +0x6B0: 00 00 00 00 00 00 00 00 00 00 00 00 00 00 00 00  ................
17:37:01 [INFO   ] [AddrMgr]     +0x6C0: 00 00 00 00 00 00 00 00 00 00 00 00 00 00 00 00  ................
17:37:01 [INFO   ] [AddrMgr]     +0x6D0: 00 00 00 00 00 00 00 00 00 00 00 00 00 00 00 00  ................
17:37:01 [INFO   ] [AddrMgr]     +0x6E0: 00 00 00 00 00 00 00 00 00 00 00 00 00 00 00 00  ................
17:37:01 [INFO   ] [AddrMgr]     +0x6F0: 00 00 00 00 00 00 00 00 00 00 00 00 00 00 00 00  ................
17:37:01 [INFO   ] [AddrMgr]     +0x700: 00 00 00 00 00 00 00 00 00 00 00 00 00 00 00 00  ................
17:37:01 [INFO   ] [AddrMgr]     +0x710: 00 01 00 00 0A 00 00 00 00 00 00 00 00 00 00 00  ................
17:37:01 [INFO   ] [AddrMgr]     +0x720: 01 00 00 00 00 00 00 00                          ........
17:37:01 [INFO   ] [AddrMgr] 
17:37:01 [INFO   ] [AddrMgr] --- EGameplay #2: EGameplay at 0x2CFC6E4D060 ---
17:37:01 [INFO   ] [AddrMgr]   InternalIndex@0x0C: 107652 | FName.Number@0x1C: 2147375192
17:37:01 [INFO   ] [AddrMgr]   Class: 'EGameplay'
17:37:01 [INFO   ] [AddrMgr]   Position: (-2500.0, -950.0, 2350.0)
17:37:01 [INFO   ] [AddrMgr]   SubObject@0x4E0: 0x2CFDF638C80 name='EMsg' class='EMsgComponent' outer='EGameplay' iidx=107648 fnum=0
17:37:01 [INFO   ] [AddrMgr]   WaveCounter@0x618: 2 | SpawnIndex@0x714: 9
17:37:01 [INFO   ] [AddrMgr]   All children (Outer=this, 3 found):
17:37:01 [INFO   ] [AddrMgr]     0x2CFDF638C80 name='EMsg' class='EMsgComponent' iidx=107648 fnum=0
17:37:01 [INFO   ] [AddrMgr]     0x2D00C416DC0 name='ECfg' class='ECfgComponent' iidx=107649 fnum=0
17:37:01 [INFO   ] [AddrMgr]     0x2D00C41E080 name='UserEntity' class='SceneComponent' iidx=107650 fnum=0
17:37:01 [INFO   ] [AddrMgr]   ECfgComponent at 0x2D00C416DC0
17:37:01 [INFO   ] [AddrMgr]   CfgInfo raw (ECfg+0x120, 32 bytes):
17:37:01 [INFO   ] [AddrMgr]     00 00 00 00 00 00 00 00 00 00 00 00 00 00 00 00 00 00 00 00 00 00 00 00 00 00 00 00 00 00 80 3F
17:37:01 [INFO   ] [AddrMgr]   CfgInfo.ID = 0x0 (0) -> UNKNOWN
17:37:01 [INFO   ] [AddrMgr]   CfgInfo.Type = 0x0 (0)
17:37:01 [INFO   ] [AddrMgr]   CfgInfo.ExtendId = 0x0 (0)
17:37:01 [INFO   ] [AddrMgr]   ECfgComponent memory (ECfg+0x0, 256 bytes):
17:37:01 [INFO   ] [AddrMgr]     +0x000: 08 A4 61 CF F7 7F 00 00 08 00 04 00 81 A4 01 00  ..a.............
17:37:01 [INFO   ] [AddrMgr]     +0x010: 00 16 9C AF CE 02 00 00 52 12 01 00 00 00 00 00  ........R.......
17:37:01 [INFO   ] [AddrMgr]     +0x020: 60 D0 E4 C6 CF 02 00 00 D0 A8 61 CF F7 7F 00 00  `.........a.....
17:37:01 [INFO   ] [AddrMgr]     +0x030: 68 61 61 CF F7 7F 00 00 02 00 0C 00 00 00 00 00  haa.............
17:37:01 [INFO   ] [AddrMgr]     +0x040: 00 00 00 00 00 00 00 00 00 00 00 00 00 00 00 00  ................
17:37:01 [INFO   ] [AddrMgr]     +0x050: 00 00 00 00 00 00 00 00 00 00 00 00 00 00 00 00  ................
17:37:01 [INFO   ] [AddrMgr]     +0x060: 00 00 00 00 00 00 00 00 00 00 00 00 00 00 00 00  ................
17:37:01 [INFO   ] [AddrMgr]     +0x070: 00 00 00 00 00 00 00 00 00 00 00 00 00 00 00 00  ................
17:37:01 [INFO   ] [AddrMgr]     +0x080: 00 00 00 00 00 00 00 00 FF FF FF FF FF FF FF FF  ................
17:37:01 [INFO   ] [AddrMgr]     +0x090: 01 06 42 05 00 00 00 00 00 00 00 00 00 00 00 00  ..B.............
17:37:01 [INFO   ] [AddrMgr]     +0x0A0: 00 00 00 00 00 00 00 00 60 D0 E4 C6 CF 02 00 00  ........`.......
17:37:01 [INFO   ] [AddrMgr]     +0x0B0: 80 00 BE ED CF 02 00 00 00 00 00 00 00 00 00 00  ................
17:37:01 [INFO   ] [AddrMgr]     +0x0C0: 60 D0 E4 C6 CF 02 00 00 00 00 00 00 00 00 00 00  `...............
17:37:01 [INFO   ] [AddrMgr]     +0x0D0: 00 00 00 00 00 00 00 00 00 00 00 00 00 00 00 00  ................
17:37:01 [INFO   ] [AddrMgr]     +0x0E0: 00 00 00 00 00 00 00 00 00 00 00 00 00 00 00 00  ................
17:37:01 [INFO   ] [AddrMgr]     +0x0F0: 00 00 00 00 00 00 00 00 00 00 00 00 80 00 00 00  ................
17:37:01 [INFO   ] [AddrMgr]   ECfgComponent memory (ECfg+0x100, 256 bytes):
17:37:01 [INFO   ] [AddrMgr]     +0x100: FF FF FF FF 00 00 00 00 00 00 00 00 00 00 00 00  ................
17:37:01 [INFO   ] [AddrMgr]     +0x110: 00 00 00 00 00 00 00 00 00 00 00 00 00 00 00 00  ................
17:37:01 [INFO   ] [AddrMgr]     +0x120: 00 00 00 00 00 00 00 00 00 00 00 00 00 00 00 00  ................
17:37:01 [INFO   ] [AddrMgr]     +0x130: 00 00 00 00 00 00 00 00 00 00 00 00 00 00 80 3F  ...............?
17:37:01 [INFO   ] [AddrMgr]     +0x140: 00 00 00 00 00 00 00 00 00 00 00 00 00 00 00 00  ................
17:37:01 [INFO   ] [AddrMgr]     +0x150: 00 00 00 00 00 00 00 00 00 00 00 00 00 00 00 00  ................
17:37:01 [INFO   ] [AddrMgr]     +0x160: 00 00 00 00 00 00 00 00 00 00 00 00 00 00 00 00  ................
17:37:01 [INFO   ] [AddrMgr]     +0x170: 00 00 00 00 00 00 00 00 00 00 00 00 80 00 00 00  ................
17:37:01 [INFO   ] [AddrMgr]     +0x180: FF FF FF FF 00 00 00 00 00 00 00 00 00 00 00 00  ................
17:37:01 [INFO   ] [AddrMgr]     +0x190: 00 00 00 00 00 00 00 00 00 00 00 00 00 00 00 00  ................
17:37:01 [INFO   ] [AddrMgr]     +0x1A0: 00 00 00 00 00 00 00 00 00 00 00 00 00 00 00 00  ................
17:37:01 [INFO   ] [AddrMgr]     +0x1B0: 00 00 00 00 00 00 00 00 00 00 00 00 00 00 00 00  ................
17:37:01 [INFO   ] [AddrMgr]     +0x1C0: 00 00 00 00 00 00 00 00 00 00 00 00 80 00 00 00  ................
17:37:01 [INFO   ] [AddrMgr]     +0x1D0: FF FF FF FF 00 00 00 00 00 00 00 00 00 00 00 00  ................
17:37:01 [INFO   ] [AddrMgr]     +0x1E0: 00 00 00 00 00 00 00 00 00 00 00 00 00 00 00 00  ................
17:37:01 [INFO   ] [AddrMgr]     +0x1F0: 00 00 00 00 00 00 00 00 00 00 00 00 00 00 00 00  ................
17:37:01 [INFO   ] [AddrMgr]   ECfgComponent memory (ECfg+0x200, 64 bytes):
17:37:01 [INFO   ] [AddrMgr]     +0x200: 00 00 00 00 00 00 00 00 00 00 00 00 00 00 00 00  ................
17:37:01 [INFO   ] [AddrMgr]     +0x210: 00 00 00 00 00 00 00 00 00 00 00 00 80 00 00 00  ................
17:37:01 [INFO   ] [AddrMgr]     +0x220: FF FF FF FF 00 00 00 00 00 00 00 00 00 00 00 00  ................
17:37:01 [INFO   ] [AddrMgr]     +0x230: 00 00 00 00 00 00 00 00 00 00 00 00 00 00 00 00  ................
17:37:01 [INFO   ] [AddrMgr]   EGameplay memory (actor+0x200, 512 bytes):
17:37:01 [INFO   ] [AddrMgr]     +0x200: 00 00 00 00 00 00 00 00 00 00 00 00 00 00 00 00  ................
17:37:01 [INFO   ] [AddrMgr]     +0x210: 00 00 00 00 00 00 00 00 00 00 00 00 00 00 00 00  ................
17:37:01 [INFO   ] [AddrMgr]     +0x220: E8 CE 63 CF F7 7F 00 00 10 00 00 00 00 00 80 42  ..c............B
17:37:01 [INFO   ] [AddrMgr]     +0x230: 00 00 00 00 00 00 00 00 00 00 00 00 00 00 00 00  ................
17:37:01 [INFO   ] [AddrMgr]     +0x240: 00 00 00 00 00 00 00 00 00 00 00 00 00 00 00 00  ................
17:37:01 [INFO   ] [AddrMgr]     +0x250: 00 00 00 00 00 00 00 00 00 00 00 00 00 00 00 00  ................
17:37:01 [INFO   ] [AddrMgr]     +0x260: 0A D7 2F 41 00 00 00 00 00 00 00 00 00 00 00 00  ../A............
17:37:01 [INFO   ] [AddrMgr]     +0x270: 00 00 00 00 00 00 00 00 00 00 00 00 00 00 00 00  ................
17:37:01 [INFO   ] [AddrMgr]     +0x280: 00 00 00 00 00 00 00 00 40 B4 70 FC CF 02 00 00  ........@.p.....
17:37:01 [INFO   ] [AddrMgr]     +0x290: 02 00 00 00 04 00 00 00 03 00 00 00 00 00 00 00  ................
17:37:01 [INFO   ] [AddrMgr]     +0x2A0: 00 00 00 00 00 00 00 00 00 00 00 00 00 00 00 00  ................
17:37:01 [INFO   ] [AddrMgr]     +0x2B0: 02 00 00 00 80 00 00 00 FF FF FF FF 00 00 00 00  ................
17:37:01 [INFO   ] [AddrMgr]     +0x2C0: 01 00 00 00 00 00 00 00 00 00 00 00 00 00 00 00  ................
17:37:01 [INFO   ] [AddrMgr]     +0x2D0: 01 00 00 00 00 00 00 00 00 00 00 00 00 00 00 00  ................
17:37:01 [INFO   ] [AddrMgr]     +0x2E0: 00 00 00 00 00 00 00 00 00 00 00 00 00 00 00 00  ................
17:37:01 [INFO   ] [AddrMgr]     +0x2F0: 00 00 00 00 00 00 00 00 00 00 00 00 00 00 00 00  ................
17:37:01 [INFO   ] [AddrMgr]     +0x300: 00 00 00 00 00 00 00 00 00 00 00 00 00 00 00 00  ................
17:37:01 [INFO   ] [AddrMgr]     +0x310: 00 00 00 00 00 00 00 00 00 00 00 00 00 00 00 00  ................
17:37:01 [INFO   ] [AddrMgr]     +0x320: C0 6D 41 0C D0 02 00 00 00 00 00 00 00 00 00 00  .mA.............
17:37:01 [INFO   ] [AddrMgr]     +0x330: 00 00 00 00 00 00 00 00 00 00 00 00 00 00 00 00  ................
17:37:01 [INFO   ] [AddrMgr]     +0x340: 00 00 00 00 00 00 00 00 00 00 00 00 00 00 00 00  ................
17:37:01 [INFO   ] [AddrMgr]     +0x350: 00 00 00 00 00 00 00 00 00 00 00 00 00 00 00 00  ................
17:37:01 [INFO   ] [AddrMgr]     +0x360: 00 00 00 00 00 00 00 00 00 00 00 00 00 00 00 00  ................
17:37:01 [INFO   ] [AddrMgr]     +0x370: 00 00 00 00 00 00 00 00 00 00 00 00 00 00 00 00  ................
17:37:01 [INFO   ] [AddrMgr]     +0x380: 00 00 00 00 00 00 00 00 00 00 00 00 00 00 00 00  ................
17:37:01 [INFO   ] [AddrMgr]     +0x390: 00 00 00 00 00 00 00 00 00 00 00 00 00 00 00 00  ................
17:37:01 [INFO   ] [AddrMgr]     +0x3A0: 00 00 00 00 00 00 00 00 00 00 00 00 00 00 00 00  ................
17:37:01 [INFO   ] [AddrMgr]     +0x3B0: 00 00 00 00 00 00 00 00 00 00 00 00 00 00 00 00  ................
17:37:01 [INFO   ] [AddrMgr]     +0x3C0: 00 00 00 00 00 00 00 00 00 00 00 00 00 00 00 00  ................
17:37:01 [INFO   ] [AddrMgr]     +0x3D0: 00 00 00 00 00 00 00 00 00 00 00 00 00 00 00 00  ................
17:37:01 [INFO   ] [AddrMgr]     +0x3E0: 00 00 00 00 00 00 00 00 00 00 00 00 00 00 00 00  ................
17:37:01 [INFO   ] [AddrMgr]     +0x3F0: 00 00 00 00 00 00 00 00 00 00 00 00 00 00 00 00  ................
17:37:01 [INFO   ] [AddrMgr]   EGameplay memory (actor+0x400, 512 bytes):
17:37:01 [INFO   ] [AddrMgr]     +0x400: 00 00 00 00 00 00 00 00 00 00 00 00 00 00 00 00  ................
17:37:01 [INFO   ] [AddrMgr]     +0x410: 00 00 00 00 00 00 00 00 00 00 00 00 00 00 00 00  ................
17:37:01 [INFO   ] [AddrMgr]     +0x420: 00 00 00 00 00 00 00 00 00 00 00 00 00 00 00 00  ................
17:37:01 [INFO   ] [AddrMgr]     +0x430: 00 00 00 00 00 00 00 00 00 00 00 00 00 00 00 00  ................
17:37:01 [INFO   ] [AddrMgr]     +0x440: 00 00 00 00 00 00 00 00 00 00 00 00 00 00 00 00  ................
17:37:01 [INFO   ] [AddrMgr]     +0x450: 00 00 00 00 00 00 00 00 00 00 00 00 00 00 00 00  ................
17:37:01 [INFO   ] [AddrMgr]     +0x460: 00 00 00 00 00 00 00 00 00 00 00 00 00 00 00 00  ................
17:37:01 [INFO   ] [AddrMgr]     +0x470: 00 00 00 00 00 00 00 00 00 00 00 00 00 00 00 00  ................
17:37:01 [INFO   ] [AddrMgr]     +0x480: 00 00 00 00 00 00 00 00 00 00 00 00 00 00 00 00  ................
17:37:01 [INFO   ] [AddrMgr]     +0x490: 00 00 00 00 00 00 00 00 00 00 00 00 00 00 00 00  ................
17:37:01 [INFO   ] [AddrMgr]     +0x4A0: 00 00 00 00 00 00 00 00 00 00 00 00 00 00 00 00  ................
17:37:01 [INFO   ] [AddrMgr]     +0x4B0: 00 00 00 00 00 00 00 00 00 00 00 00 00 00 00 00  ................
17:37:01 [INFO   ] [AddrMgr]     +0x4C0: 00 00 00 00 00 00 00 00 00 00 00 00 00 00 00 00  ................
17:37:01 [INFO   ] [AddrMgr]     +0x4D0: 00 00 00 00 00 00 00 00 00 00 00 00 00 00 00 00  ................
17:37:01 [INFO   ] [AddrMgr]     +0x4E0: 80 8C 63 DF CF 02 00 00 00 00 00 00 00 00 00 00  ..c.............
17:37:01 [INFO   ] [AddrMgr]     +0x4F0: 00 00 00 00 00 00 00 00 00 00 00 00 00 00 00 00  ................
17:37:01 [INFO   ] [AddrMgr]     +0x500: 00 00 00 00 00 00 00 00 00 00 00 00 00 00 00 00  ................
17:37:01 [INFO   ] [AddrMgr]     +0x510: 00 00 00 00 00 00 00 00 00 00 00 00 00 00 00 00  ................
17:37:01 [INFO   ] [AddrMgr]     +0x520: 00 00 00 00 00 00 00 00 00 00 00 00 00 00 00 00  ................
17:37:01 [INFO   ] [AddrMgr]     +0x530: 00 00 00 00 00 00 00 00 00 00 00 00 00 00 00 00  ................
17:37:01 [INFO   ] [AddrMgr]     +0x540: 00 00 00 00 00 00 00 00 00 00 00 00 00 00 00 00  ................
17:37:01 [INFO   ] [AddrMgr]     +0x550: 00 00 00 00 00 00 00 00 00 00 00 00 00 00 00 00  ................
17:37:01 [INFO   ] [AddrMgr]     +0x560: 00 00 00 00 00 00 00 00 00 00 00 00 00 00 00 00  ................
17:37:01 [INFO   ] [AddrMgr]     +0x570: 00 00 00 00 00 00 00 00 00 00 00 00 00 00 00 00  ................
17:37:01 [INFO   ] [AddrMgr]     +0x580: 00 00 00 00 00 00 00 00 00 00 00 00 00 00 00 00  ................
17:37:01 [INFO   ] [AddrMgr]     +0x590: 00 00 00 00 00 00 00 00 00 00 00 00 00 00 00 00  ................
17:37:01 [INFO   ] [AddrMgr]     +0x5A0: 00 00 00 00 00 00 00 00 00 00 00 00 00 00 00 00  ................
17:37:01 [INFO   ] [AddrMgr]     +0x5B0: 00 00 00 00 00 00 00 00 00 00 00 00 00 00 00 00  ................
17:37:01 [INFO   ] [AddrMgr]     +0x5C0: 00 00 00 00 00 00 00 00 00 00 00 00 00 00 00 00  ................
17:37:01 [INFO   ] [AddrMgr]     +0x5D0: 00 00 00 00 00 00 00 00 00 00 00 00 00 00 00 00  ................
17:37:01 [INFO   ] [AddrMgr]     +0x5E0: 00 00 00 00 00 00 00 00 00 00 00 00 00 00 00 00  ................
17:37:01 [INFO   ] [AddrMgr]     +0x5F0: 00 00 00 00 00 00 00 00 00 00 00 00 00 00 00 00  ................
17:37:01 [INFO   ] [AddrMgr]   EGameplay memory (actor+0x600, 296 bytes):
17:37:01 [INFO   ] [AddrMgr]     +0x600: FF FF FF FF 00 00 00 00 01 01 00 00 9A 88 08 3E  ...............>
17:37:01 [INFO   ] [AddrMgr]     +0x610: 9A 88 88 3D 00 01 00 00 02 00 00 00 00 00 00 00  ...=............
17:37:01 [INFO   ] [AddrMgr]     +0x620: A9 D0 8A 3D 9A 88 88 3D 00 00 00 00 00 00 00 00  ...=...=........
17:37:01 [INFO   ] [AddrMgr]     +0x630: 00 00 00 00 00 00 00 00 00 00 00 00 00 00 00 00  ................
17:37:01 [INFO   ] [AddrMgr]     +0x640: 00 00 00 00 00 00 00 00 00 00 00 00 00 00 00 00  ................
17:37:01 [INFO   ] [AddrMgr]     +0x650: 00 00 00 00 00 00 00 00 00 00 00 00 00 00 00 00  ................
17:37:01 [INFO   ] [AddrMgr]     +0x660: 00 00 00 00 00 00 00 00 00 00 00 00 00 00 00 00  ................
17:37:01 [INFO   ] [AddrMgr]     +0x670: 00 00 00 00 00 00 00 00 00 00 00 00 00 00 00 00  ................
17:37:01 [INFO   ] [AddrMgr]     +0x680: 00 00 00 00 00 00 00 00 00 00 00 00 00 00 00 00  ................
17:37:01 [INFO   ] [AddrMgr]     +0x690: 00 00 00 00 00 00 00 00 00 00 00 00 00 00 00 00  ................
17:37:01 [INFO   ] [AddrMgr]     +0x6A0: 00 00 00 00 00 00 00 00 00 00 00 00 00 00 00 00  ................
17:37:01 [INFO   ] [AddrMgr]     +0x6B0: 00 00 00 00 00 00 00 00 00 00 00 00 00 00 00 00  ................
17:37:01 [INFO   ] [AddrMgr]     +0x6C0: 00 00 00 00 00 00 00 00 00 00 00 00 00 00 00 00  ................
17:37:01 [INFO   ] [AddrMgr]     +0x6D0: 00 00 00 00 00 00 00 00 00 00 00 00 00 00 00 00  ................
17:37:01 [INFO   ] [AddrMgr]     +0x6E0: 00 00 00 00 00 00 00 00 00 00 00 00 00 00 00 00  ................
17:37:01 [INFO   ] [AddrMgr]     +0x6F0: 00 00 00 00 00 00 00 00 00 00 00 00 00 00 00 00  ................
17:37:01 [INFO   ] [AddrMgr]     +0x700: 00 00 00 00 00 00 00 00 00 00 00 00 00 00 00 00  ................
17:37:01 [INFO   ] [AddrMgr]     +0x710: 00 01 00 00 09 00 00 00 00 00 00 00 00 00 00 00  ................
17:37:01 [INFO   ] [AddrMgr]     +0x720: 01 00 00 00 00 00 00 00                          ........
17:37:01 [INFO   ] [AddrMgr] 
17:37:01 [INFO   ] [AddrMgr] 
17:37:01 [INFO   ] [AddrMgr] --- Quick Scan Summary ---
17:37:01 [INFO   ] [AddrMgr]   Event: UNKNOWN(0x0) | CfgID=0x0 | pos=(0, 0) | sub='EMsg'(EMsgComponent) | wave=2 spawn=11 | EGameplay=0x2CFDF818100
17:37:01 [INFO   ] [AddrMgr]   Event: UNKNOWN(0x0) | CfgID=0x0 | pos=(0, 0) | sub='EMsg'(EMsgComponent) | wave=2 spawn=10 | EGameplay=0x2CFE6BB19D0
17:37:01 [INFO   ] [AddrMgr]   Event: UNKNOWN(0x0) | CfgID=0x0 | pos=(-2500, -950) | sub='EMsg'(EMsgComponent) | wave=2 spawn=9 | EGameplay=0x2CFC6E4D060
17:37:01 [INFO   ] [AddrMgr] 
17:37:01 [INFO   ] [AddrMgr] --- FightMgr.MapGamePlay TMap (typed events) ---
17:37:01 [INFO   ] [AddrMgr]   [other] event_0x9 | logic_id=0x9 | pos=(-2500, -950) | wave=4 | EGameplay=0x2CFC6E4D060
17:37:01 [INFO   ] [AddrMgr]   [other] event_0xa | logic_id=0xA | pos=(0, 0) | wave=4 | EGameplay=0x2CFE6BB19D0
17:37:01 [INFO   ] [AddrMgr]   [other] event_0xb | logic_id=0xB | pos=(0, 0) | wave=4 | EGameplay=0x2CFDF818100
17:37:01 [INFO   ] [AddrMgr] 
17:37:01 [INFO   ] [AddrMgr] --- Quick Scan Summary (FightMgr.MapGamePlay) ---
17:37:01 [DEBUG  ] [Scanner] TMap at 0x2CFE5AD68A0: data_ptr=0x2CFFC702680 array_num=3
17:37:01 [DEBUG  ] [UE4 Scanner] [typed_event] event_0x9 logic_id=0x9 pos=(-2500,-950) addr=0x2CFC6E4D060
17:37:01 [DEBUG  ] [UE4 Scanner] [typed_event] event_0xa logic_id=0xa pos=(0,0) addr=0x2CFE6BB19D0
17:37:01 [DEBUG  ] [UE4 Scanner] [typed_event] event_0xb logic_id=0xb pos=(0,0) addr=0x2CFDF818100
17:37:01 [INFO   ] [AddrMgr]   [other] event_0x9 | logic_id=0x9 | pos=(-2500, -950) | wave=3 | EGameplay=0x2CFC6E4D060
17:37:01 [INFO   ] [AddrMgr]   [other] event_0xa | logic_id=0xA | pos=(0, 0) | wave=3 | EGameplay=0x2CFE6BB19D0
17:37:01 [INFO   ] [AddrMgr]   [other] event_0xb | logic_id=0xB | pos=(0, 0) | wave=3 | EGameplay=0x2CFDF818100
17:37:01 [INFO   ] [AddrMgr] Saved to event_scan_20260224_173701.txt
17:38:07 [INFO   ] [Hotkeys] F5 pressed - Record
