18:29:41 [INFO   ] === Torchlight Infinite Bot V2 v3.1.7 starting ===
18:29:41 [INFO   ] Config loaded from config.json
18:29:41 [INFO   ] Loaded 8 addresses from addresses.json
18:29:41 [INFO   ] [Input] Initialized with mode: hardware
18:29:41 [INFO   ] [MapSelector] Loaded card state: 12 cards, active=[]
18:29:41 [INFO   ] Torchlight Infinite Bot V2 v3.1.7 started
18:29:41 [INFO   ] [Hotkeys] Global hotkeys registered: F9=Start, F10=Stop, F11=Pause, F5=Record, F6=PauseRec
18:29:44 [INFO   ] Attached to process: torchlight_infinite.exe (PID: 25596)
18:29:44 [INFO   ] Attached to torchlight_infinite.exe
18:29:44 [INFO   ] Found game window by class 'UnrealWindow' + PID 25596 (HWND: 134534)
18:29:44 [INFO   ] [Input] Target window set: HWND=134534, mode=hardware
18:29:44 [INFO   ] [Input] Hardware mode: will focus window before each input
18:29:44 [DEBUG  ] Module torchlight_infinite.exe base: 0x7FF7CA760000
18:29:45 [INFO   ] Saved addresses valid - skipping scan: WARNING: WARNING: coordinates unchanged (may be stale or character is stationary) | pos=(-13950, 8450)
18:29:45 [INFO   ] [Scanner] Scanning for FNamePool...
18:29:45 [INFO   ] [Scanner] Cannot read zone name - FNamePool not resolved yet
18:29:45 [INFO   ] [Scanner]   Trying FNamePool pattern 1/6...
18:29:45 [INFO   ] [Scanner] Cannot read zone name - FNamePool not resolved yet
18:29:45 [INFO   ] [Input] Target window set: HWND=134534, mode=hardware
18:29:45 [INFO   ] [Input] Hardware mode: will focus window before each input
18:29:45 [INFO   ] [AddrMgr] Attached - using scan results from attach
18:29:45 [INFO   ] [Scanner]   FNamePool found at 0x7FF7D2481D40 (pattern 1)
18:29:45 [INFO   ] [Scanner]   Validation: 3/5 indices readable, FName[3] = 'ByteProperty'
18:29:45 [INFO   ] [Scanner] Scanning for GObjects...
18:29:45 [INFO   ] [Scanner]   Trying GObjects pattern 1/3...
18:29:45 [INFO   ] [Scanner] Zone FName[1444123] = 'YJ_XieDuYuZuo200' (GWorld 0x2D01AC4C020)
18:29:45 [INFO   ] [Scanner]   Trying GObjects pattern 2/3...
18:29:45 [INFO   ] [Scanner]   GObjects found at 0x7FF7D249ADE8 (pattern 2)
18:29:45 [INFO   ] [Scanner]   NumElements=135613, NumChunks=3
18:29:45 [INFO   ] Portal detector initialized (deferred)
18:29:45 [INFO   ] [AddrMgr] FNamePool auto-populated: 0x7FF7D2481D40
18:29:56 [INFO   ] [AddrMgr] === UE4 Dump-Verified Chain ===
18:29:56 [INFO   ] [AddrMgr] Chain: GWorld -> OwningGameInstance -> LocalPlayers[0] -> PlayerController -> Pawn -> RootComponent -> RelativeLocation
18:29:56 [INFO   ] [AddrMgr] Offsets: 0x210 -> 0x38 -> 0x0 -> 0x30 -> 0x250 -> 0x130 -> 0x124
18:29:56 [INFO   ] [AddrMgr] Main module: torchlight_infinite.exe at 0x7FF7CA760000
18:29:56 [INFO   ] [AddrMgr] Trying saved GWorld offset 0x7E84588...
18:29:56 [INFO   ] [AddrMgr] GWorld static at 0x7FF7D25E4588, points to 0x2D01AC4C020
18:29:56 [INFO   ] [AddrMgr]   OwningGameInstance: 0x2D01AC4C020+0x210 -> 0x2CEC2E4B140
18:29:56 [INFO   ] [AddrMgr]   LocalPlayers (TArray data): 0x2CEC2E4B140+0x38 -> 0x2CEAA293C40
18:29:56 [INFO   ] [AddrMgr]   LocalPlayer[0]: 0x2CEAA293C40+0x0 -> 0x2CEAEB86500
18:29:56 [INFO   ] [AddrMgr]   PlayerController: 0x2CEAEB86500+0x30 -> 0x2CF9D8593A0
18:29:56 [INFO   ] [AddrMgr]   Pawn (ERolePlayer): 0x2CF9D8593A0+0x250 -> 0x2D0272EE040
18:29:56 [INFO   ] [AddrMgr]   RootComponent: 0x2D0272EE040+0x130 -> 0x2CFD8F052C0
18:29:56 [INFO   ] [AddrMgr]   RelativeLocation: (-13950.0, 8450.0, 5.0)
18:29:56 [INFO   ] [AddrMgr] Stability check (reading twice, 0.3s apart)...
18:29:56 [INFO   ] [AddrMgr]   Drift: 0.00 (threshold: 2.0)
18:29:56 [INFO   ] [AddrMgr] SUCCESS! Dump-verified chain resolved
18:29:56 [INFO   ] [AddrMgr] Position: (-13950.0, 8450.0, 5.0)
18:29:56 [INFO   ] [AddrMgr] Base: torchlight_infinite.exe+0x7E84588
18:29:56 [INFO   ] [AddrMgr] Chain: 0x210 -> 0x38 -> 0x0 -> 0x30 -> 0x250 -> 0x130 -> 0x124
18:29:56 [INFO   ] [AddrMgr] Saving discovered addresses...
18:29:56 [DEBUG  ] Addresses saved
18:29:56 [DEBUG  ] Addresses saved
18:29:56 [DEBUG  ] Addresses saved
18:29:56 [INFO   ] [AddrMgr] Addresses saved to Address Setup
18:29:56 [INFO   ] [AddrMgr] Scanning for FNamePool...
18:29:56 [INFO   ] [AddrMgr]   Trying FNamePool pattern 1/6...
18:29:56 [INFO   ] [AddrMgr]   FNamePool found at 0x7FF7D2481D40 (pattern 1)
18:29:56 [INFO   ] [AddrMgr]   Validation: 3/5 indices readable, FName[3] = 'ByteProperty'
18:29:56 [INFO   ] [AddrMgr] Scanning for GObjects...
18:29:56 [INFO   ] [AddrMgr]   Trying GObjects pattern 1/3...
18:29:56 [INFO   ] [AddrMgr]   Trying GObjects pattern 2/3...
18:29:56 [INFO   ] [AddrMgr]   GObjects found at 0x7FF7D249ADE8 (pattern 2)
18:29:56 [INFO   ] [AddrMgr]   NumElements=135613, NumChunks=3
18:29:57 [INFO   ] [AddrMgr] Running EGameplay explorer...
18:29:58 [DEBUG  ] [GObjects] Found 4 instances of class 'EGameplay'
18:29:58 [DEBUG  ] [GObjects] Found 58 instances of class 'ECfgComponent'
18:29:59 [DEBUG  ] read_bytes failed at 0x100000017 (size=4): Could not read memory at: 4294967319, length: 4 - GetLastError: 299
18:29:59 [DEBUG  ] read_bytes failed at 0x46D1000046E2 (size=4): Could not read memory at: 77863462127330, length: 4 - GetLastError: 299
18:29:59 [DEBUG  ] read_bytes failed at 0x46DF000046F0 (size=4): Could not read memory at: 77923591669488, length: 4 - GetLastError: 299
18:29:59 [DEBUG  ] read_bytes failed at 0x46ED000046FE (size=4): Could not read memory at: 77983721211646, length: 4 - GetLastError: 299
18:29:59 [DEBUG  ] read_bytes failed at 0x46FB0000470C (size=4): Could not read memory at: 78043850753804, length: 4 - GetLastError: 299
18:29:59 [DEBUG  ] read_bytes failed at 0x2CF0000471A (size=4): Could not read memory at: 3088081504026, length: 4 - GetLastError: 299
18:29:59 [DEBUG  ] read_bytes failed at 0x100000017 (size=4): Could not read memory at: 4294967319, length: 4 - GetLastError: 299
18:29:59 [DEBUG  ] read_bytes failed at 0x100000017 (size=4): Could not read memory at: 4294967319, length: 4 - GetLastError: 299
18:29:59 [DEBUG  ] [GObjects] NumElements=135613, NumChunks=3
18:30:00 [DEBUG  ] [GObjects] Found 2 objects named 'FightMgr'
18:30:00 [INFO   ] [Scanner] [Scanner] FightMgr live instance at 0x2CFD9B6A060 (outer: /Engine/Transient)
18:30:00 [DEBUG  ] [Scanner] TMap at 0x2CFD9B6A860: data_ptr=0x2CFDC486100 array_num=3
18:30:00 [DEBUG  ] [UE4 Scanner] [typed_event] spawn=0x9 pos=(-2500,-950) addr=0x2D01497B0A0
18:30:00 [DEBUG  ] [UE4 Scanner] [typed_event] spawn=0xa pos=(0,0) addr=0x2CFB9DED850
18:30:00 [DEBUG  ] [UE4 Scanner] [typed_event] spawn=0xb pos=(0,0) addr=0x2D0272E98D0
18:30:00 [DEBUG  ] [Scanner] TMap at 0x2CFD9B6A810: data_ptr=0x2CEF810AA80 array_num=2
18:30:00 [DEBUG  ] [UE4 Scanner] [typed_event] spawn=0x13 pos=(-3200,5900) addr=0x2D0272E4970
18:30:00 [DEBUG  ] [UE4 Scanner] [typed_event] spawn=0x78 pos=(-2500,-950) addr=0x2CFEA9EE040
18:30:00 [DEBUG  ] [UE4 Scanner] [typed_event] spawn=0x9 → Sandlord (no MapCustomTrap match) pos=(-2500,-950)
18:30:00 [DEBUG  ] [UE4 Scanner] [typed_event] spawn=0xa → Sandlord (no MapCustomTrap match) pos=(0,0)
18:30:00 [DEBUG  ] [UE4 Scanner] [typed_event] spawn=0xb → Sandlord (no MapCustomTrap match) pos=(0,0)
18:30:00 [INFO   ] [AddrMgr] === EGameplay Explorer ===
18:30:00 [INFO   ] [AddrMgr] Found 4 EGameplay, 58 ECfgComponent
18:30:00 [INFO   ] [AddrMgr] Matched pairs (by Outer): 4
18:30:00 [INFO   ] [AddrMgr] 
18:30:00 [INFO   ] [AddrMgr] --- ECfgComponent->EGameplay Matches (live only) ---
18:30:00 [INFO   ] [AddrMgr]   (45 CDO ECfgComponents filtered out, 10 non-EGameplay)
18:30:00 [INFO   ] [AddrMgr]   ECfg 0x2CFE70A2800 -> Outer 0x2D0272E98D0 name='EGameplay' class='EGameplay'
18:30:00 [INFO   ] [AddrMgr]   ECfg 0x2CFE058A600 -> Outer 0x2CFB9DED850 name='EGameplay' class='EGameplay'
18:30:00 [INFO   ] [AddrMgr]   ECfg 0x2CFE0583A00 -> Outer 0x2D01497B0A0 name='EGameplay' class='EGameplay'
18:30:00 [INFO   ] [AddrMgr] 
18:30:00 [INFO   ] [AddrMgr] (Filtered out 1 CDO/Default__ objects)
18:30:00 [INFO   ] [AddrMgr] Live EGameplay instances: 3
18:30:00 [INFO   ] [AddrMgr] 
18:30:00 [INFO   ] [AddrMgr] --- EGameplay #0: EGameplay at 0x2D0272E98D0 ---
18:30:00 [INFO   ] [AddrMgr]   InternalIndex@0x0C: 100933 | FName.Number@0x1C: 2147359507
18:30:00 [INFO   ] [AddrMgr]   Class: 'EGameplay'
18:30:00 [INFO   ] [AddrMgr]   Position: (0.0, 0.0, 0.0)
18:30:00 [INFO   ] [AddrMgr]   SubObject@0x4E0: 0x2CE80252E00 name='EMsg' class='EMsgComponent' outer='EGameplay' iidx=100928 fnum=0
18:30:00 [INFO   ] [AddrMgr]   WaveCounter@0x618: 1 | SpawnIndex@0x714: 11
18:30:00 [INFO   ] [AddrMgr]   ueComponents TMap@0x288: data_ptr=0x2CFDC48BB00 num=2
18:30:00 [INFO   ] [AddrMgr]     ueComp candidate@+0x000: 0x2CEAF9C1600 name='ECfgComponent' class='Class'
18:30:00 [INFO   ] [AddrMgr]     ueComp candidate@+0x008: 0x2CFE70A2800 name='ECfg' class='ECfgComponent'
18:30:00 [INFO   ] [AddrMgr]     ueComp candidate@+0x018: 0x2CEAF9DEE00 name='EMsgComponent' class='Class'
18:30:00 [INFO   ] [AddrMgr]     ueComp candidate@+0x020: 0x2CE80252E00 name='EMsg' class='EMsgComponent'
18:30:00 [INFO   ] [AddrMgr]   All children (Outer=this, 3 found):
18:30:00 [INFO   ] [AddrMgr]     0x2CE80252E00 name='EMsg' class='EMsgComponent' iidx=100928 fnum=0
18:30:00 [INFO   ] [AddrMgr]     0x2CFE70A2800 name='ECfg' class='ECfgComponent' iidx=100929 fnum=0
18:30:00 [INFO   ] [AddrMgr]     0x2CFDB99B140 name='UserEntity' class='SceneComponent' iidx=100932 fnum=0
18:30:00 [INFO   ] [AddrMgr]   ECfgComponent at 0x2CFE70A2800
18:30:00 [INFO   ] [AddrMgr]   CfgInfo raw (ECfg+0x120, 32 bytes):
18:30:00 [INFO   ] [AddrMgr]     00 00 00 00 00 00 00 00 00 00 00 00 00 00 00 00 00 00 00 00 00 00 00 00 00 00 00 00 00 00 80 3F
18:30:00 [INFO   ] [AddrMgr]   CfgInfo.ID = 0x0 (0) -> UNKNOWN
18:30:00 [INFO   ] [AddrMgr]   CfgInfo.Type = 0x0 (0)
18:30:00 [INFO   ] [AddrMgr]   CfgInfo.ExtendId = 0x0 (0)
18:30:00 [INFO   ] [AddrMgr]   ECfgComponent memory (ECfg+0x0, 256 bytes):
18:30:00 [INFO   ] [AddrMgr]     +0x000: 08 A4 61 CF F7 7F 00 00 08 00 04 00 41 8A 01 00  ..a.........A...
18:30:00 [INFO   ] [AddrMgr]     +0x010: 00 16 9C AF CE 02 00 00 52 12 01 00 00 00 00 00  ........R.......
18:30:00 [INFO   ] [AddrMgr]     +0x020: D0 98 2E 27 D0 02 00 00 D0 A8 61 CF F7 7F 00 00  ...'......a.....
18:30:00 [INFO   ] [AddrMgr]     +0x030: 68 61 61 CF F7 7F 00 00 02 00 0C 00 00 00 00 00  haa.............
18:30:00 [INFO   ] [AddrMgr]     +0x040: 00 00 00 00 00 00 00 00 00 00 00 00 00 00 00 00  ................
18:30:00 [INFO   ] [AddrMgr]     +0x050: 00 00 00 00 00 00 00 00 00 00 00 00 00 00 00 00  ................
18:30:00 [INFO   ] [AddrMgr]     +0x060: 00 00 00 00 00 00 00 00 00 00 00 00 00 00 00 00  ................
18:30:00 [INFO   ] [AddrMgr]     +0x070: 00 00 00 00 00 00 00 00 00 00 00 00 00 00 00 00  ................
18:30:00 [INFO   ] [AddrMgr]     +0x080: 00 00 00 00 00 00 00 00 FF FF FF FF FF FF FF FF  ................
18:30:00 [INFO   ] [AddrMgr]     +0x090: 01 06 42 05 00 00 00 00 00 00 00 00 00 00 00 00  ..B.............
18:30:00 [INFO   ] [AddrMgr]     +0x0A0: 00 00 00 00 00 00 00 00 D0 98 2E 27 D0 02 00 00  ...........'....
18:30:00 [INFO   ] [AddrMgr]     +0x0B0: 20 C0 C4 1A D0 02 00 00 00 00 00 00 00 00 00 00   ...............
18:30:00 [INFO   ] [AddrMgr]     +0x0C0: D0 98 2E 27 D0 02 00 00 00 00 00 00 00 00 00 00  ...'............
18:30:00 [INFO   ] [AddrMgr]     +0x0D0: 00 00 00 00 00 00 00 00 00 00 00 00 00 00 00 00  ................
18:30:00 [INFO   ] [AddrMgr]     +0x0E0: 00 00 00 00 00 00 00 00 00 00 00 00 00 00 00 00  ................
18:30:00 [INFO   ] [AddrMgr]     +0x0F0: 00 00 00 00 00 00 00 00 00 00 00 00 80 00 00 00  ................
18:30:00 [INFO   ] [AddrMgr]   ECfgComponent memory (ECfg+0x100, 256 bytes):
18:30:00 [INFO   ] [AddrMgr]     +0x100: FF FF FF FF 00 00 00 00 00 00 00 00 00 00 00 00  ................
18:30:00 [INFO   ] [AddrMgr]     +0x110: 00 00 00 00 00 00 00 00 00 00 00 00 00 00 00 00  ................
18:30:00 [INFO   ] [AddrMgr]     +0x120: 00 00 00 00 00 00 00 00 00 00 00 00 00 00 00 00  ................
18:30:00 [INFO   ] [AddrMgr]     +0x130: 00 00 00 00 00 00 00 00 00 00 00 00 00 00 80 3F  ...............?
18:30:00 [INFO   ] [AddrMgr]     +0x140: 00 00 00 00 00 00 00 00 00 00 00 00 00 00 00 00  ................
18:30:00 [INFO   ] [AddrMgr]     +0x150: 00 00 00 00 00 00 00 00 00 00 00 00 00 00 00 00  ................
18:30:00 [INFO   ] [AddrMgr]     +0x160: 00 00 00 00 00 00 00 00 00 00 00 00 00 00 00 00  ................
18:30:00 [INFO   ] [AddrMgr]     +0x170: 00 00 00 00 00 00 00 00 00 00 00 00 80 00 00 00  ................
18:30:00 [INFO   ] [AddrMgr]     +0x180: FF FF FF FF 00 00 00 00 00 00 00 00 00 00 00 00  ................
18:30:00 [INFO   ] [AddrMgr]     +0x190: 00 00 00 00 00 00 00 00 00 00 00 00 00 00 00 00  ................
18:30:00 [INFO   ] [AddrMgr]     +0x1A0: 00 00 00 00 00 00 00 00 00 00 00 00 00 00 00 00  ................
18:30:00 [INFO   ] [AddrMgr]     +0x1B0: 00 00 00 00 00 00 00 00 00 00 00 00 00 00 00 00  ................
18:30:00 [INFO   ] [AddrMgr]     +0x1C0: 00 00 00 00 00 00 00 00 00 00 00 00 80 00 00 00  ................
18:30:00 [INFO   ] [AddrMgr]     +0x1D0: FF FF FF FF 00 00 00 00 00 00 00 00 00 00 00 00  ................
18:30:00 [INFO   ] [AddrMgr]     +0x1E0: 00 00 00 00 00 00 00 00 00 00 00 00 00 00 00 00  ................
18:30:00 [INFO   ] [AddrMgr]     +0x1F0: 00 00 00 00 00 00 00 00 00 00 00 00 00 00 00 00  ................
18:30:00 [INFO   ] [AddrMgr]   ECfgComponent memory (ECfg+0x200, 64 bytes):
18:30:00 [INFO   ] [AddrMgr]     +0x200: 00 00 00 00 00 00 00 00 00 00 00 00 00 00 00 00  ................
18:30:00 [INFO   ] [AddrMgr]     +0x210: 00 00 00 00 00 00 00 00 00 00 00 00 80 00 00 00  ................
18:30:00 [INFO   ] [AddrMgr]     +0x220: FF FF FF FF 00 00 00 00 00 00 00 00 00 00 00 00  ................
18:30:00 [INFO   ] [AddrMgr]     +0x230: 00 00 00 00 00 00 00 00 00 00 00 00 00 00 00 00  ................
18:30:00 [INFO   ] [AddrMgr]   EGameplay memory (actor+0x200, 512 bytes):
18:30:00 [INFO   ] [AddrMgr]     +0x200: 00 00 00 00 00 00 00 00 00 00 00 00 00 00 00 00  ................
18:30:00 [INFO   ] [AddrMgr]     +0x210: 00 00 00 00 00 00 00 00 00 00 00 00 00 00 00 00  ................
18:30:00 [INFO   ] [AddrMgr]     +0x220: E8 CE 63 CF F7 7F 00 00 10 00 00 00 00 00 80 42  ..c............B
18:30:00 [INFO   ] [AddrMgr]     +0x230: 00 00 00 00 00 00 00 00 00 00 00 00 00 00 00 00  ................
18:30:00 [INFO   ] [AddrMgr]     +0x240: 00 00 00 00 00 00 00 00 00 00 00 00 00 00 00 00  ................
18:30:00 [INFO   ] [AddrMgr]     +0x250: 00 00 00 00 00 00 00 00 00 00 00 00 00 00 00 00  ................
18:30:00 [INFO   ] [AddrMgr]     +0x260: 0A D7 2F 41 00 00 00 00 00 00 00 00 00 00 00 00  ../A............
18:30:00 [INFO   ] [AddrMgr]     +0x270: 00 00 00 00 00 00 00 00 00 00 00 00 00 00 00 00  ................
18:30:00 [INFO   ] [AddrMgr]     +0x280: 00 00 00 00 00 00 00 00 00 BB 48 DC CF 02 00 00  ..........H.....
18:30:00 [INFO   ] [AddrMgr]     +0x290: 02 00 00 00 04 00 00 00 03 00 00 00 00 00 00 00  ................
18:30:00 [INFO   ] [AddrMgr]     +0x2A0: 00 00 00 00 00 00 00 00 00 00 00 00 00 00 00 00  ................
18:30:00 [INFO   ] [AddrMgr]     +0x2B0: 02 00 00 00 80 00 00 00 FF FF FF FF 00 00 00 00  ................
18:30:00 [INFO   ] [AddrMgr]     +0x2C0: 01 00 00 00 00 00 00 00 00 00 00 00 00 00 00 00  ................
18:30:00 [INFO   ] [AddrMgr]     +0x2D0: 01 00 00 00 00 00 00 00 00 00 00 00 00 00 00 00  ................
18:30:00 [INFO   ] [AddrMgr]     +0x2E0: 00 00 00 00 00 00 00 00 00 00 00 00 00 00 00 00  ................
18:30:00 [INFO   ] [AddrMgr]     +0x2F0: 00 00 00 00 00 00 00 00 00 00 00 00 00 00 00 00  ................
18:30:00 [INFO   ] [AddrMgr]     +0x300: 00 00 00 00 00 00 00 00 00 00 00 00 00 00 00 00  ................
18:30:00 [INFO   ] [AddrMgr]     +0x310: 00 00 00 00 00 00 00 00 00 00 00 00 00 00 00 00  ................
18:30:00 [INFO   ] [AddrMgr]     +0x320: 00 28 0A E7 CF 02 00 00 00 00 00 00 00 00 00 00  .(..............
18:30:00 [INFO   ] [AddrMgr]     +0x330: 00 00 00 00 00 00 00 00 00 00 00 00 00 00 00 00  ................
18:30:00 [INFO   ] [AddrMgr]     +0x340: 00 00 00 00 00 00 00 00 00 00 00 00 00 00 00 00  ................
18:30:00 [INFO   ] [AddrMgr]     +0x350: 00 00 00 00 00 00 00 00 00 00 00 00 00 00 00 00  ................
18:30:00 [INFO   ] [AddrMgr]     +0x360: 00 00 00 00 00 00 00 00 00 00 00 00 00 00 00 00  ................
18:30:00 [INFO   ] [AddrMgr]     +0x370: 00 00 00 00 00 00 00 00 00 00 00 00 00 00 00 00  ................
18:30:00 [INFO   ] [AddrMgr]     +0x380: 00 00 00 00 00 00 00 00 00 00 00 00 00 00 00 00  ................
18:30:00 [INFO   ] [AddrMgr]     +0x390: 00 00 00 00 00 00 00 00 00 00 00 00 00 00 00 00  ................
18:30:00 [INFO   ] [AddrMgr]     +0x3A0: 00 00 00 00 00 00 00 00 00 00 00 00 00 00 00 00  ................
18:30:00 [INFO   ] [AddrMgr]     +0x3B0: 00 00 00 00 00 00 00 00 00 00 00 00 00 00 00 00  ................
18:30:00 [INFO   ] [AddrMgr]     +0x3C0: 00 00 00 00 00 00 00 00 00 00 00 00 00 00 00 00  ................
18:30:00 [INFO   ] [AddrMgr]     +0x3D0: 00 00 00 00 00 00 00 00 00 00 00 00 00 00 00 00  ................
18:30:00 [INFO   ] [AddrMgr]     +0x3E0: 00 00 00 00 00 00 00 00 00 00 00 00 00 00 00 00  ................
18:30:00 [INFO   ] [AddrMgr]     +0x3F0: 00 00 00 00 00 00 00 00 00 00 00 00 00 00 00 00  ................
18:30:00 [INFO   ] [AddrMgr]   EGameplay memory (actor+0x400, 512 bytes):
18:30:00 [INFO   ] [AddrMgr]     +0x400: 00 00 00 00 00 00 00 00 00 00 00 00 00 00 00 00  ................
18:30:00 [INFO   ] [AddrMgr]     +0x410: 00 00 00 00 00 00 00 00 00 00 00 00 00 00 00 00  ................
18:30:00 [INFO   ] [AddrMgr]     +0x420: 00 00 00 00 00 00 00 00 00 00 00 00 00 00 00 00  ................
18:30:00 [INFO   ] [AddrMgr]     +0x430: 00 00 00 00 00 00 00 00 00 00 00 00 00 00 00 00  ................
18:30:00 [INFO   ] [AddrMgr]     +0x440: 00 00 00 00 00 00 00 00 00 00 00 00 00 00 00 00  ................
18:30:00 [INFO   ] [AddrMgr]     +0x450: 00 00 00 00 00 00 00 00 00 00 00 00 00 00 00 00  ................
18:30:00 [INFO   ] [AddrMgr]     +0x460: 00 00 00 00 00 00 00 00 00 00 00 00 00 00 00 00  ................
18:30:00 [INFO   ] [AddrMgr]     +0x470: 00 00 00 00 00 00 00 00 00 00 00 00 00 00 00 00  ................
18:30:00 [INFO   ] [AddrMgr]     +0x480: 00 00 00 00 00 00 00 00 00 00 00 00 00 00 00 00  ................
18:30:00 [INFO   ] [AddrMgr]     +0x490: 00 00 00 00 00 00 00 00 00 00 00 00 00 00 00 00  ................
18:30:00 [INFO   ] [AddrMgr]     +0x4A0: 00 00 00 00 00 00 00 00 00 00 00 00 00 00 00 00  ................
18:30:00 [INFO   ] [AddrMgr]     +0x4B0: 00 00 00 00 00 00 00 00 00 00 00 00 00 00 00 00  ................
18:30:00 [INFO   ] [AddrMgr]     +0x4C0: 00 00 00 00 00 00 00 00 00 00 00 00 00 00 00 00  ................
18:30:00 [INFO   ] [AddrMgr]     +0x4D0: 00 00 00 00 00 00 00 00 00 00 00 00 00 00 00 00  ................
18:30:00 [INFO   ] [AddrMgr]     +0x4E0: 00 2E 25 80 CE 02 00 00 00 00 00 00 00 00 00 00  ..%.............
18:30:00 [INFO   ] [AddrMgr]     +0x4F0: 00 00 00 00 00 00 00 00 00 00 00 00 00 00 00 00  ................
18:30:00 [INFO   ] [AddrMgr]     +0x500: 00 00 00 00 00 00 00 00 00 00 00 00 00 00 00 00  ................
18:30:00 [INFO   ] [AddrMgr]     +0x510: 00 00 00 00 00 00 00 00 00 00 00 00 00 00 00 00  ................
18:30:00 [INFO   ] [AddrMgr]     +0x520: 00 00 00 00 00 00 00 00 00 00 00 00 00 00 00 00  ................
18:30:00 [INFO   ] [AddrMgr]     +0x530: 00 00 00 00 00 00 00 00 00 00 00 00 00 00 00 00  ................
18:30:00 [INFO   ] [AddrMgr]     +0x540: 00 00 00 00 00 00 00 00 00 00 00 00 00 00 00 00  ................
18:30:00 [INFO   ] [AddrMgr]     +0x550: 00 00 00 00 00 00 00 00 00 00 00 00 00 00 00 00  ................
18:30:00 [INFO   ] [AddrMgr]     +0x560: 00 00 00 00 00 00 00 00 00 00 00 00 00 00 00 00  ................
18:30:00 [INFO   ] [AddrMgr]     +0x570: 00 00 00 00 00 00 00 00 00 00 00 00 00 00 00 00  ................
18:30:00 [INFO   ] [AddrMgr]     +0x580: 00 00 00 00 00 00 00 00 00 00 00 00 00 00 00 00  ................
18:30:00 [INFO   ] [AddrMgr]     +0x590: 00 00 00 00 00 00 00 00 00 00 00 00 00 00 00 00  ................
18:30:00 [INFO   ] [AddrMgr]     +0x5A0: 00 00 00 00 00 00 00 00 00 00 00 00 00 00 00 00  ................
18:30:00 [INFO   ] [AddrMgr]     +0x5B0: 00 00 00 00 00 00 00 00 00 00 00 00 00 00 00 00  ................
18:30:00 [INFO   ] [AddrMgr]     +0x5C0: 00 00 00 00 00 00 00 00 00 00 00 00 00 00 00 00  ................
18:30:00 [INFO   ] [AddrMgr]     +0x5D0: 00 00 00 00 00 00 00 00 00 00 00 00 00 00 00 00  ................
18:30:00 [INFO   ] [AddrMgr]     +0x5E0: 00 00 00 00 00 00 00 00 00 00 00 00 00 00 00 00  ................
18:30:00 [INFO   ] [AddrMgr]     +0x5F0: 00 00 00 00 00 00 00 00 00 00 00 00 00 00 00 00  ................
18:30:00 [INFO   ] [AddrMgr]   EGameplay memory (actor+0x600, 296 bytes):
18:30:00 [INFO   ] [AddrMgr]     +0x600: FF FF FF FF 00 00 00 00 01 01 00 00 AE 88 08 3E  ...............>
18:30:00 [INFO   ] [AddrMgr]     +0x610: A8 88 88 3D 00 01 00 00 02 00 00 00 00 00 00 00  ...=............
18:30:00 [INFO   ] [AddrMgr]     +0x620: A8 88 88 3D A8 88 88 3D 00 00 00 00 00 00 00 00  ...=...=........
18:30:00 [INFO   ] [AddrMgr]     +0x630: 00 00 00 00 00 00 00 00 00 00 00 00 00 00 00 00  ................
18:30:00 [INFO   ] [AddrMgr]     +0x640: 00 00 00 00 00 00 00 00 00 00 00 00 00 00 00 00  ................
18:30:00 [INFO   ] [AddrMgr]     +0x650: 00 00 00 00 00 00 00 00 00 00 00 00 00 00 00 00  ................
18:30:00 [INFO   ] [AddrMgr]     +0x660: 00 00 00 00 00 00 00 00 00 00 00 00 00 00 00 00  ................
18:30:00 [INFO   ] [AddrMgr]     +0x670: 00 00 00 00 00 00 00 00 00 00 00 00 00 00 00 00  ................
18:30:00 [INFO   ] [AddrMgr]     +0x680: 00 00 00 00 00 00 00 00 00 00 00 00 00 00 00 00  ................
18:30:00 [INFO   ] [AddrMgr]     +0x690: 00 00 00 00 00 00 00 00 00 00 00 00 00 00 00 00  ................
18:30:00 [INFO   ] [AddrMgr]     +0x6A0: 00 00 00 00 00 00 00 00 00 00 00 00 00 00 00 00  ................
18:30:00 [INFO   ] [AddrMgr]     +0x6B0: 00 00 00 00 00 00 00 00 00 00 00 00 00 00 00 00  ................
18:30:00 [INFO   ] [AddrMgr]     +0x6C0: 00 00 00 00 00 00 00 00 00 00 00 00 00 00 00 00  ................
18:30:00 [INFO   ] [AddrMgr]     +0x6D0: 00 00 00 00 00 00 00 00 00 00 00 00 00 00 00 00  ................
18:30:00 [INFO   ] [AddrMgr]     +0x6E0: 00 00 00 00 00 00 00 00 00 00 00 00 00 00 00 00  ................
18:30:00 [INFO   ] [AddrMgr]     +0x6F0: 00 00 00 00 00 00 00 00 00 00 00 00 00 00 00 00  ................
18:30:00 [INFO   ] [AddrMgr]     +0x700: 00 00 00 00 00 00 00 00 00 00 00 00 00 00 00 00  ................
18:30:00 [INFO   ] [AddrMgr]     +0x710: 00 01 00 00 0B 00 00 00 00 00 00 00 00 00 00 00  ................
18:30:00 [INFO   ] [AddrMgr]     +0x720: 01 00 00 00 00 00 00 00                          ........
18:30:00 [INFO   ] [AddrMgr] 
18:30:00 [INFO   ] [AddrMgr] --- EGameplay #1: EGameplay at 0x2CFB9DED850 ---
18:30:00 [INFO   ] [AddrMgr]   InternalIndex@0x0C: 100941 | FName.Number@0x1C: 2147359508
18:30:00 [INFO   ] [AddrMgr]   Class: 'EGameplay'
18:30:00 [INFO   ] [AddrMgr]   Position: (0.0, 0.0, 0.0)
18:30:00 [INFO   ] [AddrMgr]   SubObject@0x4E0: 0x2CFB6E25C80 name='EMsg' class='EMsgComponent' outer='EGameplay' iidx=100934 fnum=0
18:30:00 [INFO   ] [AddrMgr]   WaveCounter@0x618: 2 | SpawnIndex@0x714: 10
18:30:00 [INFO   ] [AddrMgr]   ueComponents TMap@0x288: data_ptr=0x2CFDC486400 num=2
18:30:00 [INFO   ] [AddrMgr]     ueComp candidate@+0x000: 0x2CEAF9C1600 name='ECfgComponent' class='Class'
18:30:00 [INFO   ] [AddrMgr]     ueComp candidate@+0x008: 0x2CFE058A600 name='ECfg' class='ECfgComponent'
18:30:00 [INFO   ] [AddrMgr]     ueComp candidate@+0x018: 0x2CEAF9DEE00 name='EMsgComponent' class='Class'
18:30:00 [INFO   ] [AddrMgr]     ueComp candidate@+0x020: 0x2CFB6E25C80 name='EMsg' class='EMsgComponent'
18:30:00 [INFO   ] [AddrMgr]   All children (Outer=this, 3 found):
18:30:00 [INFO   ] [AddrMgr]     0x2CFB6E25C80 name='EMsg' class='EMsgComponent' iidx=100934 fnum=0
18:30:00 [INFO   ] [AddrMgr]     0x2CFE058A600 name='ECfg' class='ECfgComponent' iidx=100935 fnum=0
18:30:00 [INFO   ] [AddrMgr]     0x2D014940400 name='UserEntity' class='SceneComponent' iidx=100936 fnum=0
18:30:00 [INFO   ] [AddrMgr]   ECfgComponent at 0x2CFE058A600
18:30:00 [INFO   ] [AddrMgr]   CfgInfo raw (ECfg+0x120, 32 bytes):
18:30:00 [INFO   ] [AddrMgr]     00 00 00 00 00 00 00 00 00 00 00 00 00 00 00 00 00 00 00 00 00 00 00 00 00 00 00 00 00 00 80 3F
18:30:00 [INFO   ] [AddrMgr]   CfgInfo.ID = 0x0 (0) -> UNKNOWN
18:30:00 [INFO   ] [AddrMgr]   CfgInfo.Type = 0x0 (0)
18:30:00 [INFO   ] [AddrMgr]   CfgInfo.ExtendId = 0x0 (0)
18:30:00 [INFO   ] [AddrMgr]   ECfgComponent memory (ECfg+0x0, 256 bytes):
18:30:00 [INFO   ] [AddrMgr]     +0x000: 08 A4 61 CF F7 7F 00 00 08 00 04 00 47 8A 01 00  ..a.........G...
18:30:00 [INFO   ] [AddrMgr]     +0x010: 00 16 9C AF CE 02 00 00 52 12 01 00 00 00 00 00  ........R.......
18:30:00 [INFO   ] [AddrMgr]     +0x020: 50 D8 DE B9 CF 02 00 00 D0 A8 61 CF F7 7F 00 00  P.........a.....
18:30:00 [INFO   ] [AddrMgr]     +0x030: 68 61 61 CF F7 7F 00 00 02 00 0C 00 00 00 00 00  haa.............
18:30:00 [INFO   ] [AddrMgr]     +0x040: 00 00 00 00 00 00 00 00 00 00 00 00 00 00 00 00  ................
18:30:00 [INFO   ] [AddrMgr]     +0x050: 00 00 00 00 00 00 00 00 00 00 00 00 00 00 00 00  ................
18:30:00 [INFO   ] [AddrMgr]     +0x060: 00 00 00 00 00 00 00 00 00 00 00 00 00 00 00 00  ................
18:30:00 [INFO   ] [AddrMgr]     +0x070: 00 00 00 00 00 00 00 00 00 00 00 00 00 00 00 00  ................
18:30:00 [INFO   ] [AddrMgr]     +0x080: 00 00 00 00 00 00 00 00 FF FF FF FF FF FF FF FF  ................
18:30:00 [INFO   ] [AddrMgr]     +0x090: 01 06 42 05 00 00 00 00 00 00 00 00 00 00 00 00  ..B.............
18:30:00 [INFO   ] [AddrMgr]     +0x0A0: 00 00 00 00 00 00 00 00 50 D8 DE B9 CF 02 00 00  ........P.......
18:30:00 [INFO   ] [AddrMgr]     +0x0B0: 20 C0 C4 1A D0 02 00 00 00 00 00 00 00 00 00 00   ...............
18:30:00 [INFO   ] [AddrMgr]     +0x0C0: 50 D8 DE B9 CF 02 00 00 00 00 00 00 00 00 00 00  P...............
18:30:00 [INFO   ] [AddrMgr]     +0x0D0: 00 00 00 00 00 00 00 00 00 00 00 00 00 00 00 00  ................
18:30:00 [INFO   ] [AddrMgr]     +0x0E0: 00 00 00 00 00 00 00 00 00 00 00 00 00 00 00 00  ................
18:30:00 [INFO   ] [AddrMgr]     +0x0F0: 00 00 00 00 00 00 00 00 00 00 00 00 80 00 00 00  ................
18:30:00 [INFO   ] [AddrMgr]   ECfgComponent memory (ECfg+0x100, 256 bytes):
18:30:00 [INFO   ] [AddrMgr]     +0x100: FF FF FF FF 00 00 00 00 00 00 00 00 00 00 00 00  ................
18:30:00 [INFO   ] [AddrMgr]     +0x110: 00 00 00 00 00 00 00 00 00 00 00 00 00 00 00 00  ................
18:30:00 [INFO   ] [AddrMgr]     +0x120: 00 00 00 00 00 00 00 00 00 00 00 00 00 00 00 00  ................
18:30:00 [INFO   ] [AddrMgr]     +0x130: 00 00 00 00 00 00 00 00 00 00 00 00 00 00 80 3F  ...............?
18:30:00 [INFO   ] [AddrMgr]     +0x140: 00 00 00 00 00 00 00 00 00 00 00 00 00 00 00 00  ................
18:30:00 [INFO   ] [AddrMgr]     +0x150: 00 00 00 00 00 00 00 00 00 00 00 00 00 00 00 00  ................
18:30:00 [INFO   ] [AddrMgr]     +0x160: 00 00 00 00 00 00 00 00 00 00 00 00 00 00 00 00  ................
18:30:00 [INFO   ] [AddrMgr]     +0x170: 00 00 00 00 00 00 00 00 00 00 00 00 80 00 00 00  ................
18:30:00 [INFO   ] [AddrMgr]     +0x180: FF FF FF FF 00 00 00 00 00 00 00 00 00 00 00 00  ................
18:30:00 [INFO   ] [AddrMgr]     +0x190: 00 00 00 00 00 00 00 00 00 00 00 00 00 00 00 00  ................
18:30:00 [INFO   ] [AddrMgr]     +0x1A0: 00 00 00 00 00 00 00 00 00 00 00 00 00 00 00 00  ................
18:30:00 [INFO   ] [AddrMgr]     +0x1B0: 00 00 00 00 00 00 00 00 00 00 00 00 00 00 00 00  ................
18:30:00 [INFO   ] [AddrMgr]     +0x1C0: 00 00 00 00 00 00 00 00 00 00 00 00 80 00 00 00  ................
18:30:00 [INFO   ] [AddrMgr]     +0x1D0: FF FF FF FF 00 00 00 00 00 00 00 00 00 00 00 00  ................
18:30:00 [INFO   ] [AddrMgr]     +0x1E0: 00 00 00 00 00 00 00 00 00 00 00 00 00 00 00 00  ................
18:30:00 [INFO   ] [AddrMgr]     +0x1F0: 00 00 00 00 00 00 00 00 00 00 00 00 00 00 00 00  ................
18:30:00 [INFO   ] [AddrMgr]   ECfgComponent memory (ECfg+0x200, 64 bytes):
18:30:00 [INFO   ] [AddrMgr]     +0x200: 00 00 00 00 00 00 00 00 00 00 00 00 00 00 00 00  ................
18:30:00 [INFO   ] [AddrMgr]     +0x210: 00 00 00 00 00 00 00 00 00 00 00 00 80 00 00 00  ................
18:30:00 [INFO   ] [AddrMgr]     +0x220: FF FF FF FF 00 00 00 00 00 00 00 00 00 00 00 00  ................
18:30:00 [INFO   ] [AddrMgr]     +0x230: 00 00 00 00 00 00 00 00 00 00 00 00 00 00 00 00  ................
18:30:00 [INFO   ] [AddrMgr]   EGameplay memory (actor+0x200, 512 bytes):
18:30:00 [INFO   ] [AddrMgr]     +0x200: 00 00 00 00 00 00 00 00 00 00 00 00 00 00 00 00  ................
18:30:00 [INFO   ] [AddrMgr]     +0x210: 00 00 00 00 00 00 00 00 00 00 00 00 00 00 00 00  ................
18:30:00 [INFO   ] [AddrMgr]     +0x220: E8 CE 63 CF F7 7F 00 00 10 00 00 00 00 00 80 42  ..c............B
18:30:00 [INFO   ] [AddrMgr]     +0x230: 00 00 00 00 00 00 00 00 00 00 00 00 00 00 00 00  ................
18:30:00 [INFO   ] [AddrMgr]     +0x240: 00 00 00 00 00 00 00 00 00 00 00 00 00 00 00 00  ................
18:30:00 [INFO   ] [AddrMgr]     +0x250: 00 00 00 00 00 00 00 00 00 00 00 00 00 00 00 00  ................
18:30:00 [INFO   ] [AddrMgr]     +0x260: 0A D7 2F 41 00 00 00 00 00 00 00 00 00 00 00 00  ../A............
18:30:00 [INFO   ] [AddrMgr]     +0x270: 00 00 00 00 00 00 00 00 00 00 00 00 00 00 00 00  ................
18:30:00 [INFO   ] [AddrMgr]     +0x280: 00 00 00 00 00 00 00 00 00 64 48 DC CF 02 00 00  .........dH.....
18:30:00 [INFO   ] [AddrMgr]     +0x290: 02 00 00 00 04 00 00 00 03 00 00 00 00 00 00 00  ................
18:30:00 [INFO   ] [AddrMgr]     +0x2A0: 00 00 00 00 00 00 00 00 00 00 00 00 00 00 00 00  ................
18:30:00 [INFO   ] [AddrMgr]     +0x2B0: 02 00 00 00 80 00 00 00 FF FF FF FF 00 00 00 00  ................
18:30:00 [INFO   ] [AddrMgr]     +0x2C0: 01 00 00 00 00 00 00 00 00 00 00 00 00 00 00 00  ................
18:30:00 [INFO   ] [AddrMgr]     +0x2D0: 01 00 00 00 00 00 00 00 00 00 00 00 00 00 00 00  ................
18:30:00 [INFO   ] [AddrMgr]     +0x2E0: 00 00 00 00 00 00 00 00 00 00 00 00 00 00 00 00  ................
18:30:00 [INFO   ] [AddrMgr]     +0x2F0: 00 00 00 00 00 00 00 00 00 00 00 00 00 00 00 00  ................
18:30:00 [INFO   ] [AddrMgr]     +0x300: 00 00 00 00 00 00 00 00 00 00 00 00 00 00 00 00  ................
18:30:00 [INFO   ] [AddrMgr]     +0x310: 00 00 00 00 00 00 00 00 00 00 00 00 00 00 00 00  ................
18:30:00 [INFO   ] [AddrMgr]     +0x320: 00 A6 58 E0 CF 02 00 00 00 00 00 00 00 00 00 00  ..X.............
18:30:00 [INFO   ] [AddrMgr]     +0x330: 00 00 00 00 00 00 00 00 00 00 00 00 00 00 00 00  ................
18:30:00 [INFO   ] [AddrMgr]     +0x340: 00 00 00 00 00 00 00 00 00 00 00 00 00 00 00 00  ................
18:30:00 [INFO   ] [AddrMgr]     +0x350: 00 00 00 00 00 00 00 00 00 00 00 00 00 00 00 00  ................
18:30:00 [INFO   ] [AddrMgr]     +0x360: 00 00 00 00 00 00 00 00 00 00 00 00 00 00 00 00  ................
18:30:00 [INFO   ] [AddrMgr]     +0x370: 00 00 00 00 00 00 00 00 00 00 00 00 00 00 00 00  ................
18:30:00 [INFO   ] [AddrMgr]     +0x380: 00 00 00 00 00 00 00 00 00 00 00 00 00 00 00 00  ................
18:30:00 [INFO   ] [AddrMgr]     +0x390: 00 00 00 00 00 00 00 00 00 00 00 00 00 00 00 00  ................
18:30:00 [INFO   ] [AddrMgr]     +0x3A0: 00 00 00 00 00 00 00 00 00 00 00 00 00 00 00 00  ................
18:30:00 [INFO   ] [AddrMgr]     +0x3B0: 00 00 00 00 00 00 00 00 00 00 00 00 00 00 00 00  ................
18:30:00 [INFO   ] [AddrMgr]     +0x3C0: 00 00 00 00 00 00 00 00 00 00 00 00 00 00 00 00  ................
18:30:00 [INFO   ] [AddrMgr]     +0x3D0: 00 00 00 00 00 00 00 00 00 00 00 00 00 00 00 00  ................
18:30:00 [INFO   ] [AddrMgr]     +0x3E0: 00 00 00 00 00 00 00 00 00 00 00 00 00 00 00 00  ................
18:30:00 [INFO   ] [AddrMgr]     +0x3F0: 00 00 00 00 00 00 00 00 00 00 00 00 00 00 00 00  ................
18:30:00 [INFO   ] [AddrMgr]   EGameplay memory (actor+0x400, 512 bytes):
18:30:00 [INFO   ] [AddrMgr]     +0x400: 00 00 00 00 00 00 00 00 00 00 00 00 00 00 00 00  ................
18:30:00 [INFO   ] [AddrMgr]     +0x410: 00 00 00 00 00 00 00 00 00 00 00 00 00 00 00 00  ................
18:30:00 [INFO   ] [AddrMgr]     +0x420: 00 00 00 00 00 00 00 00 00 00 00 00 00 00 00 00  ................
18:30:00 [INFO   ] [AddrMgr]     +0x430: 00 00 00 00 00 00 00 00 00 00 00 00 00 00 00 00  ................
18:30:00 [INFO   ] [AddrMgr]     +0x440: 00 00 00 00 00 00 00 00 00 00 00 00 00 00 00 00  ................
18:30:00 [INFO   ] [AddrMgr]     +0x450: 00 00 00 00 00 00 00 00 00 00 00 00 00 00 00 00  ................
18:30:00 [INFO   ] [AddrMgr]     +0x460: 00 00 00 00 00 00 00 00 00 00 00 00 00 00 00 00  ................
18:30:00 [INFO   ] [AddrMgr]     +0x470: 00 00 00 00 00 00 00 00 00 00 00 00 00 00 00 00  ................
18:30:00 [INFO   ] [AddrMgr]     +0x480: 00 00 00 00 00 00 00 00 00 00 00 00 00 00 00 00  ................
18:30:00 [INFO   ] [AddrMgr]     +0x490: 00 00 00 00 00 00 00 00 00 00 00 00 00 00 00 00  ................
18:30:00 [INFO   ] [AddrMgr]     +0x4A0: 00 00 00 00 00 00 00 00 00 00 00 00 00 00 00 00  ................
18:30:00 [INFO   ] [AddrMgr]     +0x4B0: 00 00 00 00 00 00 00 00 00 00 00 00 00 00 00 00  ................
18:30:00 [INFO   ] [AddrMgr]     +0x4C0: 00 00 00 00 00 00 00 00 00 00 00 00 00 00 00 00  ................
18:30:00 [INFO   ] [AddrMgr]     +0x4D0: 00 00 00 00 00 00 00 00 00 00 00 00 00 00 00 00  ................
18:30:00 [INFO   ] [AddrMgr]     +0x4E0: 80 5C E2 B6 CF 02 00 00 00 00 00 00 00 00 00 00  .\..............
18:30:00 [INFO   ] [AddrMgr]     +0x4F0: 00 00 00 00 00 00 00 00 00 00 00 00 00 00 00 00  ................
18:30:00 [INFO   ] [AddrMgr]     +0x500: 00 00 00 00 00 00 00 00 00 00 00 00 00 00 00 00  ................
18:30:00 [INFO   ] [AddrMgr]     +0x510: 00 00 00 00 00 00 00 00 00 00 00 00 00 00 00 00  ................
18:30:00 [INFO   ] [AddrMgr]     +0x520: 00 00 00 00 00 00 00 00 00 00 00 00 00 00 00 00  ................
18:30:00 [INFO   ] [AddrMgr]     +0x530: 00 00 00 00 00 00 00 00 00 00 00 00 00 00 00 00  ................
18:30:00 [INFO   ] [AddrMgr]     +0x540: 00 00 00 00 00 00 00 00 00 00 00 00 00 00 00 00  ................
18:30:00 [INFO   ] [AddrMgr]     +0x550: 00 00 00 00 00 00 00 00 00 00 00 00 00 00 00 00  ................
18:30:00 [INFO   ] [AddrMgr]     +0x560: 00 00 00 00 00 00 00 00 00 00 00 00 00 00 00 00  ................
18:30:00 [INFO   ] [AddrMgr]     +0x570: 00 00 00 00 00 00 00 00 00 00 00 00 00 00 00 00  ................
18:30:00 [INFO   ] [AddrMgr]     +0x580: 00 00 00 00 00 00 00 00 00 00 00 00 00 00 00 00  ................
18:30:00 [INFO   ] [AddrMgr]     +0x590: 00 00 00 00 00 00 00 00 00 00 00 00 00 00 00 00  ................
18:30:00 [INFO   ] [AddrMgr]     +0x5A0: 00 00 00 00 00 00 00 00 00 00 00 00 00 00 00 00  ................
18:30:00 [INFO   ] [AddrMgr]     +0x5B0: 00 00 00 00 00 00 00 00 00 00 00 00 00 00 00 00  ................
18:30:00 [INFO   ] [AddrMgr]     +0x5C0: 00 00 00 00 00 00 00 00 00 00 00 00 00 00 00 00  ................
18:30:00 [INFO   ] [AddrMgr]     +0x5D0: 00 00 00 00 00 00 00 00 00 00 00 00 00 00 00 00  ................
18:30:00 [INFO   ] [AddrMgr]     +0x5E0: 00 00 00 00 00 00 00 00 00 00 00 00 00 00 00 00  ................
18:30:00 [INFO   ] [AddrMgr]     +0x5F0: 00 00 00 00 00 00 00 00 00 00 00 00 00 00 00 00  ................
18:30:00 [INFO   ] [AddrMgr]   EGameplay memory (actor+0x600, 296 bytes):
18:30:00 [INFO   ] [AddrMgr]     +0x600: FF FF FF FF 00 00 00 00 01 01 00 00 AE 88 08 3E  ...............>
18:30:00 [INFO   ] [AddrMgr]     +0x610: A8 88 88 3D 00 01 00 00 02 00 00 00 00 00 00 00  ...=............
18:30:00 [INFO   ] [AddrMgr]     +0x620: A8 88 88 3D A8 88 88 3D 00 00 00 00 00 00 00 00  ...=...=........
18:30:00 [INFO   ] [AddrMgr]     +0x630: 00 00 00 00 00 00 00 00 00 00 00 00 00 00 00 00  ................
18:30:00 [INFO   ] [AddrMgr]     +0x640: 00 00 00 00 00 00 00 00 00 00 00 00 00 00 00 00  ................
18:30:00 [INFO   ] [AddrMgr]     +0x650: 00 00 00 00 00 00 00 00 00 00 00 00 00 00 00 00  ................
18:30:00 [INFO   ] [AddrMgr]     +0x660: 00 00 00 00 00 00 00 00 00 00 00 00 00 00 00 00  ................
18:30:00 [INFO   ] [AddrMgr]     +0x670: 00 00 00 00 00 00 00 00 00 00 00 00 00 00 00 00  ................
18:30:00 [INFO   ] [AddrMgr]     +0x680: 00 00 00 00 00 00 00 00 00 00 00 00 00 00 00 00  ................
18:30:00 [INFO   ] [AddrMgr]     +0x690: 00 00 00 00 00 00 00 00 00 00 00 00 00 00 00 00  ................
18:30:00 [INFO   ] [AddrMgr]     +0x6A0: 00 00 00 00 00 00 00 00 00 00 00 00 00 00 00 00  ................
18:30:00 [INFO   ] [AddrMgr]     +0x6B0: 00 00 00 00 00 00 00 00 00 00 00 00 00 00 00 00  ................
18:30:00 [INFO   ] [AddrMgr]     +0x6C0: 00 00 00 00 00 00 00 00 00 00 00 00 00 00 00 00  ................
18:30:00 [INFO   ] [AddrMgr]     +0x6D0: 00 00 00 00 00 00 00 00 00 00 00 00 00 00 00 00  ................
18:30:00 [INFO   ] [AddrMgr]     +0x6E0: 00 00 00 00 00 00 00 00 00 00 00 00 00 00 00 00  ................
18:30:00 [INFO   ] [AddrMgr]     +0x6F0: 00 00 00 00 00 00 00 00 00 00 00 00 00 00 00 00  ................
18:30:00 [INFO   ] [AddrMgr]     +0x700: 00 00 00 00 00 00 00 00 00 00 00 00 00 00 00 00  ................
18:30:00 [INFO   ] [AddrMgr]     +0x710: 00 01 00 00 0A 00 00 00 00 00 00 00 00 00 00 00  ................
18:30:00 [INFO   ] [AddrMgr]     +0x720: 01 00 00 00 00 00 00 00                          ........
18:30:00 [INFO   ] [AddrMgr] 
18:30:00 [INFO   ] [AddrMgr] --- EGameplay #2: EGameplay at 0x2D01497B0A0 ---
18:30:00 [INFO   ] [AddrMgr]   InternalIndex@0x0C: 100945 | FName.Number@0x1C: 2147359509
18:30:00 [INFO   ] [AddrMgr]   Class: 'EGameplay'
18:30:00 [INFO   ] [AddrMgr]   Position: (-2500.0, -950.0, 2350.0)
18:30:00 [INFO   ] [AddrMgr]   SubObject@0x4E0: 0x2CE80254D80 name='EMsg' class='EMsgComponent' outer='EGameplay' iidx=100942 fnum=0
18:30:00 [INFO   ] [AddrMgr]   WaveCounter@0x618: 2 | SpawnIndex@0x714: 9
18:30:00 [INFO   ] [AddrMgr]   ueComponents TMap@0x288: data_ptr=0x2CFDC48A300 num=2
18:30:00 [INFO   ] [AddrMgr]     ueComp candidate@+0x000: 0x2CEAF9C1600 name='ECfgComponent' class='Class'
18:30:00 [INFO   ] [AddrMgr]     ueComp candidate@+0x008: 0x2CFE0583A00 name='ECfg' class='ECfgComponent'
18:30:00 [INFO   ] [AddrMgr]     ueComp candidate@+0x018: 0x2CEAF9DEE00 name='EMsgComponent' class='Class'
18:30:00 [INFO   ] [AddrMgr]     ueComp candidate@+0x020: 0x2CE80254D80 name='EMsg' class='EMsgComponent'
18:30:00 [INFO   ] [AddrMgr]     ueComp candidate@+0x058: 0x2CEAF946DC0 name='AkAmbientSound' class='Class'
18:30:00 [INFO   ] [AddrMgr]   All children (Outer=this, 3 found):
18:30:00 [INFO   ] [AddrMgr]     0x2CE80254D80 name='EMsg' class='EMsgComponent' iidx=100942 fnum=0
18:30:00 [INFO   ] [AddrMgr]     0x2CFE0583A00 name='ECfg' class='ECfgComponent' iidx=100943 fnum=0
18:30:00 [INFO   ] [AddrMgr]     0x2CFE0587FC0 name='UserEntity' class='SceneComponent' iidx=100944 fnum=0
18:30:00 [INFO   ] [AddrMgr]   ECfgComponent at 0x2CFE0583A00
18:30:00 [INFO   ] [AddrMgr]   CfgInfo raw (ECfg+0x120, 32 bytes):
18:30:00 [INFO   ] [AddrMgr]     00 00 00 00 00 00 00 00 00 00 00 00 00 00 00 00 00 00 00 00 00 00 00 00 00 00 00 00 00 00 80 3F
18:30:00 [INFO   ] [AddrMgr]   CfgInfo.ID = 0x0 (0) -> UNKNOWN
18:30:00 [INFO   ] [AddrMgr]   CfgInfo.Type = 0x0 (0)
18:30:00 [INFO   ] [AddrMgr]   CfgInfo.ExtendId = 0x0 (0)
18:30:00 [INFO   ] [AddrMgr]   ECfgComponent memory (ECfg+0x0, 256 bytes):
18:30:00 [INFO   ] [AddrMgr]     +0x000: 08 A4 61 CF F7 7F 00 00 08 00 04 00 4F 8A 01 00  ..a.........O...
18:30:00 [INFO   ] [AddrMgr]     +0x010: 00 16 9C AF CE 02 00 00 52 12 01 00 00 00 00 00  ........R.......
18:30:00 [INFO   ] [AddrMgr]     +0x020: A0 B0 97 14 D0 02 00 00 D0 A8 61 CF F7 7F 00 00  ..........a.....
18:30:00 [INFO   ] [AddrMgr]     +0x030: 68 61 61 CF F7 7F 00 00 02 00 0C 00 00 00 00 00  haa.............
18:30:00 [INFO   ] [AddrMgr]     +0x040: 00 00 00 00 00 00 00 00 00 00 00 00 00 00 00 00  ................
18:30:00 [INFO   ] [AddrMgr]     +0x050: 00 00 00 00 00 00 00 00 00 00 00 00 00 00 00 00  ................
18:30:00 [INFO   ] [AddrMgr]     +0x060: 00 00 00 00 00 00 00 00 00 00 00 00 00 00 00 00  ................
18:30:00 [INFO   ] [AddrMgr]     +0x070: 00 00 00 00 00 00 00 00 00 00 00 00 00 00 00 00  ................
18:30:00 [INFO   ] [AddrMgr]     +0x080: 00 00 00 00 00 00 00 00 FF FF FF FF FF FF FF FF  ................
18:30:00 [INFO   ] [AddrMgr]     +0x090: 01 06 42 05 00 00 00 00 00 00 00 00 00 00 00 00  ..B.............
18:30:00 [INFO   ] [AddrMgr]     +0x0A0: 00 00 00 00 00 00 00 00 A0 B0 97 14 D0 02 00 00  ................
18:30:00 [INFO   ] [AddrMgr]     +0x0B0: 20 C0 C4 1A D0 02 00 00 00 00 00 00 00 00 00 00   ...............
18:30:00 [INFO   ] [AddrMgr]     +0x0C0: A0 B0 97 14 D0 02 00 00 00 00 00 00 00 00 00 00  ................
18:30:00 [INFO   ] [AddrMgr]     +0x0D0: 00 00 00 00 00 00 00 00 00 00 00 00 00 00 00 00  ................
18:30:00 [INFO   ] [AddrMgr]     +0x0E0: 00 00 00 00 00 00 00 00 00 00 00 00 00 00 00 00  ................
18:30:00 [INFO   ] [AddrMgr]     +0x0F0: 00 00 00 00 00 00 00 00 00 00 00 00 80 00 00 00  ................
18:30:00 [INFO   ] [AddrMgr]   ECfgComponent memory (ECfg+0x100, 256 bytes):
18:30:00 [INFO   ] [AddrMgr]     +0x100: FF FF FF FF 00 00 00 00 00 00 00 00 00 00 00 00  ................
18:30:00 [INFO   ] [AddrMgr]     +0x110: 00 00 00 00 00 00 00 00 00 00 00 00 00 00 00 00  ................
18:30:00 [INFO   ] [AddrMgr]     +0x120: 00 00 00 00 00 00 00 00 00 00 00 00 00 00 00 00  ................
18:30:00 [INFO   ] [AddrMgr]     +0x130: 00 00 00 00 00 00 00 00 00 00 00 00 00 00 80 3F  ...............?
18:30:00 [INFO   ] [AddrMgr]     +0x140: 00 00 00 00 00 00 00 00 00 00 00 00 00 00 00 00  ................
18:30:00 [INFO   ] [AddrMgr]     +0x150: 00 00 00 00 00 00 00 00 00 00 00 00 00 00 00 00  ................
18:30:00 [INFO   ] [AddrMgr]     +0x160: 00 00 00 00 00 00 00 00 00 00 00 00 00 00 00 00  ................
18:30:00 [INFO   ] [AddrMgr]     +0x170: 00 00 00 00 00 00 00 00 00 00 00 00 80 00 00 00  ................
18:30:00 [INFO   ] [AddrMgr]     +0x180: FF FF FF FF 00 00 00 00 00 00 00 00 00 00 00 00  ................
18:30:00 [INFO   ] [AddrMgr]     +0x190: 00 00 00 00 00 00 00 00 00 00 00 00 00 00 00 00  ................
18:30:00 [INFO   ] [AddrMgr]     +0x1A0: 00 00 00 00 00 00 00 00 00 00 00 00 00 00 00 00  ................
18:30:00 [INFO   ] [AddrMgr]     +0x1B0: 00 00 00 00 00 00 00 00 00 00 00 00 00 00 00 00  ................
18:30:00 [INFO   ] [AddrMgr]     +0x1C0: 00 00 00 00 00 00 00 00 00 00 00 00 80 00 00 00  ................
18:30:00 [INFO   ] [AddrMgr]     +0x1D0: FF FF FF FF 00 00 00 00 00 00 00 00 00 00 00 00  ................
18:30:00 [INFO   ] [AddrMgr]     +0x1E0: 00 00 00 00 00 00 00 00 00 00 00 00 00 00 00 00  ................
18:30:00 [INFO   ] [AddrMgr]     +0x1F0: 00 00 00 00 00 00 00 00 00 00 00 00 00 00 00 00  ................
18:30:00 [INFO   ] [AddrMgr]   ECfgComponent memory (ECfg+0x200, 64 bytes):
18:30:00 [INFO   ] [AddrMgr]     +0x200: 00 00 00 00 00 00 00 00 00 00 00 00 00 00 00 00  ................
18:30:00 [INFO   ] [AddrMgr]     +0x210: 00 00 00 00 00 00 00 00 00 00 00 00 80 00 00 00  ................
18:30:00 [INFO   ] [AddrMgr]     +0x220: FF FF FF FF 00 00 00 00 00 00 00 00 00 00 00 00  ................
18:30:00 [INFO   ] [AddrMgr]     +0x230: 00 00 00 00 00 00 00 00 00 00 00 00 00 00 00 00  ................
18:30:00 [INFO   ] [AddrMgr]   EGameplay memory (actor+0x200, 512 bytes):
18:30:00 [INFO   ] [AddrMgr]     +0x200: 00 00 00 00 00 00 00 00 00 00 00 00 00 00 00 00  ................
18:30:00 [INFO   ] [AddrMgr]     +0x210: 00 00 00 00 00 00 00 00 00 00 00 00 00 00 00 00  ................
18:30:00 [INFO   ] [AddrMgr]     +0x220: E8 CE 63 CF F7 7F 00 00 10 00 00 00 00 00 80 42  ..c............B
18:30:00 [INFO   ] [AddrMgr]     +0x230: 00 00 00 00 00 00 00 00 00 00 00 00 00 00 00 00  ................
18:30:00 [INFO   ] [AddrMgr]     +0x240: 00 00 00 00 00 00 00 00 00 00 00 00 00 00 00 00  ................
18:30:00 [INFO   ] [AddrMgr]     +0x250: 00 00 00 00 00 00 00 00 00 00 00 00 00 00 00 00  ................
18:30:00 [INFO   ] [AddrMgr]     +0x260: 0A D7 2F 41 00 00 00 00 00 00 00 00 00 00 00 00  ../A............
18:30:00 [INFO   ] [AddrMgr]     +0x270: 00 00 00 00 00 00 00 00 00 00 00 00 00 00 00 00  ................
18:30:00 [INFO   ] [AddrMgr]     +0x280: 00 00 00 00 00 00 00 00 00 A3 48 DC CF 02 00 00  ..........H.....
18:30:00 [INFO   ] [AddrMgr]     +0x290: 02 00 00 00 04 00 00 00 03 00 00 00 00 00 00 00  ................
18:30:00 [INFO   ] [AddrMgr]     +0x2A0: 00 00 00 00 00 00 00 00 00 00 00 00 00 00 00 00  ................
18:30:00 [INFO   ] [AddrMgr]     +0x2B0: 02 00 00 00 80 00 00 00 FF FF FF FF 00 00 00 00  ................
18:30:00 [INFO   ] [AddrMgr]     +0x2C0: 01 00 00 00 00 00 00 00 00 00 00 00 00 00 00 00  ................
18:30:00 [INFO   ] [AddrMgr]     +0x2D0: 01 00 00 00 00 00 00 00 00 00 00 00 00 00 00 00  ................
18:30:00 [INFO   ] [AddrMgr]     +0x2E0: 00 00 00 00 00 00 00 00 00 00 00 00 00 00 00 00  ................
18:30:00 [INFO   ] [AddrMgr]     +0x2F0: 00 00 00 00 00 00 00 00 00 00 00 00 00 00 00 00  ................
18:30:00 [INFO   ] [AddrMgr]     +0x300: 00 00 00 00 00 00 00 00 00 00 00 00 00 00 00 00  ................
18:30:00 [INFO   ] [AddrMgr]     +0x310: 00 00 00 00 00 00 00 00 00 00 00 00 00 00 00 00  ................
18:30:00 [INFO   ] [AddrMgr]     +0x320: 00 3A 58 E0 CF 02 00 00 00 00 00 00 00 00 00 00  .:X.............
18:30:00 [INFO   ] [AddrMgr]     +0x330: 00 00 00 00 00 00 00 00 00 00 00 00 00 00 00 00  ................
18:30:00 [INFO   ] [AddrMgr]     +0x340: 00 00 00 00 00 00 00 00 00 00 00 00 00 00 00 00  ................
18:30:00 [INFO   ] [AddrMgr]     +0x350: 00 00 00 00 00 00 00 00 00 00 00 00 00 00 00 00  ................
18:30:00 [INFO   ] [AddrMgr]     +0x360: 00 00 00 00 00 00 00 00 00 00 00 00 00 00 00 00  ................
18:30:00 [INFO   ] [AddrMgr]     +0x370: 00 00 00 00 00 00 00 00 00 00 00 00 00 00 00 00  ................
18:30:00 [INFO   ] [AddrMgr]     +0x380: 00 00 00 00 00 00 00 00 00 00 00 00 00 00 00 00  ................
18:30:00 [INFO   ] [AddrMgr]     +0x390: 00 00 00 00 00 00 00 00 00 00 00 00 00 00 00 00  ................
18:30:00 [INFO   ] [AddrMgr]     +0x3A0: 00 00 00 00 00 00 00 00 00 00 00 00 00 00 00 00  ................
18:30:00 [INFO   ] [AddrMgr]     +0x3B0: 00 00 00 00 00 00 00 00 00 00 00 00 00 00 00 00  ................
18:30:00 [INFO   ] [AddrMgr]     +0x3C0: 00 00 00 00 00 00 00 00 00 00 00 00 00 00 00 00  ................
18:30:00 [INFO   ] [AddrMgr]     +0x3D0: 00 00 00 00 00 00 00 00 00 00 00 00 00 00 00 00  ................
18:30:00 [INFO   ] [AddrMgr]     +0x3E0: 00 00 00 00 00 00 00 00 00 00 00 00 00 00 00 00  ................
18:30:00 [INFO   ] [AddrMgr]     +0x3F0: 00 00 00 00 00 00 00 00 00 00 00 00 00 00 00 00  ................
18:30:00 [INFO   ] [AddrMgr]   EGameplay memory (actor+0x400, 512 bytes):
18:30:00 [INFO   ] [AddrMgr]     +0x400: 00 00 00 00 00 00 00 00 00 00 00 00 00 00 00 00  ................
18:30:00 [INFO   ] [AddrMgr]     +0x410: 00 00 00 00 00 00 00 00 00 00 00 00 00 00 00 00  ................
18:30:00 [INFO   ] [AddrMgr]     +0x420: 00 00 00 00 00 00 00 00 00 00 00 00 00 00 00 00  ................
18:30:00 [INFO   ] [AddrMgr]     +0x430: 00 00 00 00 00 00 00 00 00 00 00 00 00 00 00 00  ................
18:30:00 [INFO   ] [AddrMgr]     +0x440: 00 00 00 00 00 00 00 00 00 00 00 00 00 00 00 00  ................
18:30:00 [INFO   ] [AddrMgr]     +0x450: 00 00 00 00 00 00 00 00 00 00 00 00 00 00 00 00  ................
18:30:00 [INFO   ] [AddrMgr]     +0x460: 00 00 00 00 00 00 00 00 00 00 00 00 00 00 00 00  ................
18:30:00 [INFO   ] [AddrMgr]     +0x470: 00 00 00 00 00 00 00 00 00 00 00 00 00 00 00 00  ................
18:30:00 [INFO   ] [AddrMgr]     +0x480: 00 00 00 00 00 00 00 00 00 00 00 00 00 00 00 00  ................
18:30:00 [INFO   ] [AddrMgr]     +0x490: 00 00 00 00 00 00 00 00 00 00 00 00 00 00 00 00  ................
18:30:00 [INFO   ] [AddrMgr]     +0x4A0: 00 00 00 00 00 00 00 00 00 00 00 00 00 00 00 00  ................
18:30:00 [INFO   ] [AddrMgr]     +0x4B0: 00 00 00 00 00 00 00 00 00 00 00 00 00 00 00 00  ................
18:30:00 [INFO   ] [AddrMgr]     +0x4C0: 00 00 00 00 00 00 00 00 00 00 00 00 00 00 00 00  ................
18:30:00 [INFO   ] [AddrMgr]     +0x4D0: 00 00 00 00 00 00 00 00 00 00 00 00 00 00 00 00  ................
18:30:00 [INFO   ] [AddrMgr]     +0x4E0: 80 4D 25 80 CE 02 00 00 00 00 00 00 00 00 00 00  .M%.............
18:30:00 [INFO   ] [AddrMgr]     +0x4F0: 00 00 00 00 00 00 00 00 00 00 00 00 00 00 00 00  ................
18:30:00 [INFO   ] [AddrMgr]     +0x500: 00 00 00 00 00 00 00 00 00 00 00 00 00 00 00 00  ................
18:30:00 [INFO   ] [AddrMgr]     +0x510: 00 00 00 00 00 00 00 00 00 00 00 00 00 00 00 00  ................
18:30:00 [INFO   ] [AddrMgr]     +0x520: 00 00 00 00 00 00 00 00 00 00 00 00 00 00 00 00  ................
18:30:00 [INFO   ] [AddrMgr]     +0x530: 00 00 00 00 00 00 00 00 00 00 00 00 00 00 00 00  ................
18:30:00 [INFO   ] [AddrMgr]     +0x540: 00 00 00 00 00 00 00 00 00 00 00 00 00 00 00 00  ................
18:30:00 [INFO   ] [AddrMgr]     +0x550: 00 00 00 00 00 00 00 00 00 00 00 00 00 00 00 00  ................
18:30:00 [INFO   ] [AddrMgr]     +0x560: 00 00 00 00 00 00 00 00 00 00 00 00 00 00 00 00  ................
18:30:00 [INFO   ] [AddrMgr]     +0x570: 00 00 00 00 00 00 00 00 00 00 00 00 00 00 00 00  ................
18:30:00 [INFO   ] [AddrMgr]     +0x580: 00 00 00 00 00 00 00 00 00 00 00 00 00 00 00 00  ................
18:30:00 [INFO   ] [AddrMgr]     +0x590: 00 00 00 00 00 00 00 00 00 00 00 00 00 00 00 00  ................
18:30:00 [INFO   ] [AddrMgr]     +0x5A0: 00 00 00 00 00 00 00 00 00 00 00 00 00 00 00 00  ................
18:30:00 [INFO   ] [AddrMgr]     +0x5B0: 00 00 00 00 00 00 00 00 00 00 00 00 00 00 00 00  ................
18:30:00 [INFO   ] [AddrMgr]     +0x5C0: 00 00 00 00 00 00 00 00 00 00 00 00 00 00 00 00  ................
18:30:00 [INFO   ] [AddrMgr]     +0x5D0: 00 00 00 00 00 00 00 00 00 00 00 00 00 00 00 00  ................
18:30:00 [INFO   ] [AddrMgr]     +0x5E0: 00 00 00 00 00 00 00 00 00 00 00 00 00 00 00 00  ................
18:30:00 [INFO   ] [AddrMgr]     +0x5F0: 00 00 00 00 00 00 00 00 00 00 00 00 00 00 00 00  ................
18:30:00 [INFO   ] [AddrMgr]   EGameplay memory (actor+0x600, 296 bytes):
18:30:00 [INFO   ] [AddrMgr]     +0x600: FF FF FF FF 00 00 00 00 01 01 00 00 AE 88 08 3E  ...............>
18:30:00 [INFO   ] [AddrMgr]     +0x610: A8 88 88 3D 00 01 00 00 02 00 00 00 00 00 00 00  ...=............
18:30:00 [INFO   ] [AddrMgr]     +0x620: A8 88 88 3D A8 88 88 3D 00 00 00 00 00 00 00 00  ...=...=........
18:30:00 [INFO   ] [AddrMgr]     +0x630: 00 00 00 00 00 00 00 00 00 00 00 00 00 00 00 00  ................
18:30:00 [INFO   ] [AddrMgr]     +0x640: 00 00 00 00 00 00 00 00 00 00 00 00 00 00 00 00  ................
18:30:00 [INFO   ] [AddrMgr]     +0x650: 00 00 00 00 00 00 00 00 00 00 00 00 00 00 00 00  ................
18:30:00 [INFO   ] [AddrMgr]     +0x660: 00 00 00 00 00 00 00 00 00 00 00 00 00 00 00 00  ................
18:30:00 [INFO   ] [AddrMgr]     +0x670: 00 00 00 00 00 00 00 00 00 00 00 00 00 00 00 00  ................
18:30:00 [INFO   ] [AddrMgr]     +0x680: 00 00 00 00 00 00 00 00 00 00 00 00 00 00 00 00  ................
18:30:00 [INFO   ] [AddrMgr]     +0x690: 00 00 00 00 00 00 00 00 00 00 00 00 00 00 00 00  ................
18:30:00 [INFO   ] [AddrMgr]     +0x6A0: 00 00 00 00 00 00 00 00 00 00 00 00 00 00 00 00  ................
18:30:00 [INFO   ] [AddrMgr]     +0x6B0: 00 00 00 00 00 00 00 00 00 00 00 00 00 00 00 00  ................
18:30:00 [INFO   ] [AddrMgr]     +0x6C0: 00 00 00 00 00 00 00 00 00 00 00 00 00 00 00 00  ................
18:30:00 [INFO   ] [AddrMgr]     +0x6D0: 00 00 00 00 00 00 00 00 00 00 00 00 00 00 00 00  ................
18:30:00 [INFO   ] [AddrMgr]     +0x6E0: 00 00 00 00 00 00 00 00 00 00 00 00 00 00 00 00  ................
18:30:00 [INFO   ] [AddrMgr]     +0x6F0: 00 00 00 00 00 00 00 00 00 00 00 00 00 00 00 00  ................
18:30:00 [INFO   ] [AddrMgr]     +0x700: 00 00 00 00 00 00 00 00 00 00 00 00 00 00 00 00  ................
18:30:00 [INFO   ] [AddrMgr]     +0x710: 00 01 00 00 09 00 00 00 00 00 00 00 00 00 00 00  ................
18:30:00 [INFO   ] [AddrMgr]     +0x720: 01 00 00 00 00 00 00 00                          ........
18:30:00 [INFO   ] [AddrMgr] 
18:30:00 [INFO   ] [AddrMgr] 
18:30:00 [INFO   ] [AddrMgr] --- Quick Scan Summary ---
18:30:00 [INFO   ] [AddrMgr]   Event: UNKNOWN(0x0) | CfgID=0x0 | pos=(0, 0) | sub='EMsg'(EMsgComponent) | wave=2 spawn=11 | EGameplay=0x2D0272E98D0
18:30:00 [INFO   ] [AddrMgr]   Event: UNKNOWN(0x0) | CfgID=0x0 | pos=(0, 0) | sub='EMsg'(EMsgComponent) | wave=2 spawn=10 | EGameplay=0x2CFB9DED850
18:30:00 [INFO   ] [AddrMgr]   Event: UNKNOWN(0x0) | CfgID=0x0 | pos=(-2500, -950) | sub='EMsg'(EMsgComponent) | wave=2 spawn=9 | EGameplay=0x2D01497B0A0
18:30:00 [INFO   ] [AddrMgr] 
18:30:00 [INFO   ] [AddrMgr] --- FightMgr.MapGamePlay TMap (typed events) ---
18:30:00 [INFO   ] [AddrMgr]   [TARGET] Sandlord | spawn_idx=0x9 | pos=(-2500, -950) | wave=2 | EGameplay=0x2D01497B0A0
18:30:00 [INFO   ] [AddrMgr]   [TARGET] Sandlord | spawn_idx=0xA | pos=(0, 0) | wave=2 | EGameplay=0x2CFB9DED850
18:30:00 [INFO   ] [AddrMgr]   [TARGET] Sandlord | spawn_idx=0xB | pos=(0, 0) | wave=2 | EGameplay=0x2D0272E98D0
18:30:00 [INFO   ] [AddrMgr] 
18:30:00 [INFO   ] [AddrMgr] --- FightMgr.MapCustomTrap TMap (Carjack vehicles) ---
18:30:00 [INFO   ] [AddrMgr]   MapCustomTrap data_ptr=0x2CEF810AA80 num=2
18:30:00 [INFO   ] [AddrMgr]   [vehicle] spawn_idx=0x13 class='EMapCustomTrap' pos=(-3200,5900) ptr=0x2D0272E4970
18:30:00 [INFO   ] [AddrMgr]   [vehicle] spawn_idx=0x78 class='EMapCustomTrapS11' pos=(-2500,-950) ptr=0x2CFEA9EE040
18:30:00 [INFO   ] [AddrMgr] 
18:30:00 [INFO   ] [AddrMgr] --- Quick Scan Summary (FightMgr.MapGamePlay) ---
18:30:00 [DEBUG  ] [Scanner] TMap at 0x2CFD9B6A860: data_ptr=0x2CFDC486100 array_num=3
18:30:00 [DEBUG  ] [UE4 Scanner] [typed_event] spawn=0x9 pos=(-2500,-950) addr=0x2D01497B0A0
18:30:00 [DEBUG  ] [UE4 Scanner] [typed_event] spawn=0xa pos=(0,0) addr=0x2CFB9DED850
18:30:00 [DEBUG  ] [UE4 Scanner] [typed_event] spawn=0xb pos=(0,0) addr=0x2D0272E98D0
18:30:00 [DEBUG  ] [Scanner] TMap at 0x2CFD9B6A810: data_ptr=0x2CEF810AA80 array_num=2
18:30:00 [DEBUG  ] [UE4 Scanner] [typed_event] spawn=0x13 pos=(-3200,5900) addr=0x2D0272E4970
18:30:00 [DEBUG  ] [UE4 Scanner] [typed_event] spawn=0x78 pos=(-2500,-950) addr=0x2CFEA9EE040
18:30:00 [DEBUG  ] [UE4 Scanner] [typed_event] spawn=0x9 → Sandlord (no MapCustomTrap match) pos=(-2500,-950)
18:30:00 [DEBUG  ] [UE4 Scanner] [typed_event] spawn=0xa → Sandlord (no MapCustomTrap match) pos=(0,0)
18:30:00 [DEBUG  ] [UE4 Scanner] [typed_event] spawn=0xb → Sandlord (no MapCustomTrap match) pos=(0,0)
18:30:00 [INFO   ] [AddrMgr]   [TARGET] Sandlord | spawn_idx=0x9 | pos=(-2500, -950) | wave=4 | EGameplay=0x2D01497B0A0
18:30:00 [INFO   ] [AddrMgr]   [TARGET] Sandlord | spawn_idx=0xA | pos=(0, 0) | wave=4 | EGameplay=0x2CFB9DED850
18:30:00 [INFO   ] [AddrMgr]   [TARGET] Sandlord | spawn_idx=0xB | pos=(0, 0) | wave=4 | EGameplay=0x2D0272E98D0
18:30:00 [INFO   ] [AddrMgr] Saved to event_scan_20260224_183000.txt
