17:44:04 [INFO   ] === Torchlight Infinite Bot V2 v3.9.5 starting ===
17:44:04 [INFO   ] Config loaded from config.json
17:44:04 [INFO   ] Loaded 8 addresses from addresses.json
17:44:04 [INFO   ] [Input] Initialized with mode: hardware
17:44:04 [INFO   ] [ScaleCalibrator] Loaded calibrations for 12 maps: ['Swirling Mines', 'High Court Maze', 'Defiled Side Chamber', 'Deserted District', 'Singing Sand', 'Shadow Outpost', 'Abandoned Mines', 'Rainforest of Divine Legacy', 'Grimwind Woods', 'Wall of the Last Breath', 'Blustery Canyon', 'Demiman Village']
17:44:04 [INFO   ] [MapSelector] Loaded card state: 12 cards, active=[]
17:44:05 [INFO   ] Torchlight Infinite Bot V2 v3.9.5 started
17:44:05 [INFO   ] [Hotkeys] Global hotkeys registered: F9=Start, F10=Stop, F11=Pause, F5=Record, F6=PauseRec
17:44:08 [INFO   ] Attached to process: torchlight_infinite.exe (PID: 22352)
17:44:08 [INFO   ] Attached to torchlight_infinite.exe
17:44:08 [INFO   ] Found game window by class 'UnrealWindow' + PID 22352 (HWND: 459624)
17:44:08 [INFO   ] [Input] Target window set: HWND=459624, mode=hardware
17:44:08 [INFO   ] [Input] Hardware mode: will focus window before each input
17:44:08 [DEBUG  ] Module torchlight_infinite.exe base: 0x7FF7D77E0000
17:44:08 [INFO   ] Saved addresses valid - skipping scan: WARNING: WARNING: coordinates unchanged (may be stale or character is stationary) | pos=(5650, 4500)
17:44:08 [INFO   ] [Scanner] Scanning for FNamePool...
17:44:08 [INFO   ] [Scanner] Cannot read zone name - FNamePool not resolved yet
17:44:08 [INFO   ] [Scanner]   Trying FNamePool pattern 1/6...
17:44:08 [INFO   ] [Input] Target window set: HWND=459624, mode=hardware
17:44:08 [INFO   ] [Input] Hardware mode: will focus window before each input
17:44:08 [INFO   ] [AddrMgr] Attached - using scan results from attach
17:44:08 [INFO   ] [Scanner]   FNamePool found at 0x7FF7DF501D40 (pattern 1)
17:44:08 [INFO   ] [Scanner]   Validation: 3/5 indices readable, FName[3] = 'ByteProperty'
17:44:08 [INFO   ] [Scanner] Scanning for GObjects...
17:44:08 [INFO   ] [Scanner]   Trying GObjects pattern 1/3...
17:44:08 [INFO   ] [Scanner]   Trying GObjects pattern 2/3...
17:44:09 [INFO   ] [Scanner]   GObjects found at 0x7FF7DF51ADE8 (pattern 2)
17:44:09 [INFO   ] [Scanner]   NumElements=158212, NumChunks=3
17:44:09 [INFO   ] Portal detector initialized (deferred)
17:44:09 [INFO   ] [AddrMgr] FNamePool auto-populated: 0x7FF7DF501D40
17:44:09 [INFO   ] [Scanner] Zone FName[1444051] = 'XZ_YuJinZhiXiBiNanSuo200' (GWorld 0x2F1CA2EF6E0)
17:44:16 [INFO   ] [Scanner] Zone FName[1443045] = 'SD_GeBuLinShanZhai' (GWorld 0x2F1B6E99280)
17:45:43 [INFO   ] [Overlay] Loaded calibration for map: Shadow Outpost
17:45:43 [INFO   ] [Overlay] Debug overlay started
17:45:43 [DEBUG  ] [GObjects] NumElements=170349, NumChunks=3
17:45:44 [DEBUG  ] [GObjects] Found 2 objects named 'FightMgr'
17:45:44 [INFO   ] [Scanner] [Scanner] FightMgr live instance at 0x2F1E1CF60A0 (outer: /Engine/Transient)
17:45:44 [DEBUG  ] [UE4 Scanner] [typed_event] MapCustomTrap Sandlord arena class='EMapCustomTrap' pos=(-8427,-1917)
17:45:44 [DEBUG  ] [UE4 Scanner] [typed_event] MapCustomTrap Sandlord arena class='EMapCustomTrap' pos=(4549,6213)
17:45:44 [DEBUG  ] [UE4 Scanner] [typed_event] spawn=-0x1 → Unknown (ignored) pos=(4549,6213)
17:45:44 [DEBUG  ] [UE4 Scanner] [typed_event] spawn=0xa → Unknown (ignored) pos=(-12787,-11007)
17:45:44 [DEBUG  ] [UE4 Scanner] [typed_event] spawn=0xb → Carjack (pos match) vehicle_pos=(-9120,-4350)
17:45:44 [DEBUG  ] [UE4 Scanner] [typed_event] spawn=0xc → Sandlord (platform pos assigned) platform=(-8427,-1917)
17:45:44 [DEBUG  ] [UE4 Scanner] [typed_event] spawn=0xd → Unknown (ignored) pos=(0,0)
17:45:45 [INFO   ] [Overlay] Debug overlay stopped
