17:09:57 [INFO   ] === Torchlight Infinite Bot V2 v3.1.5 starting ===
17:09:57 [INFO   ] Config loaded from config.json
17:09:57 [INFO   ] Loaded 8 addresses from addresses.json
17:09:57 [INFO   ] [Input] Initialized with mode: hardware
17:09:57 [INFO   ] [MapSelector] Loaded card state: 12 cards, active=[]
17:09:58 [INFO   ] Torchlight Infinite Bot V2 v3.1.5 started
17:09:58 [INFO   ] [Hotkeys] Global hotkeys registered: F9=Start, F10=Stop, F11=Pause, F5=Record, F6=PauseRec
17:10:03 [INFO   ] Attached to process: torchlight_infinite.exe (PID: 25596)
17:10:03 [INFO   ] Attached to torchlight_infinite.exe
17:10:03 [INFO   ] Found game window by class 'UnrealWindow' + PID 25596 (HWND: 134534)
17:10:03 [INFO   ] [Input] Target window set: HWND=134534, mode=hardware
17:10:03 [INFO   ] [Input] Hardware mode: will focus window before each input
17:10:03 [DEBUG  ] Module torchlight_infinite.exe base: 0x7FF7CA760000
17:10:03 [INFO   ] Saved addresses valid - skipping scan: WARNING: WARNING: coordinates unchanged (may be stale or character is stationary) | pos=(5625, 4556)
17:10:03 [INFO   ] [Scanner] Scanning for FNamePool...
17:10:03 [INFO   ] [Scanner] Cannot read zone name - FNamePool not resolved yet
17:10:03 [INFO   ] [Scanner]   Trying FNamePool pattern 1/6...
17:10:03 [INFO   ] [Input] Target window set: HWND=134534, mode=hardware
17:10:03 [INFO   ] [Input] Hardware mode: will focus window before each input
17:10:03 [INFO   ] [AddrMgr] Attached - using scan results from attach
17:10:04 [INFO   ] [Scanner]   FNamePool found at 0x7FF7D2481D40 (pattern 1)
17:10:04 [INFO   ] [Scanner]   Validation: 3/5 indices readable, FName[3] = 'ByteProperty'
17:10:04 [INFO   ] [Scanner] Scanning for GObjects...
17:10:04 [INFO   ] [Scanner]   Trying GObjects pattern 1/3...
17:10:04 [INFO   ] [Scanner]   Trying GObjects pattern 2/3...
17:10:04 [INFO   ] [Scanner] Zone FName[1444051] = 'XZ_YuJinZhiXiBiNanSuo200' (GWorld 0x2CFD71F1BE0)
17:10:04 [INFO   ] [Scanner]   GObjects found at 0x7FF7D249ADE8 (pattern 2)
17:10:04 [INFO   ] [Scanner]   NumElements=135613, NumChunks=3
17:10:04 [INFO   ] Portal detector initialized (deferred)
17:10:04 [INFO   ] [AddrMgr] FNamePool auto-populated: 0x7FF7D2481D40
17:10:06 [INFO   ] [Scanner] Zone FName[1919597] = 'UIMainLevelV2' (GWorld 0x2CEAD5452A0)
17:10:07 [INFO   ] [Scanner] Zone FName[1444051] = 'XZ_YuJinZhiXiBiNanSuo200' (GWorld 0x2CFD71F1BE0)
17:10:07 [INFO   ] [Scanner] Zone FName[1919597] = 'UIMainLevelV2' (GWorld 0x2CEAD5452A0)
17:10:08 [INFO   ] [Scanner] Zone FName[1444051] = 'XZ_YuJinZhiXiBiNanSuo200' (GWorld 0x2CFD71F1BE0)
17:10:08 [INFO   ] [Scanner] Zone FName[1919597] = 'UIMainLevelV2' (GWorld 0x2CEAD5452A0)
17:10:09 [INFO   ] [Scanner] Zone FName[1444051] = 'XZ_YuJinZhiXiBiNanSuo200' (GWorld 0x2CFD71F1BE0)
17:10:11 [INFO   ] [Scanner] Zone FName[1444123] = 'YJ_XieDuYuZuo200' (GWorld 0x2CFCF8B8960)
17:11:28 [INFO   ] [AddrMgr] === UE4 Dump-Verified Chain ===
17:11:28 [INFO   ] [AddrMgr] Chain: GWorld -> OwningGameInstance -> LocalPlayers[0] -> PlayerController -> Pawn -> RootComponent -> RelativeLocation
17:11:28 [INFO   ] [AddrMgr] Offsets: 0x210 -> 0x38 -> 0x0 -> 0x30 -> 0x250 -> 0x130 -> 0x124
17:11:28 [INFO   ] [AddrMgr] Main module: torchlight_infinite.exe at 0x7FF7CA760000
17:11:28 [INFO   ] [AddrMgr] Trying saved GWorld offset 0x7E84588...
17:11:28 [INFO   ] [AddrMgr] GWorld static at 0x7FF7D25E4588, points to 0x2CFCF8B8960
17:11:28 [INFO   ] [AddrMgr]   OwningGameInstance: 0x2CFCF8B8960+0x210 -> 0x2CEC2E4B140
17:11:28 [INFO   ] [AddrMgr]   LocalPlayers (TArray data): 0x2CEC2E4B140+0x38 -> 0x2CEAA293C40
17:11:28 [INFO   ] [AddrMgr]   LocalPlayer[0]: 0x2CEAA293C40+0x0 -> 0x2CEAEB86500
17:11:28 [INFO   ] [AddrMgr]   PlayerController: 0x2CEAEB86500+0x30 -> 0x2CFFC7F40C0
17:11:28 [INFO   ] [AddrMgr]   Pawn (ERolePlayer): 0x2CFFC7F40C0+0x250 -> 0x2CFE07D6930
17:11:28 [INFO   ] [AddrMgr]   RootComponent: 0x2CFE07D6930+0x130 -> 0x2D01494D9C0
17:11:28 [INFO   ] [AddrMgr]   RelativeLocation: (-13950.0, 8450.0, 5.0)
17:11:28 [INFO   ] [AddrMgr] Stability check (reading twice, 0.3s apart)...
17:11:29 [INFO   ] [AddrMgr]   Drift: 0.00 (threshold: 2.0)
17:11:29 [INFO   ] [AddrMgr] SUCCESS! Dump-verified chain resolved
17:11:29 [INFO   ] [AddrMgr] Position: (-13950.0, 8450.0, 5.0)
17:11:29 [INFO   ] [AddrMgr] Base: torchlight_infinite.exe+0x7E84588
17:11:29 [INFO   ] [AddrMgr] Chain: 0x210 -> 0x38 -> 0x0 -> 0x30 -> 0x250 -> 0x130 -> 0x124
17:11:29 [INFO   ] [AddrMgr] Saving discovered addresses...
17:11:29 [DEBUG  ] Addresses saved
17:11:29 [DEBUG  ] Addresses saved
17:11:29 [DEBUG  ] Addresses saved
17:11:29 [INFO   ] [AddrMgr] Addresses saved to Address Setup
17:11:29 [INFO   ] [AddrMgr] Scanning for FNamePool...
17:11:29 [INFO   ] [AddrMgr]   Trying FNamePool pattern 1/6...
17:11:29 [INFO   ] [AddrMgr]   FNamePool found at 0x7FF7D2481D40 (pattern 1)
17:11:29 [INFO   ] [AddrMgr]   Validation: 3/5 indices readable, FName[3] = 'ByteProperty'
17:11:29 [INFO   ] [AddrMgr] Scanning for GObjects...
17:11:29 [INFO   ] [AddrMgr]   Trying GObjects pattern 1/3...
17:11:29 [INFO   ] [AddrMgr]   Trying GObjects pattern 2/3...
17:11:29 [INFO   ] [AddrMgr]   GObjects found at 0x7FF7D249ADE8 (pattern 2)
17:11:29 [INFO   ] [AddrMgr]   NumElements=135613, NumChunks=3
17:11:31 [INFO   ] [AddrMgr] Running EGameplay explorer...
17:11:31 [DEBUG  ] [GObjects] Found 4 instances of class 'EGameplay'
17:11:32 [DEBUG  ] [GObjects] Found 57 instances of class 'ECfgComponent'
17:11:32 [DEBUG  ] [GObjects] NumElements=135613, NumChunks=3
17:11:33 [DEBUG  ] [GObjects] Found 2 objects named 'FightMgr'
17:11:33 [INFO   ] [AddrMgr] === EGameplay Explorer ===
17:11:33 [INFO   ] [AddrMgr] Found 4 EGameplay, 57 ECfgComponent
17:11:33 [INFO   ] [AddrMgr] Matched pairs (by Outer): 4
17:11:33 [INFO   ] [AddrMgr] 
17:11:33 [INFO   ] [AddrMgr] --- ECfgComponent->EGameplay Matches (live only) ---
17:11:33 [INFO   ] [AddrMgr]   (45 CDO ECfgComponents filtered out, 9 non-EGameplay)
17:11:33 [INFO   ] [AddrMgr]   ECfg 0x2CFD8F03580 -> Outer 0x2CFB8CD11E0 name='EGameplay' class='EGameplay'
17:11:33 [INFO   ] [AddrMgr]   ECfg 0x2CFE7A71F00 -> Outer 0x2CFB8CD21C0 name='EGameplay' class='EGameplay'
17:11:33 [INFO   ] [AddrMgr]   ECfg 0x2D014948680 -> Outer 0x2CFB8CDE830 name='EGameplay' class='EGameplay'
17:11:33 [INFO   ] [AddrMgr] 
17:11:33 [INFO   ] [AddrMgr] (Filtered out 1 CDO/Default__ objects)
17:11:33 [INFO   ] [AddrMgr] Live EGameplay instances: 3
17:11:33 [INFO   ] [AddrMgr] 
17:11:33 [INFO   ] [AddrMgr] --- EGameplay #0: EGameplay at 0x2CFB8CD11E0 ---
17:11:33 [INFO   ] [AddrMgr]   InternalIndex@0x0C: 105053 | FName.Number@0x1C: 2147383287
17:11:33 [INFO   ] [AddrMgr]   Class: 'EGameplay'
17:11:33 [INFO   ] [AddrMgr]   Position: (0.0, 0.0, 0.0)
17:11:33 [INFO   ] [AddrMgr]   SubObject@0x4E0: 0x2CEA9938380 name='EMsg' class='EMsgComponent' outer='EGameplay' iidx=105050 fnum=0
17:11:33 [INFO   ] [AddrMgr]   WaveCounter@0x618: 0 | SpawnIndex@0x714: 11
17:11:33 [INFO   ] [AddrMgr]   All children (Outer=this, 3 found):
17:11:33 [INFO   ] [AddrMgr]     0x2CEA9938380 name='EMsg' class='EMsgComponent' iidx=105050 fnum=0
17:11:33 [INFO   ] [AddrMgr]     0x2CFD8F03580 name='ECfg' class='ECfgComponent' iidx=105051 fnum=0
17:11:33 [INFO   ] [AddrMgr]     0x2CFE7A7D540 name='UserEntity' class='SceneComponent' iidx=105052 fnum=0
17:11:33 [INFO   ] [AddrMgr]   ECfgComponent at 0x2CFD8F03580
17:11:33 [INFO   ] [AddrMgr]   CfgInfo raw (ECfg+0x120, 32 bytes):
17:11:33 [INFO   ] [AddrMgr]     00 00 00 00 00 00 00 00 00 00 00 00 00 00 00 00 00 00 00 00 00 00 00 00 00 00 00 00 00 00 80 3F
17:11:33 [INFO   ] [AddrMgr]   CfgInfo.ID = 0x0 (0) -> UNKNOWN
17:11:33 [INFO   ] [AddrMgr]   CfgInfo.Type = 0x0 (0)
17:11:33 [INFO   ] [AddrMgr]   CfgInfo.ExtendId = 0x0 (0)
17:11:33 [INFO   ] [AddrMgr]   ECfgComponent memory (ECfg+0x0, 256 bytes):
17:11:33 [INFO   ] [AddrMgr]     +0x000: 08 A4 61 CF F7 7F 00 00 08 00 04 00 5B 9A 01 00  ..a.........[...
17:11:33 [INFO   ] [AddrMgr]     +0x010: 00 16 9C AF CE 02 00 00 52 12 01 00 00 00 00 00  ........R.......
17:11:33 [INFO   ] [AddrMgr]     +0x020: E0 11 CD B8 CF 02 00 00 D0 A8 61 CF F7 7F 00 00  ..........a.....
17:11:33 [INFO   ] [AddrMgr]     +0x030: 68 61 61 CF F7 7F 00 00 02 00 0C 00 00 00 00 00  haa.............
17:11:33 [INFO   ] [AddrMgr]     +0x040: 00 00 00 00 00 00 00 00 00 00 00 00 00 00 00 00  ................
17:11:33 [INFO   ] [AddrMgr]     +0x050: 00 00 00 00 00 00 00 00 00 00 00 00 00 00 00 00  ................
17:11:33 [INFO   ] [AddrMgr]     +0x060: 00 00 00 00 00 00 00 00 00 00 00 00 00 00 00 00  ................
17:11:33 [INFO   ] [AddrMgr]     +0x070: 00 00 00 00 00 00 00 00 00 00 00 00 00 00 00 00  ................
17:11:33 [INFO   ] [AddrMgr]     +0x080: 00 00 00 00 00 00 00 00 FF FF FF FF FF FF FF FF  ................
17:11:33 [INFO   ] [AddrMgr]     +0x090: 01 06 42 05 00 00 00 00 00 00 00 00 00 00 00 00  ..B.............
17:11:33 [INFO   ] [AddrMgr]     +0x0A0: 00 00 00 00 00 00 00 00 E0 11 CD B8 CF 02 00 00  ................
17:11:33 [INFO   ] [AddrMgr]     +0x0B0: 60 89 8B CF CF 02 00 00 00 00 00 00 00 00 00 00  `...............
17:11:33 [INFO   ] [AddrMgr]     +0x0C0: E0 11 CD B8 CF 02 00 00 00 00 00 00 00 00 00 00  ................
17:11:33 [INFO   ] [AddrMgr]     +0x0D0: 00 00 00 00 00 00 00 00 00 00 00 00 00 00 00 00  ................
17:11:33 [INFO   ] [AddrMgr]     +0x0E0: 00 00 00 00 00 00 00 00 00 00 00 00 00 00 00 00  ................
17:11:33 [INFO   ] [AddrMgr]     +0x0F0: 00 00 00 00 00 00 00 00 00 00 00 00 80 00 00 00  ................
17:11:33 [INFO   ] [AddrMgr]   ECfgComponent memory (ECfg+0x100, 256 bytes):
17:11:33 [INFO   ] [AddrMgr]     +0x100: FF FF FF FF 00 00 00 00 00 00 00 00 00 00 00 00  ................
17:11:33 [INFO   ] [AddrMgr]     +0x110: 00 00 00 00 00 00 00 00 00 00 00 00 00 00 00 00  ................
17:11:33 [INFO   ] [AddrMgr]     +0x120: 00 00 00 00 00 00 00 00 00 00 00 00 00 00 00 00  ................
17:11:33 [INFO   ] [AddrMgr]     +0x130: 00 00 00 00 00 00 00 00 00 00 00 00 00 00 80 3F  ...............?
17:11:33 [INFO   ] [AddrMgr]     +0x140: 00 00 00 00 00 00 00 00 00 00 00 00 00 00 00 00  ................
17:11:33 [INFO   ] [AddrMgr]     +0x150: 00 00 00 00 00 00 00 00 00 00 00 00 00 00 00 00  ................
17:11:33 [INFO   ] [AddrMgr]     +0x160: 00 00 00 00 00 00 00 00 00 00 00 00 00 00 00 00  ................
17:11:33 [INFO   ] [AddrMgr]     +0x170: 00 00 00 00 00 00 00 00 00 00 00 00 80 00 00 00  ................
17:11:33 [INFO   ] [AddrMgr]     +0x180: FF FF FF FF 00 00 00 00 00 00 00 00 00 00 00 00  ................
17:11:33 [INFO   ] [AddrMgr]     +0x190: 00 00 00 00 00 00 00 00 00 00 00 00 00 00 00 00  ................
17:11:33 [INFO   ] [AddrMgr]     +0x1A0: 00 00 00 00 00 00 00 00 00 00 00 00 00 00 00 00  ................
17:11:33 [INFO   ] [AddrMgr]     +0x1B0: 00 00 00 00 00 00 00 00 00 00 00 00 00 00 00 00  ................
17:11:33 [INFO   ] [AddrMgr]     +0x1C0: 00 00 00 00 00 00 00 00 00 00 00 00 80 00 00 00  ................
17:11:33 [INFO   ] [AddrMgr]     +0x1D0: FF FF FF FF 00 00 00 00 00 00 00 00 00 00 00 00  ................
17:11:33 [INFO   ] [AddrMgr]     +0x1E0: 00 00 00 00 00 00 00 00 00 00 00 00 00 00 00 00  ................
17:11:33 [INFO   ] [AddrMgr]     +0x1F0: 00 00 00 00 00 00 00 00 00 00 00 00 00 00 00 00  ................
17:11:33 [INFO   ] [AddrMgr]   ECfgComponent memory (ECfg+0x200, 64 bytes):
17:11:33 [INFO   ] [AddrMgr]     +0x200: 00 00 00 00 00 00 00 00 00 00 00 00 00 00 00 00  ................
17:11:33 [INFO   ] [AddrMgr]     +0x210: 00 00 00 00 00 00 00 00 00 00 00 00 80 00 00 00  ................
17:11:33 [INFO   ] [AddrMgr]     +0x220: FF FF FF FF 00 00 00 00 00 00 00 00 00 00 00 00  ................
17:11:33 [INFO   ] [AddrMgr]     +0x230: 00 00 00 00 00 00 00 00 00 00 00 00 00 00 00 00  ................
17:11:33 [INFO   ] [AddrMgr]   EGameplay memory (actor+0x200, 512 bytes):
17:11:33 [INFO   ] [AddrMgr]     +0x200: 00 00 00 00 00 00 00 00 00 00 00 00 00 00 00 00  ................
17:11:33 [INFO   ] [AddrMgr]     +0x210: 00 00 00 00 00 00 00 00 00 00 00 00 00 00 00 00  ................
17:11:33 [INFO   ] [AddrMgr]     +0x220: E8 CE 63 CF F7 7F 00 00 10 00 00 00 00 00 80 42  ..c............B
17:11:33 [INFO   ] [AddrMgr]     +0x230: 00 00 00 00 00 00 00 00 00 00 00 00 00 00 00 00  ................
17:11:33 [INFO   ] [AddrMgr]     +0x240: 00 00 00 00 00 00 00 00 00 00 00 00 00 00 00 00  ................
17:11:33 [INFO   ] [AddrMgr]     +0x250: 00 00 00 00 00 00 00 00 00 00 00 00 00 00 00 00  ................
17:11:33 [INFO   ] [AddrMgr]     +0x260: 0A D7 2F 41 00 00 00 00 00 00 00 00 00 00 00 00  ../A............
17:11:33 [INFO   ] [AddrMgr]     +0x270: 00 00 00 00 00 00 00 00 00 00 00 00 00 00 00 00  ................
17:11:33 [INFO   ] [AddrMgr]     +0x280: 00 00 00 00 00 00 00 00 40 54 57 C1 CF 02 00 00  ........@TW.....
17:11:33 [INFO   ] [AddrMgr]     +0x290: 02 00 00 00 04 00 00 00 03 00 00 00 00 00 00 00  ................
17:11:33 [INFO   ] [AddrMgr]     +0x2A0: 00 00 00 00 00 00 00 00 00 00 00 00 00 00 00 00  ................
17:11:33 [INFO   ] [AddrMgr]     +0x2B0: 02 00 00 00 80 00 00 00 FF FF FF FF 00 00 00 00  ................
17:11:33 [INFO   ] [AddrMgr]     +0x2C0: 01 00 00 00 00 00 00 00 00 00 00 00 00 00 00 00  ................
17:11:33 [INFO   ] [AddrMgr]     +0x2D0: 01 00 00 00 00 00 00 00 00 00 00 00 00 00 00 00  ................
17:11:33 [INFO   ] [AddrMgr]     +0x2E0: 00 00 00 00 00 00 00 00 00 00 00 00 00 00 00 00  ................
17:11:33 [INFO   ] [AddrMgr]     +0x2F0: 00 00 00 00 00 00 00 00 00 00 00 00 00 00 00 00  ................
17:11:33 [INFO   ] [AddrMgr]     +0x300: 00 00 00 00 00 00 00 00 00 00 00 00 00 00 00 00  ................
17:11:33 [INFO   ] [AddrMgr]     +0x310: 00 00 00 00 00 00 00 00 00 00 00 00 00 00 00 00  ................
17:11:33 [INFO   ] [AddrMgr]     +0x320: 80 35 F0 D8 CF 02 00 00 00 00 00 00 00 00 00 00  .5..............
17:11:33 [INFO   ] [AddrMgr]     +0x330: 00 00 00 00 00 00 00 00 00 00 00 00 00 00 00 00  ................
17:11:33 [INFO   ] [AddrMgr]     +0x340: 00 00 00 00 00 00 00 00 00 00 00 00 00 00 00 00  ................
17:11:33 [INFO   ] [AddrMgr]     +0x350: 00 00 00 00 00 00 00 00 00 00 00 00 00 00 00 00  ................
17:11:33 [INFO   ] [AddrMgr]     +0x360: 00 00 00 00 00 00 00 00 00 00 00 00 00 00 00 00  ................
17:11:33 [INFO   ] [AddrMgr]     +0x370: 00 00 00 00 00 00 00 00 00 00 00 00 00 00 00 00  ................
17:11:33 [INFO   ] [AddrMgr]     +0x380: 00 00 00 00 00 00 00 00 00 00 00 00 00 00 00 00  ................
17:11:33 [INFO   ] [AddrMgr]     +0x390: 00 00 00 00 00 00 00 00 00 00 00 00 00 00 00 00  ................
17:11:33 [INFO   ] [AddrMgr]     +0x3A0: 00 00 00 00 00 00 00 00 00 00 00 00 00 00 00 00  ................
17:11:33 [INFO   ] [AddrMgr]     +0x3B0: 00 00 00 00 00 00 00 00 00 00 00 00 00 00 00 00  ................
17:11:33 [INFO   ] [AddrMgr]     +0x3C0: 00 00 00 00 00 00 00 00 00 00 00 00 00 00 00 00  ................
17:11:33 [INFO   ] [AddrMgr]     +0x3D0: 00 00 00 00 00 00 00 00 00 00 00 00 00 00 00 00  ................
17:11:33 [INFO   ] [AddrMgr]     +0x3E0: 00 00 00 00 00 00 00 00 00 00 00 00 00 00 00 00  ................
17:11:33 [INFO   ] [AddrMgr]     +0x3F0: 00 00 00 00 00 00 00 00 00 00 00 00 00 00 00 00  ................
17:11:33 [INFO   ] [AddrMgr]   EGameplay memory (actor+0x400, 512 bytes):
17:11:33 [INFO   ] [AddrMgr]     +0x400: 00 00 00 00 00 00 00 00 00 00 00 00 00 00 00 00  ................
17:11:33 [INFO   ] [AddrMgr]     +0x410: 00 00 00 00 00 00 00 00 00 00 00 00 00 00 00 00  ................
17:11:33 [INFO   ] [AddrMgr]     +0x420: 00 00 00 00 00 00 00 00 00 00 00 00 00 00 00 00  ................
17:11:33 [INFO   ] [AddrMgr]     +0x430: 00 00 00 00 00 00 00 00 00 00 00 00 00 00 00 00  ................
17:11:33 [INFO   ] [AddrMgr]     +0x440: 00 00 00 00 00 00 00 00 00 00 00 00 00 00 00 00  ................
17:11:33 [INFO   ] [AddrMgr]     +0x450: 00 00 00 00 00 00 00 00 00 00 00 00 00 00 00 00  ................
17:11:33 [INFO   ] [AddrMgr]     +0x460: 00 00 00 00 00 00 00 00 00 00 00 00 00 00 00 00  ................
17:11:33 [INFO   ] [AddrMgr]     +0x470: 00 00 00 00 00 00 00 00 00 00 00 00 00 00 00 00  ................
17:11:33 [INFO   ] [AddrMgr]     +0x480: 00 00 00 00 00 00 00 00 00 00 00 00 00 00 00 00  ................
17:11:33 [INFO   ] [AddrMgr]     +0x490: 00 00 00 00 00 00 00 00 00 00 00 00 00 00 00 00  ................
17:11:33 [INFO   ] [AddrMgr]     +0x4A0: 00 00 00 00 00 00 00 00 00 00 00 00 00 00 00 00  ................
17:11:33 [INFO   ] [AddrMgr]     +0x4B0: 00 00 00 00 00 00 00 00 00 00 00 00 00 00 00 00  ................
17:11:33 [INFO   ] [AddrMgr]     +0x4C0: 00 00 00 00 00 00 00 00 00 00 00 00 00 00 00 00  ................
17:11:33 [INFO   ] [AddrMgr]     +0x4D0: 00 00 00 00 00 00 00 00 00 00 00 00 00 00 00 00  ................
17:11:33 [INFO   ] [AddrMgr]     +0x4E0: 80 83 93 A9 CE 02 00 00 00 00 00 00 00 00 00 00  ................
17:11:33 [INFO   ] [AddrMgr]     +0x4F0: 00 00 00 00 00 00 00 00 00 00 00 00 00 00 00 00  ................
17:11:33 [INFO   ] [AddrMgr]     +0x500: 00 00 00 00 00 00 00 00 00 00 00 00 00 00 00 00  ................
17:11:33 [INFO   ] [AddrMgr]     +0x510: 00 00 00 00 00 00 00 00 00 00 00 00 00 00 00 00  ................
17:11:33 [INFO   ] [AddrMgr]     +0x520: 00 00 00 00 00 00 00 00 00 00 00 00 00 00 00 00  ................
17:11:33 [INFO   ] [AddrMgr]     +0x530: 00 00 00 00 00 00 00 00 00 00 00 00 00 00 00 00  ................
17:11:33 [INFO   ] [AddrMgr]     +0x540: 00 00 00 00 00 00 00 00 00 00 00 00 00 00 00 00  ................
17:11:33 [INFO   ] [AddrMgr]     +0x550: 00 00 00 00 00 00 00 00 00 00 00 00 00 00 00 00  ................
17:11:33 [INFO   ] [AddrMgr]     +0x560: 00 00 00 00 00 00 00 00 00 00 00 00 00 00 00 00  ................
17:11:33 [INFO   ] [AddrMgr]     +0x570: 00 00 00 00 00 00 00 00 00 00 00 00 00 00 00 00  ................
17:11:33 [INFO   ] [AddrMgr]     +0x580: 00 00 00 00 00 00 00 00 00 00 00 00 00 00 00 00  ................
17:11:33 [INFO   ] [AddrMgr]     +0x590: 00 00 00 00 00 00 00 00 00 00 00 00 00 00 00 00  ................
17:11:33 [INFO   ] [AddrMgr]     +0x5A0: 00 00 00 00 00 00 00 00 00 00 00 00 00 00 00 00  ................
17:11:33 [INFO   ] [AddrMgr]     +0x5B0: 00 00 00 00 00 00 00 00 00 00 00 00 00 00 00 00  ................
17:11:33 [INFO   ] [AddrMgr]     +0x5C0: 00 00 00 00 00 00 00 00 00 00 00 00 00 00 00 00  ................
17:11:33 [INFO   ] [AddrMgr]     +0x5D0: 00 00 00 00 00 00 00 00 00 00 00 00 00 00 00 00  ................
17:11:33 [INFO   ] [AddrMgr]     +0x5E0: 00 00 00 00 00 00 00 00 00 00 00 00 00 00 00 00  ................
17:11:33 [INFO   ] [AddrMgr]     +0x5F0: 00 00 00 00 00 00 00 00 00 00 00 00 00 00 00 00  ................
17:11:33 [INFO   ] [AddrMgr]   EGameplay memory (actor+0x600, 296 bytes):
17:11:33 [INFO   ] [AddrMgr]     +0x600: FF FF FF FF 00 00 00 00 01 01 00 00 A1 88 08 3E  ...............>
17:11:33 [INFO   ] [AddrMgr]     +0x610: 00 00 00 00 01 00 00 00 00 00 00 00 00 01 00 00  ................
17:11:33 [INFO   ] [AddrMgr]     +0x620: 9A 88 88 3D 00 00 00 00 00 00 00 00 00 00 00 00  ...=............
17:11:33 [INFO   ] [AddrMgr]     +0x630: 00 00 00 00 00 00 00 00 00 00 00 00 00 00 00 00  ................
17:11:33 [INFO   ] [AddrMgr]     +0x640: 00 00 00 00 00 00 00 00 00 00 00 00 00 00 00 00  ................
17:11:33 [INFO   ] [AddrMgr]     +0x650: 00 00 00 00 00 00 00 00 00 00 00 00 00 00 00 00  ................
17:11:33 [INFO   ] [AddrMgr]     +0x660: 00 00 00 00 00 00 00 00 00 00 00 00 00 00 00 00  ................
17:11:33 [INFO   ] [AddrMgr]     +0x670: 00 00 00 00 00 00 00 00 00 00 00 00 00 00 00 00  ................
17:11:33 [INFO   ] [AddrMgr]     +0x680: 00 00 00 00 00 00 00 00 00 00 00 00 00 00 00 00  ................
17:11:33 [INFO   ] [AddrMgr]     +0x690: 00 00 00 00 00 00 00 00 00 00 00 00 00 00 00 00  ................
17:11:33 [INFO   ] [AddrMgr]     +0x6A0: 00 00 00 00 00 00 00 00 00 00 00 00 00 00 00 00  ................
17:11:33 [INFO   ] [AddrMgr]     +0x6B0: 00 00 00 00 00 00 00 00 00 00 00 00 00 00 00 00  ................
17:11:33 [INFO   ] [AddrMgr]     +0x6C0: 00 00 00 00 00 00 00 00 00 00 00 00 00 00 00 00  ................
17:11:33 [INFO   ] [AddrMgr]     +0x6D0: 00 00 00 00 00 00 00 00 00 00 00 00 00 00 00 00  ................
17:11:33 [INFO   ] [AddrMgr]     +0x6E0: 00 00 00 00 00 00 00 00 00 00 00 00 00 00 00 00  ................
17:11:33 [INFO   ] [AddrMgr]     +0x6F0: 00 00 00 00 00 00 00 00 00 00 00 00 00 00 00 00  ................
17:11:33 [INFO   ] [AddrMgr]     +0x700: 00 00 00 00 00 00 00 00 00 00 00 00 00 00 00 00  ................
17:11:33 [INFO   ] [AddrMgr]     +0x710: 00 01 00 00 0B 00 00 00 00 00 00 00 00 00 00 00  ................
17:11:33 [INFO   ] [AddrMgr]     +0x720: 01 00 00 00 00 00 00 00                          ........
17:11:33 [INFO   ] [AddrMgr] 
17:11:33 [INFO   ] [AddrMgr] --- EGameplay #1: EGameplay at 0x2CFB8CD21C0 ---
17:11:33 [INFO   ] [AddrMgr]   InternalIndex@0x0C: 105057 | FName.Number@0x1C: 2147383288
17:11:33 [INFO   ] [AddrMgr]   Class: 'EGameplay'
17:11:33 [INFO   ] [AddrMgr]   Position: (3600.0, 0.0, 2350.0)
17:11:33 [INFO   ] [AddrMgr]   SubObject@0x4E0: 0x2CFD6E64A80 name='EMsg' class='EMsgComponent' outer='EGameplay' iidx=105054 fnum=0
17:11:33 [INFO   ] [AddrMgr]   WaveCounter@0x618: 0 | SpawnIndex@0x714: 10
17:11:33 [INFO   ] [AddrMgr]   All children (Outer=this, 3 found):
17:11:33 [INFO   ] [AddrMgr]     0x2CFD6E64A80 name='EMsg' class='EMsgComponent' iidx=105054 fnum=0
17:11:33 [INFO   ] [AddrMgr]     0x2CFE7A71F00 name='ECfg' class='ECfgComponent' iidx=105055 fnum=0
17:11:33 [INFO   ] [AddrMgr]     0x2CFD8F0E740 name='UserEntity' class='SceneComponent' iidx=105056 fnum=0
17:11:33 [INFO   ] [AddrMgr]   ECfgComponent at 0x2CFE7A71F00
17:11:33 [INFO   ] [AddrMgr]   CfgInfo raw (ECfg+0x120, 32 bytes):
17:11:33 [INFO   ] [AddrMgr]     00 00 00 00 00 00 00 00 00 00 00 00 00 00 00 00 00 00 00 00 00 00 00 00 00 00 00 00 00 00 80 3F
17:11:33 [INFO   ] [AddrMgr]   CfgInfo.ID = 0x0 (0) -> UNKNOWN
17:11:33 [INFO   ] [AddrMgr]   CfgInfo.Type = 0x0 (0)
17:11:33 [INFO   ] [AddrMgr]   CfgInfo.ExtendId = 0x0 (0)
17:11:33 [INFO   ] [AddrMgr]   ECfgComponent memory (ECfg+0x0, 256 bytes):
17:11:33 [INFO   ] [AddrMgr]     +0x000: 08 A4 61 CF F7 7F 00 00 08 00 04 00 5F 9A 01 00  ..a........._...
17:11:33 [INFO   ] [AddrMgr]     +0x010: 00 16 9C AF CE 02 00 00 52 12 01 00 00 00 00 00  ........R.......
17:11:33 [INFO   ] [AddrMgr]     +0x020: C0 21 CD B8 CF 02 00 00 D0 A8 61 CF F7 7F 00 00  .!........a.....
17:11:33 [INFO   ] [AddrMgr]     +0x030: 68 61 61 CF F7 7F 00 00 02 00 0C 00 00 00 00 00  haa.............
17:11:33 [INFO   ] [AddrMgr]     +0x040: 00 00 00 00 00 00 00 00 00 00 00 00 00 00 00 00  ................
17:11:33 [INFO   ] [AddrMgr]     +0x050: 00 00 00 00 00 00 00 00 00 00 00 00 00 00 00 00  ................
17:11:33 [INFO   ] [AddrMgr]     +0x060: 00 00 00 00 00 00 00 00 00 00 00 00 00 00 00 00  ................
17:11:33 [INFO   ] [AddrMgr]     +0x070: 00 00 00 00 00 00 00 00 00 00 00 00 00 00 00 00  ................
17:11:33 [INFO   ] [AddrMgr]     +0x080: 00 00 00 00 00 00 00 00 FF FF FF FF FF FF FF FF  ................
17:11:33 [INFO   ] [AddrMgr]     +0x090: 01 06 42 05 00 00 00 00 00 00 00 00 00 00 00 00  ..B.............
17:11:33 [INFO   ] [AddrMgr]     +0x0A0: 00 00 00 00 00 00 00 00 C0 21 CD B8 CF 02 00 00  .........!......
17:11:33 [INFO   ] [AddrMgr]     +0x0B0: 60 89 8B CF CF 02 00 00 00 00 00 00 00 00 00 00  `...............
17:11:33 [INFO   ] [AddrMgr]     +0x0C0: C0 21 CD B8 CF 02 00 00 00 00 00 00 00 00 00 00  .!..............
17:11:33 [INFO   ] [AddrMgr]     +0x0D0: 00 00 00 00 00 00 00 00 00 00 00 00 00 00 00 00  ................
17:11:33 [INFO   ] [AddrMgr]     +0x0E0: 00 00 00 00 00 00 00 00 00 00 00 00 00 00 00 00  ................
17:11:33 [INFO   ] [AddrMgr]     +0x0F0: 00 00 00 00 00 00 00 00 00 00 00 00 80 00 00 00  ................
17:11:33 [INFO   ] [AddrMgr]   ECfgComponent memory (ECfg+0x100, 256 bytes):
17:11:33 [INFO   ] [AddrMgr]     +0x100: FF FF FF FF 00 00 00 00 00 00 00 00 00 00 00 00  ................
17:11:33 [INFO   ] [AddrMgr]     +0x110: 00 00 00 00 00 00 00 00 00 00 00 00 00 00 00 00  ................
17:11:33 [INFO   ] [AddrMgr]     +0x120: 00 00 00 00 00 00 00 00 00 00 00 00 00 00 00 00  ................
17:11:33 [INFO   ] [AddrMgr]     +0x130: 00 00 00 00 00 00 00 00 00 00 00 00 00 00 80 3F  ...............?
17:11:33 [INFO   ] [AddrMgr]     +0x140: 00 00 00 00 00 00 00 00 00 00 00 00 00 00 00 00  ................
17:11:33 [INFO   ] [AddrMgr]     +0x150: 00 00 00 00 00 00 00 00 00 00 00 00 00 00 00 00  ................
17:11:33 [INFO   ] [AddrMgr]     +0x160: 00 00 00 00 00 00 00 00 00 00 00 00 00 00 00 00  ................
17:11:33 [INFO   ] [AddrMgr]     +0x170: 00 00 00 00 00 00 00 00 00 00 00 00 80 00 00 00  ................
17:11:33 [INFO   ] [AddrMgr]     +0x180: FF FF FF FF 00 00 00 00 00 00 00 00 00 00 00 00  ................
17:11:33 [INFO   ] [AddrMgr]     +0x190: 00 00 00 00 00 00 00 00 00 00 00 00 00 00 00 00  ................
17:11:33 [INFO   ] [AddrMgr]     +0x1A0: 00 00 00 00 00 00 00 00 00 00 00 00 00 00 00 00  ................
17:11:33 [INFO   ] [AddrMgr]     +0x1B0: 00 00 00 00 00 00 00 00 00 00 00 00 00 00 00 00  ................
17:11:33 [INFO   ] [AddrMgr]     +0x1C0: 00 00 00 00 00 00 00 00 00 00 00 00 80 00 00 00  ................
17:11:33 [INFO   ] [AddrMgr]     +0x1D0: FF FF FF FF 00 00 00 00 00 00 00 00 00 00 00 00  ................
17:11:33 [INFO   ] [AddrMgr]     +0x1E0: 00 00 00 00 00 00 00 00 00 00 00 00 00 00 00 00  ................
17:11:33 [INFO   ] [AddrMgr]     +0x1F0: 00 00 00 00 00 00 00 00 00 00 00 00 00 00 00 00  ................
17:11:33 [INFO   ] [AddrMgr]   ECfgComponent memory (ECfg+0x200, 64 bytes):
17:11:33 [INFO   ] [AddrMgr]     +0x200: 00 00 00 00 00 00 00 00 00 00 00 00 00 00 00 00  ................
17:11:33 [INFO   ] [AddrMgr]     +0x210: 00 00 00 00 00 00 00 00 00 00 00 00 80 00 00 00  ................
17:11:33 [INFO   ] [AddrMgr]     +0x220: FF FF FF FF 00 00 00 00 00 00 00 00 00 00 00 00  ................
17:11:33 [INFO   ] [AddrMgr]     +0x230: 00 00 00 00 00 00 00 00 00 00 00 00 00 00 00 00  ................
17:11:33 [INFO   ] [AddrMgr]   EGameplay memory (actor+0x200, 512 bytes):
17:11:33 [INFO   ] [AddrMgr]     +0x200: 00 00 00 00 00 00 00 00 00 00 00 00 00 00 00 00  ................
17:11:33 [INFO   ] [AddrMgr]     +0x210: 00 00 00 00 00 00 00 00 00 00 00 00 00 00 00 00  ................
17:11:33 [INFO   ] [AddrMgr]     +0x220: E8 CE 63 CF F7 7F 00 00 10 00 00 00 00 00 80 42  ..c............B
17:11:33 [INFO   ] [AddrMgr]     +0x230: 00 00 00 00 00 00 00 00 00 00 00 00 00 00 00 00  ................
17:11:33 [INFO   ] [AddrMgr]     +0x240: 00 00 00 00 00 00 00 00 00 00 00 00 00 00 00 00  ................
17:11:33 [INFO   ] [AddrMgr]     +0x250: 00 00 00 00 00 00 00 00 00 00 00 00 00 00 00 00  ................
17:11:33 [INFO   ] [AddrMgr]     +0x260: 0A D7 2F 41 00 00 00 00 00 00 00 00 00 00 00 00  ../A............
17:11:33 [INFO   ] [AddrMgr]     +0x270: 00 00 00 00 00 00 00 00 00 00 00 00 00 00 00 00  ................
17:11:33 [INFO   ] [AddrMgr]     +0x280: 00 00 00 00 00 00 00 00 C0 E8 57 C1 CF 02 00 00  ..........W.....
17:11:33 [INFO   ] [AddrMgr]     +0x290: 02 00 00 00 04 00 00 00 03 00 00 00 00 00 00 00  ................
17:11:33 [INFO   ] [AddrMgr]     +0x2A0: 00 00 00 00 00 00 00 00 00 00 00 00 00 00 00 00  ................
17:11:33 [INFO   ] [AddrMgr]     +0x2B0: 02 00 00 00 80 00 00 00 FF FF FF FF 00 00 00 00  ................
17:11:33 [INFO   ] [AddrMgr]     +0x2C0: 01 00 00 00 00 00 00 00 00 00 00 00 00 00 00 00  ................
17:11:33 [INFO   ] [AddrMgr]     +0x2D0: 01 00 00 00 00 00 00 00 00 00 00 00 00 00 00 00  ................
17:11:33 [INFO   ] [AddrMgr]     +0x2E0: 00 00 00 00 00 00 00 00 00 00 00 00 00 00 00 00  ................
17:11:33 [INFO   ] [AddrMgr]     +0x2F0: 00 00 00 00 00 00 00 00 00 00 00 00 00 00 00 00  ................
17:11:33 [INFO   ] [AddrMgr]     +0x300: 00 00 00 00 00 00 00 00 00 00 00 00 00 00 00 00  ................
17:11:33 [INFO   ] [AddrMgr]     +0x310: 00 00 00 00 00 00 00 00 00 00 00 00 00 00 00 00  ................
17:11:33 [INFO   ] [AddrMgr]     +0x320: 00 1F A7 E7 CF 02 00 00 00 00 00 00 00 00 00 00  ................
17:11:33 [INFO   ] [AddrMgr]     +0x330: 00 00 00 00 00 00 00 00 00 00 00 00 00 00 00 00  ................
17:11:33 [INFO   ] [AddrMgr]     +0x340: 00 00 00 00 00 00 00 00 00 00 00 00 00 00 00 00  ................
17:11:33 [INFO   ] [AddrMgr]     +0x350: 00 00 00 00 00 00 00 00 00 00 00 00 00 00 00 00  ................
17:11:33 [INFO   ] [AddrMgr]     +0x360: 00 00 00 00 00 00 00 00 00 00 00 00 00 00 00 00  ................
17:11:33 [INFO   ] [AddrMgr]     +0x370: 00 00 00 00 00 00 00 00 00 00 00 00 00 00 00 00  ................
17:11:33 [INFO   ] [AddrMgr]     +0x380: 00 00 00 00 00 00 00 00 00 00 00 00 00 00 00 00  ................
17:11:33 [INFO   ] [AddrMgr]     +0x390: 00 00 00 00 00 00 00 00 00 00 00 00 00 00 00 00  ................
17:11:33 [INFO   ] [AddrMgr]     +0x3A0: 00 00 00 00 00 00 00 00 00 00 00 00 00 00 00 00  ................
17:11:33 [INFO   ] [AddrMgr]     +0x3B0: 00 00 00 00 00 00 00 00 00 00 00 00 00 00 00 00  ................
17:11:33 [INFO   ] [AddrMgr]     +0x3C0: 00 00 00 00 00 00 00 00 00 00 00 00 00 00 00 00  ................
17:11:33 [INFO   ] [AddrMgr]     +0x3D0: 00 00 00 00 00 00 00 00 00 00 00 00 00 00 00 00  ................
17:11:33 [INFO   ] [AddrMgr]     +0x3E0: 00 00 00 00 00 00 00 00 00 00 00 00 00 00 00 00  ................
17:11:33 [INFO   ] [AddrMgr]     +0x3F0: 00 00 00 00 00 00 00 00 00 00 00 00 00 00 00 00  ................
17:11:33 [INFO   ] [AddrMgr]   EGameplay memory (actor+0x400, 512 bytes):
17:11:33 [INFO   ] [AddrMgr]     +0x400: 00 00 00 00 00 00 00 00 00 00 00 00 00 00 00 00  ................
17:11:33 [INFO   ] [AddrMgr]     +0x410: 00 00 00 00 00 00 00 00 00 00 00 00 00 00 00 00  ................
17:11:33 [INFO   ] [AddrMgr]     +0x420: 00 00 00 00 00 00 00 00 00 00 00 00 00 00 00 00  ................
17:11:33 [INFO   ] [AddrMgr]     +0x430: 00 00 00 00 00 00 00 00 00 00 00 00 00 00 00 00  ................
17:11:33 [INFO   ] [AddrMgr]     +0x440: 00 00 00 00 00 00 00 00 00 00 00 00 00 00 00 00  ................
17:11:33 [INFO   ] [AddrMgr]     +0x450: 00 00 00 00 00 00 00 00 00 00 00 00 00 00 00 00  ................
17:11:33 [INFO   ] [AddrMgr]     +0x460: 00 00 00 00 00 00 00 00 00 00 00 00 00 00 00 00  ................
17:11:33 [INFO   ] [AddrMgr]     +0x470: 00 00 00 00 00 00 00 00 00 00 00 00 00 00 00 00  ................
17:11:33 [INFO   ] [AddrMgr]     +0x480: 00 00 00 00 00 00 00 00 00 00 00 00 00 00 00 00  ................
17:11:33 [INFO   ] [AddrMgr]     +0x490: 00 00 00 00 00 00 00 00 00 00 00 00 00 00 00 00  ................
17:11:33 [INFO   ] [AddrMgr]     +0x4A0: 00 00 00 00 00 00 00 00 00 00 00 00 00 00 00 00  ................
17:11:33 [INFO   ] [AddrMgr]     +0x4B0: 00 00 00 00 00 00 00 00 00 00 00 00 00 00 00 00  ................
17:11:33 [INFO   ] [AddrMgr]     +0x4C0: 00 00 00 00 00 00 00 00 00 00 00 00 00 00 00 00  ................
17:11:33 [INFO   ] [AddrMgr]     +0x4D0: 00 00 00 00 00 00 00 00 00 00 00 00 00 00 00 00  ................
17:11:33 [INFO   ] [AddrMgr]     +0x4E0: 80 4A E6 D6 CF 02 00 00 00 00 00 00 00 00 00 00  .J..............
17:11:33 [INFO   ] [AddrMgr]     +0x4F0: 00 00 00 00 00 00 00 00 00 00 00 00 00 00 00 00  ................
17:11:33 [INFO   ] [AddrMgr]     +0x500: 00 00 00 00 00 00 00 00 00 00 00 00 00 00 00 00  ................
17:11:33 [INFO   ] [AddrMgr]     +0x510: 00 00 00 00 00 00 00 00 00 00 00 00 00 00 00 00  ................
17:11:33 [INFO   ] [AddrMgr]     +0x520: 00 00 00 00 00 00 00 00 00 00 00 00 00 00 00 00  ................
17:11:33 [INFO   ] [AddrMgr]     +0x530: 00 00 00 00 00 00 00 00 00 00 00 00 00 00 00 00  ................
17:11:33 [INFO   ] [AddrMgr]     +0x540: 00 00 00 00 00 00 00 00 00 00 00 00 00 00 00 00  ................
17:11:33 [INFO   ] [AddrMgr]     +0x550: 00 00 00 00 00 00 00 00 00 00 00 00 00 00 00 00  ................
17:11:33 [INFO   ] [AddrMgr]     +0x560: 00 00 00 00 00 00 00 00 00 00 00 00 00 00 00 00  ................
17:11:33 [INFO   ] [AddrMgr]     +0x570: 00 00 00 00 00 00 00 00 00 00 00 00 00 00 00 00  ................
17:11:33 [INFO   ] [AddrMgr]     +0x580: 00 00 00 00 00 00 00 00 00 00 00 00 00 00 00 00  ................
17:11:33 [INFO   ] [AddrMgr]     +0x590: 00 00 00 00 00 00 00 00 00 00 00 00 00 00 00 00  ................
17:11:33 [INFO   ] [AddrMgr]     +0x5A0: 00 00 00 00 00 00 00 00 00 00 00 00 00 00 00 00  ................
17:11:33 [INFO   ] [AddrMgr]     +0x5B0: 00 00 00 00 00 00 00 00 00 00 00 00 00 00 00 00  ................
17:11:33 [INFO   ] [AddrMgr]     +0x5C0: 00 00 00 00 00 00 00 00 00 00 00 00 00 00 00 00  ................
17:11:33 [INFO   ] [AddrMgr]     +0x5D0: 00 00 00 00 00 00 00 00 00 00 00 00 00 00 00 00  ................
17:11:33 [INFO   ] [AddrMgr]     +0x5E0: 00 00 00 00 00 00 00 00 00 00 00 00 00 00 00 00  ................
17:11:33 [INFO   ] [AddrMgr]     +0x5F0: 00 00 00 00 00 00 00 00 00 00 00 00 00 00 00 00  ................
17:11:33 [INFO   ] [AddrMgr]   EGameplay memory (actor+0x600, 296 bytes):
17:11:33 [INFO   ] [AddrMgr]     +0x600: FF FF FF FF 00 00 00 00 01 01 00 00 A1 88 08 3E  ...............>
17:11:33 [INFO   ] [AddrMgr]     +0x610: 00 00 00 00 01 00 00 00 00 00 00 00 00 01 00 00  ................
17:11:33 [INFO   ] [AddrMgr]     +0x620: 9A 88 88 3D 00 00 00 00 00 00 00 00 00 00 00 00  ...=............
17:11:33 [INFO   ] [AddrMgr]     +0x630: 00 00 00 00 00 00 00 00 00 00 00 00 00 00 00 00  ................
17:11:33 [INFO   ] [AddrMgr]     +0x640: 00 00 00 00 00 00 00 00 00 00 00 00 00 00 00 00  ................
17:11:33 [INFO   ] [AddrMgr]     +0x650: 00 00 00 00 00 00 00 00 00 00 00 00 00 00 00 00  ................
17:11:33 [INFO   ] [AddrMgr]     +0x660: 00 00 00 00 00 00 00 00 00 00 00 00 00 00 00 00  ................
17:11:33 [INFO   ] [AddrMgr]     +0x670: 00 00 00 00 00 00 00 00 00 00 00 00 00 00 00 00  ................
17:11:33 [INFO   ] [AddrMgr]     +0x680: 00 00 00 00 00 00 00 00 00 00 00 00 00 00 00 00  ................
17:11:33 [INFO   ] [AddrMgr]     +0x690: 00 00 00 00 00 00 00 00 00 00 00 00 00 00 00 00  ................
17:11:33 [INFO   ] [AddrMgr]     +0x6A0: 00 00 00 00 00 00 00 00 00 00 00 00 00 00 00 00  ................
17:11:33 [INFO   ] [AddrMgr]     +0x6B0: 00 00 00 00 00 00 00 00 00 00 00 00 00 00 00 00  ................
17:11:33 [INFO   ] [AddrMgr]     +0x6C0: 00 00 00 00 00 00 00 00 00 00 00 00 00 00 00 00  ................
17:11:33 [INFO   ] [AddrMgr]     +0x6D0: 00 00 00 00 00 00 00 00 00 00 00 00 00 00 00 00  ................
17:11:33 [INFO   ] [AddrMgr]     +0x6E0: 00 00 00 00 00 00 00 00 00 00 00 00 00 00 00 00  ................
17:11:33 [INFO   ] [AddrMgr]     +0x6F0: 00 00 00 00 00 00 00 00 00 00 00 00 00 00 00 00  ................
17:11:33 [INFO   ] [AddrMgr]     +0x700: 00 00 00 00 00 00 00 00 00 00 00 00 00 00 00 00  ................
17:11:33 [INFO   ] [AddrMgr]     +0x710: 00 01 00 00 0A 00 00 00 00 00 00 00 00 00 00 00  ................
17:11:33 [INFO   ] [AddrMgr]     +0x720: 01 00 00 00 00 00 00 00                          ........
17:11:33 [INFO   ] [AddrMgr] 
17:11:33 [INFO   ] [AddrMgr] --- EGameplay #2: EGameplay at 0x2CFB8CDE830 ---
17:11:33 [INFO   ] [AddrMgr]   InternalIndex@0x0C: 105061 | FName.Number@0x1C: 2147383289
17:11:33 [INFO   ] [AddrMgr]   Class: 'EGameplay'
17:11:33 [INFO   ] [AddrMgr]   Position: (0.0, 0.0, 0.0)
17:11:33 [INFO   ] [AddrMgr]   SubObject@0x4E0: 0x2CEA9935080 name='EMsg' class='EMsgComponent' outer='EGameplay' iidx=105058 fnum=0
17:11:33 [INFO   ] [AddrMgr]   WaveCounter@0x618: 0 | SpawnIndex@0x714: 9
17:11:33 [INFO   ] [AddrMgr]   All children (Outer=this, 3 found):
17:11:33 [INFO   ] [AddrMgr]     0x2CEA9935080 name='EMsg' class='EMsgComponent' iidx=105058 fnum=0
17:11:33 [INFO   ] [AddrMgr]     0x2D014948680 name='ECfg' class='ECfgComponent' iidx=105059 fnum=0
17:11:33 [INFO   ] [AddrMgr]     0x2D014941A80 name='UserEntity' class='SceneComponent' iidx=105060 fnum=0
17:11:33 [INFO   ] [AddrMgr]   ECfgComponent at 0x2D014948680
17:11:33 [INFO   ] [AddrMgr]   CfgInfo raw (ECfg+0x120, 32 bytes):
17:11:33 [INFO   ] [AddrMgr]     00 00 00 00 00 00 00 00 00 00 00 00 00 00 00 00 00 00 00 00 00 00 00 00 00 00 00 00 00 00 80 3F
17:11:33 [INFO   ] [AddrMgr]   CfgInfo.ID = 0x0 (0) -> UNKNOWN
17:11:33 [INFO   ] [AddrMgr]   CfgInfo.Type = 0x0 (0)
17:11:33 [INFO   ] [AddrMgr]   CfgInfo.ExtendId = 0x0 (0)
17:11:33 [INFO   ] [AddrMgr]   ECfgComponent memory (ECfg+0x0, 256 bytes):
17:11:33 [INFO   ] [AddrMgr]     +0x000: 08 A4 61 CF F7 7F 00 00 08 00 04 00 63 9A 01 00  ..a.........c...
17:11:33 [INFO   ] [AddrMgr]     +0x010: 00 16 9C AF CE 02 00 00 52 12 01 00 00 00 00 00  ........R.......
17:11:33 [INFO   ] [AddrMgr]     +0x020: 30 E8 CD B8 CF 02 00 00 D0 A8 61 CF F7 7F 00 00  0.........a.....
17:11:33 [INFO   ] [AddrMgr]     +0x030: 68 61 61 CF F7 7F 00 00 02 00 0C 00 00 00 00 00  haa.............
17:11:33 [INFO   ] [AddrMgr]     +0x040: 00 00 00 00 00 00 00 00 00 00 00 00 00 00 00 00  ................
17:11:33 [INFO   ] [AddrMgr]     +0x050: 00 00 00 00 00 00 00 00 00 00 00 00 00 00 00 00  ................
17:11:33 [INFO   ] [AddrMgr]     +0x060: 00 00 00 00 00 00 00 00 00 00 00 00 00 00 00 00  ................
17:11:33 [INFO   ] [AddrMgr]     +0x070: 00 00 00 00 00 00 00 00 00 00 00 00 00 00 00 00  ................
17:11:33 [INFO   ] [AddrMgr]     +0x080: 00 00 00 00 00 00 00 00 FF FF FF FF FF FF FF FF  ................
17:11:33 [INFO   ] [AddrMgr]     +0x090: 01 06 42 05 00 00 00 00 00 00 00 00 00 00 00 00  ..B.............
17:11:33 [INFO   ] [AddrMgr]     +0x0A0: 00 00 00 00 00 00 00 00 30 E8 CD B8 CF 02 00 00  ........0.......
17:11:33 [INFO   ] [AddrMgr]     +0x0B0: 60 89 8B CF CF 02 00 00 00 00 00 00 00 00 00 00  `...............
17:11:33 [INFO   ] [AddrMgr]     +0x0C0: 30 E8 CD B8 CF 02 00 00 00 00 00 00 00 00 00 00  0...............
17:11:33 [INFO   ] [AddrMgr]     +0x0D0: 00 00 00 00 00 00 00 00 00 00 00 00 00 00 00 00  ................
17:11:33 [INFO   ] [AddrMgr]     +0x0E0: 00 00 00 00 00 00 00 00 00 00 00 00 00 00 00 00  ................
17:11:33 [INFO   ] [AddrMgr]     +0x0F0: 00 00 00 00 00 00 00 00 00 00 00 00 80 00 00 00  ................
17:11:33 [INFO   ] [AddrMgr]   ECfgComponent memory (ECfg+0x100, 256 bytes):
17:11:33 [INFO   ] [AddrMgr]     +0x100: FF FF FF FF 00 00 00 00 00 00 00 00 00 00 00 00  ................
17:11:33 [INFO   ] [AddrMgr]     +0x110: 00 00 00 00 00 00 00 00 00 00 00 00 00 00 00 00  ................
17:11:33 [INFO   ] [AddrMgr]     +0x120: 00 00 00 00 00 00 00 00 00 00 00 00 00 00 00 00  ................
17:11:33 [INFO   ] [AddrMgr]     +0x130: 00 00 00 00 00 00 00 00 00 00 00 00 00 00 80 3F  ...............?
17:11:33 [INFO   ] [AddrMgr]     +0x140: 00 00 00 00 00 00 00 00 00 00 00 00 00 00 00 00  ................
17:11:33 [INFO   ] [AddrMgr]     +0x150: 00 00 00 00 00 00 00 00 00 00 00 00 00 00 00 00  ................
17:11:33 [INFO   ] [AddrMgr]     +0x160: 00 00 00 00 00 00 00 00 00 00 00 00 00 00 00 00  ................
17:11:33 [INFO   ] [AddrMgr]     +0x170: 00 00 00 00 00 00 00 00 00 00 00 00 80 00 00 00  ................
17:11:33 [INFO   ] [AddrMgr]     +0x180: FF FF FF FF 00 00 00 00 00 00 00 00 00 00 00 00  ................
17:11:33 [INFO   ] [AddrMgr]     +0x190: 00 00 00 00 00 00 00 00 00 00 00 00 00 00 00 00  ................
17:11:33 [INFO   ] [AddrMgr]     +0x1A0: 00 00 00 00 00 00 00 00 00 00 00 00 00 00 00 00  ................
17:11:33 [INFO   ] [AddrMgr]     +0x1B0: 00 00 00 00 00 00 00 00 00 00 00 00 00 00 00 00  ................
17:11:33 [INFO   ] [AddrMgr]     +0x1C0: 00 00 00 00 00 00 00 00 00 00 00 00 80 00 00 00  ................
17:11:33 [INFO   ] [AddrMgr]     +0x1D0: FF FF FF FF 00 00 00 00 00 00 00 00 00 00 00 00  ................
17:11:33 [INFO   ] [AddrMgr]     +0x1E0: 00 00 00 00 00 00 00 00 00 00 00 00 00 00 00 00  ................
17:11:33 [INFO   ] [AddrMgr]     +0x1F0: 00 00 00 00 00 00 00 00 00 00 00 00 00 00 00 00  ................
17:11:33 [INFO   ] [AddrMgr]   ECfgComponent memory (ECfg+0x200, 64 bytes):
17:11:33 [INFO   ] [AddrMgr]     +0x200: 00 00 00 00 00 00 00 00 00 00 00 00 00 00 00 00  ................
17:11:33 [INFO   ] [AddrMgr]     +0x210: 00 00 00 00 00 00 00 00 00 00 00 00 80 00 00 00  ................
17:11:33 [INFO   ] [AddrMgr]     +0x220: FF FF FF FF 00 00 00 00 00 00 00 00 00 00 00 00  ................
17:11:34 [INFO   ] [AddrMgr]     +0x230: 00 00 00 00 00 00 00 00 00 00 00 00 00 00 00 00  ................
17:11:34 [INFO   ] [AddrMgr]   EGameplay memory (actor+0x200, 512 bytes):
17:11:34 [INFO   ] [AddrMgr]     +0x200: 00 00 00 00 00 00 00 00 00 00 00 00 00 00 00 00  ................
17:11:34 [INFO   ] [AddrMgr]     +0x210: 00 00 00 00 00 00 00 00 00 00 00 00 00 00 00 00  ................
17:11:34 [INFO   ] [AddrMgr]     +0x220: E8 CE 63 CF F7 7F 00 00 10 00 00 00 00 00 80 42  ..c............B
17:11:34 [INFO   ] [AddrMgr]     +0x230: 00 00 00 00 00 00 00 00 00 00 00 00 00 00 00 00  ................
17:11:34 [INFO   ] [AddrMgr]     +0x240: 00 00 00 00 00 00 00 00 00 00 00 00 00 00 00 00  ................
17:11:34 [INFO   ] [AddrMgr]     +0x250: 00 00 00 00 00 00 00 00 00 00 00 00 00 00 00 00  ................
17:11:34 [INFO   ] [AddrMgr]     +0x260: 0A D7 2F 41 00 00 00 00 00 00 00 00 00 00 00 00  ../A............
17:11:34 [INFO   ] [AddrMgr]     +0x270: 00 00 00 00 00 00 00 00 00 00 00 00 00 00 00 00  ................
17:11:34 [INFO   ] [AddrMgr]     +0x280: 00 00 00 00 00 00 00 00 60 13 57 C1 CF 02 00 00  ........`.W.....
17:11:34 [INFO   ] [AddrMgr]     +0x290: 02 00 00 00 04 00 00 00 03 00 00 00 00 00 00 00  ................
17:11:34 [INFO   ] [AddrMgr]     +0x2A0: 00 00 00 00 00 00 00 00 00 00 00 00 00 00 00 00  ................
17:11:34 [INFO   ] [AddrMgr]     +0x2B0: 02 00 00 00 80 00 00 00 FF FF FF FF 00 00 00 00  ................
17:11:34 [INFO   ] [AddrMgr]     +0x2C0: 01 00 00 00 00 00 00 00 00 00 00 00 00 00 00 00  ................
17:11:34 [INFO   ] [AddrMgr]     +0x2D0: 01 00 00 00 00 00 00 00 00 00 00 00 00 00 00 00  ................
17:11:34 [INFO   ] [AddrMgr]     +0x2E0: 00 00 00 00 00 00 00 00 00 00 00 00 00 00 00 00  ................
17:11:34 [INFO   ] [AddrMgr]     +0x2F0: 00 00 00 00 00 00 00 00 00 00 00 00 00 00 00 00  ................
17:11:34 [INFO   ] [AddrMgr]     +0x300: 00 00 00 00 00 00 00 00 00 00 00 00 00 00 00 00  ................
17:11:34 [INFO   ] [AddrMgr]     +0x310: 00 00 00 00 00 00 00 00 00 00 00 00 00 00 00 00  ................
17:11:34 [INFO   ] [AddrMgr]     +0x320: 80 86 94 14 D0 02 00 00 00 00 00 00 00 00 00 00  ................
17:11:34 [INFO   ] [AddrMgr]     +0x330: 00 00 00 00 00 00 00 00 00 00 00 00 00 00 00 00  ................
17:11:34 [INFO   ] [AddrMgr]     +0x340: 00 00 00 00 00 00 00 00 00 00 00 00 00 00 00 00  ................
17:11:34 [INFO   ] [AddrMgr]     +0x350: 00 00 00 00 00 00 00 00 00 00 00 00 00 00 00 00  ................
17:11:34 [INFO   ] [AddrMgr]     +0x360: 00 00 00 00 00 00 00 00 00 00 00 00 00 00 00 00  ................
17:11:34 [INFO   ] [AddrMgr]     +0x370: 00 00 00 00 00 00 00 00 00 00 00 00 00 00 00 00  ................
17:11:34 [INFO   ] [AddrMgr]     +0x380: 00 00 00 00 00 00 00 00 00 00 00 00 00 00 00 00  ................
17:11:34 [INFO   ] [AddrMgr]     +0x390: 00 00 00 00 00 00 00 00 00 00 00 00 00 00 00 00  ................
17:11:34 [INFO   ] [AddrMgr]     +0x3A0: 00 00 00 00 00 00 00 00 00 00 00 00 00 00 00 00  ................
17:11:34 [INFO   ] [AddrMgr]     +0x3B0: 00 00 00 00 00 00 00 00 00 00 00 00 00 00 00 00  ................
17:11:34 [INFO   ] [AddrMgr]     +0x3C0: 00 00 00 00 00 00 00 00 00 00 00 00 00 00 00 00  ................
17:11:34 [INFO   ] [AddrMgr]     +0x3D0: 00 00 00 00 00 00 00 00 00 00 00 00 00 00 00 00  ................
17:11:34 [INFO   ] [AddrMgr]     +0x3E0: 00 00 00 00 00 00 00 00 00 00 00 00 00 00 00 00  ................
17:11:34 [INFO   ] [AddrMgr]     +0x3F0: 00 00 00 00 00 00 00 00 00 00 00 00 00 00 00 00  ................
17:11:34 [INFO   ] [AddrMgr]   EGameplay memory (actor+0x400, 512 bytes):
17:11:34 [INFO   ] [AddrMgr]     +0x400: 00 00 00 00 00 00 00 00 00 00 00 00 00 00 00 00  ................
17:11:34 [INFO   ] [AddrMgr]     +0x410: 00 00 00 00 00 00 00 00 00 00 00 00 00 00 00 00  ................
17:11:34 [INFO   ] [AddrMgr]     +0x420: 00 00 00 00 00 00 00 00 00 00 00 00 00 00 00 00  ................
17:11:34 [INFO   ] [AddrMgr]     +0x430: 00 00 00 00 00 00 00 00 00 00 00 00 00 00 00 00  ................
17:11:34 [INFO   ] [AddrMgr]     +0x440: 00 00 00 00 00 00 00 00 00 00 00 00 00 00 00 00  ................
17:11:34 [INFO   ] [AddrMgr]     +0x450: 00 00 00 00 00 00 00 00 00 00 00 00 00 00 00 00  ................
17:11:34 [INFO   ] [AddrMgr]     +0x460: 00 00 00 00 00 00 00 00 00 00 00 00 00 00 00 00  ................
17:11:34 [INFO   ] [AddrMgr]     +0x470: 00 00 00 00 00 00 00 00 00 00 00 00 00 00 00 00  ................
17:11:34 [INFO   ] [AddrMgr]     +0x480: 00 00 00 00 00 00 00 00 00 00 00 00 00 00 00 00  ................
17:11:34 [INFO   ] [AddrMgr]     +0x490: 00 00 00 00 00 00 00 00 00 00 00 00 00 00 00 00  ................
17:11:34 [INFO   ] [AddrMgr]     +0x4A0: 00 00 00 00 00 00 00 00 00 00 00 00 00 00 00 00  ................
17:11:34 [INFO   ] [AddrMgr]     +0x4B0: 00 00 00 00 00 00 00 00 00 00 00 00 00 00 00 00  ................
17:11:34 [INFO   ] [AddrMgr]     +0x4C0: 00 00 00 00 00 00 00 00 00 00 00 00 00 00 00 00  ................
17:11:34 [INFO   ] [AddrMgr]     +0x4D0: 00 00 00 00 00 00 00 00 00 00 00 00 00 00 00 00  ................
17:11:34 [INFO   ] [AddrMgr]     +0x4E0: 80 50 93 A9 CE 02 00 00 00 00 00 00 00 00 00 00  .P..............
17:11:34 [INFO   ] [AddrMgr]     +0x4F0: 00 00 00 00 00 00 00 00 00 00 00 00 00 00 00 00  ................
17:11:34 [INFO   ] [AddrMgr]     +0x500: 00 00 00 00 00 00 00 00 00 00 00 00 00 00 00 00  ................
17:11:34 [INFO   ] [AddrMgr]     +0x510: 00 00 00 00 00 00 00 00 00 00 00 00 00 00 00 00  ................
17:11:34 [INFO   ] [AddrMgr]     +0x520: 00 00 00 00 00 00 00 00 00 00 00 00 00 00 00 00  ................
17:11:34 [INFO   ] [AddrMgr]     +0x530: 00 00 00 00 00 00 00 00 00 00 00 00 00 00 00 00  ................
17:11:34 [INFO   ] [AddrMgr]     +0x540: 00 00 00 00 00 00 00 00 00 00 00 00 00 00 00 00  ................
17:11:34 [INFO   ] [AddrMgr]     +0x550: 00 00 00 00 00 00 00 00 00 00 00 00 00 00 00 00  ................
17:11:34 [INFO   ] [AddrMgr]     +0x560: 00 00 00 00 00 00 00 00 00 00 00 00 00 00 00 00  ................
17:11:34 [INFO   ] [AddrMgr]     +0x570: 00 00 00 00 00 00 00 00 00 00 00 00 00 00 00 00  ................
17:11:34 [INFO   ] [AddrMgr]     +0x580: 00 00 00 00 00 00 00 00 00 00 00 00 00 00 00 00  ................
17:11:34 [INFO   ] [AddrMgr]     +0x590: 00 00 00 00 00 00 00 00 00 00 00 00 00 00 00 00  ................
17:11:34 [INFO   ] [AddrMgr]     +0x5A0: 00 00 00 00 00 00 00 00 00 00 00 00 00 00 00 00  ................
17:11:34 [INFO   ] [AddrMgr]     +0x5B0: 00 00 00 00 00 00 00 00 00 00 00 00 00 00 00 00  ................
17:11:34 [INFO   ] [AddrMgr]     +0x5C0: 00 00 00 00 00 00 00 00 00 00 00 00 00 00 00 00  ................
17:11:34 [INFO   ] [AddrMgr]     +0x5D0: 00 00 00 00 00 00 00 00 00 00 00 00 00 00 00 00  ................
17:11:34 [INFO   ] [AddrMgr]     +0x5E0: 00 00 00 00 00 00 00 00 00 00 00 00 00 00 00 00  ................
17:11:34 [INFO   ] [AddrMgr]     +0x5F0: 00 00 00 00 00 00 00 00 00 00 00 00 00 00 00 00  ................
17:11:34 [INFO   ] [AddrMgr]   EGameplay memory (actor+0x600, 296 bytes):
17:11:34 [INFO   ] [AddrMgr]     +0x600: FF FF FF FF 00 00 00 00 01 01 00 00 A1 88 08 3E  ...............>
17:11:34 [INFO   ] [AddrMgr]     +0x610: 00 00 00 00 01 00 00 00 00 00 00 00 00 01 00 00  ................
17:11:34 [INFO   ] [AddrMgr]     +0x620: 9A 88 88 3D 00 00 00 00 00 00 00 00 00 00 00 00  ...=............
17:11:34 [INFO   ] [AddrMgr]     +0x630: 00 00 00 00 00 00 00 00 00 00 00 00 00 00 00 00  ................
17:11:34 [INFO   ] [AddrMgr]     +0x640: 00 00 00 00 00 00 00 00 00 00 00 00 00 00 00 00  ................
17:11:34 [INFO   ] [AddrMgr]     +0x650: 00 00 00 00 00 00 00 00 00 00 00 00 00 00 00 00  ................
17:11:34 [INFO   ] [AddrMgr]     +0x660: 00 00 00 00 00 00 00 00 00 00 00 00 00 00 00 00  ................
17:11:34 [INFO   ] [AddrMgr]     +0x670: 00 00 00 00 00 00 00 00 00 00 00 00 00 00 00 00  ................
17:11:34 [INFO   ] [AddrMgr]     +0x680: 00 00 00 00 00 00 00 00 00 00 00 00 00 00 00 00  ................
17:11:34 [INFO   ] [AddrMgr]     +0x690: 00 00 00 00 00 00 00 00 00 00 00 00 00 00 00 00  ................
17:11:34 [INFO   ] [AddrMgr]     +0x6A0: 00 00 00 00 00 00 00 00 00 00 00 00 00 00 00 00  ................
17:11:34 [INFO   ] [AddrMgr]     +0x6B0: 00 00 00 00 00 00 00 00 00 00 00 00 00 00 00 00  ................
17:11:34 [INFO   ] [AddrMgr]     +0x6C0: 00 00 00 00 00 00 00 00 00 00 00 00 00 00 00 00  ................
17:11:34 [INFO   ] [AddrMgr]     +0x6D0: 00 00 00 00 00 00 00 00 00 00 00 00 00 00 00 00  ................
17:11:34 [INFO   ] [AddrMgr]     +0x6E0: 00 00 00 00 00 00 00 00 00 00 00 00 00 00 00 00  ................
17:11:34 [INFO   ] [AddrMgr]     +0x6F0: 00 00 00 00 00 00 00 00 00 00 00 00 00 00 00 00  ................
17:11:34 [INFO   ] [AddrMgr]     +0x700: 00 00 00 00 00 00 00 00 00 00 00 00 00 00 00 00  ................
17:11:34 [INFO   ] [AddrMgr]     +0x710: 00 01 00 00 09 00 00 00 00 00 00 00 00 00 00 00  ................
17:11:34 [INFO   ] [AddrMgr]     +0x720: 01 00 00 00 00 00 00 00                          ........
17:11:34 [INFO   ] [AddrMgr] 
17:11:34 [INFO   ] [AddrMgr] 
17:11:34 [INFO   ] [AddrMgr] --- Quick Scan Summary ---
17:11:34 [INFO   ] [AddrMgr]   Event: UNKNOWN(0x0) | CfgID=0x0 | pos=(0, 0) | sub='EMsg'(EMsgComponent) | wave=0 spawn=11 | EGameplay=0x2CFB8CD11E0
17:11:34 [INFO   ] [AddrMgr]   Event: UNKNOWN(0x0) | CfgID=0x0 | pos=(3600, 0) | sub='EMsg'(EMsgComponent) | wave=0 spawn=10 | EGameplay=0x2CFB8CD21C0
17:11:34 [INFO   ] [AddrMgr]   Event: UNKNOWN(0x0) | CfgID=0x0 | pos=(0, 0) | sub='EMsg'(EMsgComponent) | wave=0 spawn=9 | EGameplay=0x2CFB8CDE830
17:11:34 [INFO   ] [AddrMgr] 
17:11:34 [INFO   ] [AddrMgr] --- FightMgr.MapGamePlay TMap (typed events) ---
17:11:34 [INFO   ] [AddrMgr]   No entries found (FightMgr not resolved or no map events)
17:11:34 [INFO   ] [AddrMgr] 
17:11:34 [INFO   ] [AddrMgr] --- Quick Scan Summary (FightMgr.MapGamePlay) ---
17:11:34 [INFO   ] [AddrMgr]   No events found via FightMgr.MapGamePlay
17:11:34 [INFO   ] [AddrMgr]   (FightMgr may not be loaded — are you inside a map?)
17:11:34 [INFO   ] [AddrMgr] Saved to event_scan_20260224_171134.txt
17:35:41 [INFO   ] [Scanner] Zone FName[1445467] = 'LoginScene' (GWorld 0x2CFACB309A0)
17:35:50 [INFO   ] [Scanner] Zone FName[1444051] = 'XZ_YuJinZhiXiBiNanSuo200' (GWorld 0x2CFB6BA4060)
17:35:56 [INFO   ] [Hotkeys] Global hotkeys unregistered
17:35:56 [INFO   ] Detached from process
17:35:56 [WARNING] Failed to add log entry to GUI: invalid command name ".!ctkframe2.!dashboardtab.!ctkframe4.!ctktextbox.!text"
17:35:56 [WARNING] Failed to add log entry to GUI: invalid command name ".!ctkframe2.!dashboardtab.!ctkframe4.!ctktextbox.!text"
17:35:56 [WARNING] Failed to add log entry to GUI: invalid command name ".!ctkframe2.!dashboardtab.!ctkframe4.!ctktextbox.!text"
17:35:56 [WARNING] Failed to add log entry to GUI: invalid command name ".!ctkframe2.!dashboardtab.!ctkframe4.!ctktextbox.!text"
17:35:56 [WARNING] Failed to add log entry to GUI: invalid command name ".!ctkframe2.!dashboardtab.!ctkframe4.!ctktextbox.!text"
17:35:56 [WARNING] Failed to add log entry to GUI: invalid command name ".!ctkframe2.!dashboardtab.!ctkframe4.!ctktextbox.!text"
17:35:56 [WARNING] Failed to add log entry to GUI: invalid command name ".!ctkframe2.!dashboardtab.!ctkframe4.!ctktextbox.!text"
17:35:56 [WARNING] Failed to add log entry to GUI: invalid command name ".!ctkframe2.!dashboardtab.!ctkframe4.!ctktextbox.!text"
17:35:56 [WARNING] Failed to add log entry to GUI: invalid command name ".!ctkframe2.!dashboardtab.!ctkframe4.!ctktextbox.!text"
17:35:56 [WARNING] Failed to add log entry to GUI: invalid command name ".!ctkframe2.!dashboardtab.!ctkframe4.!ctktextbox.!text"
17:35:56 [WARNING] Failed to add log entry to GUI: invalid command name ".!ctkframe2.!dashboardtab.!ctkframe4.!ctktextbox.!text"
17:35:56 [WARNING] Failed to add log entry to GUI: invalid command name ".!ctkframe2.!dashboardtab.!ctkframe4.!ctktextbox.!text"
17:35:56 [WARNING] Failed to add log entry to GUI: invalid command name ".!ctkframe2.!dashboardtab.!ctkframe4.!ctktextbox.!text"
17:35:56 [WARNING] Failed to add log entry to GUI: invalid command name ".!ctkframe2.!dashboardtab.!ctkframe4.!ctktextbox.!text"
17:35:56 [WARNING] Failed to add log entry to GUI: invalid command name ".!ctkframe2.!dashboardtab.!ctkframe4.!ctktextbox.!text"
17:35:56 [WARNING] Failed to add log entry to GUI: invalid command name ".!ctkframe2.!dashboardtab.!ctkframe4.!ctktextbox.!text"
17:35:56 [WARNING] Failed to add log entry to GUI: invalid command name ".!ctkframe2.!dashboardtab.!ctkframe4.!ctktextbox.!text"
17:35:56 [WARNING] Failed to add log entry to GUI: invalid command name ".!ctkframe2.!dashboardtab.!ctkframe4.!ctktextbox.!text"
17:35:56 [WARNING] Failed to add log entry to GUI: invalid command name ".!ctkframe2.!dashboardtab.!ctkframe4.!ctktextbox.!text"
17:35:56 [WARNING] Failed to add log entry to GUI: invalid command name ".!ctkframe2.!dashboardtab.!ctkframe4.!ctktextbox.!text"
17:35:56 [WARNING] Failed to add log entry to GUI: invalid command name ".!ctkframe2.!dashboardtab.!ctkframe4.!ctktextbox.!text"
17:35:56 [WARNING] Failed to add log entry to GUI: invalid command name ".!ctkframe2.!dashboardtab.!ctkframe4.!ctktextbox.!text"
17:35:56 [WARNING] Failed to add log entry to GUI: invalid command name ".!ctkframe2.!dashboardtab.!ctkframe4.!ctktextbox.!text"
17:35:56 [WARNING] Failed to add log entry to GUI: invalid command name ".!ctkframe2.!dashboardtab.!ctkframe4.!ctktextbox.!text"
17:35:56 [WARNING] Failed to add log entry to GUI: invalid command name ".!ctkframe2.!dashboardtab.!ctkframe4.!ctktextbox.!text"
17:35:56 [WARNING] Failed to add log entry to GUI: invalid command name ".!ctkframe2.!dashboardtab.!ctkframe4.!ctktextbox.!text"
17:35:56 [WARNING] Failed to add log entry to GUI: invalid command name ".!ctkframe2.!dashboardtab.!ctkframe4.!ctktextbox.!text"
17:35:56 [WARNING] Failed to add log entry to GUI: invalid command name ".!ctkframe2.!dashboardtab.!ctkframe4.!ctktextbox.!text"
17:35:56 [WARNING] Failed to add log entry to GUI: invalid command name ".!ctkframe2.!dashboardtab.!ctkframe4.!ctktextbox.!text"
17:35:56 [WARNING] Failed to add log entry to GUI: invalid command name ".!ctkframe2.!dashboardtab.!ctkframe4.!ctktextbox.!text"
17:35:56 [WARNING] Failed to add log entry to GUI: invalid command name ".!ctkframe2.!dashboardtab.!ctkframe4.!ctktextbox.!text"
17:35:56 [WARNING] Failed to add log entry to GUI: invalid command name ".!ctkframe2.!dashboardtab.!ctkframe4.!ctktextbox.!text"
17:35:56 [WARNING] Failed to add log entry to GUI: invalid command name ".!ctkframe2.!dashboardtab.!ctkframe4.!ctktextbox.!text"
17:35:56 [WARNING] Failed to add log entry to GUI: invalid command name ".!ctkframe2.!dashboardtab.!ctkframe4.!ctktextbox.!text"
17:35:56 [WARNING] Failed to add log entry to GUI: invalid command name ".!ctkframe2.!dashboardtab.!ctkframe4.!ctktextbox.!text"
17:35:56 [WARNING] Failed to add log entry to GUI: invalid command name ".!ctkframe2.!dashboardtab.!ctkframe4.!ctktextbox.!text"
17:35:56 [WARNING] Failed to add log entry to GUI: invalid command name ".!ctkframe2.!dashboardtab.!ctkframe4.!ctktextbox.!text"
17:35:56 [WARNING] Failed to add log entry to GUI: invalid command name ".!ctkframe2.!dashboardtab.!ctkframe4.!ctktextbox.!text"
17:35:56 [WARNING] Failed to add log entry to GUI: invalid command name ".!ctkframe2.!dashboardtab.!ctkframe4.!ctktextbox.!text"
17:35:56 [WARNING] Failed to add log entry to GUI: invalid command name ".!ctkframe2.!dashboardtab.!ctkframe4.!ctktextbox.!text"
17:35:56 [WARNING] Failed to add log entry to GUI: invalid command name ".!ctkframe2.!dashboardtab.!ctkframe4.!ctktextbox.!text"
17:35:56 [WARNING] Failed to add log entry to GUI: invalid command name ".!ctkframe2.!dashboardtab.!ctkframe4.!ctktextbox.!text"
17:35:56 [WARNING] Failed to add log entry to GUI: invalid command name ".!ctkframe2.!dashboardtab.!ctkframe4.!ctktextbox.!text"
17:35:56 [WARNING] Failed to add log entry to GUI: invalid command name ".!ctkframe2.!dashboardtab.!ctkframe4.!ctktextbox.!text"
17:35:56 [WARNING] Failed to add log entry to GUI: invalid command name ".!ctkframe2.!dashboardtab.!ctkframe4.!ctktextbox.!text"
17:35:56 [WARNING] Failed to add log entry to GUI: invalid command name ".!ctkframe2.!dashboardtab.!ctkframe4.!ctktextbox.!text"
17:35:56 [WARNING] Failed to add log entry to GUI: invalid command name ".!ctkframe2.!dashboardtab.!ctkframe4.!ctktextbox.!text"
17:35:56 [WARNING] Failed to add log entry to GUI: invalid command name ".!ctkframe2.!dashboardtab.!ctkframe4.!ctktextbox.!text"
17:35:56 [WARNING] Failed to add log entry to GUI: invalid command name ".!ctkframe2.!dashboardtab.!ctkframe4.!ctktextbox.!text"
17:35:56 [WARNING] Failed to add log entry to GUI: invalid command name ".!ctkframe2.!dashboardtab.!ctkframe4.!ctktextbox.!text"
17:35:56 [WARNING] Failed to add log entry to GUI: invalid command name ".!ctkframe2.!dashboardtab.!ctkframe4.!ctktextbox.!text"
17:35:56 [WARNING] Failed to add log entry to GUI: invalid command name ".!ctkframe2.!dashboardtab.!ctkframe4.!ctktextbox.!text"
17:35:56 [WARNING] Failed to add log entry to GUI: invalid command name ".!ctkframe2.!dashboardtab.!ctkframe4.!ctktextbox.!text"
17:35:56 [WARNING] Failed to add log entry to GUI: invalid command name ".!ctkframe2.!dashboardtab.!ctkframe4.!ctktextbox.!text"
17:35:56 [WARNING] Failed to add log entry to GUI: invalid command name ".!ctkframe2.!dashboardtab.!ctkframe4.!ctktextbox.!text"
17:35:56 [WARNING] Failed to add log entry to GUI: invalid command name ".!ctkframe2.!dashboardtab.!ctkframe4.!ctktextbox.!text"
17:35:56 [WARNING] Failed to add log entry to GUI: invalid command name ".!ctkframe2.!dashboardtab.!ctkframe4.!ctktextbox.!text"
17:35:56 [WARNING] Failed to add log entry to GUI: invalid command name ".!ctkframe2.!dashboardtab.!ctkframe4.!ctktextbox.!text"
17:35:56 [WARNING] Failed to add log entry to GUI: invalid command name ".!ctkframe2.!dashboardtab.!ctkframe4.!ctktextbox.!text"
17:35:56 [WARNING] Failed to add log entry to GUI: invalid command name ".!ctkframe2.!dashboardtab.!ctkframe4.!ctktextbox.!text"
17:35:56 [WARNING] Failed to add log entry to GUI: invalid command name ".!ctkframe2.!dashboardtab.!ctkframe4.!ctktextbox.!text"
17:35:56 [WARNING] Failed to add log entry to GUI: invalid command name ".!ctkframe2.!dashboardtab.!ctkframe4.!ctktextbox.!text"
17:35:56 [WARNING] Failed to add log entry to GUI: invalid command name ".!ctkframe2.!dashboardtab.!ctkframe4.!ctktextbox.!text"
17:35:56 [WARNING] Failed to add log entry to GUI: invalid command name ".!ctkframe2.!dashboardtab.!ctkframe4.!ctktextbox.!text"
17:35:56 [WARNING] Failed to add log entry to GUI: invalid command name ".!ctkframe2.!dashboardtab.!ctkframe4.!ctktextbox.!text"
17:35:56 [WARNING] Failed to add log entry to GUI: invalid command name ".!ctkframe2.!dashboardtab.!ctkframe4.!ctktextbox.!text"
17:35:56 [WARNING] Failed to add log entry to GUI: invalid command name ".!ctkframe2.!dashboardtab.!ctkframe4.!ctktextbox.!text"
17:35:56 [WARNING] Failed to add log entry to GUI: invalid command name ".!ctkframe2.!dashboardtab.!ctkframe4.!ctktextbox.!text"
17:35:56 [WARNING] Failed to add log entry to GUI: invalid command name ".!ctkframe2.!dashboardtab.!ctkframe4.!ctktextbox.!text"
17:35:56 [WARNING] Failed to add log entry to GUI: invalid command name ".!ctkframe2.!dashboardtab.!ctkframe4.!ctktextbox.!text"
17:35:56 [WARNING] Failed to add log entry to GUI: invalid command name ".!ctkframe2.!dashboardtab.!ctkframe4.!ctktextbox.!text"
17:35:56 [WARNING] Failed to add log entry to GUI: invalid command name ".!ctkframe2.!dashboardtab.!ctkframe4.!ctktextbox.!text"
17:35:56 [WARNING] Failed to add log entry to GUI: invalid command name ".!ctkframe2.!dashboardtab.!ctkframe4.!ctktextbox.!text"
17:35:56 [WARNING] Failed to add log entry to GUI: invalid command name ".!ctkframe2.!dashboardtab.!ctkframe4.!ctktextbox.!text"
17:35:56 [WARNING] Failed to add log entry to GUI: invalid command name ".!ctkframe2.!dashboardtab.!ctkframe4.!ctktextbox.!text"
17:35:56 [WARNING] Failed to add log entry to GUI: invalid command name ".!ctkframe2.!dashboardtab.!ctkframe4.!ctktextbox.!text"
17:35:56 [WARNING] Failed to add log entry to GUI: invalid command name ".!ctkframe2.!dashboardtab.!ctkframe4.!ctktextbox.!text"
17:35:56 [WARNING] Failed to add log entry to GUI: invalid command name ".!ctkframe2.!dashboardtab.!ctkframe4.!ctktextbox.!text"
17:35:56 [WARNING] Failed to add log entry to GUI: invalid command name ".!ctkframe2.!dashboardtab.!ctkframe4.!ctktextbox.!text"
17:35:56 [WARNING] Failed to add log entry to GUI: invalid command name ".!ctkframe2.!dashboardtab.!ctkframe4.!ctktextbox.!text"
17:35:56 [WARNING] Failed to add log entry to GUI: invalid command name ".!ctkframe2.!dashboardtab.!ctkframe4.!ctktextbox.!text"
17:35:56 [WARNING] Failed to add log entry to GUI: invalid command name ".!ctkframe2.!dashboardtab.!ctkframe4.!ctktextbox.!text"
17:35:56 [WARNING] Failed to add log entry to GUI: invalid command name ".!ctkframe2.!dashboardtab.!ctkframe4.!ctktextbox.!text"
17:35:56 [WARNING] Failed to add log entry to GUI: invalid command name ".!ctkframe2.!dashboardtab.!ctkframe4.!ctktextbox.!text"
17:35:56 [WARNING] Failed to add log entry to GUI: invalid command name ".!ctkframe2.!dashboardtab.!ctkframe4.!ctktextbox.!text"
17:35:56 [WARNING] Failed to add log entry to GUI: invalid command name ".!ctkframe2.!dashboardtab.!ctkframe4.!ctktextbox.!text"
17:35:56 [WARNING] Failed to add log entry to GUI: invalid command name ".!ctkframe2.!dashboardtab.!ctkframe4.!ctktextbox.!text"
17:35:56 [WARNING] Failed to add log entry to GUI: invalid command name ".!ctkframe2.!dashboardtab.!ctkframe4.!ctktextbox.!text"
17:35:56 [WARNING] Failed to add log entry to GUI: invalid command name ".!ctkframe2.!dashboardtab.!ctkframe4.!ctktextbox.!text"
17:35:56 [WARNING] Failed to add log entry to GUI: invalid command name ".!ctkframe2.!dashboardtab.!ctkframe4.!ctktextbox.!text"
17:35:56 [WARNING] Failed to add log entry to GUI: invalid command name ".!ctkframe2.!dashboardtab.!ctkframe4.!ctktextbox.!text"
17:35:56 [WARNING] Failed to add log entry to GUI: invalid command name ".!ctkframe2.!dashboardtab.!ctkframe4.!ctktextbox.!text"
17:35:56 [WARNING] Failed to add log entry to GUI: invalid command name ".!ctkframe2.!dashboardtab.!ctkframe4.!ctktextbox.!text"
17:35:56 [WARNING] Failed to add log entry to GUI: invalid command name ".!ctkframe2.!dashboardtab.!ctkframe4.!ctktextbox.!text"
17:35:56 [WARNING] Failed to add log entry to GUI: invalid command name ".!ctkframe2.!dashboardtab.!ctkframe4.!ctktextbox.!text"
17:35:56 [WARNING] Failed to add log entry to GUI: invalid command name ".!ctkframe2.!dashboardtab.!ctkframe4.!ctktextbox.!text"
17:35:56 [WARNING] Failed to add log entry to GUI: invalid command name ".!ctkframe2.!dashboardtab.!ctkframe4.!ctktextbox.!text"
17:35:56 [WARNING] Failed to add log entry to GUI: invalid command name ".!ctkframe2.!dashboardtab.!ctkframe4.!ctktextbox.!text"
17:35:56 [WARNING] Failed to add log entry to GUI: invalid command name ".!ctkframe2.!dashboardtab.!ctkframe4.!ctktextbox.!text"
17:35:56 [WARNING] Failed to add log entry to GUI: invalid command name ".!ctkframe2.!dashboardtab.!ctkframe4.!ctktextbox.!text"
17:35:56 [WARNING] Failed to add log entry to GUI: invalid command name ".!ctkframe2.!dashboardtab.!ctkframe4.!ctktextbox.!text"
17:35:56 [WARNING] Failed to add log entry to GUI: invalid command name ".!ctkframe2.!dashboardtab.!ctkframe4.!ctktextbox.!text"
17:35:56 [WARNING] Failed to add log entry to GUI: invalid command name ".!ctkframe2.!dashboardtab.!ctkframe4.!ctktextbox.!text"
17:35:56 [WARNING] Failed to add log entry to GUI: invalid command name ".!ctkframe2.!dashboardtab.!ctkframe4.!ctktextbox.!text"
17:35:56 [WARNING] Failed to add log entry to GUI: invalid command name ".!ctkframe2.!dashboardtab.!ctkframe4.!ctktextbox.!text"
17:35:56 [WARNING] Failed to add log entry to GUI: invalid command name ".!ctkframe2.!dashboardtab.!ctkframe4.!ctktextbox.!text"
17:35:56 [WARNING] Failed to add log entry to GUI: invalid command name ".!ctkframe2.!dashboardtab.!ctkframe4.!ctktextbox.!text"
17:35:56 [WARNING] Failed to add log entry to GUI: invalid command name ".!ctkframe2.!dashboardtab.!ctkframe4.!ctktextbox.!text"
17:35:56 [WARNING] Failed to add log entry to GUI: invalid command name ".!ctkframe2.!dashboardtab.!ctkframe4.!ctktextbox.!text"
17:35:56 [WARNING] Failed to add log entry to GUI: invalid command name ".!ctkframe2.!dashboardtab.!ctkframe4.!ctktextbox.!text"
17:35:56 [WARNING] Failed to add log entry to GUI: invalid command name ".!ctkframe2.!dashboardtab.!ctkframe4.!ctktextbox.!text"
17:35:56 [WARNING] Failed to add log entry to GUI: invalid command name ".!ctkframe2.!dashboardtab.!ctkframe4.!ctktextbox.!text"
17:35:56 [WARNING] Failed to add log entry to GUI: invalid command name ".!ctkframe2.!dashboardtab.!ctkframe4.!ctktextbox.!text"
17:35:56 [WARNING] Failed to add log entry to GUI: invalid command name ".!ctkframe2.!dashboardtab.!ctkframe4.!ctktextbox.!text"
17:35:56 [WARNING] Failed to add log entry to GUI: invalid command name ".!ctkframe2.!dashboardtab.!ctkframe4.!ctktextbox.!text"
17:35:56 [WARNING] Failed to add log entry to GUI: invalid command name ".!ctkframe2.!dashboardtab.!ctkframe4.!ctktextbox.!text"
17:35:56 [WARNING] Failed to add log entry to GUI: invalid command name ".!ctkframe2.!dashboardtab.!ctkframe4.!ctktextbox.!text"
17:35:56 [WARNING] Failed to add log entry to GUI: invalid command name ".!ctkframe2.!dashboardtab.!ctkframe4.!ctktextbox.!text"
17:35:56 [WARNING] Failed to add log entry to GUI: invalid command name ".!ctkframe2.!dashboardtab.!ctkframe4.!ctktextbox.!text"
17:35:56 [WARNING] Failed to add log entry to GUI: invalid command name ".!ctkframe2.!dashboardtab.!ctkframe4.!ctktextbox.!text"
17:35:56 [WARNING] Failed to add log entry to GUI: invalid command name ".!ctkframe2.!dashboardtab.!ctkframe4.!ctktextbox.!text"
17:35:56 [WARNING] Failed to add log entry to GUI: invalid command name ".!ctkframe2.!dashboardtab.!ctkframe4.!ctktextbox.!text"
17:35:56 [WARNING] Failed to add log entry to GUI: invalid command name ".!ctkframe2.!dashboardtab.!ctkframe4.!ctktextbox.!text"
17:35:56 [WARNING] Failed to add log entry to GUI: invalid command name ".!ctkframe2.!dashboardtab.!ctkframe4.!ctktextbox.!text"
17:35:56 [WARNING] Failed to add log entry to GUI: invalid command name ".!ctkframe2.!dashboardtab.!ctkframe4.!ctktextbox.!text"
17:35:56 [WARNING] Failed to add log entry to GUI: invalid command name ".!ctkframe2.!dashboardtab.!ctkframe4.!ctktextbox.!text"
17:35:56 [WARNING] Failed to add log entry to GUI: invalid command name ".!ctkframe2.!dashboardtab.!ctkframe4.!ctktextbox.!text"
17:35:56 [WARNING] Failed to add log entry to GUI: invalid command name ".!ctkframe2.!dashboardtab.!ctkframe4.!ctktextbox.!text"
17:35:56 [WARNING] Failed to add log entry to GUI: invalid command name ".!ctkframe2.!dashboardtab.!ctkframe4.!ctktextbox.!text"
17:35:56 [WARNING] Failed to add log entry to GUI: invalid command name ".!ctkframe2.!dashboardtab.!ctkframe4.!ctktextbox.!text"
17:35:56 [WARNING] Failed to add log entry to GUI: invalid command name ".!ctkframe2.!dashboardtab.!ctkframe4.!ctktextbox.!text"
17:35:56 [WARNING] Failed to add log entry to GUI: invalid command name ".!ctkframe2.!dashboardtab.!ctkframe4.!ctktextbox.!text"
17:35:56 [WARNING] Failed to add log entry to GUI: invalid command name ".!ctkframe2.!dashboardtab.!ctkframe4.!ctktextbox.!text"
17:35:56 [WARNING] Failed to add log entry to GUI: invalid command name ".!ctkframe2.!dashboardtab.!ctkframe4.!ctktextbox.!text"
17:35:56 [WARNING] Failed to add log entry to GUI: invalid command name ".!ctkframe2.!dashboardtab.!ctkframe4.!ctktextbox.!text"
17:35:56 [WARNING] Failed to add log entry to GUI: invalid command name ".!ctkframe2.!dashboardtab.!ctkframe4.!ctktextbox.!text"
17:35:56 [WARNING] Failed to add log entry to GUI: invalid command name ".!ctkframe2.!dashboardtab.!ctkframe4.!ctktextbox.!text"
17:35:56 [WARNING] Failed to add log entry to GUI: invalid command name ".!ctkframe2.!dashboardtab.!ctkframe4.!ctktextbox.!text"
17:35:56 [WARNING] Failed to add log entry to GUI: invalid command name ".!ctkframe2.!dashboardtab.!ctkframe4.!ctktextbox.!text"
17:35:56 [WARNING] Failed to add log entry to GUI: invalid command name ".!ctkframe2.!dashboardtab.!ctkframe4.!ctktextbox.!text"
17:35:56 [WARNING] Failed to add log entry to GUI: invalid command name ".!ctkframe2.!dashboardtab.!ctkframe4.!ctktextbox.!text"
17:35:56 [WARNING] Failed to add log entry to GUI: invalid command name ".!ctkframe2.!dashboardtab.!ctkframe4.!ctktextbox.!text"
17:35:56 [WARNING] Failed to add log entry to GUI: invalid command name ".!ctkframe2.!dashboardtab.!ctkframe4.!ctktextbox.!text"
17:35:56 [WARNING] Failed to add log entry to GUI: invalid command name ".!ctkframe2.!dashboardtab.!ctkframe4.!ctktextbox.!text"
17:35:56 [WARNING] Failed to add log entry to GUI: invalid command name ".!ctkframe2.!dashboardtab.!ctkframe4.!ctktextbox.!text"
17:35:56 [WARNING] Failed to add log entry to GUI: invalid command name ".!ctkframe2.!dashboardtab.!ctkframe4.!ctktextbox.!text"
17:35:56 [WARNING] Failed to add log entry to GUI: invalid command name ".!ctkframe2.!dashboardtab.!ctkframe4.!ctktextbox.!text"
17:35:56 [WARNING] Failed to add log entry to GUI: invalid command name ".!ctkframe2.!dashboardtab.!ctkframe4.!ctktextbox.!text"
17:35:56 [WARNING] Failed to add log entry to GUI: invalid command name ".!ctkframe2.!dashboardtab.!ctkframe4.!ctktextbox.!text"
17:35:56 [WARNING] Failed to add log entry to GUI: invalid command name ".!ctkframe2.!dashboardtab.!ctkframe4.!ctktextbox.!text"
17:35:56 [WARNING] Failed to add log entry to GUI: invalid command name ".!ctkframe2.!dashboardtab.!ctkframe4.!ctktextbox.!text"
17:35:56 [WARNING] Failed to add log entry to GUI: invalid command name ".!ctkframe2.!dashboardtab.!ctkframe4.!ctktextbox.!text"
17:35:56 [WARNING] Failed to add log entry to GUI: invalid command name ".!ctkframe2.!dashboardtab.!ctkframe4.!ctktextbox.!text"
17:35:56 [WARNING] Failed to add log entry to GUI: invalid command name ".!ctkframe2.!dashboardtab.!ctkframe4.!ctktextbox.!text"
17:35:56 [WARNING] Failed to add log entry to GUI: invalid command name ".!ctkframe2.!dashboardtab.!ctkframe4.!ctktextbox.!text"
17:35:56 [WARNING] Failed to add log entry to GUI: invalid command name ".!ctkframe2.!dashboardtab.!ctkframe4.!ctktextbox.!text"
17:35:56 [WARNING] Failed to add log entry to GUI: invalid command name ".!ctkframe2.!dashboardtab.!ctkframe4.!ctktextbox.!text"
17:35:56 [WARNING] Failed to add log entry to GUI: invalid command name ".!ctkframe2.!dashboardtab.!ctkframe4.!ctktextbox.!text"
17:35:56 [WARNING] Failed to add log entry to GUI: invalid command name ".!ctkframe2.!dashboardtab.!ctkframe4.!ctktextbox.!text"
17:35:56 [WARNING] Failed to add log entry to GUI: invalid command name ".!ctkframe2.!dashboardtab.!ctkframe4.!ctktextbox.!text"
17:35:56 [WARNING] Failed to add log entry to GUI: invalid command name ".!ctkframe2.!dashboardtab.!ctkframe4.!ctktextbox.!text"
17:35:56 [WARNING] Failed to add log entry to GUI: invalid command name ".!ctkframe2.!dashboardtab.!ctkframe4.!ctktextbox.!text"
17:35:56 [WARNING] Failed to add log entry to GUI: invalid command name ".!ctkframe2.!dashboardtab.!ctkframe4.!ctktextbox.!text"
17:35:56 [WARNING] Failed to add log entry to GUI: invalid command name ".!ctkframe2.!dashboardtab.!ctkframe4.!ctktextbox.!text"
17:35:56 [WARNING] Failed to add log entry to GUI: invalid command name ".!ctkframe2.!dashboardtab.!ctkframe4.!ctktextbox.!text"
17:35:56 [WARNING] Failed to add log entry to GUI: invalid command name ".!ctkframe2.!dashboardtab.!ctkframe4.!ctktextbox.!text"
17:35:56 [WARNING] Failed to add log entry to GUI: invalid command name ".!ctkframe2.!dashboardtab.!ctkframe4.!ctktextbox.!text"
17:35:56 [WARNING] Failed to add log entry to GUI: invalid command name ".!ctkframe2.!dashboardtab.!ctkframe4.!ctktextbox.!text"
17:35:56 [WARNING] Failed to add log entry to GUI: invalid command name ".!ctkframe2.!dashboardtab.!ctkframe4.!ctktextbox.!text"
17:35:56 [WARNING] Failed to add log entry to GUI: invalid command name ".!ctkframe2.!dashboardtab.!ctkframe4.!ctktextbox.!text"
17:35:56 [WARNING] Failed to add log entry to GUI: invalid command name ".!ctkframe2.!dashboardtab.!ctkframe4.!ctktextbox.!text"
17:35:56 [WARNING] Failed to add log entry to GUI: invalid command name ".!ctkframe2.!dashboardtab.!ctkframe4.!ctktextbox.!text"
17:35:56 [WARNING] Failed to add log entry to GUI: invalid command name ".!ctkframe2.!dashboardtab.!ctkframe4.!ctktextbox.!text"
17:35:56 [WARNING] Failed to add log entry to GUI: invalid command name ".!ctkframe2.!dashboardtab.!ctkframe4.!ctktextbox.!text"
17:35:56 [WARNING] Failed to add log entry to GUI: invalid command name ".!ctkframe2.!dashboardtab.!ctkframe4.!ctktextbox.!text"
17:35:56 [WARNING] Failed to add log entry to GUI: invalid command name ".!ctkframe2.!dashboardtab.!ctkframe4.!ctktextbox.!text"
17:35:56 [WARNING] Failed to add log entry to GUI: invalid command name ".!ctkframe2.!dashboardtab.!ctkframe4.!ctktextbox.!text"
17:35:56 [WARNING] Failed to add log entry to GUI: invalid command name ".!ctkframe2.!dashboardtab.!ctkframe4.!ctktextbox.!text"
17:35:56 [WARNING] Failed to add log entry to GUI: invalid command name ".!ctkframe2.!dashboardtab.!ctkframe4.!ctktextbox.!text"
17:35:56 [WARNING] Failed to add log entry to GUI: invalid command name ".!ctkframe2.!dashboardtab.!ctkframe4.!ctktextbox.!text"
17:35:56 [WARNING] Failed to add log entry to GUI: invalid command name ".!ctkframe2.!dashboardtab.!ctkframe4.!ctktextbox.!text"
17:35:56 [WARNING] Failed to add log entry to GUI: invalid command name ".!ctkframe2.!dashboardtab.!ctkframe4.!ctktextbox.!text"
17:35:56 [WARNING] Failed to add log entry to GUI: invalid command name ".!ctkframe2.!dashboardtab.!ctkframe4.!ctktextbox.!text"
17:35:56 [WARNING] Failed to add log entry to GUI: invalid command name ".!ctkframe2.!dashboardtab.!ctkframe4.!ctktextbox.!text"
17:35:56 [WARNING] Failed to add log entry to GUI: invalid command name ".!ctkframe2.!dashboardtab.!ctkframe4.!ctktextbox.!text"
17:35:56 [WARNING] Failed to add log entry to GUI: invalid command name ".!ctkframe2.!dashboardtab.!ctkframe4.!ctktextbox.!text"
17:35:56 [WARNING] Failed to add log entry to GUI: invalid command name ".!ctkframe2.!dashboardtab.!ctkframe4.!ctktextbox.!text"
17:35:56 [WARNING] Failed to add log entry to GUI: invalid command name ".!ctkframe2.!dashboardtab.!ctkframe4.!ctktextbox.!text"
17:35:56 [WARNING] Failed to add log entry to GUI: invalid command name ".!ctkframe2.!dashboardtab.!ctkframe4.!ctktextbox.!text"
17:35:56 [WARNING] Failed to add log entry to GUI: invalid command name ".!ctkframe2.!dashboardtab.!ctkframe4.!ctktextbox.!text"
17:35:56 [WARNING] Failed to add log entry to GUI: invalid command name ".!ctkframe2.!dashboardtab.!ctkframe4.!ctktextbox.!text"
17:35:56 [WARNING] Failed to add log entry to GUI: invalid command name ".!ctkframe2.!dashboardtab.!ctkframe4.!ctktextbox.!text"
17:35:56 [WARNING] Failed to add log entry to GUI: invalid command name ".!ctkframe2.!dashboardtab.!ctkframe4.!ctktextbox.!text"
17:35:56 [WARNING] Failed to add log entry to GUI: invalid command name ".!ctkframe2.!dashboardtab.!ctkframe4.!ctktextbox.!text"
17:35:56 [WARNING] Failed to add log entry to GUI: invalid command name ".!ctkframe2.!dashboardtab.!ctkframe4.!ctktextbox.!text"
17:35:56 [WARNING] Failed to add log entry to GUI: invalid command name ".!ctkframe2.!dashboardtab.!ctkframe4.!ctktextbox.!text"
17:35:56 [WARNING] Failed to add log entry to GUI: invalid command name ".!ctkframe2.!dashboardtab.!ctkframe4.!ctktextbox.!text"
17:35:56 [WARNING] Failed to add log entry to GUI: invalid command name ".!ctkframe2.!dashboardtab.!ctkframe4.!ctktextbox.!text"
17:35:56 [WARNING] Failed to add log entry to GUI: invalid command name ".!ctkframe2.!dashboardtab.!ctkframe4.!ctktextbox.!text"
17:35:56 [WARNING] Failed to add log entry to GUI: invalid command name ".!ctkframe2.!dashboardtab.!ctkframe4.!ctktextbox.!text"
17:35:56 [WARNING] Failed to add log entry to GUI: invalid command name ".!ctkframe2.!dashboardtab.!ctkframe4.!ctktextbox.!text"
17:35:56 [WARNING] Failed to add log entry to GUI: invalid command name ".!ctkframe2.!dashboardtab.!ctkframe4.!ctktextbox.!text"
17:35:56 [WARNING] Failed to add log entry to GUI: invalid command name ".!ctkframe2.!dashboardtab.!ctkframe4.!ctktextbox.!text"
17:35:56 [WARNING] Failed to add log entry to GUI: invalid command name ".!ctkframe2.!dashboardtab.!ctkframe4.!ctktextbox.!text"
17:35:56 [WARNING] Failed to add log entry to GUI: invalid command name ".!ctkframe2.!dashboardtab.!ctkframe4.!ctktextbox.!text"
17:35:56 [WARNING] Failed to add log entry to GUI: invalid command name ".!ctkframe2.!dashboardtab.!ctkframe4.!ctktextbox.!text"
17:35:56 [WARNING] Failed to add log entry to GUI: invalid command name ".!ctkframe2.!dashboardtab.!ctkframe4.!ctktextbox.!text"
17:35:56 [WARNING] Failed to add log entry to GUI: invalid command name ".!ctkframe2.!dashboardtab.!ctkframe4.!ctktextbox.!text"
17:35:56 [WARNING] Failed to add log entry to GUI: invalid command name ".!ctkframe2.!dashboardtab.!ctkframe4.!ctktextbox.!text"
17:35:56 [WARNING] Failed to add log entry to GUI: invalid command name ".!ctkframe2.!dashboardtab.!ctkframe4.!ctktextbox.!text"
17:35:56 [WARNING] Failed to add log entry to GUI: invalid command name ".!ctkframe2.!dashboardtab.!ctkframe4.!ctktextbox.!text"
17:35:56 [WARNING] Failed to add log entry to GUI: invalid command name ".!ctkframe2.!dashboardtab.!ctkframe4.!ctktextbox.!text"
17:35:56 [WARNING] Failed to add log entry to GUI: invalid command name ".!ctkframe2.!dashboardtab.!ctkframe4.!ctktextbox.!text"
17:35:56 [WARNING] Failed to add log entry to GUI: invalid command name ".!ctkframe2.!dashboardtab.!ctkframe4.!ctktextbox.!text"
17:35:56 [WARNING] Failed to add log entry to GUI: invalid command name ".!ctkframe2.!dashboardtab.!ctkframe4.!ctktextbox.!text"
17:35:56 [WARNING] Failed to add log entry to GUI: invalid command name ".!ctkframe2.!dashboardtab.!ctkframe4.!ctktextbox.!text"
17:35:56 [WARNING] Failed to add log entry to GUI: invalid command name ".!ctkframe2.!dashboardtab.!ctkframe4.!ctktextbox.!text"
17:35:56 [WARNING] Failed to add log entry to GUI: invalid command name ".!ctkframe2.!dashboardtab.!ctkframe4.!ctktextbox.!text"
17:35:56 [WARNING] Failed to add log entry to GUI: invalid command name ".!ctkframe2.!dashboardtab.!ctkframe4.!ctktextbox.!text"
17:35:56 [WARNING] Failed to add log entry to GUI: invalid command name ".!ctkframe2.!dashboardtab.!ctkframe4.!ctktextbox.!text"
17:35:56 [WARNING] Failed to add log entry to GUI: invalid command name ".!ctkframe2.!dashboardtab.!ctkframe4.!ctktextbox.!text"
17:35:56 [WARNING] Failed to add log entry to GUI: invalid command name ".!ctkframe2.!dashboardtab.!ctkframe4.!ctktextbox.!text"
17:35:56 [WARNING] Failed to add log entry to GUI: invalid command name ".!ctkframe2.!dashboardtab.!ctkframe4.!ctktextbox.!text"
17:35:56 [WARNING] Failed to add log entry to GUI: invalid command name ".!ctkframe2.!dashboardtab.!ctkframe4.!ctktextbox.!text"
17:35:56 [WARNING] Failed to add log entry to GUI: invalid command name ".!ctkframe2.!dashboardtab.!ctkframe4.!ctktextbox.!text"
17:35:56 [WARNING] Failed to add log entry to GUI: invalid command name ".!ctkframe2.!dashboardtab.!ctkframe4.!ctktextbox.!text"
17:35:56 [WARNING] Failed to add log entry to GUI: invalid command name ".!ctkframe2.!dashboardtab.!ctkframe4.!ctktextbox.!text"
17:35:56 [WARNING] Failed to add log entry to GUI: invalid command name ".!ctkframe2.!dashboardtab.!ctkframe4.!ctktextbox.!text"
17:35:56 [WARNING] Failed to add log entry to GUI: invalid command name ".!ctkframe2.!dashboardtab.!ctkframe4.!ctktextbox.!text"
17:35:56 [WARNING] Failed to add log entry to GUI: invalid command name ".!ctkframe2.!dashboardtab.!ctkframe4.!ctktextbox.!text"
17:35:56 [WARNING] Failed to add log entry to GUI: invalid command name ".!ctkframe2.!dashboardtab.!ctkframe4.!ctktextbox.!text"
17:35:56 [WARNING] Failed to add log entry to GUI: invalid command name ".!ctkframe2.!dashboardtab.!ctkframe4.!ctktextbox.!text"
17:35:56 [WARNING] Failed to add log entry to GUI: invalid command name ".!ctkframe2.!dashboardtab.!ctkframe4.!ctktextbox.!text"
17:35:56 [WARNING] Failed to add log entry to GUI: invalid command name ".!ctkframe2.!dashboardtab.!ctkframe4.!ctktextbox.!text"
17:35:56 [WARNING] Failed to add log entry to GUI: invalid command name ".!ctkframe2.!dashboardtab.!ctkframe4.!ctktextbox.!text"
17:35:56 [WARNING] Failed to add log entry to GUI: invalid command name ".!ctkframe2.!dashboardtab.!ctkframe4.!ctktextbox.!text"
17:35:56 [WARNING] Failed to add log entry to GUI: invalid command name ".!ctkframe2.!dashboardtab.!ctkframe4.!ctktextbox.!text"
17:35:56 [WARNING] Failed to add log entry to GUI: invalid command name ".!ctkframe2.!dashboardtab.!ctkframe4.!ctktextbox.!text"
17:35:56 [WARNING] Failed to add log entry to GUI: invalid command name ".!ctkframe2.!dashboardtab.!ctkframe4.!ctktextbox.!text"
17:35:56 [WARNING] Failed to add log entry to GUI: invalid command name ".!ctkframe2.!dashboardtab.!ctkframe4.!ctktextbox.!text"
17:35:56 [WARNING] Failed to add log entry to GUI: invalid command name ".!ctkframe2.!dashboardtab.!ctkframe4.!ctktextbox.!text"
17:35:56 [WARNING] Failed to add log entry to GUI: invalid command name ".!ctkframe2.!dashboardtab.!ctkframe4.!ctktextbox.!text"
17:35:56 [WARNING] Failed to add log entry to GUI: invalid command name ".!ctkframe2.!dashboardtab.!ctkframe4.!ctktextbox.!text"
17:35:56 [WARNING] Failed to add log entry to GUI: invalid command name ".!ctkframe2.!dashboardtab.!ctkframe4.!ctktextbox.!text"
17:35:56 [WARNING] Failed to add log entry to GUI: invalid command name ".!ctkframe2.!dashboardtab.!ctkframe4.!ctktextbox.!text"
17:35:56 [WARNING] Failed to add log entry to GUI: invalid command name ".!ctkframe2.!dashboardtab.!ctkframe4.!ctktextbox.!text"
17:35:56 [WARNING] Failed to add log entry to GUI: invalid command name ".!ctkframe2.!dashboardtab.!ctkframe4.!ctktextbox.!text"
17:35:56 [WARNING] Failed to add log entry to GUI: invalid command name ".!ctkframe2.!dashboardtab.!ctkframe4.!ctktextbox.!text"
17:35:56 [WARNING] Failed to add log entry to GUI: invalid command name ".!ctkframe2.!dashboardtab.!ctkframe4.!ctktextbox.!text"
17:35:56 [WARNING] Failed to add log entry to GUI: invalid command name ".!ctkframe2.!dashboardtab.!ctkframe4.!ctktextbox.!text"
17:35:56 [WARNING] Failed to add log entry to GUI: invalid command name ".!ctkframe2.!dashboardtab.!ctkframe4.!ctktextbox.!text"
17:35:56 [WARNING] Failed to add log entry to GUI: invalid command name ".!ctkframe2.!dashboardtab.!ctkframe4.!ctktextbox.!text"
17:35:56 [WARNING] Failed to add log entry to GUI: invalid command name ".!ctkframe2.!dashboardtab.!ctkframe4.!ctktextbox.!text"
17:35:56 [WARNING] Failed to add log entry to GUI: invalid command name ".!ctkframe2.!dashboardtab.!ctkframe4.!ctktextbox.!text"
17:35:56 [WARNING] Failed to add log entry to GUI: invalid command name ".!ctkframe2.!dashboardtab.!ctkframe4.!ctktextbox.!text"
17:35:56 [WARNING] Failed to add log entry to GUI: invalid command name ".!ctkframe2.!dashboardtab.!ctkframe4.!ctktextbox.!text"
17:35:56 [WARNING] Failed to add log entry to GUI: invalid command name ".!ctkframe2.!dashboardtab.!ctkframe4.!ctktextbox.!text"
17:35:56 [WARNING] Failed to add log entry to GUI: invalid command name ".!ctkframe2.!dashboardtab.!ctkframe4.!ctktextbox.!text"
17:35:56 [WARNING] Failed to add log entry to GUI: invalid command name ".!ctkframe2.!dashboardtab.!ctkframe4.!ctktextbox.!text"
17:35:56 [WARNING] Failed to add log entry to GUI: invalid command name ".!ctkframe2.!dashboardtab.!ctkframe4.!ctktextbox.!text"
17:35:56 [WARNING] Failed to add log entry to GUI: invalid command name ".!ctkframe2.!dashboardtab.!ctkframe4.!ctktextbox.!text"
17:35:56 [WARNING] Failed to add log entry to GUI: invalid command name ".!ctkframe2.!dashboardtab.!ctkframe4.!ctktextbox.!text"
17:35:56 [WARNING] Failed to add log entry to GUI: invalid command name ".!ctkframe2.!dashboardtab.!ctkframe4.!ctktextbox.!text"
17:35:56 [WARNING] Failed to add log entry to GUI: invalid command name ".!ctkframe2.!dashboardtab.!ctkframe4.!ctktextbox.!text"
17:35:56 [WARNING] Failed to add log entry to GUI: invalid command name ".!ctkframe2.!dashboardtab.!ctkframe4.!ctktextbox.!text"
17:35:56 [WARNING] Failed to add log entry to GUI: invalid command name ".!ctkframe2.!dashboardtab.!ctkframe4.!ctktextbox.!text"
17:35:56 [WARNING] Failed to add log entry to GUI: invalid command name ".!ctkframe2.!dashboardtab.!ctkframe4.!ctktextbox.!text"
17:35:56 [WARNING] Failed to add log entry to GUI: invalid command name ".!ctkframe2.!dashboardtab.!ctkframe4.!ctktextbox.!text"
17:35:56 [WARNING] Failed to add log entry to GUI: invalid command name ".!ctkframe2.!dashboardtab.!ctkframe4.!ctktextbox.!text"
17:35:56 [WARNING] Failed to add log entry to GUI: invalid command name ".!ctkframe2.!dashboardtab.!ctkframe4.!ctktextbox.!text"
17:35:56 [WARNING] Failed to add log entry to GUI: invalid command name ".!ctkframe2.!dashboardtab.!ctkframe4.!ctktextbox.!text"
17:35:56 [WARNING] Failed to add log entry to GUI: invalid command name ".!ctkframe2.!dashboardtab.!ctkframe4.!ctktextbox.!text"
17:35:56 [WARNING] Failed to add log entry to GUI: invalid command name ".!ctkframe2.!dashboardtab.!ctkframe4.!ctktextbox.!text"
17:35:56 [WARNING] Failed to add log entry to GUI: invalid command name ".!ctkframe2.!dashboardtab.!ctkframe4.!ctktextbox.!text"
17:35:56 [WARNING] Failed to add log entry to GUI: invalid command name ".!ctkframe2.!dashboardtab.!ctkframe4.!ctktextbox.!text"
17:35:56 [WARNING] Failed to add log entry to GUI: invalid command name ".!ctkframe2.!dashboardtab.!ctkframe4.!ctktextbox.!text"
17:35:56 [WARNING] Failed to add log entry to GUI: invalid command name ".!ctkframe2.!dashboardtab.!ctkframe4.!ctktextbox.!text"
17:35:56 [WARNING] Failed to add log entry to GUI: invalid command name ".!ctkframe2.!dashboardtab.!ctkframe4.!ctktextbox.!text"
17:35:56 [WARNING] Failed to add log entry to GUI: invalid command name ".!ctkframe2.!dashboardtab.!ctkframe4.!ctktextbox.!text"
17:35:56 [WARNING] Failed to add log entry to GUI: invalid command name ".!ctkframe2.!dashboardtab.!ctkframe4.!ctktextbox.!text"
17:35:56 [WARNING] Failed to add log entry to GUI: invalid command name ".!ctkframe2.!dashboardtab.!ctkframe4.!ctktextbox.!text"
17:35:56 [WARNING] Failed to add log entry to GUI: invalid command name ".!ctkframe2.!dashboardtab.!ctkframe4.!ctktextbox.!text"
17:35:56 [WARNING] Failed to add log entry to GUI: invalid command name ".!ctkframe2.!dashboardtab.!ctkframe4.!ctktextbox.!text"
17:35:56 [WARNING] Failed to add log entry to GUI: invalid command name ".!ctkframe2.!dashboardtab.!ctkframe4.!ctktextbox.!text"
17:35:56 [WARNING] Failed to add log entry to GUI: invalid command name ".!ctkframe2.!dashboardtab.!ctkframe4.!ctktextbox.!text"
17:35:56 [WARNING] Failed to add log entry to GUI: invalid command name ".!ctkframe2.!dashboardtab.!ctkframe4.!ctktextbox.!text"
17:35:56 [WARNING] Failed to add log entry to GUI: invalid command name ".!ctkframe2.!dashboardtab.!ctkframe4.!ctktextbox.!text"
17:35:56 [WARNING] Failed to add log entry to GUI: invalid command name ".!ctkframe2.!dashboardtab.!ctkframe4.!ctktextbox.!text"
17:35:56 [WARNING] Failed to add log entry to GUI: invalid command name ".!ctkframe2.!dashboardtab.!ctkframe4.!ctktextbox.!text"
17:35:56 [WARNING] Failed to add log entry to GUI: invalid command name ".!ctkframe2.!dashboardtab.!ctkframe4.!ctktextbox.!text"
17:35:56 [WARNING] Failed to add log entry to GUI: invalid command name ".!ctkframe2.!dashboardtab.!ctkframe4.!ctktextbox.!text"
17:35:56 [WARNING] Failed to add log entry to GUI: invalid command name ".!ctkframe2.!dashboardtab.!ctkframe4.!ctktextbox.!text"
17:35:56 [WARNING] Failed to add log entry to GUI: invalid command name ".!ctkframe2.!dashboardtab.!ctkframe4.!ctktextbox.!text"
17:35:56 [WARNING] Failed to add log entry to GUI: invalid command name ".!ctkframe2.!dashboardtab.!ctkframe4.!ctktextbox.!text"
17:35:56 [WARNING] Failed to add log entry to GUI: invalid command name ".!ctkframe2.!dashboardtab.!ctkframe4.!ctktextbox.!text"
17:35:56 [WARNING] Failed to add log entry to GUI: invalid command name ".!ctkframe2.!dashboardtab.!ctkframe4.!ctktextbox.!text"
17:35:56 [WARNING] Failed to add log entry to GUI: invalid command name ".!ctkframe2.!dashboardtab.!ctkframe4.!ctktextbox.!text"
17:35:56 [WARNING] Failed to add log entry to GUI: invalid command name ".!ctkframe2.!dashboardtab.!ctkframe4.!ctktextbox.!text"
17:35:56 [WARNING] Failed to add log entry to GUI: invalid command name ".!ctkframe2.!dashboardtab.!ctkframe4.!ctktextbox.!text"
17:35:56 [WARNING] Failed to add log entry to GUI: invalid command name ".!ctkframe2.!dashboardtab.!ctkframe4.!ctktextbox.!text"
17:35:56 [WARNING] Failed to add log entry to GUI: invalid command name ".!ctkframe2.!dashboardtab.!ctkframe4.!ctktextbox.!text"
17:35:56 [WARNING] Failed to add log entry to GUI: invalid command name ".!ctkframe2.!dashboardtab.!ctkframe4.!ctktextbox.!text"
17:35:56 [WARNING] Failed to add log entry to GUI: invalid command name ".!ctkframe2.!dashboardtab.!ctkframe4.!ctktextbox.!text"
17:35:56 [WARNING] Failed to add log entry to GUI: invalid command name ".!ctkframe2.!dashboardtab.!ctkframe4.!ctktextbox.!text"
17:35:56 [WARNING] Failed to add log entry to GUI: invalid command name ".!ctkframe2.!dashboardtab.!ctkframe4.!ctktextbox.!text"
17:35:56 [WARNING] Failed to add log entry to GUI: invalid command name ".!ctkframe2.!dashboardtab.!ctkframe4.!ctktextbox.!text"
17:35:56 [WARNING] Failed to add log entry to GUI: invalid command name ".!ctkframe2.!dashboardtab.!ctkframe4.!ctktextbox.!text"
17:35:56 [WARNING] Failed to add log entry to GUI: invalid command name ".!ctkframe2.!dashboardtab.!ctkframe4.!ctktextbox.!text"
17:35:56 [WARNING] Failed to add log entry to GUI: invalid command name ".!ctkframe2.!dashboardtab.!ctkframe4.!ctktextbox.!text"
17:35:56 [WARNING] Failed to add log entry to GUI: invalid command name ".!ctkframe2.!dashboardtab.!ctkframe4.!ctktextbox.!text"
17:35:56 [WARNING] Failed to add log entry to GUI: invalid command name ".!ctkframe2.!dashboardtab.!ctkframe4.!ctktextbox.!text"
17:35:56 [WARNING] Failed to add log entry to GUI: invalid command name ".!ctkframe2.!dashboardtab.!ctkframe4.!ctktextbox.!text"
17:35:56 [WARNING] Failed to add log entry to GUI: invalid command name ".!ctkframe2.!dashboardtab.!ctkframe4.!ctktextbox.!text"
17:35:56 [WARNING] Failed to add log entry to GUI: invalid command name ".!ctkframe2.!dashboardtab.!ctkframe4.!ctktextbox.!text"
17:35:56 [WARNING] Failed to add log entry to GUI: invalid command name ".!ctkframe2.!dashboardtab.!ctkframe4.!ctktextbox.!text"
17:35:56 [WARNING] Failed to add log entry to GUI: invalid command name ".!ctkframe2.!dashboardtab.!ctkframe4.!ctktextbox.!text"
17:35:56 [WARNING] Failed to add log entry to GUI: invalid command name ".!ctkframe2.!dashboardtab.!ctkframe4.!ctktextbox.!text"
17:35:56 [WARNING] Failed to add log entry to GUI: invalid command name ".!ctkframe2.!dashboardtab.!ctkframe4.!ctktextbox.!text"
17:35:56 [WARNING] Failed to add log entry to GUI: invalid command name ".!ctkframe2.!dashboardtab.!ctkframe4.!ctktextbox.!text"
17:35:56 [WARNING] Failed to add log entry to GUI: invalid command name ".!ctkframe2.!dashboardtab.!ctkframe4.!ctktextbox.!text"
17:35:56 [WARNING] Failed to add log entry to GUI: invalid command name ".!ctkframe2.!dashboardtab.!ctkframe4.!ctktextbox.!text"
17:35:56 [WARNING] Failed to add log entry to GUI: invalid command name ".!ctkframe2.!dashboardtab.!ctkframe4.!ctktextbox.!text"
17:35:56 [WARNING] Failed to add log entry to GUI: invalid command name ".!ctkframe2.!dashboardtab.!ctkframe4.!ctktextbox.!text"
17:35:56 [WARNING] Failed to add log entry to GUI: invalid command name ".!ctkframe2.!dashboardtab.!ctkframe4.!ctktextbox.!text"
17:35:56 [WARNING] Failed to add log entry to GUI: invalid command name ".!ctkframe2.!dashboardtab.!ctkframe4.!ctktextbox.!text"
17:35:56 [WARNING] Failed to add log entry to GUI: invalid command name ".!ctkframe2.!dashboardtab.!ctkframe4.!ctktextbox.!text"
