20:28:45 [INFO   ] === Torchlight Infinite Bot V2 v3.1.9 starting ===
20:28:46 [INFO   ] Config loaded from config.json
20:28:46 [INFO   ] Loaded 8 addresses from addresses.json
20:28:46 [INFO   ] [Input] Initialized with mode: hardware
20:28:46 [INFO   ] [MapSelector] Loaded card state: 12 cards, active=[]
20:28:46 [INFO   ] Torchlight Infinite Bot V2 v3.1.9 started
20:28:46 [INFO   ] [Hotkeys] Global hotkeys registered: F9=Start, F10=Stop, F11=Pause, F5=Record, F6=PauseRec
20:28:49 [INFO   ] Attached to process: torchlight_infinite.exe (PID: 25596)
20:28:49 [INFO   ] Attached to torchlight_infinite.exe
20:28:49 [INFO   ] Found game window by class 'UnrealWindow' + PID 25596 (HWND: 134534)
20:28:49 [INFO   ] [Input] Target window set: HWND=134534, mode=hardware
20:28:49 [INFO   ] [Input] Hardware mode: will focus window before each input
20:28:49 [DEBUG  ] Module torchlight_infinite.exe base: 0x7FF7CA760000
20:28:49 [INFO   ] Saved addresses valid - skipping scan: WARNING: WARNING: coordinates unchanged (may be stale or character is stationary) | pos=(-8891, 1513)
20:28:49 [INFO   ] [Scanner] Scanning for FNamePool...
20:28:49 [INFO   ] [Scanner] Cannot read zone name - FNamePool not resolved yet
20:28:49 [INFO   ] [Scanner]   Trying FNamePool pattern 1/6...
20:28:49 [INFO   ] [Input] Target window set: HWND=134534, mode=hardware
20:28:49 [INFO   ] [Input] Hardware mode: will focus window before each input
20:28:49 [INFO   ] [AddrMgr] Attached - using scan results from attach
20:28:49 [INFO   ] [Scanner]   FNamePool found at 0x7FF7D2481D40 (pattern 1)
20:28:49 [INFO   ] [Scanner]   Validation: 3/5 indices readable, FName[3] = 'ByteProperty'
20:28:49 [INFO   ] [Scanner] Scanning for GObjects...
20:28:49 [INFO   ] [Scanner]   Trying GObjects pattern 1/3...
20:28:50 [INFO   ] [Scanner]   Trying GObjects pattern 2/3...
20:28:50 [INFO   ] [Scanner]   GObjects found at 0x7FF7D249ADE8 (pattern 2)
20:28:50 [INFO   ] [Scanner]   NumElements=141516, NumChunks=3
20:28:50 [INFO   ] Portal detector initialized (deferred)
20:28:50 [INFO   ] [AddrMgr] FNamePool auto-populated: 0x7FF7D2481D40
20:28:50 [INFO   ] [Scanner] Zone FName[1444123] = 'YJ_XieDuYuZuo200' (GWorld 0x2D00BE53740)
20:28:51 [INFO   ] [AddrMgr] === UE4 Dump-Verified Chain ===
20:28:51 [INFO   ] [AddrMgr] Chain: GWorld -> OwningGameInstance -> LocalPlayers[0] -> PlayerController -> Pawn -> RootComponent -> RelativeLocation
20:28:51 [INFO   ] [AddrMgr] Offsets: 0x210 -> 0x38 -> 0x0 -> 0x30 -> 0x250 -> 0x130 -> 0x124
20:28:51 [INFO   ] [AddrMgr] Main module: torchlight_infinite.exe at 0x7FF7CA760000
20:28:51 [INFO   ] [AddrMgr] Trying saved GWorld offset 0x7E84588...
20:28:51 [INFO   ] [AddrMgr] GWorld static at 0x7FF7D25E4588, points to 0x2D00BE53740
20:28:51 [INFO   ] [AddrMgr]   OwningGameInstance: 0x2D00BE53740+0x210 -> 0x2CEC2E4B140
20:28:51 [INFO   ] [AddrMgr]   LocalPlayers (TArray data): 0x2CEC2E4B140+0x38 -> 0x2CEAA293C40
20:28:51 [INFO   ] [AddrMgr]   LocalPlayer[0]: 0x2CEAA293C40+0x0 -> 0x2CEAEB86500
20:28:51 [INFO   ] [AddrMgr]   PlayerController: 0x2CEAEB86500+0x30 -> 0x2D00C3560A0
20:28:51 [INFO   ] [AddrMgr]   Pawn (ERolePlayer): 0x2D00C3560A0+0x250 -> 0x2CFE73CD850
20:28:51 [INFO   ] [AddrMgr]   RootComponent: 0x2CFE73CD850+0x130 -> 0x2CFE6B47000
20:28:51 [INFO   ] [AddrMgr]   RelativeLocation: (-8891.0, 1513.0, 5.0)
20:28:51 [INFO   ] [AddrMgr] Stability check (reading twice, 0.3s apart)...
20:28:52 [INFO   ] [AddrMgr]   Drift: 0.00 (threshold: 2.0)
20:28:52 [INFO   ] [AddrMgr] SUCCESS! Dump-verified chain resolved
20:28:52 [INFO   ] [AddrMgr] Position: (-8891.0, 1513.0, 5.0)
20:28:52 [INFO   ] [AddrMgr] Base: torchlight_infinite.exe+0x7E84588
20:28:52 [INFO   ] [AddrMgr] Chain: 0x210 -> 0x38 -> 0x0 -> 0x30 -> 0x250 -> 0x130 -> 0x124
20:28:52 [INFO   ] [AddrMgr] Saving discovered addresses...
20:28:52 [DEBUG  ] Addresses saved
20:28:52 [DEBUG  ] Addresses saved
20:28:52 [DEBUG  ] Addresses saved
20:28:52 [INFO   ] [AddrMgr] Addresses saved to Address Setup
20:28:52 [INFO   ] [AddrMgr] Scanning for FNamePool...
20:28:52 [INFO   ] [AddrMgr]   Trying FNamePool pattern 1/6...
20:28:52 [INFO   ] [AddrMgr]   FNamePool found at 0x7FF7D2481D40 (pattern 1)
20:28:52 [INFO   ] [AddrMgr]   Validation: 3/5 indices readable, FName[3] = 'ByteProperty'
20:28:52 [INFO   ] [AddrMgr] Scanning for GObjects...
20:28:52 [INFO   ] [AddrMgr]   Trying GObjects pattern 1/3...
20:28:52 [INFO   ] [AddrMgr]   Trying GObjects pattern 2/3...
20:28:52 [INFO   ] [AddrMgr]   GObjects found at 0x7FF7D249ADE8 (pattern 2)
20:28:52 [INFO   ] [AddrMgr]   NumElements=141516, NumChunks=3
20:28:53 [INFO   ] [AddrMgr] Running EGameplay explorer...
20:28:53 [DEBUG  ] [GObjects] Found 4 instances of class 'EGameplay'
20:28:54 [DEBUG  ] [GObjects] Found 59 instances of class 'ECfgComponent'
20:28:55 [DEBUG  ] read_bytes failed at 0x100000017 (size=4): Could not read memory at: 4294967319, length: 4 - GetLastError: 299
20:28:55 [DEBUG  ] read_bytes failed at 0x6100740079 (size=4): Could not read memory at: 416619430009, length: 4 - GetLastError: 299
20:28:55 [DEBUG  ] read_bytes failed at 0x100000017 (size=4): Could not read memory at: 4294967319, length: 4 - GetLastError: 299
20:28:55 [DEBUG  ] read_bytes failed at 0x6100740079 (size=4): Could not read memory at: 416619430009, length: 4 - GetLastError: 299
20:28:55 [DEBUG  ] read_bytes failed at 0x100000017 (size=4): Could not read memory at: 4294967319, length: 4 - GetLastError: 299
20:28:55 [DEBUG  ] read_bytes failed at 0x2F00005518 (size=4): Could not read memory at: 201863484696, length: 4 - GetLastError: 299
20:28:55 [DEBUG  ] read_bytes failed at 0xFF00000117 (size=4): Could not read memory at: 1095216660759, length: 4 - GetLastError: 299
20:28:55 [DEBUG  ] [GObjects] NumElements=141516, NumChunks=3
20:28:55 [DEBUG  ] [GObjects] Found 2 objects named 'FightMgr'
20:28:55 [INFO   ] [Scanner] [Scanner] FightMgr live instance at 0x2CFF08CB050 (outer: /Engine/Transient)
20:28:55 [DEBUG  ] [Scanner] TMap at 0x2CFF08CB850: data_ptr=0x2CFDC488440 array_num=3
20:28:55 [DEBUG  ] [UE4 Scanner] [typed_event] spawn=0x9 pos=(-2500,-950) addr=0x2CFF62C5950
20:28:55 [DEBUG  ] [UE4 Scanner] [typed_event] spawn=0xa pos=(0,0) addr=0x2CFFBF788F0
20:28:55 [DEBUG  ] [UE4 Scanner] [typed_event] spawn=0xb pos=(0,0) addr=0x2D0272ED850
20:28:55 [DEBUG  ] [Scanner] TMap at 0x2CFF08CB800: data_ptr=0x2CFA3A120E0 array_num=2
20:28:55 [DEBUG  ] [UE4 Scanner] [typed_event] spawn=0x13 pos=(-3200,5900) addr=0x2D0272EE040
20:28:55 [DEBUG  ] [UE4 Scanner] [typed_event] spawn=0x78 pos=(-2500,-950) addr=0x2CFFBF77120
20:28:55 [DEBUG  ] [UE4 Scanner] [typed_event] MapCustomTrap skip non-Carjack class='EMapCustomTrap' pos=(-3200,5900)
20:28:55 [DEBUG  ] [UE4 Scanner] [typed_event] spawn=0x9 → Carjack (pos match) vehicle_pos=(-2500,-950)
20:28:55 [DEBUG  ] [UE4 Scanner] [typed_event] spawn=0xa → Sandlord (no vehicle pos match) pos=(0,0)
20:28:55 [DEBUG  ] [UE4 Scanner] [typed_event] spawn=0xb → Sandlord (no vehicle pos match) pos=(0,0)
20:28:55 [INFO   ] [AddrMgr] === EGameplay Explorer ===
20:28:55 [INFO   ] [AddrMgr] Found 4 EGameplay, 59 ECfgComponent
20:28:55 [INFO   ] [AddrMgr] Matched pairs (by Outer): 4
20:28:55 [INFO   ] [AddrMgr] 
20:28:55 [INFO   ] [AddrMgr] --- ECfgComponent->EGameplay Matches (live only) ---
20:28:55 [INFO   ] [AddrMgr]   (45 CDO ECfgComponents filtered out, 11 non-EGameplay)
20:28:55 [INFO   ] [AddrMgr]   ECfg 0x2D017A37480 -> Outer 0x2D0272ED850 name='EGameplay' class='EGameplay'
20:28:55 [INFO   ] [AddrMgr]   ECfg 0x2CFD8437900 -> Outer 0x2CFFBF788F0 name='EGameplay' class='EGameplay'
20:28:55 [INFO   ] [AddrMgr]   ECfg 0x2CFD8438440 -> Outer 0x2CFF62C5950 name='EGameplay' class='EGameplay'
20:28:55 [INFO   ] [AddrMgr] 
20:28:55 [INFO   ] [AddrMgr] (Filtered out 1 CDO/Default__ objects)
20:28:55 [INFO   ] [AddrMgr] Live EGameplay instances: 3
20:28:55 [INFO   ] [AddrMgr] 
20:28:55 [INFO   ] [AddrMgr] --- EGameplay #0: EGameplay at 0x2D0272ED850 ---
20:28:55 [INFO   ] [AddrMgr]   InternalIndex@0x0C: 101702 | FName.Number@0x1C: 2147335933
20:28:55 [INFO   ] [AddrMgr]   Class: 'EGameplay'
20:28:55 [INFO   ] [AddrMgr]   Position: (0.0, 0.0, 0.0)
20:28:55 [INFO   ] [AddrMgr]   SubObject@0x4E0: 0x2CFEB844A80 name='EMsg' class='EMsgComponent' outer='EGameplay' iidx=101698 fnum=0
20:28:55 [INFO   ] [AddrMgr]   WaveCounter@0x618: 2 | SpawnIndex@0x714: 11
20:28:55 [INFO   ] [AddrMgr]   ueComponents TMap@0x288: data_ptr=0x2CFA3A1BFE0 num=2
20:28:55 [INFO   ] [AddrMgr]     ueComp candidate@+0x000: 0x2CEAF9C1600 name='ECfgComponent' class='Class'
20:28:55 [INFO   ] [AddrMgr]     ueComp candidate@+0x008: 0x2D017A37480 name='ECfg' class='ECfgComponent'
20:28:55 [INFO   ] [AddrMgr]     ueComp candidate@+0x018: 0x2CEAF9DEE00 name='EMsgComponent' class='Class'
20:28:55 [INFO   ] [AddrMgr]     ueComp candidate@+0x020: 0x2CFEB844A80 name='EMsg' class='EMsgComponent'
20:28:55 [INFO   ] [AddrMgr]   All children (Outer=this, 3 found):
20:28:55 [INFO   ] [AddrMgr]     0x2CFEB844A80 name='EMsg' class='EMsgComponent' iidx=101698 fnum=0
20:28:55 [INFO   ] [AddrMgr]     0x2D017A37480 name='ECfg' class='ECfgComponent' iidx=101699 fnum=0
20:28:55 [INFO   ] [AddrMgr]     0x2CFC95D9F40 name='UserEntity' class='SceneComponent' iidx=101700 fnum=0
20:28:55 [INFO   ] [AddrMgr]   ECfgComponent at 0x2D017A37480
20:28:55 [INFO   ] [AddrMgr]   CfgInfo raw (ECfg+0x120, 32 bytes):
20:28:55 [INFO   ] [AddrMgr]     00 00 00 00 00 00 00 00 00 00 00 00 00 00 00 00 00 00 00 00 00 00 00 00 00 00 00 00 00 00 80 3F
20:28:55 [INFO   ] [AddrMgr]   CfgInfo.ID = 0x0 (0) -> UNKNOWN
20:28:55 [INFO   ] [AddrMgr]   CfgInfo.Type = 0x0 (0)
20:28:55 [INFO   ] [AddrMgr]   CfgInfo.ExtendId = 0x0 (0)
20:28:55 [INFO   ] [AddrMgr]   ECfgComponent memory (ECfg+0x0, 256 bytes):
20:28:55 [INFO   ] [AddrMgr]     +0x000: 08 A4 61 CF F7 7F 00 00 08 00 04 00 43 8D 01 00  ..a.........C...
20:28:55 [INFO   ] [AddrMgr]     +0x010: 00 16 9C AF CE 02 00 00 52 12 01 00 00 00 00 00  ........R.......
20:28:55 [INFO   ] [AddrMgr]     +0x020: 50 D8 2E 27 D0 02 00 00 D0 A8 61 CF F7 7F 00 00  P..'......a.....
20:28:55 [INFO   ] [AddrMgr]     +0x030: 68 61 61 CF F7 7F 00 00 02 00 0C 00 00 00 00 00  haa.............
20:28:55 [INFO   ] [AddrMgr]     +0x040: 00 00 00 00 00 00 00 00 00 00 00 00 00 00 00 00  ................
20:28:55 [INFO   ] [AddrMgr]     +0x050: 00 00 00 00 00 00 00 00 00 00 00 00 00 00 00 00  ................
20:28:55 [INFO   ] [AddrMgr]     +0x060: 00 00 00 00 00 00 00 00 00 00 00 00 00 00 00 00  ................
20:28:55 [INFO   ] [AddrMgr]     +0x070: 00 00 00 00 00 00 00 00 00 00 00 00 00 00 00 00  ................
20:28:55 [INFO   ] [AddrMgr]     +0x080: 00 00 00 00 00 00 00 00 FF FF FF FF FF FF FF FF  ................
20:28:55 [INFO   ] [AddrMgr]     +0x090: 01 06 42 05 00 00 00 00 00 00 00 00 00 00 00 00  ..B.............
20:28:55 [INFO   ] [AddrMgr]     +0x0A0: 00 00 00 00 00 00 00 00 50 D8 2E 27 D0 02 00 00  ........P..'....
20:28:55 [INFO   ] [AddrMgr]     +0x0B0: 40 37 E5 0B D0 02 00 00 00 00 00 00 00 00 00 00  @7..............
20:28:55 [INFO   ] [AddrMgr]     +0x0C0: 50 D8 2E 27 D0 02 00 00 00 00 00 00 00 00 00 00  P..'............
20:28:55 [INFO   ] [AddrMgr]     +0x0D0: 00 00 00 00 00 00 00 00 00 00 00 00 00 00 00 00  ................
20:28:55 [INFO   ] [AddrMgr]     +0x0E0: 00 00 00 00 00 00 00 00 00 00 00 00 00 00 00 00  ................
20:28:55 [INFO   ] [AddrMgr]     +0x0F0: 00 00 00 00 00 00 00 00 00 00 00 00 80 00 00 00  ................
20:28:55 [INFO   ] [AddrMgr]   ECfgComponent memory (ECfg+0x100, 256 bytes):
20:28:55 [INFO   ] [AddrMgr]     +0x100: FF FF FF FF 00 00 00 00 00 00 00 00 00 00 00 00  ................
20:28:55 [INFO   ] [AddrMgr]     +0x110: 00 00 00 00 00 00 00 00 00 00 00 00 00 00 00 00  ................
20:28:55 [INFO   ] [AddrMgr]     +0x120: 00 00 00 00 00 00 00 00 00 00 00 00 00 00 00 00  ................
20:28:55 [INFO   ] [AddrMgr]     +0x130: 00 00 00 00 00 00 00 00 00 00 00 00 00 00 80 3F  ...............?
20:28:55 [INFO   ] [AddrMgr]     +0x140: 00 00 00 00 00 00 00 00 00 00 00 00 00 00 00 00  ................
20:28:55 [INFO   ] [AddrMgr]     +0x150: 00 00 00 00 00 00 00 00 00 00 00 00 00 00 00 00  ................
20:28:55 [INFO   ] [AddrMgr]     +0x160: 00 00 00 00 00 00 00 00 00 00 00 00 00 00 00 00  ................
20:28:55 [INFO   ] [AddrMgr]     +0x170: 00 00 00 00 00 00 00 00 00 00 00 00 80 00 00 00  ................
20:28:55 [INFO   ] [AddrMgr]     +0x180: FF FF FF FF 00 00 00 00 00 00 00 00 00 00 00 00  ................
20:28:55 [INFO   ] [AddrMgr]     +0x190: 00 00 00 00 00 00 00 00 00 00 00 00 00 00 00 00  ................
20:28:55 [INFO   ] [AddrMgr]     +0x1A0: 00 00 00 00 00 00 00 00 00 00 00 00 00 00 00 00  ................
20:28:55 [INFO   ] [AddrMgr]     +0x1B0: 00 00 00 00 00 00 00 00 00 00 00 00 00 00 00 00  ................
20:28:55 [INFO   ] [AddrMgr]     +0x1C0: 00 00 00 00 00 00 00 00 00 00 00 00 80 00 00 00  ................
20:28:55 [INFO   ] [AddrMgr]     +0x1D0: FF FF FF FF 00 00 00 00 00 00 00 00 00 00 00 00  ................
20:28:55 [INFO   ] [AddrMgr]     +0x1E0: 00 00 00 00 00 00 00 00 00 00 00 00 00 00 00 00  ................
20:28:55 [INFO   ] [AddrMgr]     +0x1F0: 00 00 00 00 00 00 00 00 00 00 00 00 00 00 00 00  ................
20:28:55 [INFO   ] [AddrMgr]   ECfgComponent memory (ECfg+0x200, 64 bytes):
20:28:55 [INFO   ] [AddrMgr]     +0x200: 00 00 00 00 00 00 00 00 00 00 00 00 00 00 00 00  ................
20:28:55 [INFO   ] [AddrMgr]     +0x210: 00 00 00 00 00 00 00 00 00 00 00 00 80 00 00 00  ................
20:28:55 [INFO   ] [AddrMgr]     +0x220: FF FF FF FF 00 00 00 00 00 00 00 00 00 00 00 00  ................
20:28:55 [INFO   ] [AddrMgr]     +0x230: 00 00 00 00 00 00 00 00 00 00 00 00 00 00 00 00  ................
20:28:55 [INFO   ] [AddrMgr]   EGameplay memory (actor+0x200, 512 bytes):
20:28:55 [INFO   ] [AddrMgr]     +0x200: 00 00 00 00 00 00 00 00 00 00 00 00 00 00 00 00  ................
20:28:55 [INFO   ] [AddrMgr]     +0x210: 00 00 00 00 00 00 00 00 00 00 00 00 00 00 00 00  ................
20:28:55 [INFO   ] [AddrMgr]     +0x220: E8 CE 63 CF F7 7F 00 00 10 00 00 00 00 00 80 42  ..c............B
20:28:55 [INFO   ] [AddrMgr]     +0x230: 00 00 00 00 00 00 00 00 00 00 00 00 00 00 00 00  ................
20:28:55 [INFO   ] [AddrMgr]     +0x240: 00 00 00 00 00 00 00 00 00 00 00 00 00 00 00 00  ................
20:28:55 [INFO   ] [AddrMgr]     +0x250: 00 00 00 00 00 00 00 00 00 00 00 00 00 00 00 00  ................
20:28:55 [INFO   ] [AddrMgr]     +0x260: 0A D7 2F 41 00 00 00 00 00 00 00 00 00 00 00 00  ../A............
20:28:55 [INFO   ] [AddrMgr]     +0x270: 00 00 00 00 00 00 00 00 00 00 00 00 00 00 00 00  ................
20:28:55 [INFO   ] [AddrMgr]     +0x280: 00 00 00 00 00 00 00 00 E0 BF A1 A3 CF 02 00 00  ................
20:28:55 [INFO   ] [AddrMgr]     +0x290: 02 00 00 00 04 00 00 00 03 00 00 00 00 00 00 00  ................
20:28:55 [INFO   ] [AddrMgr]     +0x2A0: 00 00 00 00 00 00 00 00 00 00 00 00 00 00 00 00  ................
20:28:55 [INFO   ] [AddrMgr]     +0x2B0: 02 00 00 00 80 00 00 00 FF FF FF FF 00 00 00 00  ................
20:28:55 [INFO   ] [AddrMgr]     +0x2C0: 01 00 00 00 00 00 00 00 00 00 00 00 00 00 00 00  ................
20:28:55 [INFO   ] [AddrMgr]     +0x2D0: 01 00 00 00 00 00 00 00 00 00 00 00 00 00 00 00  ................
20:28:55 [INFO   ] [AddrMgr]     +0x2E0: 00 00 00 00 00 00 00 00 00 00 00 00 00 00 00 00  ................
20:28:55 [INFO   ] [AddrMgr]     +0x2F0: 00 00 00 00 00 00 00 00 00 00 00 00 00 00 00 00  ................
20:28:55 [INFO   ] [AddrMgr]     +0x300: 00 00 00 00 00 00 00 00 00 00 00 00 00 00 00 00  ................
20:28:55 [INFO   ] [AddrMgr]     +0x310: 00 00 00 00 00 00 00 00 00 00 00 00 00 00 00 00  ................
20:28:55 [INFO   ] [AddrMgr]     +0x320: 80 74 A3 17 D0 02 00 00 00 00 00 00 00 00 00 00  .t..............
20:28:55 [INFO   ] [AddrMgr]     +0x330: 00 00 00 00 00 00 00 00 00 00 00 00 00 00 00 00  ................
20:28:55 [INFO   ] [AddrMgr]     +0x340: 00 00 00 00 00 00 00 00 00 00 00 00 00 00 00 00  ................
20:28:55 [INFO   ] [AddrMgr]     +0x350: 00 00 00 00 00 00 00 00 00 00 00 00 00 00 00 00  ................
20:28:55 [INFO   ] [AddrMgr]     +0x360: 00 00 00 00 00 00 00 00 00 00 00 00 00 00 00 00  ................
20:28:55 [INFO   ] [AddrMgr]     +0x370: 00 00 00 00 00 00 00 00 00 00 00 00 00 00 00 00  ................
20:28:55 [INFO   ] [AddrMgr]     +0x380: 00 00 00 00 00 00 00 00 00 00 00 00 00 00 00 00  ................
20:28:55 [INFO   ] [AddrMgr]     +0x390: 00 00 00 00 00 00 00 00 00 00 00 00 00 00 00 00  ................
20:28:55 [INFO   ] [AddrMgr]     +0x3A0: 00 00 00 00 00 00 00 00 00 00 00 00 00 00 00 00  ................
20:28:55 [INFO   ] [AddrMgr]     +0x3B0: 00 00 00 00 00 00 00 00 00 00 00 00 00 00 00 00  ................
20:28:55 [INFO   ] [AddrMgr]     +0x3C0: 00 00 00 00 00 00 00 00 00 00 00 00 00 00 00 00  ................
20:28:55 [INFO   ] [AddrMgr]     +0x3D0: 00 00 00 00 00 00 00 00 00 00 00 00 00 00 00 00  ................
20:28:55 [INFO   ] [AddrMgr]     +0x3E0: 00 00 00 00 00 00 00 00 00 00 00 00 00 00 00 00  ................
20:28:55 [INFO   ] [AddrMgr]     +0x3F0: 00 00 00 00 00 00 00 00 00 00 00 00 00 00 00 00  ................
20:28:55 [INFO   ] [AddrMgr]   EGameplay memory (actor+0x400, 512 bytes):
20:28:55 [INFO   ] [AddrMgr]     +0x400: 00 00 00 00 00 00 00 00 00 00 00 00 00 00 00 00  ................
20:28:55 [INFO   ] [AddrMgr]     +0x410: 00 00 00 00 00 00 00 00 00 00 00 00 00 00 00 00  ................
20:28:55 [INFO   ] [AddrMgr]     +0x420: 00 00 00 00 00 00 00 00 00 00 00 00 00 00 00 00  ................
20:28:55 [INFO   ] [AddrMgr]     +0x430: 00 00 00 00 00 00 00 00 00 00 00 00 00 00 00 00  ................
20:28:55 [INFO   ] [AddrMgr]     +0x440: 00 00 00 00 00 00 00 00 00 00 00 00 00 00 00 00  ................
20:28:55 [INFO   ] [AddrMgr]     +0x450: 00 00 00 00 00 00 00 00 00 00 00 00 00 00 00 00  ................
20:28:55 [INFO   ] [AddrMgr]     +0x460: 00 00 00 00 00 00 00 00 00 00 00 00 00 00 00 00  ................
20:28:55 [INFO   ] [AddrMgr]     +0x470: 00 00 00 00 00 00 00 00 00 00 00 00 00 00 00 00  ................
20:28:55 [INFO   ] [AddrMgr]     +0x480: 00 00 00 00 00 00 00 00 00 00 00 00 00 00 00 00  ................
20:28:55 [INFO   ] [AddrMgr]     +0x490: 00 00 00 00 00 00 00 00 00 00 00 00 00 00 00 00  ................
20:28:55 [INFO   ] [AddrMgr]     +0x4A0: 00 00 00 00 00 00 00 00 00 00 00 00 00 00 00 00  ................
20:28:55 [INFO   ] [AddrMgr]     +0x4B0: 00 00 00 00 00 00 00 00 00 00 00 00 00 00 00 00  ................
20:28:55 [INFO   ] [AddrMgr]     +0x4C0: 00 00 00 00 00 00 00 00 00 00 00 00 00 00 00 00  ................
20:28:55 [INFO   ] [AddrMgr]     +0x4D0: 00 00 00 00 00 00 00 00 00 00 00 00 00 00 00 00  ................
20:28:55 [INFO   ] [AddrMgr]     +0x4E0: 80 4A 84 EB CF 02 00 00 00 00 00 00 00 00 00 00  .J..............
20:28:55 [INFO   ] [AddrMgr]     +0x4F0: 00 00 00 00 00 00 00 00 00 00 00 00 00 00 00 00  ................
20:28:55 [INFO   ] [AddrMgr]     +0x500: 00 00 00 00 00 00 00 00 00 00 00 00 00 00 00 00  ................
20:28:55 [INFO   ] [AddrMgr]     +0x510: 00 00 00 00 00 00 00 00 00 00 00 00 00 00 00 00  ................
20:28:55 [INFO   ] [AddrMgr]     +0x520: 00 00 00 00 00 00 00 00 00 00 00 00 00 00 00 00  ................
20:28:55 [INFO   ] [AddrMgr]     +0x530: 00 00 00 00 00 00 00 00 00 00 00 00 00 00 00 00  ................
20:28:55 [INFO   ] [AddrMgr]     +0x540: 00 00 00 00 00 00 00 00 00 00 00 00 00 00 00 00  ................
20:28:55 [INFO   ] [AddrMgr]     +0x550: 00 00 00 00 00 00 00 00 00 00 00 00 00 00 00 00  ................
20:28:55 [INFO   ] [AddrMgr]     +0x560: 00 00 00 00 00 00 00 00 00 00 00 00 00 00 00 00  ................
20:28:55 [INFO   ] [AddrMgr]     +0x570: 00 00 00 00 00 00 00 00 00 00 00 00 00 00 00 00  ................
20:28:55 [INFO   ] [AddrMgr]     +0x580: 00 00 00 00 00 00 00 00 00 00 00 00 00 00 00 00  ................
20:28:55 [INFO   ] [AddrMgr]     +0x590: 00 00 00 00 00 00 00 00 00 00 00 00 00 00 00 00  ................
20:28:55 [INFO   ] [AddrMgr]     +0x5A0: 00 00 00 00 00 00 00 00 00 00 00 00 00 00 00 00  ................
20:28:55 [INFO   ] [AddrMgr]     +0x5B0: 00 00 00 00 00 00 00 00 00 00 00 00 00 00 00 00  ................
20:28:55 [INFO   ] [AddrMgr]     +0x5C0: 00 00 00 00 00 00 00 00 00 00 00 00 00 00 00 00  ................
20:28:55 [INFO   ] [AddrMgr]     +0x5D0: 00 00 00 00 00 00 00 00 00 00 00 00 00 00 00 00  ................
20:28:55 [INFO   ] [AddrMgr]     +0x5E0: 00 00 00 00 00 00 00 00 00 00 00 00 00 00 00 00  ................
20:28:55 [INFO   ] [AddrMgr]     +0x5F0: 00 00 00 00 00 00 00 00 00 00 00 00 00 00 00 00  ................
20:28:55 [INFO   ] [AddrMgr]   EGameplay memory (actor+0x600, 296 bytes):
20:28:55 [INFO   ] [AddrMgr]     +0x600: FF FF FF FF 00 00 00 00 01 01 00 00 A8 88 08 3E  ...............>
20:28:55 [INFO   ] [AddrMgr]     +0x610: F5 CC CC 3D 00 01 00 00 03 00 00 00 00 01 00 00  ...=............
20:28:55 [INFO   ] [AddrMgr]     +0x620: F5 CC CC 3D 00 00 00 00 00 00 00 00 00 00 00 00  ...=............
20:28:55 [INFO   ] [AddrMgr]     +0x630: 00 00 00 00 00 00 00 00 00 00 00 00 00 00 00 00  ................
20:28:55 [INFO   ] [AddrMgr]     +0x640: 00 00 00 00 00 00 00 00 00 00 00 00 00 00 00 00  ................
20:28:55 [INFO   ] [AddrMgr]     +0x650: 00 00 00 00 00 00 00 00 00 00 00 00 00 00 00 00  ................
20:28:55 [INFO   ] [AddrMgr]     +0x660: 00 00 00 00 00 00 00 00 00 00 00 00 00 00 00 00  ................
20:28:55 [INFO   ] [AddrMgr]     +0x670: 00 00 00 00 00 00 00 00 00 00 00 00 00 00 00 00  ................
20:28:55 [INFO   ] [AddrMgr]     +0x680: 00 00 00 00 00 00 00 00 00 00 00 00 00 00 00 00  ................
20:28:55 [INFO   ] [AddrMgr]     +0x690: 00 00 00 00 00 00 00 00 00 00 00 00 00 00 00 00  ................
20:28:55 [INFO   ] [AddrMgr]     +0x6A0: 00 00 00 00 00 00 00 00 00 00 00 00 00 00 00 00  ................
20:28:55 [INFO   ] [AddrMgr]     +0x6B0: 00 00 00 00 00 00 00 00 00 00 00 00 00 00 00 00  ................
20:28:55 [INFO   ] [AddrMgr]     +0x6C0: 00 00 00 00 00 00 00 00 00 00 00 00 00 00 00 00  ................
20:28:55 [INFO   ] [AddrMgr]     +0x6D0: 00 00 00 00 00 00 00 00 00 00 00 00 00 00 00 00  ................
20:28:55 [INFO   ] [AddrMgr]     +0x6E0: 00 00 00 00 00 00 00 00 00 00 00 00 00 00 00 00  ................
20:28:55 [INFO   ] [AddrMgr]     +0x6F0: 00 00 00 00 00 00 00 00 00 00 00 00 00 00 00 00  ................
20:28:55 [INFO   ] [AddrMgr]     +0x700: 00 00 00 00 00 00 00 00 00 00 00 00 00 00 00 00  ................
20:28:55 [INFO   ] [AddrMgr]     +0x710: 00 01 00 00 0B 00 00 00 00 00 00 00 00 00 00 00  ................
20:28:55 [INFO   ] [AddrMgr]     +0x720: 01 00 00 00 00 00 00 00                          ........
20:28:55 [INFO   ] [AddrMgr] 
20:28:55 [INFO   ] [AddrMgr] --- EGameplay #1: EGameplay at 0x2CFFBF788F0 ---
20:28:56 [INFO   ] [AddrMgr]   InternalIndex@0x0C: 101706 | FName.Number@0x1C: 2147335934
20:28:56 [INFO   ] [AddrMgr]   Class: 'EGameplay'
20:28:56 [INFO   ] [AddrMgr]   Position: (0.0, 0.0, 0.0)
20:28:56 [INFO   ] [AddrMgr]   SubObject@0x4E0: 0x2CFB6262380 name='EMsg' class='EMsgComponent' outer='EGameplay' iidx=101703 fnum=0
20:28:56 [INFO   ] [AddrMgr]   WaveCounter@0x618: 3 | SpawnIndex@0x714: 10
20:28:56 [INFO   ] [AddrMgr]   ueComponents TMap@0x288: data_ptr=0x2CFA3A1AB40 num=2
20:28:56 [INFO   ] [AddrMgr]     ueComp candidate@+0x000: 0x2CEAF9C1600 name='ECfgComponent' class='Class'
20:28:56 [INFO   ] [AddrMgr]     ueComp candidate@+0x008: 0x2CFD8437900 name='ECfg' class='ECfgComponent'
20:28:56 [INFO   ] [AddrMgr]     ueComp candidate@+0x018: 0x2CEAF9DEE00 name='EMsgComponent' class='Class'
20:28:56 [INFO   ] [AddrMgr]     ueComp candidate@+0x020: 0x2CFB6262380 name='EMsg' class='EMsgComponent'
20:28:56 [INFO   ] [AddrMgr]   All children (Outer=this, 3 found):
20:28:56 [INFO   ] [AddrMgr]     0x2CFB6262380 name='EMsg' class='EMsgComponent' iidx=101703 fnum=0
20:28:56 [INFO   ] [AddrMgr]     0x2CFD8437900 name='ECfg' class='ECfgComponent' iidx=101704 fnum=0
20:28:56 [INFO   ] [AddrMgr]     0x2CFD8435980 name='UserEntity' class='SceneComponent' iidx=101705 fnum=0
20:28:56 [INFO   ] [AddrMgr]   ECfgComponent at 0x2CFD8437900
20:28:56 [INFO   ] [AddrMgr]   CfgInfo raw (ECfg+0x120, 32 bytes):
20:28:56 [INFO   ] [AddrMgr]     00 00 00 00 00 00 00 00 00 00 00 00 00 00 00 00 00 00 00 00 00 00 00 00 00 00 00 00 00 00 80 3F
20:28:56 [INFO   ] [AddrMgr]   CfgInfo.ID = 0x0 (0) -> UNKNOWN
20:28:56 [INFO   ] [AddrMgr]   CfgInfo.Type = 0x0 (0)
20:28:56 [INFO   ] [AddrMgr]   CfgInfo.ExtendId = 0x0 (0)
20:28:56 [INFO   ] [AddrMgr]   ECfgComponent memory (ECfg+0x0, 256 bytes):
20:28:56 [INFO   ] [AddrMgr]     +0x000: 08 A4 61 CF F7 7F 00 00 08 00 04 00 48 8D 01 00  ..a.........H...
20:28:56 [INFO   ] [AddrMgr]     +0x010: 00 16 9C AF CE 02 00 00 52 12 01 00 00 00 00 00  ........R.......
20:28:56 [INFO   ] [AddrMgr]     +0x020: F0 88 F7 FB CF 02 00 00 D0 A8 61 CF F7 7F 00 00  ..........a.....
20:28:56 [INFO   ] [AddrMgr]     +0x030: 68 61 61 CF F7 7F 00 00 02 00 0C 00 00 00 00 00  haa.............
20:28:56 [INFO   ] [AddrMgr]     +0x040: 00 00 00 00 00 00 00 00 00 00 00 00 00 00 00 00  ................
20:28:56 [INFO   ] [AddrMgr]     +0x050: 00 00 00 00 00 00 00 00 00 00 00 00 00 00 00 00  ................
20:28:56 [INFO   ] [AddrMgr]     +0x060: 00 00 00 00 00 00 00 00 00 00 00 00 00 00 00 00  ................
20:28:56 [INFO   ] [AddrMgr]     +0x070: 00 00 00 00 00 00 00 00 00 00 00 00 00 00 00 00  ................
20:28:56 [INFO   ] [AddrMgr]     +0x080: 00 00 00 00 00 00 00 00 FF FF FF FF FF FF FF FF  ................
20:28:56 [INFO   ] [AddrMgr]     +0x090: 01 06 42 05 00 00 00 00 00 00 00 00 00 00 00 00  ..B.............
20:28:56 [INFO   ] [AddrMgr]     +0x0A0: 00 00 00 00 00 00 00 00 F0 88 F7 FB CF 02 00 00  ................
20:28:56 [INFO   ] [AddrMgr]     +0x0B0: 40 37 E5 0B D0 02 00 00 00 00 00 00 00 00 00 00  @7..............
20:28:56 [INFO   ] [AddrMgr]     +0x0C0: F0 88 F7 FB CF 02 00 00 00 00 00 00 00 00 00 00  ................
20:28:56 [INFO   ] [AddrMgr]     +0x0D0: 00 00 00 00 00 00 00 00 00 00 00 00 00 00 00 00  ................
20:28:56 [INFO   ] [AddrMgr]     +0x0E0: 00 00 00 00 00 00 00 00 00 00 00 00 00 00 00 00  ................
20:28:56 [INFO   ] [AddrMgr]     +0x0F0: 00 00 00 00 00 00 00 00 00 00 00 00 80 00 00 00  ................
20:28:56 [INFO   ] [AddrMgr]   ECfgComponent memory (ECfg+0x100, 256 bytes):
20:28:56 [INFO   ] [AddrMgr]     +0x100: FF FF FF FF 00 00 00 00 00 00 00 00 00 00 00 00  ................
20:28:56 [INFO   ] [AddrMgr]     +0x110: 00 00 00 00 00 00 00 00 00 00 00 00 00 00 00 00  ................
20:28:56 [INFO   ] [AddrMgr]     +0x120: 00 00 00 00 00 00 00 00 00 00 00 00 00 00 00 00  ................
20:28:56 [INFO   ] [AddrMgr]     +0x130: 00 00 00 00 00 00 00 00 00 00 00 00 00 00 80 3F  ...............?
20:28:56 [INFO   ] [AddrMgr]     +0x140: 00 00 00 00 00 00 00 00 00 00 00 00 00 00 00 00  ................
20:28:56 [INFO   ] [AddrMgr]     +0x150: 00 00 00 00 00 00 00 00 00 00 00 00 00 00 00 00  ................
20:28:56 [INFO   ] [AddrMgr]     +0x160: 00 00 00 00 00 00 00 00 00 00 00 00 00 00 00 00  ................
20:28:56 [INFO   ] [AddrMgr]     +0x170: 00 00 00 00 00 00 00 00 00 00 00 00 80 00 00 00  ................
20:28:56 [INFO   ] [AddrMgr]     +0x180: FF FF FF FF 00 00 00 00 00 00 00 00 00 00 00 00  ................
20:28:56 [INFO   ] [AddrMgr]     +0x190: 00 00 00 00 00 00 00 00 00 00 00 00 00 00 00 00  ................
20:28:56 [INFO   ] [AddrMgr]     +0x1A0: 00 00 00 00 00 00 00 00 00 00 00 00 00 00 00 00  ................
20:28:56 [INFO   ] [AddrMgr]     +0x1B0: 00 00 00 00 00 00 00 00 00 00 00 00 00 00 00 00  ................
20:28:56 [INFO   ] [AddrMgr]     +0x1C0: 00 00 00 00 00 00 00 00 00 00 00 00 80 00 00 00  ................
20:28:56 [INFO   ] [AddrMgr]     +0x1D0: FF FF FF FF 00 00 00 00 00 00 00 00 00 00 00 00  ................
20:28:56 [INFO   ] [AddrMgr]     +0x1E0: 00 00 00 00 00 00 00 00 00 00 00 00 00 00 00 00  ................
20:28:56 [INFO   ] [AddrMgr]     +0x1F0: 00 00 00 00 00 00 00 00 00 00 00 00 00 00 00 00  ................
20:28:56 [INFO   ] [AddrMgr]   ECfgComponent memory (ECfg+0x200, 64 bytes):
20:28:56 [INFO   ] [AddrMgr]     +0x200: 00 00 00 00 00 00 00 00 00 00 00 00 00 00 00 00  ................
20:28:56 [INFO   ] [AddrMgr]     +0x210: 00 00 00 00 00 00 00 00 00 00 00 00 80 00 00 00  ................
20:28:56 [INFO   ] [AddrMgr]     +0x220: FF FF FF FF 00 00 00 00 00 00 00 00 00 00 00 00  ................
20:28:56 [INFO   ] [AddrMgr]     +0x230: 00 00 00 00 00 00 00 00 00 00 00 00 00 00 00 00  ................
20:28:56 [INFO   ] [AddrMgr]   EGameplay memory (actor+0x200, 512 bytes):
20:28:56 [INFO   ] [AddrMgr]     +0x200: 00 00 00 00 00 00 00 00 00 00 00 00 00 00 00 00  ................
20:28:56 [INFO   ] [AddrMgr]     +0x210: 00 00 00 00 00 00 00 00 00 00 00 00 00 00 00 00  ................
20:28:56 [INFO   ] [AddrMgr]     +0x220: E8 CE 63 CF F7 7F 00 00 10 00 00 00 00 00 80 42  ..c............B
20:28:56 [INFO   ] [AddrMgr]     +0x230: 00 00 00 00 00 00 00 00 00 00 00 00 00 00 00 00  ................
20:28:56 [INFO   ] [AddrMgr]     +0x240: 00 00 00 00 00 00 00 00 00 00 00 00 00 00 00 00  ................
20:28:56 [INFO   ] [AddrMgr]     +0x250: 00 00 00 00 00 00 00 00 00 00 00 00 00 00 00 00  ................
20:28:56 [INFO   ] [AddrMgr]     +0x260: 0A D7 2F 41 00 00 00 00 00 00 00 00 00 00 00 00  ../A............
20:28:56 [INFO   ] [AddrMgr]     +0x270: 00 00 00 00 00 00 00 00 00 00 00 00 00 00 00 00  ................
20:28:56 [INFO   ] [AddrMgr]     +0x280: 00 00 00 00 00 00 00 00 40 AB A1 A3 CF 02 00 00  ........@.......
20:28:56 [INFO   ] [AddrMgr]     +0x290: 02 00 00 00 04 00 00 00 03 00 00 00 00 00 00 00  ................
20:28:56 [INFO   ] [AddrMgr]     +0x2A0: 00 00 00 00 00 00 00 00 00 00 00 00 00 00 00 00  ................
20:28:56 [INFO   ] [AddrMgr]     +0x2B0: 02 00 00 00 80 00 00 00 FF FF FF FF 00 00 00 00  ................
20:28:56 [INFO   ] [AddrMgr]     +0x2C0: 01 00 00 00 00 00 00 00 00 00 00 00 00 00 00 00  ................
20:28:56 [INFO   ] [AddrMgr]     +0x2D0: 01 00 00 00 00 00 00 00 00 00 00 00 00 00 00 00  ................
20:28:56 [INFO   ] [AddrMgr]     +0x2E0: 00 00 00 00 00 00 00 00 00 00 00 00 00 00 00 00  ................
20:28:56 [INFO   ] [AddrMgr]     +0x2F0: 00 00 00 00 00 00 00 00 00 00 00 00 00 00 00 00  ................
20:28:56 [INFO   ] [AddrMgr]     +0x300: 00 00 00 00 00 00 00 00 00 00 00 00 00 00 00 00  ................
20:28:56 [INFO   ] [AddrMgr]     +0x310: 00 00 00 00 00 00 00 00 00 00 00 00 00 00 00 00  ................
20:28:56 [INFO   ] [AddrMgr]     +0x320: 00 79 43 D8 CF 02 00 00 00 00 00 00 00 00 00 00  .yC.............
20:28:56 [INFO   ] [AddrMgr]     +0x330: 00 00 00 00 00 00 00 00 00 00 00 00 00 00 00 00  ................
20:28:56 [INFO   ] [AddrMgr]     +0x340: 00 00 00 00 00 00 00 00 00 00 00 00 00 00 00 00  ................
20:28:56 [INFO   ] [AddrMgr]     +0x350: 00 00 00 00 00 00 00 00 00 00 00 00 00 00 00 00  ................
20:28:56 [INFO   ] [AddrMgr]     +0x360: 00 00 00 00 00 00 00 00 00 00 00 00 00 00 00 00  ................
20:28:56 [INFO   ] [AddrMgr]     +0x370: 00 00 00 00 00 00 00 00 00 00 00 00 00 00 00 00  ................
20:28:56 [INFO   ] [AddrMgr]     +0x380: 00 00 00 00 00 00 00 00 00 00 00 00 00 00 00 00  ................
20:28:56 [INFO   ] [AddrMgr]     +0x390: 00 00 00 00 00 00 00 00 00 00 00 00 00 00 00 00  ................
20:28:56 [INFO   ] [AddrMgr]     +0x3A0: 00 00 00 00 00 00 00 00 00 00 00 00 00 00 00 00  ................
20:28:56 [INFO   ] [AddrMgr]     +0x3B0: 00 00 00 00 00 00 00 00 00 00 00 00 00 00 00 00  ................
20:28:56 [INFO   ] [AddrMgr]     +0x3C0: 00 00 00 00 00 00 00 00 00 00 00 00 00 00 00 00  ................
20:28:56 [INFO   ] [AddrMgr]     +0x3D0: 00 00 00 00 00 00 00 00 00 00 00 00 00 00 00 00  ................
20:28:56 [INFO   ] [AddrMgr]     +0x3E0: 00 00 00 00 00 00 00 00 00 00 00 00 00 00 00 00  ................
20:28:56 [INFO   ] [AddrMgr]     +0x3F0: 00 00 00 00 00 00 00 00 00 00 00 00 00 00 00 00  ................
20:28:56 [INFO   ] [AddrMgr]   EGameplay memory (actor+0x400, 512 bytes):
20:28:56 [INFO   ] [AddrMgr]     +0x400: 00 00 00 00 00 00 00 00 00 00 00 00 00 00 00 00  ................
20:28:56 [INFO   ] [AddrMgr]     +0x410: 00 00 00 00 00 00 00 00 00 00 00 00 00 00 00 00  ................
20:28:56 [INFO   ] [AddrMgr]     +0x420: 00 00 00 00 00 00 00 00 00 00 00 00 00 00 00 00  ................
20:28:56 [INFO   ] [AddrMgr]     +0x430: 00 00 00 00 00 00 00 00 00 00 00 00 00 00 00 00  ................
20:28:56 [INFO   ] [AddrMgr]     +0x440: 00 00 00 00 00 00 00 00 00 00 00 00 00 00 00 00  ................
20:28:56 [INFO   ] [AddrMgr]     +0x450: 00 00 00 00 00 00 00 00 00 00 00 00 00 00 00 00  ................
20:28:56 [INFO   ] [AddrMgr]     +0x460: 00 00 00 00 00 00 00 00 00 00 00 00 00 00 00 00  ................
20:28:56 [INFO   ] [AddrMgr]     +0x470: 00 00 00 00 00 00 00 00 00 00 00 00 00 00 00 00  ................
20:28:56 [INFO   ] [AddrMgr]     +0x480: 00 00 00 00 00 00 00 00 00 00 00 00 00 00 00 00  ................
20:28:56 [INFO   ] [AddrMgr]     +0x490: 00 00 00 00 00 00 00 00 00 00 00 00 00 00 00 00  ................
20:28:56 [INFO   ] [AddrMgr]     +0x4A0: 00 00 00 00 00 00 00 00 00 00 00 00 00 00 00 00  ................
20:28:56 [INFO   ] [AddrMgr]     +0x4B0: 00 00 00 00 00 00 00 00 00 00 00 00 00 00 00 00  ................
20:28:56 [INFO   ] [AddrMgr]     +0x4C0: 00 00 00 00 00 00 00 00 00 00 00 00 00 00 00 00  ................
20:28:56 [INFO   ] [AddrMgr]     +0x4D0: 00 00 00 00 00 00 00 00 00 00 00 00 00 00 00 00  ................
20:28:56 [INFO   ] [AddrMgr]     +0x4E0: 80 23 26 B6 CF 02 00 00 00 00 00 00 00 00 00 00  .#&.............
20:28:56 [INFO   ] [AddrMgr]     +0x4F0: 00 00 00 00 00 00 00 00 00 00 00 00 00 00 00 00  ................
20:28:56 [INFO   ] [AddrMgr]     +0x500: 00 00 00 00 00 00 00 00 00 00 00 00 00 00 00 00  ................
20:28:56 [INFO   ] [AddrMgr]     +0x510: 00 00 00 00 00 00 00 00 00 00 00 00 00 00 00 00  ................
20:28:56 [INFO   ] [AddrMgr]     +0x520: 00 00 00 00 00 00 00 00 00 00 00 00 00 00 00 00  ................
20:28:56 [INFO   ] [AddrMgr]     +0x530: 00 00 00 00 00 00 00 00 00 00 00 00 00 00 00 00  ................
20:28:56 [INFO   ] [AddrMgr]     +0x540: 00 00 00 00 00 00 00 00 00 00 00 00 00 00 00 00  ................
20:28:56 [INFO   ] [AddrMgr]     +0x550: 00 00 00 00 00 00 00 00 00 00 00 00 00 00 00 00  ................
20:28:56 [INFO   ] [AddrMgr]     +0x560: 00 00 00 00 00 00 00 00 00 00 00 00 00 00 00 00  ................
20:28:56 [INFO   ] [AddrMgr]     +0x570: 00 00 00 00 00 00 00 00 00 00 00 00 00 00 00 00  ................
20:28:56 [INFO   ] [AddrMgr]     +0x580: 00 00 00 00 00 00 00 00 00 00 00 00 00 00 00 00  ................
20:28:56 [INFO   ] [AddrMgr]     +0x590: 00 00 00 00 00 00 00 00 00 00 00 00 00 00 00 00  ................
20:28:56 [INFO   ] [AddrMgr]     +0x5A0: 00 00 00 00 00 00 00 00 00 00 00 00 00 00 00 00  ................
20:28:56 [INFO   ] [AddrMgr]     +0x5B0: 00 00 00 00 00 00 00 00 00 00 00 00 00 00 00 00  ................
20:28:56 [INFO   ] [AddrMgr]     +0x5C0: 00 00 00 00 00 00 00 00 00 00 00 00 00 00 00 00  ................
20:28:56 [INFO   ] [AddrMgr]     +0x5D0: 00 00 00 00 00 00 00 00 00 00 00 00 00 00 00 00  ................
20:28:56 [INFO   ] [AddrMgr]     +0x5E0: 00 00 00 00 00 00 00 00 00 00 00 00 00 00 00 00  ................
20:28:56 [INFO   ] [AddrMgr]     +0x5F0: 00 00 00 00 00 00 00 00 00 00 00 00 00 00 00 00  ................
20:28:56 [INFO   ] [AddrMgr]   EGameplay memory (actor+0x600, 296 bytes):
20:28:56 [INFO   ] [AddrMgr]     +0x600: FF FF FF FF 00 00 00 00 01 01 00 00 A8 88 08 3E  ...............>
20:28:56 [INFO   ] [AddrMgr]     +0x610: F5 CC CC 3D 00 01 00 00 03 00 00 00 00 01 00 00  ...=............
20:28:56 [INFO   ] [AddrMgr]     +0x620: F5 CC CC 3D 00 00 00 00 00 00 00 00 00 00 00 00  ...=............
20:28:56 [INFO   ] [AddrMgr]     +0x630: 00 00 00 00 00 00 00 00 00 00 00 00 00 00 00 00  ................
20:28:56 [INFO   ] [AddrMgr]     +0x640: 00 00 00 00 00 00 00 00 00 00 00 00 00 00 00 00  ................
20:28:56 [INFO   ] [AddrMgr]     +0x650: 00 00 00 00 00 00 00 00 00 00 00 00 00 00 00 00  ................
20:28:56 [INFO   ] [AddrMgr]     +0x660: 00 00 00 00 00 00 00 00 00 00 00 00 00 00 00 00  ................
20:28:56 [INFO   ] [AddrMgr]     +0x670: 00 00 00 00 00 00 00 00 00 00 00 00 00 00 00 00  ................
20:28:56 [INFO   ] [AddrMgr]     +0x680: 00 00 00 00 00 00 00 00 00 00 00 00 00 00 00 00  ................
20:28:56 [INFO   ] [AddrMgr]     +0x690: 00 00 00 00 00 00 00 00 00 00 00 00 00 00 00 00  ................
20:28:56 [INFO   ] [AddrMgr]     +0x6A0: 00 00 00 00 00 00 00 00 00 00 00 00 00 00 00 00  ................
20:28:56 [INFO   ] [AddrMgr]     +0x6B0: 00 00 00 00 00 00 00 00 00 00 00 00 00 00 00 00  ................
20:28:56 [INFO   ] [AddrMgr]     +0x6C0: 00 00 00 00 00 00 00 00 00 00 00 00 00 00 00 00  ................
20:28:56 [INFO   ] [AddrMgr]     +0x6D0: 00 00 00 00 00 00 00 00 00 00 00 00 00 00 00 00  ................
20:28:56 [INFO   ] [AddrMgr]     +0x6E0: 00 00 00 00 00 00 00 00 00 00 00 00 00 00 00 00  ................
20:28:56 [INFO   ] [AddrMgr]     +0x6F0: 00 00 00 00 00 00 00 00 00 00 00 00 00 00 00 00  ................
20:28:56 [INFO   ] [AddrMgr]     +0x700: 00 00 00 00 00 00 00 00 00 00 00 00 00 00 00 00  ................
20:28:56 [INFO   ] [AddrMgr]     +0x710: 00 01 00 00 0A 00 00 00 00 00 00 00 00 00 00 00  ................
20:28:56 [INFO   ] [AddrMgr]     +0x720: 01 00 00 00 00 00 00 00                          ........
20:28:56 [INFO   ] [AddrMgr] 
20:28:56 [INFO   ] [AddrMgr] --- EGameplay #2: EGameplay at 0x2CFF62C5950 ---
20:28:56 [INFO   ] [AddrMgr]   InternalIndex@0x0C: 101710 | FName.Number@0x1C: 2147335935
20:28:56 [INFO   ] [AddrMgr]   Class: 'EGameplay'
20:28:56 [INFO   ] [AddrMgr]   Position: (-2500.0, -950.0, 2350.0)
20:28:56 [INFO   ] [AddrMgr]   SubObject@0x4E0: 0x2CFA4DFA300 name='EMsg' class='EMsgComponent' outer='EGameplay' iidx=101707 fnum=0
20:28:56 [INFO   ] [AddrMgr]   WaveCounter@0x618: 3 | SpawnIndex@0x714: 9
20:28:56 [INFO   ] [AddrMgr]   ueComponents TMap@0x288: data_ptr=0x2CFCFB97EA0 num=2
20:28:56 [INFO   ] [AddrMgr]     ueComp candidate@+0x000: 0x2CEAF9C1600 name='ECfgComponent' class='Class'
20:28:56 [INFO   ] [AddrMgr]     ueComp candidate@+0x008: 0x2CFD8438440 name='ECfg' class='ECfgComponent'
20:28:56 [INFO   ] [AddrMgr]     ueComp candidate@+0x018: 0x2CEAF9DEE00 name='EMsgComponent' class='Class'
20:28:56 [INFO   ] [AddrMgr]     ueComp candidate@+0x020: 0x2CFA4DFA300 name='EMsg' class='EMsgComponent'
20:28:56 [INFO   ] [AddrMgr]   All children (Outer=this, 3 found):
20:28:56 [INFO   ] [AddrMgr]     0x2CFA4DFA300 name='EMsg' class='EMsgComponent' iidx=101707 fnum=0
20:28:56 [INFO   ] [AddrMgr]     0x2CFD8438440 name='ECfg' class='ECfgComponent' iidx=101708 fnum=0
20:28:56 [INFO   ] [AddrMgr]     0x2D01494EE00 name='UserEntity' class='SceneComponent' iidx=101709 fnum=0
20:28:56 [INFO   ] [AddrMgr]   ECfgComponent at 0x2CFD8438440
20:28:56 [INFO   ] [AddrMgr]   CfgInfo raw (ECfg+0x120, 32 bytes):
20:28:56 [INFO   ] [AddrMgr]     00 00 00 00 00 00 00 00 00 00 00 00 00 00 00 00 00 00 00 00 00 00 00 00 00 00 00 00 00 00 80 3F
20:28:56 [INFO   ] [AddrMgr]   CfgInfo.ID = 0x0 (0) -> UNKNOWN
20:28:56 [INFO   ] [AddrMgr]   CfgInfo.Type = 0x0 (0)
20:28:56 [INFO   ] [AddrMgr]   CfgInfo.ExtendId = 0x0 (0)
20:28:56 [INFO   ] [AddrMgr]   ECfgComponent memory (ECfg+0x0, 256 bytes):
20:28:56 [INFO   ] [AddrMgr]     +0x000: 08 A4 61 CF F7 7F 00 00 08 00 04 00 4C 8D 01 00  ..a.........L...
20:28:56 [INFO   ] [AddrMgr]     +0x010: 00 16 9C AF CE 02 00 00 52 12 01 00 00 00 00 00  ........R.......
20:28:56 [INFO   ] [AddrMgr]     +0x020: 50 59 2C F6 CF 02 00 00 D0 A8 61 CF F7 7F 00 00  PY,.......a.....
20:28:56 [INFO   ] [AddrMgr]     +0x030: 68 61 61 CF F7 7F 00 00 02 00 0C 00 00 00 00 00  haa.............
20:28:56 [INFO   ] [AddrMgr]     +0x040: 00 00 00 00 00 00 00 00 00 00 00 00 00 00 00 00  ................
20:28:56 [INFO   ] [AddrMgr]     +0x050: 00 00 00 00 00 00 00 00 00 00 00 00 00 00 00 00  ................
20:28:56 [INFO   ] [AddrMgr]     +0x060: 00 00 00 00 00 00 00 00 00 00 00 00 00 00 00 00  ................
20:28:56 [INFO   ] [AddrMgr]     +0x070: 00 00 00 00 00 00 00 00 00 00 00 00 00 00 00 00  ................
20:28:56 [INFO   ] [AddrMgr]     +0x080: 00 00 00 00 00 00 00 00 FF FF FF FF FF FF FF FF  ................
20:28:56 [INFO   ] [AddrMgr]     +0x090: 01 06 42 05 00 00 00 00 00 00 00 00 00 00 00 00  ..B.............
20:28:56 [INFO   ] [AddrMgr]     +0x0A0: 00 00 00 00 00 00 00 00 50 59 2C F6 CF 02 00 00  ........PY,.....
20:28:56 [INFO   ] [AddrMgr]     +0x0B0: 40 37 E5 0B D0 02 00 00 00 00 00 00 00 00 00 00  @7..............
20:28:56 [INFO   ] [AddrMgr]     +0x0C0: 50 59 2C F6 CF 02 00 00 00 00 00 00 00 00 00 00  PY,.............
20:28:56 [INFO   ] [AddrMgr]     +0x0D0: 00 00 00 00 00 00 00 00 00 00 00 00 00 00 00 00  ................
20:28:56 [INFO   ] [AddrMgr]     +0x0E0: 00 00 00 00 00 00 00 00 00 00 00 00 00 00 00 00  ................
20:28:56 [INFO   ] [AddrMgr]     +0x0F0: 00 00 00 00 00 00 00 00 00 00 00 00 80 00 00 00  ................
20:28:56 [INFO   ] [AddrMgr]   ECfgComponent memory (ECfg+0x100, 256 bytes):
20:28:56 [INFO   ] [AddrMgr]     +0x100: FF FF FF FF 00 00 00 00 00 00 00 00 00 00 00 00  ................
20:28:56 [INFO   ] [AddrMgr]     +0x110: 00 00 00 00 00 00 00 00 00 00 00 00 00 00 00 00  ................
20:28:56 [INFO   ] [AddrMgr]     +0x120: 00 00 00 00 00 00 00 00 00 00 00 00 00 00 00 00  ................
20:28:56 [INFO   ] [AddrMgr]     +0x130: 00 00 00 00 00 00 00 00 00 00 00 00 00 00 80 3F  ...............?
20:28:56 [INFO   ] [AddrMgr]     +0x140: 00 00 00 00 00 00 00 00 00 00 00 00 00 00 00 00  ................
20:28:56 [INFO   ] [AddrMgr]     +0x150: 00 00 00 00 00 00 00 00 00 00 00 00 00 00 00 00  ................
20:28:56 [INFO   ] [AddrMgr]     +0x160: 00 00 00 00 00 00 00 00 00 00 00 00 00 00 00 00  ................
20:28:56 [INFO   ] [AddrMgr]     +0x170: 00 00 00 00 00 00 00 00 00 00 00 00 80 00 00 00  ................
20:28:56 [INFO   ] [AddrMgr]     +0x180: FF FF FF FF 00 00 00 00 00 00 00 00 00 00 00 00  ................
20:28:56 [INFO   ] [AddrMgr]     +0x190: 00 00 00 00 00 00 00 00 00 00 00 00 00 00 00 00  ................
20:28:56 [INFO   ] [AddrMgr]     +0x1A0: 00 00 00 00 00 00 00 00 00 00 00 00 00 00 00 00  ................
20:28:56 [INFO   ] [AddrMgr]     +0x1B0: 00 00 00 00 00 00 00 00 00 00 00 00 00 00 00 00  ................
20:28:56 [INFO   ] [AddrMgr]     +0x1C0: 00 00 00 00 00 00 00 00 00 00 00 00 80 00 00 00  ................
20:28:56 [INFO   ] [AddrMgr]     +0x1D0: FF FF FF FF 00 00 00 00 00 00 00 00 00 00 00 00  ................
20:28:56 [INFO   ] [AddrMgr]     +0x1E0: 00 00 00 00 00 00 00 00 00 00 00 00 00 00 00 00  ................
20:28:56 [INFO   ] [AddrMgr]     +0x1F0: 00 00 00 00 00 00 00 00 00 00 00 00 00 00 00 00  ................
20:28:56 [INFO   ] [AddrMgr]   ECfgComponent memory (ECfg+0x200, 64 bytes):
20:28:56 [INFO   ] [AddrMgr]     +0x200: 00 00 00 00 00 00 00 00 00 00 00 00 00 00 00 00  ................
20:28:56 [INFO   ] [AddrMgr]     +0x210: 00 00 00 00 00 00 00 00 00 00 00 00 80 00 00 00  ................
20:28:56 [INFO   ] [AddrMgr]     +0x220: FF FF FF FF 00 00 00 00 00 00 00 00 00 00 00 00  ................
20:28:56 [INFO   ] [AddrMgr]     +0x230: 00 00 00 00 00 00 00 00 00 00 00 00 00 00 00 00  ................
20:28:56 [INFO   ] [AddrMgr]   EGameplay memory (actor+0x200, 512 bytes):
20:28:56 [INFO   ] [AddrMgr]     +0x200: 00 00 00 00 00 00 00 00 00 00 00 00 00 00 00 00  ................
20:28:56 [INFO   ] [AddrMgr]     +0x210: 00 00 00 00 00 00 00 00 00 00 00 00 00 00 00 00  ................
20:28:56 [INFO   ] [AddrMgr]     +0x220: E8 CE 63 CF F7 7F 00 00 10 00 00 00 00 00 80 42  ..c............B
20:28:56 [INFO   ] [AddrMgr]     +0x230: 00 00 00 00 00 00 00 00 00 00 00 00 00 00 00 00  ................
20:28:56 [INFO   ] [AddrMgr]     +0x240: 00 00 00 00 00 00 00 00 00 00 00 00 00 00 00 00  ................
20:28:56 [INFO   ] [AddrMgr]     +0x250: 00 00 00 00 00 00 00 00 00 00 00 00 00 00 00 00  ................
20:28:56 [INFO   ] [AddrMgr]     +0x260: 0A D7 2F 41 00 00 00 00 00 00 00 00 00 00 00 00  ../A............
20:28:56 [INFO   ] [AddrMgr]     +0x270: 00 00 00 00 00 00 00 00 00 00 00 00 00 00 00 00  ................
20:28:56 [INFO   ] [AddrMgr]     +0x280: 00 00 00 00 00 00 00 00 A0 7E B9 CF CF 02 00 00  .........~......
20:28:56 [INFO   ] [AddrMgr]     +0x290: 02 00 00 00 04 00 00 00 03 00 00 00 00 00 00 00  ................
20:28:56 [INFO   ] [AddrMgr]     +0x2A0: 00 00 00 00 00 00 00 00 00 00 00 00 00 00 00 00  ................
20:28:56 [INFO   ] [AddrMgr]     +0x2B0: 02 00 00 00 80 00 00 00 FF FF FF FF 00 00 00 00  ................
20:28:56 [INFO   ] [AddrMgr]     +0x2C0: 01 00 00 00 00 00 00 00 00 00 00 00 00 00 00 00  ................
20:28:56 [INFO   ] [AddrMgr]     +0x2D0: 01 00 00 00 00 00 00 00 00 00 00 00 00 00 00 00  ................
20:28:56 [INFO   ] [AddrMgr]     +0x2E0: 00 00 00 00 00 00 00 00 00 00 00 00 00 00 00 00  ................
20:28:56 [INFO   ] [AddrMgr]     +0x2F0: 00 00 00 00 00 00 00 00 00 00 00 00 00 00 00 00  ................
20:28:56 [INFO   ] [AddrMgr]     +0x300: 00 00 00 00 00 00 00 00 00 00 00 00 00 00 00 00  ................
20:28:56 [INFO   ] [AddrMgr]     +0x310: 00 00 00 00 00 00 00 00 00 00 00 00 00 00 00 00  ................
20:28:56 [INFO   ] [AddrMgr]     +0x320: 40 84 43 D8 CF 02 00 00 00 00 00 00 00 00 00 00  @.C.............
20:28:56 [INFO   ] [AddrMgr]     +0x330: 00 00 00 00 00 00 00 00 00 00 00 00 00 00 00 00  ................
20:28:56 [INFO   ] [AddrMgr]     +0x340: 00 00 00 00 00 00 00 00 00 00 00 00 00 00 00 00  ................
20:28:56 [INFO   ] [AddrMgr]     +0x350: 00 00 00 00 00 00 00 00 00 00 00 00 00 00 00 00  ................
20:28:56 [INFO   ] [AddrMgr]     +0x360: 00 00 00 00 00 00 00 00 00 00 00 00 00 00 00 00  ................
20:28:56 [INFO   ] [AddrMgr]     +0x370: 00 00 00 00 00 00 00 00 00 00 00 00 00 00 00 00  ................
20:28:56 [INFO   ] [AddrMgr]     +0x380: 00 00 00 00 00 00 00 00 00 00 00 00 00 00 00 00  ................
20:28:56 [INFO   ] [AddrMgr]     +0x390: 00 00 00 00 00 00 00 00 00 00 00 00 00 00 00 00  ................
20:28:56 [INFO   ] [AddrMgr]     +0x3A0: 00 00 00 00 00 00 00 00 00 00 00 00 00 00 00 00  ................
20:28:56 [INFO   ] [AddrMgr]     +0x3B0: 00 00 00 00 00 00 00 00 00 00 00 00 00 00 00 00  ................
20:28:56 [INFO   ] [AddrMgr]     +0x3C0: 00 00 00 00 00 00 00 00 00 00 00 00 00 00 00 00  ................
20:28:56 [INFO   ] [AddrMgr]     +0x3D0: 00 00 00 00 00 00 00 00 00 00 00 00 00 00 00 00  ................
20:28:56 [INFO   ] [AddrMgr]     +0x3E0: 00 00 00 00 00 00 00 00 00 00 00 00 00 00 00 00  ................
20:28:56 [INFO   ] [AddrMgr]     +0x3F0: 00 00 00 00 00 00 00 00 00 00 00 00 00 00 00 00  ................
20:28:56 [INFO   ] [AddrMgr]   EGameplay memory (actor+0x400, 512 bytes):
20:28:56 [INFO   ] [AddrMgr]     +0x400: 00 00 00 00 00 00 00 00 00 00 00 00 00 00 00 00  ................
20:28:56 [INFO   ] [AddrMgr]     +0x410: 00 00 00 00 00 00 00 00 00 00 00 00 00 00 00 00  ................
20:28:56 [INFO   ] [AddrMgr]     +0x420: 00 00 00 00 00 00 00 00 00 00 00 00 00 00 00 00  ................
20:28:56 [INFO   ] [AddrMgr]     +0x430: 00 00 00 00 00 00 00 00 00 00 00 00 00 00 00 00  ................
20:28:56 [INFO   ] [AddrMgr]     +0x440: 00 00 00 00 00 00 00 00 00 00 00 00 00 00 00 00  ................
20:28:56 [INFO   ] [AddrMgr]     +0x450: 00 00 00 00 00 00 00 00 00 00 00 00 00 00 00 00  ................
20:28:56 [INFO   ] [AddrMgr]     +0x460: 00 00 00 00 00 00 00 00 00 00 00 00 00 00 00 00  ................
20:28:56 [INFO   ] [AddrMgr]     +0x470: 00 00 00 00 00 00 00 00 00 00 00 00 00 00 00 00  ................
20:28:56 [INFO   ] [AddrMgr]     +0x480: 00 00 00 00 00 00 00 00 00 00 00 00 00 00 00 00  ................
20:28:56 [INFO   ] [AddrMgr]     +0x490: 00 00 00 00 00 00 00 00 00 00 00 00 00 00 00 00  ................
20:28:56 [INFO   ] [AddrMgr]     +0x4A0: 00 00 00 00 00 00 00 00 00 00 00 00 00 00 00 00  ................
20:28:56 [INFO   ] [AddrMgr]     +0x4B0: 00 00 00 00 00 00 00 00 00 00 00 00 00 00 00 00  ................
20:28:56 [INFO   ] [AddrMgr]     +0x4C0: 00 00 00 00 00 00 00 00 00 00 00 00 00 00 00 00  ................
20:28:56 [INFO   ] [AddrMgr]     +0x4D0: 00 00 00 00 00 00 00 00 00 00 00 00 00 00 00 00  ................
20:28:56 [INFO   ] [AddrMgr]     +0x4E0: 00 A3 DF A4 CF 02 00 00 00 00 00 00 00 00 00 00  ................
20:28:56 [INFO   ] [AddrMgr]     +0x4F0: 00 00 00 00 00 00 00 00 00 00 00 00 00 00 00 00  ................
20:28:56 [INFO   ] [AddrMgr]     +0x500: 00 00 00 00 00 00 00 00 00 00 00 00 00 00 00 00  ................
20:28:56 [INFO   ] [AddrMgr]     +0x510: 00 00 00 00 00 00 00 00 00 00 00 00 00 00 00 00  ................
20:28:56 [INFO   ] [AddrMgr]     +0x520: 00 00 00 00 00 00 00 00 00 00 00 00 00 00 00 00  ................
20:28:56 [INFO   ] [AddrMgr]     +0x530: 00 00 00 00 00 00 00 00 00 00 00 00 00 00 00 00  ................
20:28:56 [INFO   ] [AddrMgr]     +0x540: 00 00 00 00 00 00 00 00 00 00 00 00 00 00 00 00  ................
20:28:56 [INFO   ] [AddrMgr]     +0x550: 00 00 00 00 00 00 00 00 00 00 00 00 00 00 00 00  ................
20:28:56 [INFO   ] [AddrMgr]     +0x560: 00 00 00 00 00 00 00 00 00 00 00 00 00 00 00 00  ................
20:28:56 [INFO   ] [AddrMgr]     +0x570: 00 00 00 00 00 00 00 00 00 00 00 00 00 00 00 00  ................
20:28:56 [INFO   ] [AddrMgr]     +0x580: 00 00 00 00 00 00 00 00 00 00 00 00 00 00 00 00  ................
20:28:56 [INFO   ] [AddrMgr]     +0x590: 00 00 00 00 00 00 00 00 00 00 00 00 00 00 00 00  ................
20:28:56 [INFO   ] [AddrMgr]     +0x5A0: 00 00 00 00 00 00 00 00 00 00 00 00 00 00 00 00  ................
20:28:56 [INFO   ] [AddrMgr]     +0x5B0: 00 00 00 00 00 00 00 00 00 00 00 00 00 00 00 00  ................
20:28:56 [INFO   ] [AddrMgr]     +0x5C0: 00 00 00 00 00 00 00 00 00 00 00 00 00 00 00 00  ................
20:28:56 [INFO   ] [AddrMgr]     +0x5D0: 00 00 00 00 00 00 00 00 00 00 00 00 00 00 00 00  ................
20:28:56 [INFO   ] [AddrMgr]     +0x5E0: 00 00 00 00 00 00 00 00 00 00 00 00 00 00 00 00  ................
20:28:56 [INFO   ] [AddrMgr]     +0x5F0: 00 00 00 00 00 00 00 00 00 00 00 00 00 00 00 00  ................
20:28:56 [INFO   ] [AddrMgr]   EGameplay memory (actor+0x600, 296 bytes):
20:28:56 [INFO   ] [AddrMgr]     +0x600: FF FF FF FF 00 00 00 00 01 01 00 00 A8 88 08 3E  ...............>
20:28:56 [INFO   ] [AddrMgr]     +0x610: F5 CC CC 3D 00 01 00 00 03 00 00 00 00 01 00 00  ...=............
20:28:56 [INFO   ] [AddrMgr]     +0x620: F5 CC CC 3D 00 00 00 00 00 00 00 00 00 00 00 00  ...=............
20:28:56 [INFO   ] [AddrMgr]     +0x630: 00 00 00 00 00 00 00 00 00 00 00 00 00 00 00 00  ................
20:28:56 [INFO   ] [AddrMgr]     +0x640: 00 00 00 00 00 00 00 00 00 00 00 00 00 00 00 00  ................
20:28:56 [INFO   ] [AddrMgr]     +0x650: 00 00 00 00 00 00 00 00 00 00 00 00 00 00 00 00  ................
20:28:56 [INFO   ] [AddrMgr]     +0x660: 00 00 00 00 00 00 00 00 00 00 00 00 00 00 00 00  ................
20:28:56 [INFO   ] [AddrMgr]     +0x670: 00 00 00 00 00 00 00 00 00 00 00 00 00 00 00 00  ................
20:28:56 [INFO   ] [AddrMgr]     +0x680: 00 00 00 00 00 00 00 00 00 00 00 00 00 00 00 00  ................
20:28:56 [INFO   ] [AddrMgr]     +0x690: 00 00 00 00 00 00 00 00 00 00 00 00 00 00 00 00  ................
20:28:56 [INFO   ] [AddrMgr]     +0x6A0: 00 00 00 00 00 00 00 00 00 00 00 00 00 00 00 00  ................
20:28:56 [INFO   ] [AddrMgr]     +0x6B0: 00 00 00 00 00 00 00 00 00 00 00 00 00 00 00 00  ................
20:28:56 [INFO   ] [AddrMgr]     +0x6C0: 00 00 00 00 00 00 00 00 00 00 00 00 00 00 00 00  ................
20:28:56 [INFO   ] [AddrMgr]     +0x6D0: 00 00 00 00 00 00 00 00 00 00 00 00 00 00 00 00  ................
20:28:56 [INFO   ] [AddrMgr]     +0x6E0: 00 00 00 00 00 00 00 00 00 00 00 00 00 00 00 00  ................
20:28:56 [INFO   ] [AddrMgr]     +0x6F0: 00 00 00 00 00 00 00 00 00 00 00 00 00 00 00 00  ................
20:28:56 [INFO   ] [AddrMgr]     +0x700: 00 00 00 00 00 00 00 00 00 00 00 00 00 00 00 00  ................
20:28:56 [INFO   ] [AddrMgr]     +0x710: 00 01 00 00 09 00 00 00 00 00 00 00 00 00 00 00  ................
20:28:56 [INFO   ] [AddrMgr]     +0x720: 01 00 00 00 00 00 00 00                          ........
20:28:56 [INFO   ] [AddrMgr] 
20:28:56 [INFO   ] [AddrMgr] 
20:28:56 [INFO   ] [AddrMgr] --- Quick Scan Summary ---
20:28:56 [INFO   ] [AddrMgr]   Event: UNKNOWN(0x0) | CfgID=0x0 | pos=(0, 0) | sub='EMsg'(EMsgComponent) | wave=3 spawn=11 | EGameplay=0x2D0272ED850
20:28:56 [INFO   ] [AddrMgr]   Event: UNKNOWN(0x0) | CfgID=0x0 | pos=(0, 0) | sub='EMsg'(EMsgComponent) | wave=3 spawn=10 | EGameplay=0x2CFFBF788F0
20:28:56 [INFO   ] [AddrMgr]   Event: UNKNOWN(0x0) | CfgID=0x0 | pos=(-2500, -950) | sub='EMsg'(EMsgComponent) | wave=3 spawn=9 | EGameplay=0x2CFF62C5950
20:28:56 [INFO   ] [AddrMgr] 
20:28:56 [INFO   ] [AddrMgr] --- FightMgr.MapGamePlay TMap (typed events) ---
20:28:56 [INFO   ] [AddrMgr]   [TARGET] Carjack | spawn_idx=0x9 | pos=(-2500, -950) | wave=3 | EGameplay=0x2CFF62C5950
20:28:56 [INFO   ] [AddrMgr]   [TARGET] Sandlord | spawn_idx=0xA | pos=(0, 0) | wave=3 | EGameplay=0x2CFFBF788F0
20:28:56 [INFO   ] [AddrMgr]   [TARGET] Sandlord | spawn_idx=0xB | pos=(0, 0) | wave=4 | EGameplay=0x2D0272ED850
20:28:56 [INFO   ] [AddrMgr] 
20:28:56 [INFO   ] [AddrMgr] --- FightMgr.MapCustomTrap TMap (Carjack vehicles) ---
20:28:56 [INFO   ] [AddrMgr]   MapCustomTrap data_ptr=0x2CFA3A120E0 num=2
20:28:56 [INFO   ] [AddrMgr]   [vehicle] spawn_idx=0x13 class='EMapCustomTrap' pos=(-3200,5900) ptr=0x2D0272EE040
20:28:56 [INFO   ] [AddrMgr]   [vehicle] spawn_idx=0x78 class='EMapCustomTrapS11' pos=(-2500,-950) ptr=0x2CFFBF77120
20:28:56 [INFO   ] [AddrMgr] 
20:28:56 [DEBUG  ] [Scanner] TMap at 0x2CFF08CB850: data_ptr=0x2CFDC488440 array_num=3
20:28:56 [INFO   ] [AddrMgr] --- Quick Scan Summary (FightMgr.MapGamePlay) ---
20:28:56 [DEBUG  ] [UE4 Scanner] [typed_event] spawn=0x9 pos=(-2500,-950) addr=0x2CFF62C5950
20:28:56 [DEBUG  ] [UE4 Scanner] [typed_event] spawn=0xa pos=(0,0) addr=0x2CFFBF788F0
20:28:56 [DEBUG  ] [UE4 Scanner] [typed_event] spawn=0xb pos=(0,0) addr=0x2D0272ED850
20:28:56 [DEBUG  ] [Scanner] TMap at 0x2CFF08CB800: data_ptr=0x2CFA3A120E0 array_num=2
20:28:56 [DEBUG  ] [UE4 Scanner] [typed_event] spawn=0x13 pos=(-3200,5900) addr=0x2D0272EE040
20:28:56 [DEBUG  ] [UE4 Scanner] [typed_event] spawn=0x78 pos=(-2500,-950) addr=0x2CFFBF77120
20:28:56 [DEBUG  ] [UE4 Scanner] [typed_event] MapCustomTrap skip non-Carjack class='EMapCustomTrap' pos=(-3200,5900)
20:28:56 [DEBUG  ] [UE4 Scanner] [typed_event] spawn=0x9 → Carjack (pos match) vehicle_pos=(-2500,-950)
20:28:56 [DEBUG  ] [UE4 Scanner] [typed_event] spawn=0xa → Sandlord (no vehicle pos match) pos=(0,0)
20:28:56 [DEBUG  ] [UE4 Scanner] [typed_event] spawn=0xb → Sandlord (no vehicle pos match) pos=(0,0)
20:28:56 [INFO   ] [AddrMgr]   [TARGET] Carjack | spawn_idx=0x9 | pos=(-2500, -950) | wave=0 | EGameplay=0x2CFF62C5950
20:28:56 [INFO   ] [AddrMgr]   [TARGET] Sandlord | spawn_idx=0xA | pos=(0, 0) | wave=1 | EGameplay=0x2CFFBF788F0
20:28:56 [INFO   ] [AddrMgr]   [TARGET] Sandlord | spawn_idx=0xB | pos=(0, 0) | wave=1 | EGameplay=0x2D0272ED850
20:28:56 [INFO   ] [AddrMgr] Saved to event_scan_20260224_202856.txt
