16:48:37 [INFO   ] === Torchlight Infinite Bot V2 v3.9.2 starting ===
16:48:37 [INFO   ] Config loaded from config.json
16:48:37 [INFO   ] Loaded 8 addresses from addresses.json
16:48:37 [INFO   ] [Input] Initialized with mode: hardware
16:48:37 [INFO   ] [ScaleCalibrator] Loaded calibrations for 12 maps: ['Swirling Mines', 'High Court Maze', 'Defiled Side Chamber', 'Deserted District', 'Singing Sand', 'Shadow Outpost', 'Abandoned Mines', 'Rainforest of Divine Legacy', 'Grimwind Woods', 'Wall of the Last Breath', 'Blustery Canyon', 'Demiman Village']
16:48:37 [INFO   ] [MapSelector] Loaded card state: 12 cards, active=[]
16:48:38 [INFO   ] Torchlight Infinite Bot V2 v3.9.2 started
16:48:38 [INFO   ] [Hotkeys] Global hotkeys registered: F9=Start, F10=Stop, F11=Pause, F5=Record, F6=PauseRec
16:48:41 [INFO   ] Attached to process: torchlight_infinite.exe (PID: 22352)
16:48:41 [INFO   ] Attached to torchlight_infinite.exe
16:48:41 [INFO   ] Found game window by class 'UnrealWindow' + PID 22352 (HWND: 459624)
16:48:41 [INFO   ] [Input] Target window set: HWND=459624, mode=hardware
16:48:41 [INFO   ] [Input] Hardware mode: will focus window before each input
16:48:41 [DEBUG  ] Module torchlight_infinite.exe base: 0x7FF7D77E0000
16:48:41 [INFO   ] Saved addresses valid - skipping scan: WARNING: WARNING: coordinates unchanged (may be stale or character is stationary) | pos=(5650, 4500)
16:48:41 [INFO   ] [Scanner] Scanning for FNamePool...
16:48:41 [INFO   ] [Scanner] Cannot read zone name - FNamePool not resolved yet
16:48:41 [INFO   ] [Scanner]   Trying FNamePool pattern 1/6...
16:48:41 [INFO   ] [Input] Target window set: HWND=459624, mode=hardware
16:48:41 [INFO   ] [Input] Hardware mode: will focus window before each input
16:48:41 [INFO   ] [AddrMgr] Attached - using scan results from attach
16:48:41 [INFO   ] [Scanner]   FNamePool found at 0x7FF7DF501D40 (pattern 1)
16:48:41 [INFO   ] [Scanner]   Validation: 3/5 indices readable, FName[3] = 'ByteProperty'
16:48:41 [INFO   ] [Scanner] Scanning for GObjects...
16:48:41 [INFO   ] [Scanner]   Trying GObjects pattern 1/3...
16:48:41 [INFO   ] [Scanner] Zone FName[1444051] = 'XZ_YuJinZhiXiBiNanSuo200' (GWorld 0x2F1E2177720)
16:48:41 [INFO   ] [Scanner]   Trying GObjects pattern 2/3...
16:48:42 [INFO   ] [Scanner]   GObjects found at 0x7FF7DF51ADE8 (pattern 2)
16:48:42 [INFO   ] [Scanner]   NumElements=158212, NumChunks=3
16:48:42 [INFO   ] Portal detector initialized (deferred)
16:48:42 [INFO   ] [AddrMgr] FNamePool auto-populated: 0x7FF7DF501D40
16:48:48 [INFO   ] [Scanner] Zone FName[1910540] = 'UIMainLevelV2' (GWorld 0x2F1B79BADE0)
16:48:49 [INFO   ] [Scanner] Zone FName[1444051] = 'XZ_YuJinZhiXiBiNanSuo200' (GWorld 0x2F1E2177720)
16:48:52 [INFO   ] [Scanner] Zone FName[2627400] = 'SD_ZhongXiGaoQiang200' (GWorld 0x2F1D6F5F6E0)
16:48:56 [INFO   ] [PathRecorder] No saved path for: Wall of the Last Breath
16:50:04 [INFO   ] [WallScan] Manual scan requested for 'Wall of the Last Breath' (zone='')
16:50:04 [INFO   ] [WallScan] Reading MinimapSaveObject.Records for 'Wall of the Last Breath' (zone='')
16:50:04 [DEBUG  ] [MinimapScan] No raw_zone_name provided — cannot look up Records entry
16:50:04 [INFO   ] [WallScan] MinimapSaveObject returned 0 positions for '' in 0.02s — map not yet visited or GObjects/FNamePool not resolved
16:50:04 [INFO   ] [WallScan] Manual scan returned 0 positions for 'Wall of the Last Breath' in 0.02s — ensure you are inside the map AND MinimapSaveObject has data (zone='', GObjects resolved=True)
