16:03:49 [INFO   ] === Torchlight Infinite Bot V2 v3.1.4 starting ===
16:03:50 [INFO   ] Config loaded from config.json
16:03:50 [INFO   ] Loaded 8 addresses from addresses.json
16:03:50 [INFO   ] [Input] Initialized with mode: hardware
16:03:50 [INFO   ] [MapSelector] Loaded card state: 12 cards, active=[]
16:03:50 [INFO   ] Torchlight Infinite Bot V2 v3.1.4 started
16:03:50 [INFO   ] [Hotkeys] Global hotkeys registered: F9=Start, F10=Stop, F11=Pause, F5=Record, F6=PauseRec
16:03:53 [INFO   ] Attached to process: torchlight_infinite.exe (PID: 25596)
16:03:53 [INFO   ] Attached to torchlight_infinite.exe
16:03:53 [INFO   ] Found game window by class 'UnrealWindow' + PID 25596 (HWND: 134534)
16:03:53 [INFO   ] [Input] Target window set: HWND=134534, mode=hardware
16:03:53 [INFO   ] [Input] Hardware mode: will focus window before each input
16:03:53 [DEBUG  ] Module torchlight_infinite.exe base: 0x7FF7CA760000
16:03:53 [INFO   ] Saved addresses valid - skipping scan: WARNING: WARNING: coordinates unchanged (may be stale or character is stationary) | pos=(-13950, 8450)
16:03:53 [INFO   ] [Scanner] Scanning for FNamePool...
16:03:53 [INFO   ] [Scanner] Cannot read zone name - FNamePool not resolved yet
16:03:53 [INFO   ] [Scanner]   Trying FNamePool pattern 1/6...
16:03:53 [DEBUG  ] Config saved
16:03:53 [INFO   ] [MapDetect] Auto-detected map: 'Defiled Side Chamber' from position (-13950, 8450)
16:03:53 [INFO   ] [Scanner] Cannot read zone name - FNamePool not resolved yet
16:03:54 [INFO   ] [Input] Target window set: HWND=134534, mode=hardware
16:03:54 [INFO   ] [Input] Hardware mode: will focus window before each input
16:03:54 [INFO   ] [AddrMgr] Attached - using scan results from attach
16:03:54 [INFO   ] [Scanner]   FNamePool found at 0x7FF7D2481D40 (pattern 1)
16:03:54 [INFO   ] [Scanner]   Validation: 3/5 indices readable, FName[3] = 'ByteProperty'
16:03:54 [INFO   ] [Scanner] Scanning for GObjects...
16:03:54 [INFO   ] [Scanner]   Trying GObjects pattern 1/3...
16:03:54 [INFO   ] [Scanner]   Trying GObjects pattern 2/3...
16:03:54 [INFO   ] [Scanner] Zone FName[1444123] = 'YJ_XieDuYuZuo200' (GWorld 0x2CFB6F96E00)
16:03:54 [INFO   ] [Scanner]   GObjects found at 0x7FF7D249ADE8 (pattern 2)
16:03:54 [INFO   ] [Scanner]   NumElements=135613, NumChunks=3
16:03:54 [INFO   ] Portal detector initialized (deferred)
16:03:54 [INFO   ] [AddrMgr] FNamePool auto-populated: 0x7FF7D2481D40
16:03:58 [INFO   ] [AddrMgr] FNamePool set to 0x7FF7D2481D40 (validated: FName[3] = 'ByteProperty')
16:04:02 [INFO   ] [AddrMgr] === UE4 Dump-Verified Chain ===
16:04:02 [INFO   ] [AddrMgr] Chain: GWorld -> OwningGameInstance -> LocalPlayers[0] -> PlayerController -> Pawn -> RootComponent -> RelativeLocation
16:04:02 [INFO   ] [AddrMgr] Offsets: 0x210 -> 0x38 -> 0x0 -> 0x30 -> 0x250 -> 0x130 -> 0x124
16:04:02 [INFO   ] [AddrMgr] Main module: torchlight_infinite.exe at 0x7FF7CA760000
16:04:02 [INFO   ] [AddrMgr] Trying saved GWorld offset 0x7E84588...
16:04:02 [INFO   ] [AddrMgr] GWorld static at 0x7FF7D25E4588, points to 0x2CFB6F96E00
16:04:02 [INFO   ] [AddrMgr]   OwningGameInstance: 0x2CFB6F96E00+0x210 -> 0x2CEC2E4B140
16:04:02 [INFO   ] [AddrMgr]   LocalPlayers (TArray data): 0x2CEC2E4B140+0x38 -> 0x2CEAA293C40
16:04:02 [INFO   ] [AddrMgr]   LocalPlayer[0]: 0x2CEAA293C40+0x0 -> 0x2CEAEB86500
16:04:02 [INFO   ] [AddrMgr]   PlayerController: 0x2CEAEB86500+0x30 -> 0x2CFA719B380
16:04:02 [INFO   ] [AddrMgr]   Pawn (ERolePlayer): 0x2CFA719B380+0x250 -> 0x2CFCFDB31A0
16:04:02 [INFO   ] [AddrMgr]   RootComponent: 0x2CFCFDB31A0+0x130 -> 0x2D00BDD64C0
16:04:02 [INFO   ] [AddrMgr]   RelativeLocation: (-13950.0, 8450.0, 5.0)
16:04:02 [INFO   ] [AddrMgr] Stability check (reading twice, 0.3s apart)...
16:04:02 [INFO   ] [AddrMgr]   Drift: 0.00 (threshold: 2.0)
16:04:02 [INFO   ] [AddrMgr] SUCCESS! Dump-verified chain resolved
16:04:02 [INFO   ] [AddrMgr] Position: (-13950.0, 8450.0, 5.0)
16:04:02 [INFO   ] [AddrMgr] Base: torchlight_infinite.exe+0x7E84588
16:04:02 [INFO   ] [AddrMgr] Chain: 0x210 -> 0x38 -> 0x0 -> 0x30 -> 0x250 -> 0x130 -> 0x124
16:04:02 [INFO   ] [AddrMgr] Saving discovered addresses...
16:04:02 [DEBUG  ] Addresses saved
16:04:02 [DEBUG  ] Addresses saved
16:04:02 [DEBUG  ] Addresses saved
16:04:02 [INFO   ] [AddrMgr] Addresses saved to Address Setup
16:04:02 [INFO   ] [AddrMgr] Scanning for FNamePool...
16:04:02 [INFO   ] [AddrMgr]   Trying FNamePool pattern 1/6...
16:04:02 [INFO   ] [AddrMgr]   FNamePool found at 0x7FF7D2481D40 (pattern 1)
16:04:02 [INFO   ] [AddrMgr]   Validation: 3/5 indices readable, FName[3] = 'ByteProperty'
16:04:02 [INFO   ] [AddrMgr] Scanning for GObjects...
16:04:02 [INFO   ] [AddrMgr]   Trying GObjects pattern 1/3...
16:04:03 [INFO   ] [AddrMgr]   Trying GObjects pattern 2/3...
16:04:03 [INFO   ] [AddrMgr]   GObjects found at 0x7FF7D249ADE8 (pattern 2)
16:04:03 [INFO   ] [AddrMgr]   NumElements=135613, NumChunks=3
16:04:05 [INFO   ] [AddrMgr] Running EGameplay explorer...
16:04:05 [DEBUG  ] [GObjects] Found 4 instances of class 'EGameplay'
16:04:05 [DEBUG  ] [GObjects] Found 58 instances of class 'ECfgComponent'
16:04:06 [INFO   ] [AddrMgr] === EGameplay Explorer ===
16:04:06 [INFO   ] [AddrMgr] Found 4 EGameplay, 58 ECfgComponent
16:04:06 [INFO   ] [AddrMgr] Matched pairs (by Outer): 4
16:04:06 [INFO   ] [AddrMgr] 
16:04:06 [INFO   ] [AddrMgr] --- ECfgComponent->EGameplay Matches (live only) ---
16:04:06 [INFO   ] [AddrMgr]   (45 CDO ECfgComponents filtered out, 10 non-EGameplay)
16:04:06 [INFO   ] [AddrMgr]   ECfg 0x2CFB03AF700 -> Outer 0x2CFE07DF810 name='EGameplay' class='EGameplay'
16:04:06 [INFO   ] [AddrMgr]   ECfg 0x2CFC19DC100 -> Outer 0x2CFE79331A0 name='EGameplay' class='EGameplay'
16:04:06 [INFO   ] [AddrMgr]   ECfg 0x2CFB7C94E40 -> Outer 0x2CFC7AB6930 name='EGameplay' class='EGameplay'
16:04:06 [INFO   ] [AddrMgr] 
16:04:06 [INFO   ] [AddrMgr] (Filtered out 1 CDO/Default__ objects)
16:04:06 [INFO   ] [AddrMgr] Live EGameplay instances: 3
16:04:06 [INFO   ] [AddrMgr] 
16:04:06 [INFO   ] [AddrMgr] --- EGameplay #0: EGameplay at 0x2CFE07DF810 ---
16:04:06 [INFO   ] [AddrMgr]   InternalIndex@0x0C: 96745 | FName.Number@0x1C: 2147397204
16:04:06 [INFO   ] [AddrMgr]   Class: 'EGameplay'
16:04:06 [INFO   ] [AddrMgr]   Position: (0.0, 0.0, 0.0)
16:04:06 [INFO   ] [AddrMgr]   SubObject@0x4E0: 0x2CFD7218980 name='EMsg' class='EMsgComponent' outer='EGameplay' iidx=96742 fnum=0
16:04:06 [INFO   ] [AddrMgr]   WaveCounter@0x618: 4 | SpawnIndex@0x714: 11
16:04:06 [INFO   ] [AddrMgr]   All children (Outer=this, 3 found):
16:04:06 [INFO   ] [AddrMgr]     0x2CFD7218980 name='EMsg' class='EMsgComponent' iidx=96742 fnum=0
16:04:06 [INFO   ] [AddrMgr]     0x2CFB03AF700 name='ECfg' class='ECfgComponent' iidx=96743 fnum=0
16:04:06 [INFO   ] [AddrMgr]     0x2CFC19DBEC0 name='UserEntity' class='SceneComponent' iidx=96744 fnum=0
16:04:06 [INFO   ] [AddrMgr]   ECfgComponent at 0x2CFB03AF700
16:04:06 [INFO   ] [AddrMgr]   CfgInfo raw (ECfg+0x120, 32 bytes):
16:04:06 [INFO   ] [AddrMgr]     00 00 00 00 00 00 00 00 00 00 00 00 00 00 00 00 00 00 00 00 00 00 00 00 00 00 00 00 00 00 80 3F
16:04:06 [INFO   ] [AddrMgr]   CfgInfo.ID = 0x0 (0) -> UNKNOWN
16:04:06 [INFO   ] [AddrMgr]   CfgInfo.Type = 0x0 (0)
16:04:06 [INFO   ] [AddrMgr]   CfgInfo.ExtendId = 0x0 (0)
16:04:06 [INFO   ] [AddrMgr]   ECfgComponent memory (ECfg+0x0, 256 bytes):
16:04:06 [INFO   ] [AddrMgr]     +0x000: 08 A4 61 CF F7 7F 00 00 08 00 04 00 E7 79 01 00  ..a..........y..
16:04:06 [INFO   ] [AddrMgr]     +0x010: 00 16 9C AF CE 02 00 00 52 12 01 00 00 00 00 00  ........R.......
16:04:06 [INFO   ] [AddrMgr]     +0x020: 10 F8 7D E0 CF 02 00 00 D0 A8 61 CF F7 7F 00 00  ..}.......a.....
16:04:06 [INFO   ] [AddrMgr]     +0x030: 68 61 61 CF F7 7F 00 00 02 00 0C 00 00 00 00 00  haa.............
16:04:06 [INFO   ] [AddrMgr]     +0x040: 00 00 00 00 00 00 00 00 00 00 00 00 00 00 00 00  ................
16:04:06 [INFO   ] [AddrMgr]     +0x050: 00 00 00 00 00 00 00 00 00 00 00 00 00 00 00 00  ................
16:04:06 [INFO   ] [AddrMgr]     +0x060: 00 00 00 00 00 00 00 00 00 00 00 00 00 00 00 00  ................
16:04:06 [INFO   ] [AddrMgr]     +0x070: 00 00 00 00 00 00 00 00 00 00 00 00 00 00 00 00  ................
16:04:06 [INFO   ] [AddrMgr]     +0x080: 00 00 00 00 00 00 00 00 FF FF FF FF FF FF FF FF  ................
16:04:06 [INFO   ] [AddrMgr]     +0x090: 01 06 42 05 00 00 00 00 00 00 00 00 00 00 00 00  ..B.............
16:04:06 [INFO   ] [AddrMgr]     +0x0A0: 00 00 00 00 00 00 00 00 10 F8 7D E0 CF 02 00 00  ..........}.....
16:04:06 [INFO   ] [AddrMgr]     +0x0B0: 00 6E F9 B6 CF 02 00 00 00 00 00 00 00 00 00 00  .n..............
16:04:06 [INFO   ] [AddrMgr]     +0x0C0: 10 F8 7D E0 CF 02 00 00 00 00 00 00 00 00 00 00  ..}.............
16:04:06 [INFO   ] [AddrMgr]     +0x0D0: 00 00 00 00 00 00 00 00 00 00 00 00 00 00 00 00  ................
16:04:06 [INFO   ] [AddrMgr]     +0x0E0: 00 00 00 00 00 00 00 00 00 00 00 00 00 00 00 00  ................
16:04:06 [INFO   ] [AddrMgr]     +0x0F0: 00 00 00 00 00 00 00 00 00 00 00 00 80 00 00 00  ................
16:04:06 [INFO   ] [AddrMgr]   ECfgComponent memory (ECfg+0x100, 256 bytes):
16:04:06 [INFO   ] [AddrMgr]     +0x100: FF FF FF FF 00 00 00 00 00 00 00 00 00 00 00 00  ................
16:04:06 [INFO   ] [AddrMgr]     +0x110: 00 00 00 00 00 00 00 00 00 00 00 00 00 00 00 00  ................
16:04:06 [INFO   ] [AddrMgr]     +0x120: 00 00 00 00 00 00 00 00 00 00 00 00 00 00 00 00  ................
16:04:06 [INFO   ] [AddrMgr]     +0x130: 00 00 00 00 00 00 00 00 00 00 00 00 00 00 80 3F  ...............?
16:04:06 [INFO   ] [AddrMgr]     +0x140: 00 00 00 00 00 00 00 00 00 00 00 00 00 00 00 00  ................
16:04:06 [INFO   ] [AddrMgr]     +0x150: 00 00 00 00 00 00 00 00 00 00 00 00 00 00 00 00  ................
16:04:06 [INFO   ] [AddrMgr]     +0x160: 00 00 00 00 00 00 00 00 00 00 00 00 00 00 00 00  ................
16:04:06 [INFO   ] [AddrMgr]     +0x170: 00 00 00 00 00 00 00 00 00 00 00 00 80 00 00 00  ................
16:04:06 [INFO   ] [AddrMgr]     +0x180: FF FF FF FF 00 00 00 00 00 00 00 00 00 00 00 00  ................
16:04:06 [INFO   ] [AddrMgr]     +0x190: 00 00 00 00 00 00 00 00 00 00 00 00 00 00 00 00  ................
16:04:06 [INFO   ] [AddrMgr]     +0x1A0: 00 00 00 00 00 00 00 00 00 00 00 00 00 00 00 00  ................
16:04:06 [INFO   ] [AddrMgr]     +0x1B0: 00 00 00 00 00 00 00 00 00 00 00 00 00 00 00 00  ................
16:04:06 [INFO   ] [AddrMgr]     +0x1C0: 00 00 00 00 00 00 00 00 00 00 00 00 80 00 00 00  ................
16:04:06 [INFO   ] [AddrMgr]     +0x1D0: FF FF FF FF 00 00 00 00 00 00 00 00 00 00 00 00  ................
16:04:06 [INFO   ] [AddrMgr]     +0x1E0: 00 00 00 00 00 00 00 00 00 00 00 00 00 00 00 00  ................
16:04:06 [INFO   ] [AddrMgr]     +0x1F0: 00 00 00 00 00 00 00 00 00 00 00 00 00 00 00 00  ................
16:04:06 [INFO   ] [AddrMgr]   ECfgComponent memory (ECfg+0x200, 64 bytes):
16:04:06 [INFO   ] [AddrMgr]     +0x200: 00 00 00 00 00 00 00 00 00 00 00 00 00 00 00 00  ................
16:04:06 [INFO   ] [AddrMgr]     +0x210: 00 00 00 00 00 00 00 00 00 00 00 00 80 00 00 00  ................
16:04:06 [INFO   ] [AddrMgr]     +0x220: FF FF FF FF 00 00 00 00 00 00 00 00 00 00 00 00  ................
16:04:06 [INFO   ] [AddrMgr]     +0x230: 00 00 00 00 00 00 00 00 00 00 00 00 00 00 00 00  ................
16:04:06 [INFO   ] [AddrMgr]   EGameplay memory (actor+0x200, 512 bytes):
16:04:06 [INFO   ] [AddrMgr]     +0x200: 00 00 00 00 00 00 00 00 00 00 00 00 00 00 00 00  ................
16:04:06 [INFO   ] [AddrMgr]     +0x210: 00 00 00 00 00 00 00 00 00 00 00 00 00 00 00 00  ................
16:04:06 [INFO   ] [AddrMgr]     +0x220: E8 CE 63 CF F7 7F 00 00 10 00 00 00 00 00 80 42  ..c............B
16:04:06 [INFO   ] [AddrMgr]     +0x230: 00 00 00 00 00 00 00 00 00 00 00 00 00 00 00 00  ................
16:04:06 [INFO   ] [AddrMgr]     +0x240: 00 00 00 00 00 00 00 00 00 00 00 00 00 00 00 00  ................
16:04:06 [INFO   ] [AddrMgr]     +0x250: 00 00 00 00 00 00 00 00 00 00 00 00 00 00 00 00  ................
16:04:06 [INFO   ] [AddrMgr]     +0x260: 0A D7 2F 41 00 00 00 00 00 00 00 00 00 00 00 00  ../A............
16:04:06 [INFO   ] [AddrMgr]     +0x270: 00 00 00 00 00 00 00 00 00 00 00 00 00 00 00 00  ................
16:04:06 [INFO   ] [AddrMgr]     +0x280: 00 00 00 00 00 00 00 00 20 59 D6 B6 CF 02 00 00  ........ Y......
16:04:06 [INFO   ] [AddrMgr]     +0x290: 02 00 00 00 04 00 00 00 03 00 00 00 00 00 00 00  ................
16:04:06 [INFO   ] [AddrMgr]     +0x2A0: 00 00 00 00 00 00 00 00 00 00 00 00 00 00 00 00  ................
16:04:06 [INFO   ] [AddrMgr]     +0x2B0: 02 00 00 00 80 00 00 00 FF FF FF FF 00 00 00 00  ................
16:04:06 [INFO   ] [AddrMgr]     +0x2C0: 01 00 00 00 00 00 00 00 00 00 00 00 00 00 00 00  ................
16:04:06 [INFO   ] [AddrMgr]     +0x2D0: 01 00 00 00 00 00 00 00 00 00 00 00 00 00 00 00  ................
16:04:06 [INFO   ] [AddrMgr]     +0x2E0: 00 00 00 00 00 00 00 00 00 00 00 00 00 00 00 00  ................
16:04:06 [INFO   ] [AddrMgr]     +0x2F0: 00 00 00 00 00 00 00 00 00 00 00 00 00 00 00 00  ................
16:04:06 [INFO   ] [AddrMgr]     +0x300: 00 00 00 00 00 00 00 00 00 00 00 00 00 00 00 00  ................
16:04:06 [INFO   ] [AddrMgr]     +0x310: 00 00 00 00 00 00 00 00 00 00 00 00 00 00 00 00  ................
16:04:06 [INFO   ] [AddrMgr]     +0x320: 00 F7 3A B0 CF 02 00 00 00 00 00 00 00 00 00 00  ..:.............
16:04:06 [INFO   ] [AddrMgr]     +0x330: 00 00 00 00 00 00 00 00 00 00 00 00 00 00 00 00  ................
16:04:06 [INFO   ] [AddrMgr]     +0x340: 00 00 00 00 00 00 00 00 00 00 00 00 00 00 00 00  ................
16:04:06 [INFO   ] [AddrMgr]     +0x350: 00 00 00 00 00 00 00 00 00 00 00 00 00 00 00 00  ................
16:04:06 [INFO   ] [AddrMgr]     +0x360: 00 00 00 00 00 00 00 00 00 00 00 00 00 00 00 00  ................
16:04:06 [INFO   ] [AddrMgr]     +0x370: 00 00 00 00 00 00 00 00 00 00 00 00 00 00 00 00  ................
16:04:06 [INFO   ] [AddrMgr]     +0x380: 00 00 00 00 00 00 00 00 00 00 00 00 00 00 00 00  ................
16:04:06 [INFO   ] [AddrMgr]     +0x390: 00 00 00 00 00 00 00 00 00 00 00 00 00 00 00 00  ................
16:04:06 [INFO   ] [AddrMgr]     +0x3A0: 00 00 00 00 00 00 00 00 00 00 00 00 00 00 00 00  ................
16:04:06 [INFO   ] [AddrMgr]     +0x3B0: 00 00 00 00 00 00 00 00 00 00 00 00 00 00 00 00  ................
16:04:06 [INFO   ] [AddrMgr]     +0x3C0: 00 00 00 00 00 00 00 00 00 00 00 00 00 00 00 00  ................
16:04:06 [INFO   ] [AddrMgr]     +0x3D0: 00 00 00 00 00 00 00 00 00 00 00 00 00 00 00 00  ................
16:04:06 [INFO   ] [AddrMgr]     +0x3E0: 00 00 00 00 00 00 00 00 00 00 00 00 00 00 00 00  ................
16:04:06 [INFO   ] [AddrMgr]     +0x3F0: 00 00 00 00 00 00 00 00 00 00 00 00 00 00 00 00  ................
16:04:06 [INFO   ] [AddrMgr]   EGameplay memory (actor+0x400, 512 bytes):
16:04:06 [INFO   ] [AddrMgr]     +0x400: 00 00 00 00 00 00 00 00 00 00 00 00 00 00 00 00  ................
16:04:06 [INFO   ] [AddrMgr]     +0x410: 00 00 00 00 00 00 00 00 00 00 00 00 00 00 00 00  ................
16:04:06 [INFO   ] [AddrMgr]     +0x420: 00 00 00 00 00 00 00 00 00 00 00 00 00 00 00 00  ................
16:04:06 [INFO   ] [AddrMgr]     +0x430: 00 00 00 00 00 00 00 00 00 00 00 00 00 00 00 00  ................
16:04:06 [INFO   ] [AddrMgr]     +0x440: 00 00 00 00 00 00 00 00 00 00 00 00 00 00 00 00  ................
16:04:06 [INFO   ] [AddrMgr]     +0x450: 00 00 00 00 00 00 00 00 00 00 00 00 00 00 00 00  ................
16:04:06 [INFO   ] [AddrMgr]     +0x460: 00 00 00 00 00 00 00 00 00 00 00 00 00 00 00 00  ................
16:04:06 [INFO   ] [AddrMgr]     +0x470: 00 00 00 00 00 00 00 00 00 00 00 00 00 00 00 00  ................
16:04:06 [INFO   ] [AddrMgr]     +0x480: 00 00 00 00 00 00 00 00 00 00 00 00 00 00 00 00  ................
16:04:06 [INFO   ] [AddrMgr]     +0x490: 00 00 00 00 00 00 00 00 00 00 00 00 00 00 00 00  ................
16:04:06 [INFO   ] [AddrMgr]     +0x4A0: 00 00 00 00 00 00 00 00 00 00 00 00 00 00 00 00  ................
16:04:06 [INFO   ] [AddrMgr]     +0x4B0: 00 00 00 00 00 00 00 00 00 00 00 00 00 00 00 00  ................
16:04:06 [INFO   ] [AddrMgr]     +0x4C0: 00 00 00 00 00 00 00 00 00 00 00 00 00 00 00 00  ................
16:04:06 [INFO   ] [AddrMgr]     +0x4D0: 00 00 00 00 00 00 00 00 00 00 00 00 00 00 00 00  ................
16:04:06 [INFO   ] [AddrMgr]     +0x4E0: 80 89 21 D7 CF 02 00 00 00 00 00 00 00 00 00 00  ..!.............
16:04:06 [INFO   ] [AddrMgr]     +0x4F0: 00 00 00 00 00 00 00 00 00 00 00 00 00 00 00 00  ................
16:04:06 [INFO   ] [AddrMgr]     +0x500: 00 00 00 00 00 00 00 00 00 00 00 00 00 00 00 00  ................
16:04:06 [INFO   ] [AddrMgr]     +0x510: 00 00 00 00 00 00 00 00 00 00 00 00 00 00 00 00  ................
16:04:06 [INFO   ] [AddrMgr]     +0x520: 00 00 00 00 00 00 00 00 00 00 00 00 00 00 00 00  ................
16:04:06 [INFO   ] [AddrMgr]     +0x530: 00 00 00 00 00 00 00 00 00 00 00 00 00 00 00 00  ................
16:04:06 [INFO   ] [AddrMgr]     +0x540: 00 00 00 00 00 00 00 00 00 00 00 00 00 00 00 00  ................
16:04:06 [INFO   ] [AddrMgr]     +0x550: 00 00 00 00 00 00 00 00 00 00 00 00 00 00 00 00  ................
16:04:06 [INFO   ] [AddrMgr]     +0x560: 00 00 00 00 00 00 00 00 00 00 00 00 00 00 00 00  ................
16:04:06 [INFO   ] [AddrMgr]     +0x570: 00 00 00 00 00 00 00 00 00 00 00 00 00 00 00 00  ................
16:04:06 [INFO   ] [AddrMgr]     +0x580: 00 00 00 00 00 00 00 00 00 00 00 00 00 00 00 00  ................
16:04:06 [INFO   ] [AddrMgr]     +0x590: 00 00 00 00 00 00 00 00 00 00 00 00 00 00 00 00  ................
16:04:06 [INFO   ] [AddrMgr]     +0x5A0: 00 00 00 00 00 00 00 00 00 00 00 00 00 00 00 00  ................
16:04:06 [INFO   ] [AddrMgr]     +0x5B0: 00 00 00 00 00 00 00 00 00 00 00 00 00 00 00 00  ................
16:04:06 [INFO   ] [AddrMgr]     +0x5C0: 00 00 00 00 00 00 00 00 00 00 00 00 00 00 00 00  ................
16:04:06 [INFO   ] [AddrMgr]     +0x5D0: 00 00 00 00 00 00 00 00 00 00 00 00 00 00 00 00  ................
16:04:06 [INFO   ] [AddrMgr]     +0x5E0: 00 00 00 00 00 00 00 00 00 00 00 00 00 00 00 00  ................
16:04:06 [INFO   ] [AddrMgr]     +0x5F0: 00 00 00 00 00 00 00 00 00 00 00 00 00 00 00 00  ................
16:04:06 [INFO   ] [AddrMgr]   EGameplay memory (actor+0x600, 296 bytes):
16:04:06 [INFO   ] [AddrMgr]     +0x600: FF FF FF FF 00 00 00 00 01 01 00 00 AF 88 08 3E  ...............>
16:04:06 [INFO   ] [AddrMgr]     +0x610: A8 88 08 3E 00 01 00 00 04 00 00 00 00 00 00 00  ...>............
16:04:06 [INFO   ] [AddrMgr]     +0x620: F4 CC CC 3D B6 88 08 3D 00 00 00 00 00 00 00 00  ...=...=........
16:04:06 [INFO   ] [AddrMgr]     +0x630: 00 00 00 00 00 00 00 00 00 00 00 00 00 00 00 00  ................
16:04:06 [INFO   ] [AddrMgr]     +0x640: 00 00 00 00 00 00 00 00 00 00 00 00 00 00 00 00  ................
16:04:06 [INFO   ] [AddrMgr]     +0x650: 00 00 00 00 00 00 00 00 00 00 00 00 00 00 00 00  ................
16:04:06 [INFO   ] [AddrMgr]     +0x660: 00 00 00 00 00 00 00 00 00 00 00 00 00 00 00 00  ................
16:04:06 [INFO   ] [AddrMgr]     +0x670: 00 00 00 00 00 00 00 00 00 00 00 00 00 00 00 00  ................
16:04:06 [INFO   ] [AddrMgr]     +0x680: 00 00 00 00 00 00 00 00 00 00 00 00 00 00 00 00  ................
16:04:06 [INFO   ] [AddrMgr]     +0x690: 00 00 00 00 00 00 00 00 00 00 00 00 00 00 00 00  ................
16:04:06 [INFO   ] [AddrMgr]     +0x6A0: 00 00 00 00 00 00 00 00 00 00 00 00 00 00 00 00  ................
16:04:06 [INFO   ] [AddrMgr]     +0x6B0: 00 00 00 00 00 00 00 00 00 00 00 00 00 00 00 00  ................
16:04:06 [INFO   ] [AddrMgr]     +0x6C0: 00 00 00 00 00 00 00 00 00 00 00 00 00 00 00 00  ................
16:04:06 [INFO   ] [AddrMgr]     +0x6D0: 00 00 00 00 00 00 00 00 00 00 00 00 00 00 00 00  ................
16:04:06 [INFO   ] [AddrMgr]     +0x6E0: 00 00 00 00 00 00 00 00 00 00 00 00 00 00 00 00  ................
16:04:06 [INFO   ] [AddrMgr]     +0x6F0: 00 00 00 00 00 00 00 00 00 00 00 00 00 00 00 00  ................
16:04:06 [INFO   ] [AddrMgr]     +0x700: 00 00 00 00 00 00 00 00 00 00 00 00 00 00 00 00  ................
16:04:06 [INFO   ] [AddrMgr]     +0x710: 00 01 00 00 0B 00 00 00 00 00 00 00 00 00 00 00  ................
16:04:06 [INFO   ] [AddrMgr]     +0x720: 01 00 00 00 00 00 00 00                          ........
16:04:06 [INFO   ] [AddrMgr] 
16:04:06 [INFO   ] [AddrMgr] --- EGameplay #1: EGameplay at 0x2CFE79331A0 ---
16:04:06 [INFO   ] [AddrMgr]   InternalIndex@0x0C: 96749 | FName.Number@0x1C: 2147397205
16:04:06 [INFO   ] [AddrMgr]   Class: 'EGameplay'
16:04:06 [INFO   ] [AddrMgr]   Position: (3600.0, 0.0, 2350.0)
16:04:06 [INFO   ] [AddrMgr]   SubObject@0x4E0: 0x2CFD7213A00 name='EMsg' class='EMsgComponent' outer='EGameplay' iidx=96746 fnum=0
16:04:06 [INFO   ] [AddrMgr]   WaveCounter@0x618: 4 | SpawnIndex@0x714: 10
16:04:06 [INFO   ] [AddrMgr]   All children (Outer=this, 3 found):
16:04:06 [INFO   ] [AddrMgr]     0x2CFD7213A00 name='EMsg' class='EMsgComponent' iidx=96746 fnum=0
16:04:06 [INFO   ] [AddrMgr]     0x2CFC19DC100 name='ECfg' class='ECfgComponent' iidx=96747 fnum=0
16:04:06 [INFO   ] [AddrMgr]     0x2CFC19D7000 name='UserEntity' class='SceneComponent' iidx=96748 fnum=0
16:04:06 [INFO   ] [AddrMgr]   ECfgComponent at 0x2CFC19DC100
16:04:06 [INFO   ] [AddrMgr]   CfgInfo raw (ECfg+0x120, 32 bytes):
16:04:06 [INFO   ] [AddrMgr]     00 00 00 00 00 00 00 00 00 00 00 00 00 00 00 00 00 00 00 00 00 00 00 00 00 00 00 00 00 00 80 3F
16:04:06 [INFO   ] [AddrMgr]   CfgInfo.ID = 0x0 (0) -> UNKNOWN
16:04:06 [INFO   ] [AddrMgr]   CfgInfo.Type = 0x0 (0)
16:04:06 [INFO   ] [AddrMgr]   CfgInfo.ExtendId = 0x0 (0)
16:04:06 [INFO   ] [AddrMgr]   ECfgComponent memory (ECfg+0x0, 256 bytes):
16:04:06 [INFO   ] [AddrMgr]     +0x000: 08 A4 61 CF F7 7F 00 00 08 00 04 00 EB 79 01 00  ..a..........y..
16:04:06 [INFO   ] [AddrMgr]     +0x010: 00 16 9C AF CE 02 00 00 52 12 01 00 00 00 00 00  ........R.......
16:04:06 [INFO   ] [AddrMgr]     +0x020: A0 31 93 E7 CF 02 00 00 D0 A8 61 CF F7 7F 00 00  .1........a.....
16:04:06 [INFO   ] [AddrMgr]     +0x030: 68 61 61 CF F7 7F 00 00 02 00 0C 00 00 00 00 00  haa.............
16:04:06 [INFO   ] [AddrMgr]     +0x040: 00 00 00 00 00 00 00 00 00 00 00 00 00 00 00 00  ................
16:04:06 [INFO   ] [AddrMgr]     +0x050: 00 00 00 00 00 00 00 00 00 00 00 00 00 00 00 00  ................
16:04:06 [INFO   ] [AddrMgr]     +0x060: 00 00 00 00 00 00 00 00 00 00 00 00 00 00 00 00  ................
16:04:06 [INFO   ] [AddrMgr]     +0x070: 00 00 00 00 00 00 00 00 00 00 00 00 00 00 00 00  ................
16:04:06 [INFO   ] [AddrMgr]     +0x080: 00 00 00 00 00 00 00 00 FF FF FF FF FF FF FF FF  ................
16:04:06 [INFO   ] [AddrMgr]     +0x090: 01 06 42 05 00 00 00 00 00 00 00 00 00 00 00 00  ..B.............
16:04:06 [INFO   ] [AddrMgr]     +0x0A0: 00 00 00 00 00 00 00 00 A0 31 93 E7 CF 02 00 00  .........1......
16:04:06 [INFO   ] [AddrMgr]     +0x0B0: 00 6E F9 B6 CF 02 00 00 00 00 00 00 00 00 00 00  .n..............
16:04:06 [INFO   ] [AddrMgr]     +0x0C0: A0 31 93 E7 CF 02 00 00 00 00 00 00 00 00 00 00  .1..............
16:04:06 [INFO   ] [AddrMgr]     +0x0D0: 00 00 00 00 00 00 00 00 00 00 00 00 00 00 00 00  ................
16:04:06 [INFO   ] [AddrMgr]     +0x0E0: 00 00 00 00 00 00 00 00 00 00 00 00 00 00 00 00  ................
16:04:06 [INFO   ] [AddrMgr]     +0x0F0: 00 00 00 00 00 00 00 00 00 00 00 00 80 00 00 00  ................
16:04:06 [INFO   ] [AddrMgr]   ECfgComponent memory (ECfg+0x100, 256 bytes):
16:04:06 [INFO   ] [AddrMgr]     +0x100: FF FF FF FF 00 00 00 00 00 00 00 00 00 00 00 00  ................
16:04:06 [INFO   ] [AddrMgr]     +0x110: 00 00 00 00 00 00 00 00 00 00 00 00 00 00 00 00  ................
16:04:06 [INFO   ] [AddrMgr]     +0x120: 00 00 00 00 00 00 00 00 00 00 00 00 00 00 00 00  ................
16:04:06 [INFO   ] [AddrMgr]     +0x130: 00 00 00 00 00 00 00 00 00 00 00 00 00 00 80 3F  ...............?
16:04:06 [INFO   ] [AddrMgr]     +0x140: 00 00 00 00 00 00 00 00 00 00 00 00 00 00 00 00  ................
16:04:06 [INFO   ] [AddrMgr]     +0x150: 00 00 00 00 00 00 00 00 00 00 00 00 00 00 00 00  ................
16:04:06 [INFO   ] [AddrMgr]     +0x160: 00 00 00 00 00 00 00 00 00 00 00 00 00 00 00 00  ................
16:04:06 [INFO   ] [AddrMgr]     +0x170: 00 00 00 00 00 00 00 00 00 00 00 00 80 00 00 00  ................
16:04:06 [INFO   ] [AddrMgr]     +0x180: FF FF FF FF 00 00 00 00 00 00 00 00 00 00 00 00  ................
16:04:06 [INFO   ] [AddrMgr]     +0x190: 00 00 00 00 00 00 00 00 00 00 00 00 00 00 00 00  ................
16:04:06 [INFO   ] [AddrMgr]     +0x1A0: 00 00 00 00 00 00 00 00 00 00 00 00 00 00 00 00  ................
16:04:06 [INFO   ] [AddrMgr]     +0x1B0: 00 00 00 00 00 00 00 00 00 00 00 00 00 00 00 00  ................
16:04:06 [INFO   ] [AddrMgr]     +0x1C0: 00 00 00 00 00 00 00 00 00 00 00 00 80 00 00 00  ................
16:04:06 [INFO   ] [AddrMgr]     +0x1D0: FF FF FF FF 00 00 00 00 00 00 00 00 00 00 00 00  ................
16:04:06 [INFO   ] [AddrMgr]     +0x1E0: 00 00 00 00 00 00 00 00 00 00 00 00 00 00 00 00  ................
16:04:06 [INFO   ] [AddrMgr]     +0x1F0: 00 00 00 00 00 00 00 00 00 00 00 00 00 00 00 00  ................
16:04:06 [INFO   ] [AddrMgr]   ECfgComponent memory (ECfg+0x200, 64 bytes):
16:04:06 [INFO   ] [AddrMgr]     +0x200: 00 00 00 00 00 00 00 00 00 00 00 00 00 00 00 00  ................
16:04:06 [INFO   ] [AddrMgr]     +0x210: 00 00 00 00 00 00 00 00 00 00 00 00 80 00 00 00  ................
16:04:06 [INFO   ] [AddrMgr]     +0x220: FF FF FF FF 00 00 00 00 00 00 00 00 00 00 00 00  ................
16:04:06 [INFO   ] [AddrMgr]     +0x230: 00 00 00 00 00 00 00 00 00 00 00 00 00 00 00 00  ................
16:04:06 [INFO   ] [AddrMgr]   EGameplay memory (actor+0x200, 512 bytes):
16:04:06 [INFO   ] [AddrMgr]     +0x200: 00 00 00 00 00 00 00 00 00 00 00 00 00 00 00 00  ................
16:04:06 [INFO   ] [AddrMgr]     +0x210: 00 00 00 00 00 00 00 00 00 00 00 00 00 00 00 00  ................
16:04:06 [INFO   ] [AddrMgr]     +0x220: E8 CE 63 CF F7 7F 00 00 10 00 00 00 00 00 80 42  ..c............B
16:04:06 [INFO   ] [AddrMgr]     +0x230: 00 00 00 00 00 00 00 00 00 00 00 00 00 00 00 00  ................
16:04:06 [INFO   ] [AddrMgr]     +0x240: 00 00 00 00 00 00 00 00 00 00 00 00 00 00 00 00  ................
16:04:06 [INFO   ] [AddrMgr]     +0x250: 00 00 00 00 00 00 00 00 00 00 00 00 00 00 00 00  ................
16:04:06 [INFO   ] [AddrMgr]     +0x260: 0A D7 2F 41 00 00 00 00 00 00 00 00 00 00 00 00  ../A............
16:04:06 [INFO   ] [AddrMgr]     +0x270: 00 00 00 00 00 00 00 00 00 00 00 00 00 00 00 00  ................
16:04:06 [INFO   ] [AddrMgr]     +0x280: 00 00 00 00 00 00 00 00 C0 04 6A D9 CF 02 00 00  ..........j.....
16:04:06 [INFO   ] [AddrMgr]     +0x290: 02 00 00 00 04 00 00 00 03 00 00 00 00 00 00 00  ................
16:04:06 [INFO   ] [AddrMgr]     +0x2A0: 00 00 00 00 00 00 00 00 00 00 00 00 00 00 00 00  ................
16:04:06 [INFO   ] [AddrMgr]     +0x2B0: 02 00 00 00 80 00 00 00 FF FF FF FF 00 00 00 00  ................
16:04:06 [INFO   ] [AddrMgr]     +0x2C0: 01 00 00 00 00 00 00 00 00 00 00 00 00 00 00 00  ................
16:04:06 [INFO   ] [AddrMgr]     +0x2D0: 01 00 00 00 00 00 00 00 00 00 00 00 00 00 00 00  ................
16:04:06 [INFO   ] [AddrMgr]     +0x2E0: 00 00 00 00 00 00 00 00 00 00 00 00 00 00 00 00  ................
16:04:06 [INFO   ] [AddrMgr]     +0x2F0: 00 00 00 00 00 00 00 00 00 00 00 00 00 00 00 00  ................
16:04:06 [INFO   ] [AddrMgr]     +0x300: 00 00 00 00 00 00 00 00 00 00 00 00 00 00 00 00  ................
16:04:06 [INFO   ] [AddrMgr]     +0x310: 00 00 00 00 00 00 00 00 00 00 00 00 00 00 00 00  ................
16:04:06 [INFO   ] [AddrMgr]     +0x320: 00 C1 9D C1 CF 02 00 00 00 00 00 00 00 00 00 00  ................
16:04:06 [INFO   ] [AddrMgr]     +0x330: 00 00 00 00 00 00 00 00 00 00 00 00 00 00 00 00  ................
16:04:06 [INFO   ] [AddrMgr]     +0x340: 00 00 00 00 00 00 00 00 00 00 00 00 00 00 00 00  ................
16:04:06 [INFO   ] [AddrMgr]     +0x350: 00 00 00 00 00 00 00 00 00 00 00 00 00 00 00 00  ................
16:04:06 [INFO   ] [AddrMgr]     +0x360: 00 00 00 00 00 00 00 00 00 00 00 00 00 00 00 00  ................
16:04:06 [INFO   ] [AddrMgr]     +0x370: 00 00 00 00 00 00 00 00 00 00 00 00 00 00 00 00  ................
16:04:06 [INFO   ] [AddrMgr]     +0x380: 00 00 00 00 00 00 00 00 00 00 00 00 00 00 00 00  ................
16:04:06 [INFO   ] [AddrMgr]     +0x390: 00 00 00 00 00 00 00 00 00 00 00 00 00 00 00 00  ................
16:04:06 [INFO   ] [AddrMgr]     +0x3A0: 00 00 00 00 00 00 00 00 00 00 00 00 00 00 00 00  ................
16:04:06 [INFO   ] [AddrMgr]     +0x3B0: 00 00 00 00 00 00 00 00 00 00 00 00 00 00 00 00  ................
16:04:06 [INFO   ] [AddrMgr]     +0x3C0: 00 00 00 00 00 00 00 00 00 00 00 00 00 00 00 00  ................
16:04:06 [INFO   ] [AddrMgr]     +0x3D0: 00 00 00 00 00 00 00 00 00 00 00 00 00 00 00 00  ................
16:04:06 [INFO   ] [AddrMgr]     +0x3E0: 00 00 00 00 00 00 00 00 00 00 00 00 00 00 00 00  ................
16:04:06 [INFO   ] [AddrMgr]     +0x3F0: 00 00 00 00 00 00 00 00 00 00 00 00 00 00 00 00  ................
16:04:06 [INFO   ] [AddrMgr]   EGameplay memory (actor+0x400, 512 bytes):
16:04:06 [INFO   ] [AddrMgr]     +0x400: 00 00 00 00 00 00 00 00 00 00 00 00 00 00 00 00  ................
16:04:06 [INFO   ] [AddrMgr]     +0x410: 00 00 00 00 00 00 00 00 00 00 00 00 00 00 00 00  ................
16:04:06 [INFO   ] [AddrMgr]     +0x420: 00 00 00 00 00 00 00 00 00 00 00 00 00 00 00 00  ................
16:04:06 [INFO   ] [AddrMgr]     +0x430: 00 00 00 00 00 00 00 00 00 00 00 00 00 00 00 00  ................
16:04:06 [INFO   ] [AddrMgr]     +0x440: 00 00 00 00 00 00 00 00 00 00 00 00 00 00 00 00  ................
16:04:06 [INFO   ] [AddrMgr]     +0x450: 00 00 00 00 00 00 00 00 00 00 00 00 00 00 00 00  ................
16:04:06 [INFO   ] [AddrMgr]     +0x460: 00 00 00 00 00 00 00 00 00 00 00 00 00 00 00 00  ................
16:04:06 [INFO   ] [AddrMgr]     +0x470: 00 00 00 00 00 00 00 00 00 00 00 00 00 00 00 00  ................
16:04:06 [INFO   ] [AddrMgr]     +0x480: 00 00 00 00 00 00 00 00 00 00 00 00 00 00 00 00  ................
16:04:06 [INFO   ] [AddrMgr]     +0x490: 00 00 00 00 00 00 00 00 00 00 00 00 00 00 00 00  ................
16:04:06 [INFO   ] [AddrMgr]     +0x4A0: 00 00 00 00 00 00 00 00 00 00 00 00 00 00 00 00  ................
16:04:06 [INFO   ] [AddrMgr]     +0x4B0: 00 00 00 00 00 00 00 00 00 00 00 00 00 00 00 00  ................
16:04:06 [INFO   ] [AddrMgr]     +0x4C0: 00 00 00 00 00 00 00 00 00 00 00 00 00 00 00 00  ................
16:04:06 [INFO   ] [AddrMgr]     +0x4D0: 00 00 00 00 00 00 00 00 00 00 00 00 00 00 00 00  ................
16:04:06 [INFO   ] [AddrMgr]     +0x4E0: 00 3A 21 D7 CF 02 00 00 00 00 00 00 00 00 00 00  .:!.............
16:04:06 [INFO   ] [AddrMgr]     +0x4F0: 00 00 00 00 00 00 00 00 00 00 00 00 00 00 00 00  ................
16:04:06 [INFO   ] [AddrMgr]     +0x500: 00 00 00 00 00 00 00 00 00 00 00 00 00 00 00 00  ................
16:04:06 [INFO   ] [AddrMgr]     +0x510: 00 00 00 00 00 00 00 00 00 00 00 00 00 00 00 00  ................
16:04:06 [INFO   ] [AddrMgr]     +0x520: 00 00 00 00 00 00 00 00 00 00 00 00 00 00 00 00  ................
16:04:06 [INFO   ] [AddrMgr]     +0x530: 00 00 00 00 00 00 00 00 00 00 00 00 00 00 00 00  ................
16:04:06 [INFO   ] [AddrMgr]     +0x540: 00 00 00 00 00 00 00 00 00 00 00 00 00 00 00 00  ................
16:04:06 [INFO   ] [AddrMgr]     +0x550: 00 00 00 00 00 00 00 00 00 00 00 00 00 00 00 00  ................
16:04:06 [INFO   ] [AddrMgr]     +0x560: 00 00 00 00 00 00 00 00 00 00 00 00 00 00 00 00  ................
16:04:06 [INFO   ] [AddrMgr]     +0x570: 00 00 00 00 00 00 00 00 00 00 00 00 00 00 00 00  ................
16:04:06 [INFO   ] [AddrMgr]     +0x580: 00 00 00 00 00 00 00 00 00 00 00 00 00 00 00 00  ................
16:04:06 [INFO   ] [AddrMgr]     +0x590: 00 00 00 00 00 00 00 00 00 00 00 00 00 00 00 00  ................
16:04:06 [INFO   ] [AddrMgr]     +0x5A0: 00 00 00 00 00 00 00 00 00 00 00 00 00 00 00 00  ................
16:04:06 [INFO   ] [AddrMgr]     +0x5B0: 00 00 00 00 00 00 00 00 00 00 00 00 00 00 00 00  ................
16:04:06 [INFO   ] [AddrMgr]     +0x5C0: 00 00 00 00 00 00 00 00 00 00 00 00 00 00 00 00  ................
16:04:06 [INFO   ] [AddrMgr]     +0x5D0: 00 00 00 00 00 00 00 00 00 00 00 00 00 00 00 00  ................
16:04:06 [INFO   ] [AddrMgr]     +0x5E0: 00 00 00 00 00 00 00 00 00 00 00 00 00 00 00 00  ................
16:04:06 [INFO   ] [AddrMgr]     +0x5F0: 00 00 00 00 00 00 00 00 00 00 00 00 00 00 00 00  ................
16:04:06 [INFO   ] [AddrMgr]   EGameplay memory (actor+0x600, 296 bytes):
16:04:06 [INFO   ] [AddrMgr]     +0x600: FF FF FF FF 00 00 00 00 01 01 00 00 AF 88 08 3E  ...............>
16:04:06 [INFO   ] [AddrMgr]     +0x610: A8 88 08 3E 00 01 00 00 04 00 00 00 00 00 00 00  ...>............
16:04:06 [INFO   ] [AddrMgr]     +0x620: F4 CC CC 3D B6 88 08 3D 00 00 00 00 00 00 00 00  ...=...=........
16:04:06 [INFO   ] [AddrMgr]     +0x630: 00 00 00 00 00 00 00 00 00 00 00 00 00 00 00 00  ................
16:04:06 [INFO   ] [AddrMgr]     +0x640: 00 00 00 00 00 00 00 00 00 00 00 00 00 00 00 00  ................
16:04:06 [INFO   ] [AddrMgr]     +0x650: 00 00 00 00 00 00 00 00 00 00 00 00 00 00 00 00  ................
16:04:06 [INFO   ] [AddrMgr]     +0x660: 00 00 00 00 00 00 00 00 00 00 00 00 00 00 00 00  ................
16:04:06 [INFO   ] [AddrMgr]     +0x670: 00 00 00 00 00 00 00 00 00 00 00 00 00 00 00 00  ................
16:04:06 [INFO   ] [AddrMgr]     +0x680: 00 00 00 00 00 00 00 00 00 00 00 00 00 00 00 00  ................
16:04:06 [INFO   ] [AddrMgr]     +0x690: 00 00 00 00 00 00 00 00 00 00 00 00 00 00 00 00  ................
16:04:06 [INFO   ] [AddrMgr]     +0x6A0: 00 00 00 00 00 00 00 00 00 00 00 00 00 00 00 00  ................
16:04:06 [INFO   ] [AddrMgr]     +0x6B0: 00 00 00 00 00 00 00 00 00 00 00 00 00 00 00 00  ................
16:04:06 [INFO   ] [AddrMgr]     +0x6C0: 00 00 00 00 00 00 00 00 00 00 00 00 00 00 00 00  ................
16:04:06 [INFO   ] [AddrMgr]     +0x6D0: 00 00 00 00 00 00 00 00 00 00 00 00 00 00 00 00  ................
16:04:06 [INFO   ] [AddrMgr]     +0x6E0: 00 00 00 00 00 00 00 00 00 00 00 00 00 00 00 00  ................
16:04:06 [INFO   ] [AddrMgr]     +0x6F0: 00 00 00 00 00 00 00 00 00 00 00 00 00 00 00 00  ................
16:04:06 [INFO   ] [AddrMgr]     +0x700: 00 00 00 00 00 00 00 00 00 00 00 00 00 00 00 00  ................
16:04:06 [INFO   ] [AddrMgr]     +0x710: 00 01 00 00 0A 00 00 00 00 00 00 00 00 00 00 00  ................
16:04:06 [INFO   ] [AddrMgr]     +0x720: 01 00 00 00 00 00 00 00                          ........
16:04:06 [INFO   ] [AddrMgr] 
16:04:06 [INFO   ] [AddrMgr] --- EGameplay #2: EGameplay at 0x2CFC7AB6930 ---
16:04:06 [INFO   ] [AddrMgr]   InternalIndex@0x0C: 96753 | FName.Number@0x1C: 2147397206
16:04:06 [INFO   ] [AddrMgr]   Class: 'EGameplay'
16:04:06 [INFO   ] [AddrMgr]   Position: (0.0, 0.0, 0.0)
16:04:06 [INFO   ] [AddrMgr]   SubObject@0x4E0: 0x2CFD7210A00 name='EMsg' class='EMsgComponent' outer='EGameplay' iidx=96750 fnum=0
16:04:06 [INFO   ] [AddrMgr]   WaveCounter@0x618: 4 | SpawnIndex@0x714: 9
16:04:06 [INFO   ] [AddrMgr]   All children (Outer=this, 3 found):
16:04:06 [INFO   ] [AddrMgr]     0x2CFD7210A00 name='EMsg' class='EMsgComponent' iidx=96750 fnum=0
16:04:06 [INFO   ] [AddrMgr]     0x2CFB7C94E40 name='ECfg' class='ECfgComponent' iidx=96751 fnum=0
16:04:06 [INFO   ] [AddrMgr]     0x2D00BDDD300 name='UserEntity' class='SceneComponent' iidx=96752 fnum=0
16:04:06 [INFO   ] [AddrMgr]   ECfgComponent at 0x2CFB7C94E40
16:04:06 [INFO   ] [AddrMgr]   CfgInfo raw (ECfg+0x120, 32 bytes):
16:04:06 [INFO   ] [AddrMgr]     00 00 00 00 00 00 00 00 00 00 00 00 00 00 00 00 00 00 00 00 00 00 00 00 00 00 00 00 00 00 80 3F
16:04:06 [INFO   ] [AddrMgr]   CfgInfo.ID = 0x0 (0) -> UNKNOWN
16:04:06 [INFO   ] [AddrMgr]   CfgInfo.Type = 0x0 (0)
16:04:06 [INFO   ] [AddrMgr]   CfgInfo.ExtendId = 0x0 (0)
16:04:06 [INFO   ] [AddrMgr]   ECfgComponent memory (ECfg+0x0, 256 bytes):
16:04:06 [INFO   ] [AddrMgr]     +0x000: 08 A4 61 CF F7 7F 00 00 08 00 04 00 EF 79 01 00  ..a..........y..
16:04:06 [INFO   ] [AddrMgr]     +0x010: 00 16 9C AF CE 02 00 00 52 12 01 00 00 00 00 00  ........R.......
16:04:07 [INFO   ] [AddrMgr]     +0x020: 30 69 AB C7 CF 02 00 00 D0 A8 61 CF F7 7F 00 00  0i........a.....
16:04:07 [INFO   ] [AddrMgr]     +0x030: 68 61 61 CF F7 7F 00 00 02 00 0C 00 00 00 00 00  haa.............
16:04:07 [INFO   ] [AddrMgr]     +0x040: 00 00 00 00 00 00 00 00 00 00 00 00 00 00 00 00  ................
16:04:07 [INFO   ] [AddrMgr]     +0x050: 00 00 00 00 00 00 00 00 00 00 00 00 00 00 00 00  ................
16:04:07 [INFO   ] [AddrMgr]     +0x060: 00 00 00 00 00 00 00 00 00 00 00 00 00 00 00 00  ................
16:04:07 [INFO   ] [AddrMgr]     +0x070: 00 00 00 00 00 00 00 00 00 00 00 00 00 00 00 00  ................
16:04:07 [INFO   ] [AddrMgr]     +0x080: 00 00 00 00 00 00 00 00 FF FF FF FF FF FF FF FF  ................
16:04:07 [INFO   ] [AddrMgr]     +0x090: 01 06 42 05 00 00 00 00 00 00 00 00 00 00 00 00  ..B.............
16:04:07 [INFO   ] [AddrMgr]     +0x0A0: 00 00 00 00 00 00 00 00 30 69 AB C7 CF 02 00 00  ........0i......
16:04:07 [INFO   ] [AddrMgr]     +0x0B0: 00 6E F9 B6 CF 02 00 00 00 00 00 00 00 00 00 00  .n..............
16:04:07 [INFO   ] [AddrMgr]     +0x0C0: 30 69 AB C7 CF 02 00 00 00 00 00 00 00 00 00 00  0i..............
16:04:07 [INFO   ] [AddrMgr]     +0x0D0: 00 00 00 00 00 00 00 00 00 00 00 00 00 00 00 00  ................
16:04:07 [INFO   ] [AddrMgr]     +0x0E0: 00 00 00 00 00 00 00 00 00 00 00 00 00 00 00 00  ................
16:04:07 [INFO   ] [AddrMgr]     +0x0F0: 00 00 00 00 00 00 00 00 00 00 00 00 80 00 00 00  ................
16:04:07 [INFO   ] [AddrMgr]   ECfgComponent memory (ECfg+0x100, 256 bytes):
16:04:07 [INFO   ] [AddrMgr]     +0x100: FF FF FF FF 00 00 00 00 00 00 00 00 00 00 00 00  ................
16:04:07 [INFO   ] [AddrMgr]     +0x110: 00 00 00 00 00 00 00 00 00 00 00 00 00 00 00 00  ................
16:04:07 [INFO   ] [AddrMgr]     +0x120: 00 00 00 00 00 00 00 00 00 00 00 00 00 00 00 00  ................
16:04:07 [INFO   ] [AddrMgr]     +0x130: 00 00 00 00 00 00 00 00 00 00 00 00 00 00 80 3F  ...............?
16:04:07 [INFO   ] [AddrMgr]     +0x140: 00 00 00 00 00 00 00 00 00 00 00 00 00 00 00 00  ................
16:04:07 [INFO   ] [AddrMgr]     +0x150: 00 00 00 00 00 00 00 00 00 00 00 00 00 00 00 00  ................
16:04:07 [INFO   ] [AddrMgr]     +0x160: 00 00 00 00 00 00 00 00 00 00 00 00 00 00 00 00  ................
16:04:07 [INFO   ] [AddrMgr]     +0x170: 00 00 00 00 00 00 00 00 00 00 00 00 80 00 00 00  ................
16:04:07 [INFO   ] [AddrMgr]     +0x180: FF FF FF FF 00 00 00 00 00 00 00 00 00 00 00 00  ................
16:04:07 [INFO   ] [AddrMgr]     +0x190: 00 00 00 00 00 00 00 00 00 00 00 00 00 00 00 00  ................
16:04:07 [INFO   ] [AddrMgr]     +0x1A0: 00 00 00 00 00 00 00 00 00 00 00 00 00 00 00 00  ................
16:04:07 [INFO   ] [AddrMgr]     +0x1B0: 00 00 00 00 00 00 00 00 00 00 00 00 00 00 00 00  ................
16:04:07 [INFO   ] [AddrMgr]     +0x1C0: 00 00 00 00 00 00 00 00 00 00 00 00 80 00 00 00  ................
16:04:07 [INFO   ] [AddrMgr]     +0x1D0: FF FF FF FF 00 00 00 00 00 00 00 00 00 00 00 00  ................
16:04:07 [INFO   ] [AddrMgr]     +0x1E0: 00 00 00 00 00 00 00 00 00 00 00 00 00 00 00 00  ................
16:04:07 [INFO   ] [AddrMgr]     +0x1F0: 00 00 00 00 00 00 00 00 00 00 00 00 00 00 00 00  ................
16:04:07 [INFO   ] [AddrMgr]   ECfgComponent memory (ECfg+0x200, 64 bytes):
16:04:07 [INFO   ] [AddrMgr]     +0x200: 00 00 00 00 00 00 00 00 00 00 00 00 00 00 00 00  ................
16:04:07 [INFO   ] [AddrMgr]     +0x210: 00 00 00 00 00 00 00 00 00 00 00 00 80 00 00 00  ................
16:04:07 [INFO   ] [AddrMgr]     +0x220: FF FF FF FF 00 00 00 00 00 00 00 00 00 00 00 00  ................
16:04:07 [INFO   ] [AddrMgr]     +0x230: 00 00 00 00 00 00 00 00 00 00 00 00 00 00 00 00  ................
16:04:07 [INFO   ] [AddrMgr]   EGameplay memory (actor+0x200, 512 bytes):
16:04:07 [INFO   ] [AddrMgr]     +0x200: 00 00 00 00 00 00 00 00 00 00 00 00 00 00 00 00  ................
16:04:07 [INFO   ] [AddrMgr]     +0x210: 00 00 00 00 00 00 00 00 00 00 00 00 00 00 00 00  ................
16:04:07 [INFO   ] [AddrMgr]     +0x220: E8 CE 63 CF F7 7F 00 00 10 00 00 00 00 00 80 42  ..c............B
16:04:07 [INFO   ] [AddrMgr]     +0x230: 00 00 00 00 00 00 00 00 00 00 00 00 00 00 00 00  ................
16:04:07 [INFO   ] [AddrMgr]     +0x240: 00 00 00 00 00 00 00 00 00 00 00 00 00 00 00 00  ................
16:04:07 [INFO   ] [AddrMgr]     +0x250: 00 00 00 00 00 00 00 00 00 00 00 00 00 00 00 00  ................
16:04:07 [INFO   ] [AddrMgr]     +0x260: 0A D7 2F 41 00 00 00 00 00 00 00 00 00 00 00 00  ../A............
16:04:07 [INFO   ] [AddrMgr]     +0x270: 00 00 00 00 00 00 00 00 00 00 00 00 00 00 00 00  ................
16:04:07 [INFO   ] [AddrMgr]     +0x280: 00 00 00 00 00 00 00 00 C0 70 D6 B6 CF 02 00 00  .........p......
16:04:07 [INFO   ] [AddrMgr]     +0x290: 02 00 00 00 04 00 00 00 03 00 00 00 00 00 00 00  ................
16:04:07 [INFO   ] [AddrMgr]     +0x2A0: 00 00 00 00 00 00 00 00 00 00 00 00 00 00 00 00  ................
16:04:07 [INFO   ] [AddrMgr]     +0x2B0: 02 00 00 00 80 00 00 00 FF FF FF FF 00 00 00 00  ................
16:04:07 [INFO   ] [AddrMgr]     +0x2C0: 01 00 00 00 00 00 00 00 00 00 00 00 00 00 00 00  ................
16:04:07 [INFO   ] [AddrMgr]     +0x2D0: 01 00 00 00 00 00 00 00 00 00 00 00 00 00 00 00  ................
16:04:07 [INFO   ] [AddrMgr]     +0x2E0: 00 00 00 00 00 00 00 00 00 00 00 00 00 00 00 00  ................
16:04:07 [INFO   ] [AddrMgr]     +0x2F0: 00 00 00 00 00 00 00 00 00 00 00 00 00 00 00 00  ................
16:04:07 [INFO   ] [AddrMgr]     +0x300: 00 00 00 00 00 00 00 00 00 00 00 00 00 00 00 00  ................
16:04:07 [INFO   ] [AddrMgr]     +0x310: 00 00 00 00 00 00 00 00 00 00 00 00 00 00 00 00  ................
16:04:07 [INFO   ] [AddrMgr]     +0x320: 40 4E C9 B7 CF 02 00 00 00 00 00 00 00 00 00 00  @N..............
16:04:07 [INFO   ] [AddrMgr]     +0x330: 00 00 00 00 00 00 00 00 00 00 00 00 00 00 00 00  ................
16:04:07 [INFO   ] [AddrMgr]     +0x340: 00 00 00 00 00 00 00 00 00 00 00 00 00 00 00 00  ................
16:04:07 [INFO   ] [AddrMgr]     +0x350: 00 00 00 00 00 00 00 00 00 00 00 00 00 00 00 00  ................
16:04:07 [INFO   ] [AddrMgr]     +0x360: 00 00 00 00 00 00 00 00 00 00 00 00 00 00 00 00  ................
16:04:07 [INFO   ] [AddrMgr]     +0x370: 00 00 00 00 00 00 00 00 00 00 00 00 00 00 00 00  ................
16:04:07 [INFO   ] [AddrMgr]     +0x380: 00 00 00 00 00 00 00 00 00 00 00 00 00 00 00 00  ................
16:04:07 [INFO   ] [AddrMgr]     +0x390: 00 00 00 00 00 00 00 00 00 00 00 00 00 00 00 00  ................
16:04:07 [INFO   ] [AddrMgr]     +0x3A0: 00 00 00 00 00 00 00 00 00 00 00 00 00 00 00 00  ................
16:04:07 [INFO   ] [AddrMgr]     +0x3B0: 00 00 00 00 00 00 00 00 00 00 00 00 00 00 00 00  ................
16:04:07 [INFO   ] [AddrMgr]     +0x3C0: 00 00 00 00 00 00 00 00 00 00 00 00 00 00 00 00  ................
16:04:07 [INFO   ] [AddrMgr]     +0x3D0: 00 00 00 00 00 00 00 00 00 00 00 00 00 00 00 00  ................
16:04:07 [INFO   ] [AddrMgr]     +0x3E0: 00 00 00 00 00 00 00 00 00 00 00 00 00 00 00 00  ................
16:04:07 [INFO   ] [AddrMgr]     +0x3F0: 00 00 00 00 00 00 00 00 00 00 00 00 00 00 00 00  ................
16:04:07 [INFO   ] [AddrMgr]   EGameplay memory (actor+0x400, 512 bytes):
16:04:07 [INFO   ] [AddrMgr]     +0x400: 00 00 00 00 00 00 00 00 00 00 00 00 00 00 00 00  ................
16:04:07 [INFO   ] [AddrMgr]     +0x410: 00 00 00 00 00 00 00 00 00 00 00 00 00 00 00 00  ................
16:04:07 [INFO   ] [AddrMgr]     +0x420: 00 00 00 00 00 00 00 00 00 00 00 00 00 00 00 00  ................
16:04:07 [INFO   ] [AddrMgr]     +0x430: 00 00 00 00 00 00 00 00 00 00 00 00 00 00 00 00  ................
16:04:07 [INFO   ] [AddrMgr]     +0x440: 00 00 00 00 00 00 00 00 00 00 00 00 00 00 00 00  ................
16:04:07 [INFO   ] [AddrMgr]     +0x450: 00 00 00 00 00 00 00 00 00 00 00 00 00 00 00 00  ................
16:04:07 [INFO   ] [AddrMgr]     +0x460: 00 00 00 00 00 00 00 00 00 00 00 00 00 00 00 00  ................
16:04:07 [INFO   ] [AddrMgr]     +0x470: 00 00 00 00 00 00 00 00 00 00 00 00 00 00 00 00  ................
16:04:07 [INFO   ] [AddrMgr]     +0x480: 00 00 00 00 00 00 00 00 00 00 00 00 00 00 00 00  ................
16:04:07 [INFO   ] [AddrMgr]     +0x490: 00 00 00 00 00 00 00 00 00 00 00 00 00 00 00 00  ................
16:04:07 [INFO   ] [AddrMgr]     +0x4A0: 00 00 00 00 00 00 00 00 00 00 00 00 00 00 00 00  ................
16:04:07 [INFO   ] [AddrMgr]     +0x4B0: 00 00 00 00 00 00 00 00 00 00 00 00 00 00 00 00  ................
16:04:07 [INFO   ] [AddrMgr]     +0x4C0: 00 00 00 00 00 00 00 00 00 00 00 00 00 00 00 00  ................
16:04:07 [INFO   ] [AddrMgr]     +0x4D0: 00 00 00 00 00 00 00 00 00 00 00 00 00 00 00 00  ................
16:04:07 [INFO   ] [AddrMgr]     +0x4E0: 00 0A 21 D7 CF 02 00 00 00 00 00 00 00 00 00 00  ..!.............
16:04:07 [INFO   ] [AddrMgr]     +0x4F0: 00 00 00 00 00 00 00 00 00 00 00 00 00 00 00 00  ................
16:04:07 [INFO   ] [AddrMgr]     +0x500: 00 00 00 00 00 00 00 00 00 00 00 00 00 00 00 00  ................
16:04:07 [INFO   ] [AddrMgr]     +0x510: 00 00 00 00 00 00 00 00 00 00 00 00 00 00 00 00  ................
16:04:07 [INFO   ] [AddrMgr]     +0x520: 00 00 00 00 00 00 00 00 00 00 00 00 00 00 00 00  ................
16:04:07 [INFO   ] [AddrMgr]     +0x530: 00 00 00 00 00 00 00 00 00 00 00 00 00 00 00 00  ................
16:04:07 [INFO   ] [AddrMgr]     +0x540: 00 00 00 00 00 00 00 00 00 00 00 00 00 00 00 00  ................
16:04:07 [INFO   ] [AddrMgr]     +0x550: 00 00 00 00 00 00 00 00 00 00 00 00 00 00 00 00  ................
16:04:07 [INFO   ] [AddrMgr]     +0x560: 00 00 00 00 00 00 00 00 00 00 00 00 00 00 00 00  ................
16:04:07 [INFO   ] [AddrMgr]     +0x570: 00 00 00 00 00 00 00 00 00 00 00 00 00 00 00 00  ................
16:04:07 [INFO   ] [AddrMgr]     +0x580: 00 00 00 00 00 00 00 00 00 00 00 00 00 00 00 00  ................
16:04:07 [INFO   ] [AddrMgr]     +0x590: 00 00 00 00 00 00 00 00 00 00 00 00 00 00 00 00  ................
16:04:07 [INFO   ] [AddrMgr]     +0x5A0: 00 00 00 00 00 00 00 00 00 00 00 00 00 00 00 00  ................
16:04:07 [INFO   ] [AddrMgr]     +0x5B0: 00 00 00 00 00 00 00 00 00 00 00 00 00 00 00 00  ................
16:04:07 [INFO   ] [AddrMgr]     +0x5C0: 00 00 00 00 00 00 00 00 00 00 00 00 00 00 00 00  ................
16:04:07 [INFO   ] [AddrMgr]     +0x5D0: 00 00 00 00 00 00 00 00 00 00 00 00 00 00 00 00  ................
16:04:07 [INFO   ] [AddrMgr]     +0x5E0: 00 00 00 00 00 00 00 00 00 00 00 00 00 00 00 00  ................
16:04:07 [INFO   ] [AddrMgr]     +0x5F0: 00 00 00 00 00 00 00 00 00 00 00 00 00 00 00 00  ................
16:04:07 [INFO   ] [AddrMgr]   EGameplay memory (actor+0x600, 296 bytes):
16:04:07 [INFO   ] [AddrMgr]     +0x600: FF FF FF FF 00 00 00 00 01 01 00 00 AF 88 08 3E  ...............>
16:04:07 [INFO   ] [AddrMgr]     +0x610: A8 88 08 3E 00 01 00 00 04 00 00 00 00 00 00 00  ...>............
16:04:07 [INFO   ] [AddrMgr]     +0x620: F4 CC CC 3D B6 88 08 3D 00 00 00 00 00 00 00 00  ...=...=........
16:04:07 [INFO   ] [AddrMgr]     +0x630: 00 00 00 00 00 00 00 00 00 00 00 00 00 00 00 00  ................
16:04:07 [INFO   ] [AddrMgr]     +0x640: 00 00 00 00 00 00 00 00 00 00 00 00 00 00 00 00  ................
16:04:07 [INFO   ] [AddrMgr]     +0x650: 00 00 00 00 00 00 00 00 00 00 00 00 00 00 00 00  ................
16:04:07 [INFO   ] [AddrMgr]     +0x660: 00 00 00 00 00 00 00 00 00 00 00 00 00 00 00 00  ................
16:04:07 [INFO   ] [AddrMgr]     +0x670: 00 00 00 00 00 00 00 00 00 00 00 00 00 00 00 00  ................
16:04:07 [INFO   ] [AddrMgr]     +0x680: 00 00 00 00 00 00 00 00 00 00 00 00 00 00 00 00  ................
16:04:07 [INFO   ] [AddrMgr]     +0x690: 00 00 00 00 00 00 00 00 00 00 00 00 00 00 00 00  ................
16:04:07 [INFO   ] [AddrMgr]     +0x6A0: 00 00 00 00 00 00 00 00 00 00 00 00 00 00 00 00  ................
16:04:07 [INFO   ] [AddrMgr]     +0x6B0: 00 00 00 00 00 00 00 00 00 00 00 00 00 00 00 00  ................
16:04:07 [INFO   ] [AddrMgr]     +0x6C0: 00 00 00 00 00 00 00 00 00 00 00 00 00 00 00 00  ................
16:04:07 [INFO   ] [AddrMgr]     +0x6D0: 00 00 00 00 00 00 00 00 00 00 00 00 00 00 00 00  ................
16:04:07 [INFO   ] [AddrMgr]     +0x6E0: 00 00 00 00 00 00 00 00 00 00 00 00 00 00 00 00  ................
16:04:07 [INFO   ] [AddrMgr]     +0x6F0: 00 00 00 00 00 00 00 00 00 00 00 00 00 00 00 00  ................
16:04:07 [INFO   ] [AddrMgr]     +0x700: 00 00 00 00 00 00 00 00 00 00 00 00 00 00 00 00  ................
16:04:07 [INFO   ] [AddrMgr]     +0x710: 00 01 00 00 09 00 00 00 00 00 00 00 00 00 00 00  ................
16:04:07 [INFO   ] [AddrMgr]     +0x720: 01 00 00 00 00 00 00 00                          ........
16:04:07 [INFO   ] [AddrMgr] 
16:04:07 [INFO   ] [AddrMgr] 
16:04:07 [INFO   ] [AddrMgr] --- Quick Scan Summary ---
16:04:07 [INFO   ] [AddrMgr]   Event: UNKNOWN(0x0) | CfgID=0x0 | pos=(0, 0) | sub='EMsg'(EMsgComponent) | wave=4 spawn=11 | EGameplay=0x2CFE07DF810
16:04:07 [INFO   ] [AddrMgr]   Event: UNKNOWN(0x0) | CfgID=0x0 | pos=(3600, 0) | sub='EMsg'(EMsgComponent) | wave=4 spawn=10 | EGameplay=0x2CFE79331A0
16:04:07 [INFO   ] [AddrMgr]   Event: UNKNOWN(0x0) | CfgID=0x0 | pos=(0, 0) | sub='EMsg'(EMsgComponent) | wave=4 spawn=9 | EGameplay=0x2CFC7AB6930
16:04:07 [INFO   ] [AddrMgr] 
16:04:07 [INFO   ] [AddrMgr] --- Quick Scan Summary ---
16:04:07 [DEBUG  ] [GObjects] Found 4 instances of class 'EGameplay'
16:04:07 [DEBUG  ] [UE4 Scanner] Found 4 EGameplay instances (by class)
16:04:07 [DEBUG  ] [GObjects] Found 58 instances of class 'ECfgComponent'
16:04:07 [DEBUG  ] [UE4 Scanner] Found 58 ECfgComponent instances (by class)
16:04:07 [DEBUG  ] [UE4 Scanner] Matched 4 ECfgComponent->EGameplay pairs
16:04:07 [DEBUG  ] [UE4 Scanner]   OTHER: EventInfo(type=Unknown_0x0, cfg_id=0x0, pos=(0, 0), sub='EMsg', wave=1, spawn=11, addr=0x2CFE07DF810)
16:04:07 [DEBUG  ] [UE4 Scanner]   OTHER: EventInfo(type=Unknown_0x0, cfg_id=0x0, pos=(0, 0), sub='EMsg', wave=1, spawn=10, addr=0x2CFE79331A0)
16:04:07 [DEBUG  ] [UE4 Scanner]   OTHER: EventInfo(type=Unknown_0x0, cfg_id=0x0, pos=(0, 0), sub='EMsg', wave=1, spawn=9, addr=0x2CFC7AB6930)
16:04:07 [INFO   ] [AddrMgr]   [other] Unknown_0x0 | CfgID=0x0 | pos=(0, 0) | sub='EMsg'(EMsgComponent) | wave=1 spawn=11 | EGameplay=0x2CFE07DF810
16:04:07 [INFO   ] [AddrMgr]   [other] Unknown_0x0 | CfgID=0x0 | pos=(0, 0) | sub='EMsg'(EMsgComponent) | wave=1 spawn=10 | EGameplay=0x2CFE79331A0
16:04:07 [INFO   ] [AddrMgr]   [other] Unknown_0x0 | CfgID=0x0 | pos=(0, 0) | sub='EMsg'(EMsgComponent) | wave=1 spawn=9 | EGameplay=0x2CFC7AB6930
16:04:07 [INFO   ] [AddrMgr] Saved to event_scan_20260224_160407.txt
